plutommi\CUI\BTCMCui\BtcmCui.c
plutommi\CUI\CbmCui\CbmCui.c
plutommi\CUI\DataAccountCui\DataAccountCui.c
plutommi\MMI\Cbm\CbmSrc\CbmAppMain.c
plutommi\MtkApp\SyncML\SyncMLSrc\syncmlemail.c
plutommi\MtkApp\SyncML\SyncMLSrc\syncmlfolder.c
plutommi\mmi\ConnectManagement\ConnectManagementSrc\ConnectManageMain.c
plutommi\mmi\dataaccount\dataaccountsrc\DataAccountApi.c
plutommi\mmi\dataaccount\dataaccountsrc\DataAccountApp.c
plutommi\mmi\dataaccount\dataaccountsrc\DataConnectionSIM.c
plutommi\mmi\dataaccount\dataaccountsrc\dataaccountxml.c
plutommi\mtkapp\connectivity\connectivitysrc\DataRoaming.c
plutommi\mtkapp\connectivity\connectivitysrc\NfcSetting.c
plutommi\mtkapp\connectivity\connectivitysrc\UsbAdapt.c
plutommi\mtkapp\connectivity\connectivitysrc\btcommon\BtConnCfg.c
plutommi\mtkapp\connectivity\connectivitysrc\btcommon\BtConnScr.c
plutommi\mtkapp\connectivity\connectivitysrc\btcommon\BtMmiObexScr.c
plutommi\mtkapp\connectivity\connectivitysrc\btcommon\BtMmiScr.c
plutommi\mtkapp\connectivity\connectivitysrc\btmtk\BtMmiObex.c
plutommi\mtkapp\connectivity\connectivitysrc\btmtk\BtMmiRecv.c
plutommi\mtkapp\connectivity\connectivitysrc\btmtk\BtMmiSend.c
plutommi\mtkapp\connectivity\connectivitysrc\btmtk\BtMmiSetting.c
plutommi\mtkapp\connectivity\connectivitysrc\connectivity.c
plutommi\mtkapp\connectivity\connectivitysrc\usbdevice.c
plutommi\mtkapp\connectivity\connectivitysrc\usbpoweron.c
plutommi\mtkapp\dlagent\dlagentsrc\DLAgentAppCore.c
plutommi\mtkapp\dlagent\dlagentsrc\DLAgentAppEvtHdlr.c
plutommi\mtkapp\dlagent\dlagentsrc\DLAgentAppMain.c
plutommi\mtkapp\dlagent\dlagentsrc\DLAgentAppNCenter.c
plutommi\mtkapp\dlagent\dlagentsrc\DLAgentAppScrDraw.c
plutommi\mtkapp\dlagent\dlagentsrc\DLAgentAppScrHdlr.c
plutommi\mtkapp\syncml\syncmlsrc\syncmlaccount.c
plutommi\mtkapp\syncml\syncmlsrc\syncmlchangelog.c
plutommi\mtkapp\syncml\syncmlsrc\syncmlcommon.c
plutommi\mtkapp\syncml\syncmlsrc\syncmldevice.c
plutommi\mtkapp\syncml\syncmlsrc\syncmlhandler.c
plutommi\mtkapp\syncml\syncmlsrc\syncmlmain.c
plutommi\mtkapp\syncml\syncmlsrc\syncmlotap.c
plutommi\mtkapp\syncml\syncmlsrc\syncmlpcsync.c
plutommi\mtkapp\syncml\syncmlsrc\syncmlregularity.c
plutommi\mtkapp\syncml\syncmlsrc\syncmlreport.c
plutommi\mtkapp\syncml\syncmlsrc\syncmlsas.c
plutommi\mtkapp\syncml\syncmlsrc\syncmlviewlog.c
