plutommi\AppCore\SSC\SSCOperate.c
plutommi\AppCore\SSC\SSCPassEngine.c
plutommi\AppCore\SSC\SSCStringHandle.c
plutommi\AppCore\Ucm\UcmKernel.c
plutommi\AppCore\Ucm\UcmUhaCore.c
plutommi\CUI\DialerCui\DialerCuiClassic.c
plutommi\CUI\DialerCui\DialerCuiCommon.c
plutommi\CUI\DialerCui\DialerCuiFactory.c
plutommi\CUI\DialerCui\DialerCuiMain.c
plutommi\CUI\DialerCui\DialerCuiObject.c
plutommi\CUI\DialerCui\DialerCuiSos.c
plutommi\CUI\MsgViewerCui\MsgViewerCui.c
plutommi\CUI\MsgViewerCui\MsgViewerCuiAdp.c
plutommi\CUI\PasswordCui\PwdCuiBasic.c
plutommi\CUI\PasswordCui\PwdCuiGuardSlim.c
plutommi\CUI\SecSetCui\SecSetCuiVerify.c
plutommi\CUI\SimSelCui\SimSelCui.c
plutommi\CUI\SsoCui\SsoCuiSrc\SsoCui.c
plutommi\CUI\ToneSelectorCui\ToneSelectorCui.c
plutommi\CUI\ToneSelectorCui\ToneSelectorCuiForSLIM.c
plutommi\CUI\UseDetailCui\UseDetailCui.c
plutommi\CUI\WorldClockCui\WorldClockCui.c
plutommi\CUI\filemgrcui\filemgrcui.c
plutommi\CUI\filemgrcui\filemgrcuiadp.c
plutommi\Cui\PhbCui\PhbCui.c
plutommi\Cui\SmsCui\SmsGenericCui.c
plutommi\Cui\SmsCui\SmsSaveCui.c
plutommi\Cui\SmsCui\SmsSenderCui.c
plutommi\Cui\SmsCui\SmsUtilCui.c
plutommi\MMI\BT_UCM\UcmBTSrc\UcmInterfaceBT.c
plutommi\MMI\BT_UCM\UcmBTSrc\UcmKernelBT.c
plutommi\MMI\BT_UCM\UcmBTSrc\UcmUiBT.c
plutommi\MMI\CallSetting\CallSettingCore\CallSetCore.c
plutommi\MMI\CallSetting\CallSettingSrc\CallSetStructMgmt.c
plutommi\MMI\CallSetting\CallSettingSrc\CallSetUi.c
plutommi\MMI\SSOAPP\SSOAPPSrc\SSOAPPSrc.c
plutommi\MMI\SecuritySetting\SecSetSrc\SecSetHPVeri.c
plutommi\MMI\SecuritySetting\SecSetSrc\SecSetMenu.c
plutommi\MMI\SecuritySetting\SecSetSrc\SecSetPhone.c
plutommi\MMI\SecuritySetting\SecSetSrc\SecSetSSC.c
plutommi\MMI\SecuritySetting\SecSetSrc\SecSetSimCommon.c
plutommi\MMI\SecuritySetting\SecSetSrc\SecSetSimMenu.c
plutommi\MMI\SecuritySetting\SecSetSrc\SecSetUbchv.c
plutommi\MMI\SecuritySetting\SecSetSrc\SecSetUtil.c
plutommi\MMI\Setting\SettingSrc\MotionSensorSrc.c
plutommi\MMI\Setting\SettingSrc\NetSetServiceSelection.c
plutommi\MMI\Setting\SettingSrc\NetSetSimName.c
plutommi\MMI\Setting\SettingSrc\PhnsetDlCalData.c
plutommi\MMI\Setting\SettingSrc\PhnsetLauncherSetting.c
plutommi\MMI\Setting\SettingSrc\PhnsetMainEffectSetting.c
plutommi\MMI\Setting\SettingSrc\PhnsetShortcutSetting.c
plutommi\MMI\Setting\SettingSrc\PhnsetWidgetMgr.c
plutommi\MMI\ShellApp\ShellAppSrc\ShellApp.c
plutommi\MMI\SupplementaryService\SsSrc\SsStructMgmt.c
plutommi\MMI\SupplementaryService\SsSrc\SsUi.c
plutommi\MtkApp\AGPSLog\AGPSLogSrc\EngineerModeAGPSlogCore.c
plutommi\MtkApp\AGPSLog\AGPSLogSrc\EngineerModeAGPSlogService.c
plutommi\MtkApp\AGPSLog\AGPSLogSrc\EngineerModeAGPSlogStringDef.c
plutommi\MtkApp\AGPSLog\AGPSLogSrc\EngineerModeAGPSlogUI.c
plutommi\MtkApp\MREAPP\MREAPPSrc\DLShortcut.c
plutommi\mmi\Bootup\BootupSrc\BootupAdp.c
plutommi\mmi\Bootup\BootupSrc\BootupAnimation.c
plutommi\mmi\Bootup\BootupSrc\BootupDiskCheck.c
plutommi\mmi\Bootup\BootupSrc\BootupFTU.c
plutommi\mmi\Bootup\BootupSrc\BootupFlow.c
plutommi\mmi\Bootup\BootupSrc\BootupInitApps.c
plutommi\mmi\Bootup\BootupSrc\BootupMoDIS.c
plutommi\mmi\Bootup\BootupSrc\BootupMode.c
plutommi\mmi\Bootup\BootupSrc\BootupScrAni.c
plutommi\mmi\Bootup\BootupSrc\BootupScrUtil.c
plutommi\mmi\Bootup\BootupSrc\BootupSecConfig.c
plutommi\mmi\Bootup\BootupSrc\BootupSecurity.c
plutommi\mmi\Bootup\BootupSrc\BootupSubLcd.c
plutommi\mmi\CallLog\CallLogSrc\CallLogAction.c
plutommi\mmi\CallLog\CallLogSrc\CallLogAdpCmn.c
plutommi\mmi\CallLog\CallLogSrc\CallLogAdpOp11.c
plutommi\mmi\CallLog\CallLogSrc\CallLogAdvanced.c
plutommi\mmi\CallLog\CallLogSrc\CallLogConfig.c
plutommi\mmi\CallLog\CallLogSrc\CallLogLayout.c
plutommi\mmi\CallLog\CallLogSrc\CallLogMain.c
plutommi\mmi\CallLog\CallLogSrc\CallLogMainMenu.c
plutommi\mmi\CallLog\CallLogSrc\CallLogMisc.c
plutommi\mmi\CallLog\CallLogSrc\CallLogOption.c
plutommi\mmi\CallLog\CallLogSrc\CallLogViewer.c
plutommi\mmi\CubeApp\CubeAppSrc\CubeApp.c
plutommi\mmi\Dialer\DialerSrc\DialerMain.c
plutommi\mmi\Factory\FactorySrc\Factory.c
plutommi\mmi\IdleScreen\IdleScreenSrc\HomeScreenOp11Setting.c
plutommi\mmi\Idle\IdleSrc\IdleAdapter.c
plutommi\mmi\Idle\IdleSrc\IdleClassic.c
plutommi\mmi\Idle\IdleSrc\IdleCommon.c
plutommi\mmi\Idle\IdleSrc\IdleEventCfg.c
plutommi\mmi\Idle\IdleSrc\IdleFactory.c
plutommi\mmi\Idle\IdleSrc\IdleMain.c
plutommi\mmi\Idle\IdleSrc\IdleObject.c
plutommi\mmi\Idle\IdleSrc\IdleSubLcd.c
plutommi\mmi\NwInfo\NwInfoSrc\NwInfoApp.c
plutommi\mmi\NwInfo\NwInfoSrc\NwInfoIcon.c
plutommi\mmi\NwInfo\NwInfoSrc\NwInfoSignal.c
plutommi\mmi\Organizer\HijriCalendar\HijriCalendarSrc\AzaanAlarm.c
plutommi\mmi\Organizer\HijriCalendar\HijriCalendarSrc\HijriCalendar.c
plutommi\mmi\Organizer\IndianCalendar\IndianCalendarSrc\IndianCalendar.c
plutommi\mmi\ScrLocker\ScrLockerSrc\ScrLockerClassic.c
plutommi\mmi\ScrLocker\ScrLockerSrc\ScrLockerFactory.c
plutommi\mmi\ScrLocker\ScrLockerSrc\ScrLockerMain.c
plutommi\mmi\ScrLocker\ScrLockerSrc\ScrLockerObject.c
plutommi\mmi\ScrLocker\ScrLockerSrc\ScrLockerPopup.c
plutommi\mmi\ScrLocker\ScrLockerSrc\ScrLockerSetting.c
plutommi\mmi\ScrLocker\ScrLockerSrc\ScrLockerSos.c
plutommi\mmi\Setting\SettingSrc\NtpApp.c
plutommi\mmi\Shutdown\ShutdownSrc\ShutdownAni.c
plutommi\mmi\Shutdown\ShutdownSrc\ShutdownFlow.c
plutommi\mmi\Shutdown\ShutdownSrc\ShutdownSubLcd.c
plutommi\mmi\SimCtrl\SimCtrlSrc\SimCtrlApp.c
plutommi\mmi\SimSpace\SimSpaceSrc\SimSpace.c
plutommi\mmi\UDX\UDXSrc\UDXHdlr.c
plutommi\mmi\UDX\UDXSrc\UDXMain.c
plutommi\mmi\UDX\UDXSrc\UDXScr.c
plutommi\mmi\athandler\athandlersrc\athandler.c
plutommi\mmi\cphs\cphssrc\cphsprotocolhandlers.c
plutommi\mmi\cphs\cphssrc\csp.c
plutommi\mmi\cphs\cphssrc\infonum.c
plutommi\mmi\datetime\datetimesrc\datetime.c
plutommi\mmi\dictionary\dictsrc\dictionarymain.c
plutommi\mmi\extra\extrasrc\ecompass.c
plutommi\mmi\extra\extrasrc\extra.c
plutommi\mmi\gpio\gpiosrc\generaldeviceinterface.c
plutommi\mmi\gpio\gpiosrc\gpioapp.c
plutommi\mmi\gpio\gpiosrc\volumehandler.c
plutommi\mmi\idlescreen\idlescreensrc\idlenotificationmanager.c
plutommi\mmi\idlescreen\idlescreensrc\idlenotificationmanagerconfig.c
plutommi\mmi\idlescreen\idlescreensrc\idlerecentevent.c
plutommi\mmi\mainmenu\mainmenusrc\mainmenu.c
plutommi\mmi\messages\messagessrc\CbsAppMain.c
plutommi\mmi\messages\messagessrc\CbsAppMsg.c
plutommi\mmi\messages\messagessrc\SmsAppCommonUI.c
plutommi\mmi\messages\messagessrc\SmsAppEditor.c
plutommi\mmi\messages\messagessrc\SmsAppMainUI.c
plutommi\mmi\messages\messagessrc\SmsAppMisc.c
plutommi\mmi\messages\messagessrc\SmsAppMsg.c
plutommi\mmi\messages\messagessrc\SmsAppSendMsg.c
plutommi\mmi\messages\messagessrc\SmsAppSetting.c
plutommi\mmi\messages\messagessrc\SmsAppUM.c
plutommi\mmi\messages\messagessrc\SmsAppUmSap.c
plutommi\mmi\messages\messagessrc\SmsAppUtil.c
plutommi\mmi\messages\messagessrc\SmsMainMenu.c
plutommi\mmi\messages\messagessrc\Voicemail.c
plutommi\mmi\messages\messagessrc\messagesmiscell.c
plutommi\mmi\messages\messagessrc\smsmomtguiinterface.c
plutommi\mmi\messages\messagessrc\smspshandler.c
plutommi\mmi\nitzhandler\nitzsource\nitz.c
plutommi\mmi\organizer\Reminder\FactoryAlarm.c
plutommi\mmi\organizer\Reminder\PwrResetAlarm.c
plutommi\mmi\organizer\Reminder\ReminderApp.c
plutommi\mmi\organizer\Reminder\ReminderBootupInitApps.c
plutommi\mmi\organizer\organizersrc\AlarmIndication.c
plutommi\mmi\organizer\organizersrc\AlarmInterface.c
plutommi\mmi\organizer\organizersrc\CalendarEvent.c
plutommi\mmi\organizer\organizersrc\NoteApp.c
plutommi\mmi\organizer\organizersrc\ToDoListApp.c
plutommi\mmi\organizer\organizersrc\alarm.c
plutommi\mmi\organizer\organizersrc\alarmframework.c
plutommi\mmi\organizer\organizersrc\birthday.c
plutommi\mmi\organizer\organizersrc\calendar.c
plutommi\mmi\organizer\organizersrc\lunarquery.c
plutommi\mmi\organizer\organizersrc\organizer.c
plutommi\mmi\organizer\organizersrc\todolist.c
plutommi\mmi\organizer\organizersrc\todolistdb.c
plutommi\mmi\organizer\organizersrc\todolistutil.c
plutommi\mmi\organizer\organizersrc\worldclock.c
plutommi\mmi\phonebook\core\phonebookCore.c
plutommi\mmi\phonebook\phonebooksrc\PhoneBookGroup.c
plutommi\mmi\phonebook\phonebooksrc\phonebookApp.c
plutommi\mmi\phonebook\phonebooksrc\phonebookCallerRes.c
plutommi\mmi\phonebook\phonebooksrc\phonebookEditor.c
plutommi\mmi\phonebook\phonebooksrc\phonebookList.c
plutommi\mmi\phonebook\phonebooksrc\phonebookappmem.c
plutommi\mmi\phonebook\phonebooksrc\phonebookextranumber.c
plutommi\mmi\phonebook\phonebooksrc\phonebookmain.c
plutommi\mmi\phonebook\phonebooksrc\phonebooksetting.c
plutommi\mmi\profiles\profilessrc\ProfilesApp.c
plutommi\mmi\profiles\profilessrc\Soundset.c
plutommi\mmi\profiles\profilessrc\Soundsetting.c
plutommi\mmi\sat\satsrc\SatApp.c
plutommi\mmi\sat\satsrc\sat.c
plutommi\mmi\sat\satsrc\service.c
plutommi\mmi\setting\settingsrc\Appicon.c
plutommi\mmi\setting\settingsrc\MMIThemes.c
plutommi\mmi\setting\settingsrc\NetSetApp.c
plutommi\mmi\setting\settingsrc\NetSetAppNWSelect.c
plutommi\mmi\setting\settingsrc\NetSetAppOthers.c
plutommi\mmi\setting\settingsrc\NetSetAppPrefList.c
plutommi\mmi\setting\settingsrc\NetSetAppPrefMode.c
plutommi\mmi\setting\settingsrc\PhnsetDispMenuService.c
plutommi\mmi\setting\settingsrc\PhnsetDisplay.c
plutommi\mmi\setting\settingsrc\PhnsetMenuService.c
plutommi\mmi\setting\settingsrc\RestoreServiceHdlr.c
plutommi\mmi\setting\settingsrc\TTSSetting.c
plutommi\mmi\setting\settingsrc\ViewSettingCommon.c
plutommi\mmi\setting\settingsrc\apncontrollist.c
plutommi\mmi\setting\settingsrc\dateandtime.c
plutommi\mmi\setting\settingsrc\flightmode.c
plutommi\mmi\setting\settingsrc\mmi_phnset_dispchar.c
plutommi\mmi\setting\settingsrc\phnsetgpio.c
plutommi\mmi\setting\settingsrc\phonesetup.c
plutommi\mmi\setting\settingsrc\restore.c
plutommi\mmi\setting\settingsrc\scheduledpoweronoff.c
plutommi\mmi\setting\settingsrc\screensaver.c
plutommi\mmi\setting\settingsrc\settingsrc.c
plutommi\mmi\setting\settingsrc\soundeffect.c
plutommi\mmi\setting\settingsrc\wallpaper.c
plutommi\mmi\ucm\ucmsrc\UCMUI.c
plutommi\mmi\ucm\ucmsrc\UcmEventHdlr.c
plutommi\mmi\ucm\ucmsrc\UcmUha.c
plutommi\mmi\ucm\ucmsrc\UcmVtCore.c
plutommi\mmi\ucm\ucmsrc\ucminterface.c
plutommi\mmi\unifiedmessage\unifiedmessagesrc\UMAdaptor.c
plutommi\mmi\unifiedmessage\unifiedmessagesrc\UMApperance.c
plutommi\mmi\unifiedmessage\unifiedmessagesrc\UMCentralCtrl.c
plutommi\mmi\unifiedmessage\unifiedmessagesrc\UMFsm.c
plutommi\mmi\unifiedmessage\unifiedmessagesrc\UMInterface.c
plutommi\mmi\unifiedmessage\unifiedmessagesrc\UMMain.c
plutommi\mmi\unifiedmessage\unifiedmessagesrc\UMScrHdlr.c
plutommi\mmi\unifiedmessage\unifiedmessagesrc\UMUtility.c
plutommi\mtkapp\GPS\GPSSrc\AGPSSUPLOTAP.c
plutommi\mtkapp\GPS\GPSSrc\GPSMgr.c
plutommi\mtkapp\GPS\GPSSrc\GPSMgrAGPSCP.c
plutommi\mtkapp\GPS\GPSSrc\GPSMgrAGPSUP.c
plutommi\mtkapp\GPS\GPSSrc\GPSSetting.c
plutommi\mtkapp\GPS\GPSSrc\GPSSettingMainScr.c
plutommi\mtkapp\GPS\GPSSrc\gps_ate.c
plutommi\mtkapp\MREAPP\MREAPPSrc\AMLaunchApp.c
plutommi\mtkapp\MREAPP\MREAPPSrc\AMLaunchApp_int.c
plutommi\mtkapp\filemgr\filemgrsrc\filemgrcommon.c
plutommi\mtkapp\filemgr\filemgrsrc\filemgrfsdata.c
plutommi\mtkapp\filemgr\filemgrsrc\filemgrgui.c
plutommi\mtkapp\filemgr\filemgrsrc\filemgrinstance.c
plutommi\mtkapp\filemgr\filemgrsrc\filemgrmain.c
plutommi\mtkapp\filemgr\filemgrsrc\filemgrservice.c
plutommi\mtkapp\filemgr\filemgrsrc\filemgrservicehdlr.c
plutommi\mtkapp\filemgr\filemgrsrc\filemgrtable.c
plutommi\mtkapp\filemgr\filemgrsrc\filemgrutil.c
plutommi\mtkapp\myfavorite\myfavoritesrc\myfavorite.c
plutommi\mtkapp\rightsmgr\rightsmgrsrc\rightsmgr.c
plutommi\mtkapp\rightsmgr\rightsmgrsrc\rightsmgrgeninfo.c
plutommi\mtkapp\rightsmgr\rightsmgrsrc\rightsmgrlistro.c
plutommi\mtkapp\rightsmgr\rightsmgrsrc\rightsmgrsweep.c
plutommi\mtkapp\rightsmgr\rightsmgrsrc\rightsmgrui.c
plutommi\mtkapp\rightsmgr\rightsmgrsrc\rightsmgrutil.c
plutommi\mtkapp\rightsmgr\rightsmgrsrc\rightsmgrwhitelist.c
plutommi\mtkapp\searchweb\searchwebsrc\searchwebbaidu.c
plutommi\mtkapp\searchweb\searchwebsrc\searchwebbaiduconfig.c
plutommi\mtkapp\searchweb\searchwebsrc\searchwebcommon.c
plutommi\mtkapp\searchweb\searchwebsrc\searchwebgoogleconfig.c
plutommi\mtkapp\vobjects\vobjectsrc\vbookmark.c
plutommi\mtkapp\vobjects\vobjectsrc\vcalendar.c
plutommi\mtkapp\vobjects\vobjectsrc\vcard.c
plutommi\mtkapp\vobjects\vobjectsrc\vobjects.c
