Module adups is in DEFALUT mode
Compiling adups\hal\src\adups_debug.c ... 
"adups\hal\src\adups_debug.c", line 58: Warning:  #223-D: function "kal_prompt_trace" declared implicitly
  		kal_prompt_trace(MOD_ADUPS, "%s\n", out_buf);
  		^
"adups\hal\src\adups_debug.c", line 52: Warning:  #550-D: variable "len" was set but never used
  		adups_int32 len;
  		            ^
"adups\hal\src\adups_debug.c", line 76: Warning:  #223-D: function "adups_strlen" declared implicitly
  		key_string_len=adups_strlen(key_string);
  		               ^
"adups\hal\src\adups_debug.c", line 77: Warning:  #223-D: function "adups_strncpy" declared implicitly
  		adups_strncpy(out_buf,key_string,key_string_len);
  		^
"adups\hal\src\adups_debug.c", line 81: Warning:  #223-D: function "kal_prompt_trace" declared implicitly
  		kal_prompt_trace(MOD_ADUPS, "%s\n", out_buf);
  		^
"adups\hal\src\adups_debug.c", line 72: Warning:  #550-D: variable "len" was set but never used
  		adups_int32 len;
  		            ^
"adups\hal\src\adups_debug.c", line 128: Warning:  #223-D: function "adups_get_device_version" declared implicitly
  	adups_char *deviceVersion = (adups_char *)adups_get_device_version();
  	                                          ^
"adups\hal\src\adups_debug.c", line 129: Warning:  #177-D: variable "len_tmp" was declared but never referenced
  	adups_uint32 len_tmp=0, idx=0, lenmax=strlen(deviceVersion);
  	             ^
"adups\hal\src\adups_debug.c", line 129: Warning:  #177-D: variable "idx" was declared but never referenced
  	adups_uint32 len_tmp=0, idx=0, lenmax=strlen(deviceVersion);
  	                        ^
"adups\hal\src\adups_debug.c", line 130: Warning:  #177-D: variable "tmp" was declared but never referenced
  	adups_uint32 tmp[20]={0};
  	             ^
"adups\hal\src\adups_debug.c", line 131: Warning:  #177-D: variable "res_data" was declared but never referenced
  	adups_char *res_data=NULL;
  	            ^
adups\hal\src\adups_debug.c: 11 warnings, 0 errors
Compiling adups\hal\src\adups_device.c ... 
"header_temp\gui_typedef.h", line 4033: Warning:  #14-D: extra text after expected end of preprocessing directive
  #endif  /__MMI_AUDIO_REVERB_EFFECT__
          ^
"adups\hal\src\adups_device.c", line 38: Warning:  #223-D: function "srv_sim_ctrl_is_available" declared implicitly
  	if(!srv_sim_ctrl_is_available(MMI_SIM1))
  	    ^
"adups\hal\src\adups_device.c", line 80: Warning:  #223-D: function "adups_strlen" declared implicitly
  	verno_size=adups_strlen(release_verno())+adups_strlen(build_date_time());
  	           ^
"adups\hal\src\adups_device.c", line 80: Warning:  #223-D: function "build_date_time" declared implicitly
  	verno_size=adups_strlen(release_verno())+adups_strlen(build_date_time());
  	                                                      ^
"adups\hal\src\adups_device.c", line 81: Warning:  #223-D: function "adups_memset" declared implicitly
  	adups_memset(verno_str,0,100);
  	^
"adups\hal\src\adups_device.c", line 82: Warning:  #223-D: function "adups_snprintf" declared implicitly
  	adups_snprintf(verno_str, 100, "%s_%s",release_verno(),build_date_time());
  	^
"adups\hal\src\adups_device.c", line 79: Warning:  #550-D: variable "verno_size" was set but never used
  	adups_uint8 verno_size;
  	            ^
"adups\hal\src\adups_device.c", line 153: Warning:  #223-D: function "srv_charbat_get_battery_level" declared implicitly
  	return srv_charbat_get_battery_level();
  	       ^
"adups\hal\src\adups_device.c", line 223: Warning:  #177-D: variable "areacode" was declared but never referenced
  	static adups_char areacode[10]={'\0'};
  	                  ^
"adups\hal\src\adups_device.c", line 239: Warning:  #940-D: missing return statement at end of non-void function "adhups_get_upgrade_result"
  }
  ^
"adups\hal\src\adups_device.c", line 378: Warning:  #223-D: function "set_fota_download_status" declared implicitly
  		set_fota_download_status(0x02);
  		^
adups\hal\src\adups_device.c: 11 warnings, 0 errors
Compiling adups\hal\src\adups_display.c ... 
"header_temp\gui_typedef.h", line 4033: Warning:  #14-D: extra text after expected end of preprocessing directive
  #endif  /__MMI_AUDIO_REVERB_EFFECT__
          ^
"adups\hal\src\adups_display.c", line 149: Warning:  #187-D: use of "=" where "==" may have been intended
  	if(FileSize = 0)
  	   ^
"adups\hal\src\adups_display.c", line 54: Warning:  #177-D: function "ADUPS_Entry_Progress_Scr_exit" was declared but never referenced
  static void ADUPS_Entry_Progress_Scr_exit(void)
              ^
adups\hal\src\adups_display.c: 3 warnings, 0 errors
Compiling adups\hal\src\adups_file.c ... 
"adups\hal\src\adups_file.c", line 27: Warning:  #223-D: function "srv_fmgr_drv_get_size" declared implicitly
  	srv_fmgr_drv_get_size('Z',total_size,free_size);
  	^
"adups\hal\src\adups_file.c", line 118: Warning:  #188-D: enumerated type mixed with another type
  	if(!adups_fs_pathorfile_exist(adups_get_adups_root_path(), 1))
  	                                                           ^
adups\hal\src\adups_file.c: 2 warnings, 0 errors
Compiling adups\hal\src\adups_flash.c ... 
Compiling adups\hal\src\adups_md5.c ... 
Compiling adups\hal\src\adups_net.c ... 
"header_temp\gui_typedef.h", line 4033: Warning:  #14-D: extra text after expected end of preprocessing directive
  #endif  /__MMI_AUDIO_REVERB_EFFECT__
          ^
"adups\hal\src\adups_net.c", line 34: Warning:  #223-D: function "accid_get_by_iot" declared implicitly
  	account_id = accid_get_by_iot();
  	             ^
"adups\hal\src\adups_net.c", line 155: Warning:  #550-D: variable "result" was set but never used
         adups_uint32 account_id;
                    ^
"adups\hal\src\adups_net.c", line 425: Warning:  #223-D: function "adups_stop_timer" declared implicitly
  	adups_stop_timer(adups_net_cell_req);
  	^
"adups\hal\src\adups_net.c", line 482: Warning:  #223-D: function "adups_task_send_msg" declared implicitly
  	adups_task_send_msg(MOD_L4C, MMI_L4C_SAP, MSG_ID_L4C_NBR_CELL_INFO_REG_REQ, 0);
  	^
"adups\hal\src\adups_net.c", line 483: Warning:  #223-D: function "adups_Debug_DeltaNew" declared implicitly
  	adups_Debug_DeltaNew();//test
  	^
"adups\hal\src\adups_net.c", line 489: Warning:  #223-D: function "adups_task_send_msg" declared implicitly
  	adups_task_send_msg(MOD_L4C, MMI_L4C_SAP, MSG_ID_L4C_NBR_CELL_INFO_DEREG_REQ, 0);
  	^
"adups\hal\src\adups_net.c", line 517: Warning:  #223-D: function "adups_get_device_version" declared implicitly
  	adups_DebugPrint_Ext("[ADUPS_COMMON]:","adups curr ver: %s", adups_get_device_version());
  	                                                             ^
"adups\hal\src\adups_net.c", line 520: Warning:  #223-D: function "adups_start_timer" declared implicitly
  	adups_start_timer(30*1000, adups_register, ADUPS_FALSE); 
  	^
"adups\hal\src\adups_net.c", line 13: Warning:  #177-D: variable "g_tcp_socket_id" was declared but never referenced
  static adups_int8 g_tcp_socket_id = -1;
                    ^
adups\hal\src\adups_net.c: 10 warnings, 0 errors
Compiling adups\hal\src\adups_stdlib.c ... 
Compiling adups\hal\src\adups_thread.c ... 
"header_temp\gui_typedef.h", line 4033: Warning:  #14-D: extra text after expected end of preprocessing directive
  #endif  /__MMI_AUDIO_REVERB_EFFECT__
          ^
"adups\hal\src\adups_thread.c", line 32: Warning:  #144-D: a value of type "ADUPS_BOOL (*)(task_indx_type)" cannot be used to initialize an entity of type "task_init_func_ptr"
          adups_task_init,       /* task initialization function */
          ^
"adups\hal\src\adups_thread.c", line 34: Warning:  #144-D: a value of type "ADUPS_BOOL (*)(task_indx_type)" cannot be used to initialize an entity of type "task_reset_func_ptr"
          adups_task_reset,      /* task reset handler */
          ^
"adups\hal\src\adups_thread.c", line 43: Warning:  #188-D: enumerated type mixed with another type
      return ADUPS_TRUE;
             ^
"adups\hal\src\adups_thread.c", line 89: Warning:  #223-D: function "adups_GetHostByName_Notify" declared implicitly
  		adups_GetHostByName_Notify((void *)(ilm_ptr->local_para_ptr));
  		^
"adups\hal\src\adups_thread.c", line 93: Warning:  #223-D: function "adups_net_cell_rsp" declared implicitly
  		adups_net_cell_rsp((void *)(ilm_ptr->local_para_ptr));
  		^
"adups\hal\src\adups_thread.c", line 182: Warning:  #223-D: function "adups_itoa" declared implicitly
  	adups_itoa(tst_inject->index, &cmdstr,10);
  	^
"adups\hal\src\adups_thread.c", line 184: Warning:  #223-D: function "adups_fota_split_atcmd" declared implicitly
  	adups_fota_split_atcmd(para, ',', cmdpara, &numline);
  	^
"adups\hal\src\adups_thread.c", line 188: Warning:  #223-D: function "adups_fota_atcmd" declared implicitly
  		adups_fota_atcmd(cmdstr, cmdpara[0], cmdpara[1], cmdpara[2],0);
  		^
adups\hal\src\adups_thread.c: 9 warnings, 0 errors
Compiling adups\hal\src\adups_timer.c ... 
"header_temp\gui_typedef.h", line 4033: Warning:  #14-D: extra text after expected end of preprocessing directive
  #endif  /__MMI_AUDIO_REVERB_EFFECT__
          ^
"adups\hal\src\adups_timer.c", line 13: Warning:  #177-D: variable "type" was declared but never referenced
  	adups_uint8 idx = 0, type=0;
  	                     ^
adups\hal\src\adups_timer.c: 2 warnings, 0 errors
make[2]: Entering directory `D:/MTK/MTK2503/MTK2503/11CW1418SP4_03_CORETEK03AE_11C_V1_GPRS_MMI'
CFLAGS = --cpu ARM7EJ-S --littleend -O3 --remove_unneeded_entities -D__RVCT__ -JC:\ARM\RVCT\Data\3.1\569\include\windows --fpmode=ieee_fixed --split_sections --diag_suppress 1,1295,1296,2548 --dwarf2 -D__SERIAL_FLASH_EN__ -D__SERIAL_FLASH_SUPPORT__ --bss_threshold=0
CPLUSFLAGS = --cpp --cpu ARM7EJ-S --littleend -O3 --remove_unneeded_entities -D__RVCT__ -JC:\ARM\RVCT\Data\3.1\569\include\windows --fpmode=ieee_fixed --split_sections --diag_suppress 1,1295,1296,2548 --dwarf2 --bss_threshold=0
AFLAGS = --debug --littleend --cpu ARM7EJ-S --apcs /interwork -16
ADEFS = -pd "MMI_ON_HARDWARE_P SETL {TRUE}" -pd "__EMS__ SETL {TRUE}" -pd "SIM_APP_TOOLKIT SETL {TRUE}" -pd "TETRIS_GAME_APP SETL {TRUE}" -pd "CM_APPLICATION_ENABLE SETL {TRUE}" -pd "MESSAGES_APPLICATION SETL {TRUE}" -pd "__UCS2_ENCODING SETL {TRUE}" -pd "CELLBROADCAST_APP SETL {TRUE}" -pd "__CB__ SETL {TRUE}" -pd "VM_SUPPORT SETL {TRUE}" -pd "SHORTCUTS_APP SETL {TRUE}" -pd "T9LANG_English SETL {TRUE}" -pd "T9LANG_Chinese SETL {TRUE}" -pd "T9LANG_Spanish SETL {TRUE}" -pd "T9LANG_French SETL {TRUE}" -pd "T9LANG_German SETL {TRUE}" -pd "T9LANG_Italian SETL {TRUE}" -pd "EMS_LITTLE_ENDIAN SETL {TRUE}" -pd "EMS_MEM_MANAGEMENT SETL {TRUE}" -pd "T9ALPHABETIC SETL {TRUE}" -pd "T9CHINESE SETL {TRUE}" -pd "MMS_VIRTUAL_FILE_SUPPORT SETL {TRUE}" -pd "COMPILER_SUPPORTS_LONG=1 SETL {TRUE}" -pd "MT2502 SETL {TRUE}" -pd "MT2502_S00 SETL {TRUE}" -pd "__SV5_ENABLED__ SETL {TRUE}" -pd "__EVENT_BASED_TIMER__ SETL {TRUE}" -pd "__PRODUCTION_RELEASE__ SETL {TRUE}" -pd "KAL_ON_NUCLEUS SETL {TRUE}" -pd "__CHIP_VERSION_CHECK__ SETL {TRUE}" -pd "__KEYPAD_DEBUG_TRACE__ SETL {TRUE}" -pd "ESAL_AR_STK_FPU_SUPPORT SETL {FALSE}" -pd "__ARM_FPUV2__ SETL {FALSE}" -pd "__SERIAL_FLASH_EN__ SETL {TRUE}" -pd "__SERIAL_FLASH_SUPPORT__ SETL {TRUE}"
C:\ARM\RVCT\Programs\3.1\569\win_32-pentium\armar.exe -create ./build/CORETEK03AE_11C/gprs/MT2502o/lib/adups.lib --via .\build\CORETEK03AE_11C\gprs\MT2502o\adups\adups_sort.via
Warning: L3910W: Old syntax, please use '--create'.
./build/CORETEK03AE_11C/gprs/MT2502o/lib/adups.lib is updated

.\build\CORETEK03AE_11C\gprs\MT2502r\adups_dep\adups_debug.det



.\build\CORETEK03AE_11C\gprs\MT2502r\adups_dep\adups_device.det



.\build\CORETEK03AE_11C\gprs\MT2502r\adups_dep\adups_display.det



.\build\CORETEK03AE_11C\gprs\MT2502r\adups_dep\adups_file.det



.\build\CORETEK03AE_11C\gprs\MT2502r\adups_dep\adups_flash.det



.\build\CORETEK03AE_11C\gprs\MT2502r\adups_dep\adups_md5.det



.\build\CORETEK03AE_11C\gprs\MT2502r\adups_dep\adups_net.det



.\build\CORETEK03AE_11C\gprs\MT2502r\adups_dep\adups_stdlib.det



.\build\CORETEK03AE_11C\gprs\MT2502r\adups_dep\adups_thread.det



.\build\CORETEK03AE_11C\gprs\MT2502r\adups_dep\adups_timer.det


Processing adups_debug.det adups_device.det adups_display.det adups_file.det adups_flash.det adups_md5.det adups_net.det adups_stdlib.det adups_thread.det adups_timer.det
make[2]: Leaving directory `D:/MTK/MTK2503/MTK2503/11CW1418SP4_03_CORETEK03AE_11C_V1_GPRS_MMI'
