Module applib is in DEFALUT mode
Compiling applib\misc\src\app_addr.c ... 
Compiling applib\misc\src\app_asyncfile.c ... 
Compiling applib\misc\src\app_base64.c ... 
Compiling applib\misc\src\app_crc.c ... 
Compiling applib\misc\src\app_datetime.c ... 
Compiling applib\misc\src\app_html.c ... 
Compiling applib\misc\src\app_html_char_ref.c ... 
Compiling applib\misc\src\app_md5.c ... 
Compiling applib\mem\src\app_mem.c ... 
Compiling applib\misc\src\app_mime.c ... 
Compiling applib\misc\src\app_plmn.c ... 
Compiling applib\misc\src\app_qp.c ... 
Compiling applib\misc\src\app_str.c ... 
Compiling applib\misc\src\app_time.c ... 
Compiling applib\misc\src\app_ua.c ... 
"header_temp\gui_typedef.h", line 4033: Warning:  #14-D: extra text after expected end of preprocessing directive
  #endif  /__MMI_AUDIO_REVERB_EFFECT__
          ^
applib\misc\src\app_ua.c: 1 warning, 0 errors
Compiling applib\misc\src\app_url.c ... 
"applib\misc\src\app_url.c", line 241: Warning:  #177-D: function "applib_is_valid_url_scheme_char" was declared but never referenced
  static kal_bool applib_is_valid_url_scheme_char(char ch)
                  ^
"applib\misc\src\app_url.c", line 277: Warning:  #177-D: function "applib_is_valid_url_scheme_wchar" was declared but never referenced
  static kal_bool applib_is_valid_url_scheme_wchar(kal_wchar ch)
                  ^
"applib\misc\src\app_url.c", line 406: Warning:  #177-D: function "applib_is_valid_url_last_char" was declared but never referenced
  static kal_bool applib_is_valid_url_last_char(kal_char ch)
                  ^
"applib\misc\src\app_url.c", line 447: Warning:  #177-D: function "applib_is_valid_url_last_wchar" was declared but never referenced
  static kal_bool applib_is_valid_url_last_wchar(kal_wchar ch)
                  ^
applib\misc\src\app_url.c: 4 warnings, 0 errors
Compiling applib\misc\src\app_usedetails.c ... 
"applib\misc\src\app_usedetails.c", line 971: Warning:  #177-D: function "applib_is_lp_paired" was declared but never referenced
  static kal_bool applib_is_lp_paired(const char *lp_pos, kal_int32 length)
                  ^
"applib\misc\src\app_usedetails.c", line 1037: Warning:  #177-D: function "applib_duplicate_phoneno_no_written_sep" was declared but never referenced
  static char *applib_duplicate_phoneno_no_written_sep(applib_mem_alloc_fn mem_alloc_fn, char *str)
               ^
applib\misc\src\app_usedetails.c: 2 warnings, 0 errors
Compiling applib\kazlib\dict.c ... 
"applib\kazlib\dict.c", line 1043: Warning:  #188-D: enumerated type mixed with another type
  	    curr->color = level % 2;
  	                ^
"applib\kazlib\dict.c", line 1055: Warning:  #188-D: enumerated type mixed with another type
  	    curr->color = (level + 1) % 2;
  	                ^
applib\kazlib\dict.c: 2 warnings, 0 errors
make[2]: Entering directory `D:/MTK/MTK2503/MTK2503/11CW1418SP4_03_CORETEK03AE_11C_V1_GPRS_MMI'
CFLAGS = --cpu ARM7EJ-S --littleend -O3 --remove_unneeded_entities -D__RVCT__ -JC:\ARM\RVCT\Data\3.1\569\include\windows --fpmode=ieee_fixed --split_sections --diag_suppress 1,1295,1296,2548 --dwarf2 -D__SERIAL_FLASH_EN__ -D__SERIAL_FLASH_SUPPORT__ --bss_threshold=0
CPLUSFLAGS = --cpp --cpu ARM7EJ-S --littleend -O3 --remove_unneeded_entities -D__RVCT__ -JC:\ARM\RVCT\Data\3.1\569\include\windows --fpmode=ieee_fixed --split_sections --diag_suppress 1,1295,1296,2548 --dwarf2 --bss_threshold=0
AFLAGS = --debug --littleend --cpu ARM7EJ-S --apcs /interwork -16
ADEFS = -pd "MMI_ON_HARDWARE_P SETL {TRUE}" -pd "__UCS2_ENCODING SETL {TRUE}" -pd "MT2502 SETL {TRUE}" -pd "MT2502_S00 SETL {TRUE}" -pd "__SV5_ENABLED__ SETL {TRUE}" -pd "__EVENT_BASED_TIMER__ SETL {TRUE}" -pd "__PRODUCTION_RELEASE__ SETL {TRUE}" -pd "KAL_ON_NUCLEUS SETL {TRUE}" -pd "__CHIP_VERSION_CHECK__ SETL {TRUE}" -pd "__KEYPAD_DEBUG_TRACE__ SETL {TRUE}" -pd "ESAL_AR_STK_FPU_SUPPORT SETL {FALSE}" -pd "__ARM_FPUV2__ SETL {FALSE}" -pd "__SERIAL_FLASH_EN__ SETL {TRUE}" -pd "__SERIAL_FLASH_SUPPORT__ SETL {TRUE}"
C:\ARM\RVCT\Programs\3.1\569\win_32-pentium\armar.exe -create ./build/CORETEK03AE_11C/gprs/MT2502o/lib/applib.lib --via .\build\CORETEK03AE_11C\gprs\MT2502o\applib\applib_sort.via
Warning: L3910W: Old syntax, please use '--create'.
./build/CORETEK03AE_11C/gprs/MT2502o/lib/applib.lib is updated

.\build\CORETEK03AE_11C\gprs\MT2502r\applib_dep\app_addr.det



.\build\CORETEK03AE_11C\gprs\MT2502r\applib_dep\app_asyncfile.det



.\build\CORETEK03AE_11C\gprs\MT2502r\applib_dep\app_base64.det



.\build\CORETEK03AE_11C\gprs\MT2502r\applib_dep\app_crc.det



.\build\CORETEK03AE_11C\gprs\MT2502r\applib_dep\app_datetime.det



.\build\CORETEK03AE_11C\gprs\MT2502r\applib_dep\app_html.det



.\build\CORETEK03AE_11C\gprs\MT2502r\applib_dep\app_html_char_ref.det



.\build\CORETEK03AE_11C\gprs\MT2502r\applib_dep\app_md5.det



.\build\CORETEK03AE_11C\gprs\MT2502r\applib_dep\app_mem.det



.\build\CORETEK03AE_11C\gprs\MT2502r\applib_dep\app_mime.det



.\build\CORETEK03AE_11C\gprs\MT2502r\applib_dep\app_plmn.det



.\build\CORETEK03AE_11C\gprs\MT2502r\applib_dep\app_qp.det



.\build\CORETEK03AE_11C\gprs\MT2502r\applib_dep\app_str.det



.\build\CORETEK03AE_11C\gprs\MT2502r\applib_dep\app_time.det



.\build\CORETEK03AE_11C\gprs\MT2502r\applib_dep\app_ua.det



.\build\CORETEK03AE_11C\gprs\MT2502r\applib_dep\app_url.det



.\build\CORETEK03AE_11C\gprs\MT2502r\applib_dep\app_usedetails.det



.\build\CORETEK03AE_11C\gprs\MT2502r\applib_dep\dict.det


Processing app_addr.det app_asyncfile.det app_base64.det app_crc.det app_datetime.det app_html.det app_html_char_ref.det app_md5.det app_mem.det app_mime.det app_plmn.det app_qp.det app_str.det app_time.det app_ua.det app_url.det app_usedetails.det dict.det
make[2]: Leaving directory `D:/MTK/MTK2503/MTK2503/11CW1418SP4_03_CORETEK03AE_11C_V1_GPRS_MMI'
