[Dependency] D:\MTK\MTK2503\MTK2503\11CW1418SP4_03_CORETEK03AE_11C_V1_GPRS_MMI\tools\BLReservedSize_AutoConfig.pl
[Dependency] D:\MTK\MTK2503\MTK2503\11CW1418SP4_03_CORETEK03AE_11C_V1_GPRS_MMI\.\tools\\sysgenUtility.pm
[Dependency] D:\MTK\MTK2503\MTK2503\11CW1418SP4_03_CORETEK03AE_11C_V1_GPRS_MMI\tools\pack_dep_gen.pm
[Dependency] D:\MTK\MTK2503\MTK2503\11CW1418SP4_03_CORETEK03AE_11C_V1_GPRS_MMI\.\tools\\LISInfo.pm
[Dependency] D:\MTK\MTK2503\MTK2503\11CW1418SP4_03_CORETEK03AE_11C_V1_GPRS_MMI\tools\BLReservedSize_AutoConfig.pl
[Dependency] D:\MTK\MTK2503\MTK2503\11CW1418SP4_03_CORETEK03AE_11C_V1_GPRS_MMI\.\tools\\sysgenUtility.pm
[Dependency] D:\MTK\MTK2503\MTK2503\11CW1418SP4_03_CORETEK03AE_11C_V1_GPRS_MMI\tools\pack_dep_gen.pm
[Dependency] D:\MTK\MTK2503\MTK2503\11CW1418SP4_03_CORETEK03AE_11C_V1_GPRS_MMI\.\tools\\CommonUtility.pm
[Dependency] D:\MTK\MTK2503\MTK2503\11CW1418SP4_03_CORETEK03AE_11C_V1_GPRS_MMI\.\tools\\LISInfo.pm
[Dependency] D:\MTK\MTK2503\MTK2503\11CW1418SP4_03_CORETEK03AE_11C_V1_GPRS_MMI\.\tools\\FileInfoParser.pm
[Dependency] D:\MTK\MTK2503\MTK2503\11CW1418SP4_03_CORETEK03AE_11C_V1_GPRS_MMI\tools\BLReservedSize_AutoConfig.pl
[Dependency] D:\MTK\MTK2503\MTK2503\11CW1418SP4_03_CORETEK03AE_11C_V1_GPRS_MMI\.\tools\\sysgenUtility.pm
[Dependency] D:\MTK\MTK2503\MTK2503\11CW1418SP4_03_CORETEK03AE_11C_V1_GPRS_MMI\tools\pack_dep_gen.pm
[Dependency] D:\MTK\MTK2503\MTK2503\11CW1418SP4_03_CORETEK03AE_11C_V1_GPRS_MMI\.\tools\\CommonUtility.pm
[Dependency] D:\MTK\MTK2503\MTK2503\11CW1418SP4_03_CORETEK03AE_11C_V1_GPRS_MMI\.\tools\\LISInfo.pm
[Dependency] D:\MTK\MTK2503\MTK2503\11CW1418SP4_03_CORETEK03AE_11C_V1_GPRS_MMI\.\tools\\FileInfoParser.pm
[Dependency] D:\MTK\MTK2503\MTK2503\11CW1418SP4_03_CORETEK03AE_11C_V1_GPRS_MMI\tools\BLReservedSize_AutoConfig.pl
[Dependency] D:\MTK\MTK2503\MTK2503\11CW1418SP4_03_CORETEK03AE_11C_V1_GPRS_MMI\.\tools\\sysgenUtility.pm
[Dependency] D:\MTK\MTK2503\MTK2503\11CW1418SP4_03_CORETEK03AE_11C_V1_GPRS_MMI\tools\pack_dep_gen.pm
[Dependency] D:\MTK\MTK2503\MTK2503\11CW1418SP4_03_CORETEK03AE_11C_V1_GPRS_MMI\.\tools\\CommonUtility.pm
[Dependency] D:\MTK\MTK2503\MTK2503\11CW1418SP4_03_CORETEK03AE_11C_V1_GPRS_MMI\.\tools\\LISInfo.pm
[Dependency] D:\MTK\MTK2503\MTK2503\11CW1418SP4_03_CORETEK03AE_11C_V1_GPRS_MMI\.\tools\\FileInfoParser.pm
[Dependency] D:\MTK\MTK2503\MTK2503\11CW1418SP4_03_CORETEK03AE_11C_V1_GPRS_MMI\.\tools\\sysGenUtility.pm
[Dependency] D:\MTK\MTK2503\MTK2503\11CW1418SP4_03_CORETEK03AE_11C_V1_GPRS_MMI\.\tools\\auto_adjust_mem.pm
[Actual Size] BL=0x206c, EXT_BL=0x1c084
nBLSize_suggest=9216,nEXTBLSize_suggest=115712
No need to update.
(nBLActualSize, nBLMaxSize, nBLSize_suggest) = (8300, 9216, 9216)
(nEXTBLActualSize, nEXTBLMaxSize, nEXTBLSize_suggest) = (114820, 115712, 115712)
Return ERR_CODE: 5
