Module bmt is in DEFALUT mode
Compiling hal\peripheral\src\bmt_create.c ... 
Compiling hal\peripheral\src\bmt_hw.c ... 
Compiling hal\peripheral\src\bmt_internal_chr_setting.c ... 
Compiling hal\peripheral\src\bmt_linear_li.c ... 
Compiling hal\peripheral\src\bmt_sw_chip_setting.c ... 
Compiling hal\peripheral\src\bmt_task_main.c ... 
Compiling hal\peripheral\src\bmt_timer_control.c ... 
Compiling hal\peripheral\src\bmt_utility.c ... 
Compiling hal\peripheral\src\dcl_bmt.c ... 
make[2]: Entering directory `D:/MTK/MTK2503/MTK2503/11CW1418SP4_03_CORETEK03AE_11C_V1_GPRS_MMI'
CFLAGS = --cpu ARM7EJ-S --littleend -O3 --remove_unneeded_entities -D__RVCT__ -JC:\ARM\RVCT\Data\3.1\569\include\windows --fpmode=ieee_fixed --split_sections --diag_suppress 1,1295,1296,2548 --dwarf2 -D__SERIAL_FLASH_EN__ -D__SERIAL_FLASH_SUPPORT__ --bss_threshold=0
CPLUSFLAGS = --cpp --cpu ARM7EJ-S --littleend -O3 --remove_unneeded_entities -D__RVCT__ -JC:\ARM\RVCT\Data\3.1\569\include\windows --fpmode=ieee_fixed --split_sections --diag_suppress 1,1295,1296,2548 --dwarf2 --bss_threshold=0
AFLAGS = --debug --littleend --cpu ARM7EJ-S --apcs /interwork -16
ADEFS = -pd "BMT_KAL_DEBUG SETL {TRUE}" -pd "MT2502 SETL {TRUE}" -pd "MT2502_S00 SETL {TRUE}" -pd "__SV5_ENABLED__ SETL {TRUE}" -pd "__EVENT_BASED_TIMER__ SETL {TRUE}" -pd "__PRODUCTION_RELEASE__ SETL {TRUE}" -pd "KAL_ON_NUCLEUS SETL {TRUE}" -pd "__CHIP_VERSION_CHECK__ SETL {TRUE}" -pd "__KEYPAD_DEBUG_TRACE__ SETL {TRUE}" -pd "ESAL_AR_STK_FPU_SUPPORT SETL {FALSE}" -pd "__ARM_FPUV2__ SETL {FALSE}" -pd "__SERIAL_FLASH_EN__ SETL {TRUE}" -pd "__SERIAL_FLASH_SUPPORT__ SETL {TRUE}"
C:\ARM\RVCT\Programs\3.1\569\win_32-pentium\armar.exe -create ./build/CORETEK03AE_11C/gprs/MT2502o/lib/bmt.lib --via .\build\CORETEK03AE_11C\gprs\MT2502o\bmt\bmt_sort.via
Warning: L3910W: Old syntax, please use '--create'.
./build/CORETEK03AE_11C/gprs/MT2502o/lib/bmt.lib is updated

.\build\CORETEK03AE_11C\gprs\MT2502r\bmt_dep\bmt_create.det



.\build\CORETEK03AE_11C\gprs\MT2502r\bmt_dep\bmt_hw.det



.\build\CORETEK03AE_11C\gprs\MT2502r\bmt_dep\bmt_internal_chr_setting.det



.\build\CORETEK03AE_11C\gprs\MT2502r\bmt_dep\bmt_linear_li.det



.\build\CORETEK03AE_11C\gprs\MT2502r\bmt_dep\bmt_sw_chip_setting.det



.\build\CORETEK03AE_11C\gprs\MT2502r\bmt_dep\bmt_task_main.det



.\build\CORETEK03AE_11C\gprs\MT2502r\bmt_dep\bmt_timer_control.det



.\build\CORETEK03AE_11C\gprs\MT2502r\bmt_dep\bmt_utility.det



.\build\CORETEK03AE_11C\gprs\MT2502r\bmt_dep\dcl_bmt.det


Processing bmt_create.det bmt_hw.det bmt_internal_chr_setting.det bmt_linear_li.det bmt_sw_chip_setting.det bmt_task_main.det bmt_timer_control.det bmt_utility.det dcl_bmt.det
make[2]: Leaving directory `D:/MTK/MTK2503/MTK2503/11CW1418SP4_03_CORETEK03AE_11C_V1_GPRS_MMI'
