[Dependency] D:\AIOT-WORKSHOP\AIoT_MT2503AVE_SDK\11CW1418SP4_03_CORETEK03AE_11C_V1_GPRS_MMI\tools\ckImgSize.pl
[Dependency] D:\AIOT-WORKSHOP\AIoT_MT2503AVE_SDK\11CW1418SP4_03_CORETEK03AE_11C_V1_GPRS_MMI\.\tools\\sysgenUtility.pm
[Dependency] D:\AIOT-WORKSHOP\AIoT_MT2503AVE_SDK\11CW1418SP4_03_CORETEK03AE_11C_V1_GPRS_MMI\tools\pack_dep_gen.pm
[Dependency] D:\AIOT-WORKSHOP\AIoT_MT2503AVE_SDK\11CW1418SP4_03_CORETEK03AE_11C_V1_GPRS_MMI\.\tools\\vivaHelper.pm
[Dependency] D:\AIOT-WORKSHOP\AIoT_MT2503AVE_SDK\11CW1418SP4_03_CORETEK03AE_11C_V1_GPRS_MMI\.\tools\\FileInfoParser.pm
[Dependency] D:\AIOT-WORKSHOP\AIoT_MT2503AVE_SDK\11CW1418SP4_03_CORETEK03AE_11C_V1_GPRS_MMI\tools\ckImgSize.pl
[Dependency] D:\AIOT-WORKSHOP\AIoT_MT2503AVE_SDK\11CW1418SP4_03_CORETEK03AE_11C_V1_GPRS_MMI\.\tools\\sysgenUtility.pm
[Dependency] D:\AIOT-WORKSHOP\AIoT_MT2503AVE_SDK\11CW1418SP4_03_CORETEK03AE_11C_V1_GPRS_MMI\tools\pack_dep_gen.pm
[Dependency] D:\AIOT-WORKSHOP\AIoT_MT2503AVE_SDK\11CW1418SP4_03_CORETEK03AE_11C_V1_GPRS_MMI\.\tools\\CommonUtility.pm
[Dependency] D:\AIOT-WORKSHOP\AIoT_MT2503AVE_SDK\11CW1418SP4_03_CORETEK03AE_11C_V1_GPRS_MMI\.\tools\\vivaHelper.pm
[Dependency] D:\AIOT-WORKSHOP\AIoT_MT2503AVE_SDK\11CW1418SP4_03_CORETEK03AE_11C_V1_GPRS_MMI\.\tools\\FileInfoParser.pm
[Dependency] D:\AIOT-WORKSHOP\AIoT_MT2503AVE_SDK\11CW1418SP4_03_CORETEK03AE_11C_V1_GPRS_MMI\tools\ckImgSize.pl
[Dependency] D:\AIOT-WORKSHOP\AIoT_MT2503AVE_SDK\11CW1418SP4_03_CORETEK03AE_11C_V1_GPRS_MMI\.\tools\\sysgenUtility.pm
[Dependency] D:\AIOT-WORKSHOP\AIoT_MT2503AVE_SDK\11CW1418SP4_03_CORETEK03AE_11C_V1_GPRS_MMI\tools\pack_dep_gen.pm
[Dependency] D:\AIOT-WORKSHOP\AIoT_MT2503AVE_SDK\11CW1418SP4_03_CORETEK03AE_11C_V1_GPRS_MMI\.\tools\\CommonUtility.pm
[Dependency] D:\AIOT-WORKSHOP\AIoT_MT2503AVE_SDK\11CW1418SP4_03_CORETEK03AE_11C_V1_GPRS_MMI\.\tools\\vivaHelper.pm
[Dependency] D:\AIOT-WORKSHOP\AIoT_MT2503AVE_SDK\11CW1418SP4_03_CORETEK03AE_11C_V1_GPRS_MMI\.\tools\\FileInfoParser.pm
[Dependency] D:\AIOT-WORKSHOP\AIoT_MT2503AVE_SDK\11CW1418SP4_03_CORETEK03AE_11C_V1_GPRS_MMI\.\tools\\sysGenUtility.pm
[Dependency] D:\AIOT-WORKSHOP\AIoT_MT2503AVE_SDK\11CW1418SP4_03_CORETEK03AE_11C_V1_GPRS_MMI\tools\ckImgSize.pl
[Dependency] D:\AIOT-WORKSHOP\AIoT_MT2503AVE_SDK\11CW1418SP4_03_CORETEK03AE_11C_V1_GPRS_MMI\.\tools\\sysgenUtility.pm
[Dependency] D:\AIOT-WORKSHOP\AIoT_MT2503AVE_SDK\11CW1418SP4_03_CORETEK03AE_11C_V1_GPRS_MMI\tools\pack_dep_gen.pm
[Dependency] D:\AIOT-WORKSHOP\AIoT_MT2503AVE_SDK\11CW1418SP4_03_CORETEK03AE_11C_V1_GPRS_MMI\.\tools\\CommonUtility.pm
[Dependency] D:\AIOT-WORKSHOP\AIoT_MT2503AVE_SDK\11CW1418SP4_03_CORETEK03AE_11C_V1_GPRS_MMI\.\tools\\LISInfo.pm
[Dependency] D:\AIOT-WORKSHOP\AIoT_MT2503AVE_SDK\11CW1418SP4_03_CORETEK03AE_11C_V1_GPRS_MMI\.\tools\\vivaHelper.pm
[Dependency] D:\AIOT-WORKSHOP\AIoT_MT2503AVE_SDK\11CW1418SP4_03_CORETEK03AE_11C_V1_GPRS_MMI\.\tools\\FileInfoParser.pm
[Dependency] D:\AIOT-WORKSHOP\AIoT_MT2503AVE_SDK\11CW1418SP4_03_CORETEK03AE_11C_V1_GPRS_MMI\.\tools\\sysGenUtility.pm
[Dependency] D:\AIOT-WORKSHOP\AIoT_MT2503AVE_SDK\11CW1418SP4_03_CORETEK03AE_11C_V1_GPRS_MMI\tools\ckImgSize.pl
[Dependency] D:\AIOT-WORKSHOP\AIoT_MT2503AVE_SDK\11CW1418SP4_03_CORETEK03AE_11C_V1_GPRS_MMI\.\tools\\sysgenUtility.pm
[Dependency] D:\AIOT-WORKSHOP\AIoT_MT2503AVE_SDK\11CW1418SP4_03_CORETEK03AE_11C_V1_GPRS_MMI\.\tools\\scatFrame.pm
[Dependency] D:\AIOT-WORKSHOP\AIoT_MT2503AVE_SDK\11CW1418SP4_03_CORETEK03AE_11C_V1_GPRS_MMI\tools\pack_dep_gen.pm
[Dependency] D:\AIOT-WORKSHOP\AIoT_MT2503AVE_SDK\11CW1418SP4_03_CORETEK03AE_11C_V1_GPRS_MMI\.\tools\\CommonUtility.pm
[Dependency] D:\AIOT-WORKSHOP\AIoT_MT2503AVE_SDK\11CW1418SP4_03_CORETEK03AE_11C_V1_GPRS_MMI\.\tools\\LISInfo.pm
[Dependency] D:\AIOT-WORKSHOP\AIoT_MT2503AVE_SDK\11CW1418SP4_03_CORETEK03AE_11C_V1_GPRS_MMI\.\tools\\vivaHelper.pm
[Dependency] D:\AIOT-WORKSHOP\AIoT_MT2503AVE_SDK\11CW1418SP4_03_CORETEK03AE_11C_V1_GPRS_MMI\.\tools\\FileInfoParser.pm
[Dependency] D:\AIOT-WORKSHOP\AIoT_MT2503AVE_SDK\11CW1418SP4_03_CORETEK03AE_11C_V1_GPRS_MMI\.\tools\\sysGenUtility.pm
[Dependency] D:\AIOT-WORKSHOP\AIoT_MT2503AVE_SDK\11CW1418SP4_03_CORETEK03AE_11C_V1_GPRS_MMI\tools\ckImgSize.pl
[Dependency] D:\AIOT-WORKSHOP\AIoT_MT2503AVE_SDK\11CW1418SP4_03_CORETEK03AE_11C_V1_GPRS_MMI\.\tools\\config_MemSegment.pm
[Dependency] D:\AIOT-WORKSHOP\AIoT_MT2503AVE_SDK\11CW1418SP4_03_CORETEK03AE_11C_V1_GPRS_MMI\.\tools\\sysgenUtility.pm
[Dependency] D:\AIOT-WORKSHOP\AIoT_MT2503AVE_SDK\11CW1418SP4_03_CORETEK03AE_11C_V1_GPRS_MMI\tools\pack_dep_gen.pm
[Dependency] D:\AIOT-WORKSHOP\AIoT_MT2503AVE_SDK\11CW1418SP4_03_CORETEK03AE_11C_V1_GPRS_MMI\.\tools\\CommonUtility.pm
[Dependency] D:\AIOT-WORKSHOP\AIoT_MT2503AVE_SDK\11CW1418SP4_03_CORETEK03AE_11C_V1_GPRS_MMI\.\tools\\LISInfo.pm
[Dependency] D:\AIOT-WORKSHOP\AIoT_MT2503AVE_SDK\11CW1418SP4_03_CORETEK03AE_11C_V1_GPRS_MMI\.\tools\\vivaHelper.pm
[Dependency] D:\AIOT-WORKSHOP\AIoT_MT2503AVE_SDK\11CW1418SP4_03_CORETEK03AE_11C_V1_GPRS_MMI\.\tools\\FileInfoParser.pm
[Dependency] D:\AIOT-WORKSHOP\AIoT_MT2503AVE_SDK\11CW1418SP4_03_CORETEK03AE_11C_V1_GPRS_MMI\.\tools\\sysGenUtility.pm
[Dependency] D:\AIOT-WORKSHOP\AIoT_MT2503AVE_SDK\11CW1418SP4_03_CORETEK03AE_11C_V1_GPRS_MMI\.\tools\\scatFrame.pm
[Dependency] D:\AIOT-WORKSHOP\AIoT_MT2503AVE_SDK\11CW1418SP4_03_CORETEK03AE_11C_V1_GPRS_MMI\.\tools\\objListHelper.pm
[Dependency] D:\AIOT-WORKSHOP\AIoT_MT2503AVE_SDK\11CW1418SP4_03_CORETEK03AE_11C_V1_GPRS_MMI\tools\ckImgSize.pl
[Dependency] D:\AIOT-WORKSHOP\AIoT_MT2503AVE_SDK\11CW1418SP4_03_CORETEK03AE_11C_V1_GPRS_MMI\.\tools\\config_MemSegment.pm
[Dependency] D:\AIOT-WORKSHOP\AIoT_MT2503AVE_SDK\11CW1418SP4_03_CORETEK03AE_11C_V1_GPRS_MMI\.\tools\\sysgenUtility.pm
[Dependency] D:\AIOT-WORKSHOP\AIoT_MT2503AVE_SDK\11CW1418SP4_03_CORETEK03AE_11C_V1_GPRS_MMI\tools\pack_dep_gen.pm
[Dependency] D:\AIOT-WORKSHOP\AIoT_MT2503AVE_SDK\11CW1418SP4_03_CORETEK03AE_11C_V1_GPRS_MMI\.\tools\\CommonUtility.pm
[Dependency] D:\AIOT-WORKSHOP\AIoT_MT2503AVE_SDK\11CW1418SP4_03_CORETEK03AE_11C_V1_GPRS_MMI\.\tools\\LISInfo.pm
[Dependency] D:\AIOT-WORKSHOP\AIoT_MT2503AVE_SDK\11CW1418SP4_03_CORETEK03AE_11C_V1_GPRS_MMI\.\tools\\vivaHelper.pm
[Dependency] D:\AIOT-WORKSHOP\AIoT_MT2503AVE_SDK\11CW1418SP4_03_CORETEK03AE_11C_V1_GPRS_MMI\.\tools\\FileInfoParser.pm
[Dependency] D:\AIOT-WORKSHOP\AIoT_MT2503AVE_SDK\11CW1418SP4_03_CORETEK03AE_11C_V1_GPRS_MMI\.\tools\\sysGenUtility.pm
[Dependency] D:\AIOT-WORKSHOP\AIoT_MT2503AVE_SDK\11CW1418SP4_03_CORETEK03AE_11C_V1_GPRS_MMI\.\tools\\scatFrame.pm
[Dependency] D:\AIOT-WORKSHOP\AIoT_MT2503AVE_SDK\11CW1418SP4_03_CORETEK03AE_11C_V1_GPRS_MMI\.\tools\\objListHelper.pm
skip check memory size without enable VIVA
