phase=2, stop_build=TRUE
Phase2!
Dumping temp lis structure: 
ROM	0x10020000	0x00444464	0xffffffff	0
CACHED_DUMMY_END	0xf03eb000	0x00000004	0xffffffff	17
INTSRAM_DATA	0x70009300	0x00000128	0x00000d00	23
EMIINIT_CODE	0x70008000	0x00000584	0xffffffff	21
INTSRAM_DATA_PREINIT	0x70009428	0x00000980	0x00000d00	24
ROM0	0x100207a0	0x00000000	0xffffffff	2
DYNAMIC_CACHEABLE_EXTSRAM_DEFAULT_NONCACHEABLE_RW	0x0002ee20	0x00000000	0xffffffff	10
DYNAMIC_CACHEABLE_EXTSRAM_DEFAULT_NONCACHEABLE_ZI_MMIPOOL	0x00010058	0x0001c8f4	0xffffffff	8
ROM_GFH	0x10020000	0x000002d8	0xffffffff	0
SINGLE_BANK_CODE	0x00000200	0x00001128	0xffffffff	6
ROMHEAD	0x100207a0	0x00000754	0xffffffff	3
DYNAMIC_CACHEABLE_EXTSRAM_DEFAULT_CACHEABLE_ZI_MMIPOOL	0xf01a274c	0x0001f3b8	0xffffffff	15
EXTSRAM_GADGET	0xf01a174c	0x00000000	0xffffffff	13
CACHED_EXTSRAM	0xf002fe20	0x0016c9c8	0xffffffff	11
ROM1	0x10020ef4	0x0042cf34	0xffffffff	5
EXTSRAM_DSP_TX	0x003eb000	0x000018dc	0x00006000	18
DYNAMIC_CACHEABLE_EXTSRAM_DEFAULT_CACHEABLE_ZI	0xf01c1b04	0x00000000	0xffffffff	16
INTSRAM_CODE	0x70008000	0x00000e64	0x00001300	22
INTSRAM_DUMMY_END	0x7000a000	0x00000004	0xffffffff	25
ROM_VIDEO	0x10020ef4	0x00000000	0xffffffff	4
ROM_SIGNATURE_SECTION	0x7000a004	0x00000004	0xffffffff	26
SHOULDBE_EMPTYSECTION	0x003f4b00	0x00000000	0x00000000	20
EXTSRAM	0x00002000	0x0000d058	0xffffffff	7
ROM	0x100202d8	0x000004c8	0x00000800	1
CACHED_EXTSRAM_NVRAM_LTABLE	0xf019c7e8	0x00004f64	0xffffffff	12
DYNAMIC_CACHEABLE_EXTSRAM_DEFAULT_NONCACHEABLE_ZI	0x0002c94c	0x000024d4	0xffffffff	9
EXTSRAM_DSP_RX	0x003f1000	0x00003b00	0x0000f000	19
DYNAMIC_CACHEABLE_EXTSRAM_DEFAULT_CACHEABLE_RW	0xf01a274c	0x00000000	0xffffffff	14
RAM DUMMY END , f03eb000
RAM Limit before DUMMY_END , f01c1b04
LOAD VIEW , Physical Device Density 0xf00000 , Scatter File Configuration 0x464464	PASS
EXEC VIEW , Physical Device Density 0x400000 , Scatter File Configuration 0x3f4b00 , Scatter File DUMMY_END 0xf03eb000 , Scatter File Usage 0xf01c1b04
Warnning : NOR flash / Load View configure waste at least 1MB
