[ckSysDrv] Auto adjust is disabled!
[ckSysDrv] $fs_auto_config_support = 0
	 FDM5_Support = 0
===========================================================
                                               Byte Cluster
===========================================================
FS Total Size                               1048576    2048
FS Public(First) Drive Size                       0       0
FS Overhead for (MBR + PBR + Root Dir)         7680      15
FDM Overhead (NOR)                           210944     412
NVRAM reserved folder overhead                 5120      10
===========================================================
Free Space for NVRAM and App's Folders       829952    1611

-----------------------------------------------------------
FAT Type                                         12        
Cluster Size                                    512       1
-----------------------------------------------------------
FAT Overhead for Sub Dir                       8704      17
-----------------------------------------------------------
Package file size                             22424      44
Info file A                                    2200       5
Info file B                                    2200       5
Extra size                                     1536       3
NVRAM_EF_SYS_LID                                216       2
NVRAM_EF_CAT_TIMESTAMP_LID                        6       1
NVRAM_EF_L1_AGCPATHLOSS_LID                     262       1
NVRAM_EF_L1_RAMPTABLE_GSM850_LID                666       2
NVRAM_EF_L1_RAMPTABLE_GSM900_LID                666       2
NVRAM_EF_L1_RAMPTABLE_DCS1800_LID               666       2
NVRAM_EF_L1_RAMPTABLE_PCS1900_LID               666       2
NVRAM_EF_L1_AFCDATA_LID                          10       1
NVRAM_EF_L1_TXIQ_LID                             46       1
NVRAM_EF_L1_RFSPECIALCOEF_LID                   210       1
NVRAM_EF_L1_INTERSLOT_RAMP_GSM850_LID            18       1
NVRAM_EF_L1_INTERSLOT_RAMP_GSM900_LID            18       1
NVRAM_EF_L1_INTERSLOT_RAMP_DCS1800_LID           18       1
NVRAM_EF_L1_INTERSLOT_RAMP_PCS1900_LID           18       1
NVRAM_EF_L1_CRYSTAL_AFCDATA_LID                  34       1
NVRAM_EF_L1_CRYSTAL_CAPDATA_LID                   6       1
NVRAM_EF_L1_GMSK_TX_POWER_ROLLBACK_TABLE_LID         22       1
NVRAM_EF_L1_CLOAD_FREQ_OFFSET_LID                 6       1
NVRAM_EF_BARCODE_NUM_LID                         66       1
NVRAM_EF_CAL_FLAG_LID                           314       1
NVRAM_EF_CAL_DATA_CHECK_LID                    1354       3
NVRAM_EF_IMEI_IMEISV_LID                         12       1
NVRAM_EF_SML_LID                                380       2
NVRAM_EF_BTRADIO_MTK_BT_CHIP_LID                 49       1
NVRAM_EF_DCC_SENSOR_LK_LID                       34       1
NVRAM_EF_DCC_SENSOR_SRV_LID                      10       1
NVRAM_EF_SYS_EXCEPTION_LID                     2570       6
NVRAM_EF_SYS_STATISTICS_LID                    1814       4
NVRAM_EF_BAND_INFO_LID                            0       0
NVRAM_EF_TST_FILTER_LID                        1382       3
NVRAM_EF_PORT_SETTING_LID                         0       0
NVRAM_EF_SMSAL_MAILBOX_ADDR_LID                   0       0
NVRAM_EF_SMSAL_COMMON_PARAM_LID                   0       0
NVRAM_EF_SMSAL_SMSP_LID                           0       0
NVRAM_EF_SMSAL_MWIS_LID                           0       0
NVRAM_EF_CB_DEFAULT_CH_LID                        0       0
NVRAM_EF_CB_CH_INFO_LID                           0       0
NVRAM_EF_TCM_STATISTICS_LID                       0       0
NVRAM_EF_TCM_PDP_PROFILE_LID                      0       0
NVRAM_EF_CFU_FLAG_LID                             0       0
NVRAM_EF_MM_EQPLMN_LOCIGPRS_LID                   0       0
NVRAM_EF_ALS_LINE_ID_LID                          0       0
NVRAM_EF_MSCAP_LID                                0       0
NVRAM_EF_CLASSMARK_RACAP_LID                      0       0
NVRAM_EF_SIM_ASSERT_LID                           0       0
NVRAM_EF_RTC_DATA_LID                             0       0
NVRAM_EF_NET_PAR_LID                           2002       4
NVRAM_EF_CSM_ESSP_LID                             0       0
NVRAM_EF_CUST_HW_LEVEL_TBL_LID                    0       0
NVRAM_EF_UEM_MANUFACTURE_DATA_LID                 0       0
NVRAM_EF_UEM_RMI_DATA_LID                         0       0
NVRAM_EF_GPS_SETTING_DATA_LID                     0       0
NVRAM_EF_MS_SECURITY_LID                          0       0
NVRAM_EF_SYS_CACHE_OCTET_LID                      0       0
NVRAM_EF_RAC_PREFERENCE_LID                       0       0
NVRAM_EF_PS_CONFORMANCE_TESTMODE_LID              0       0
NVRAM_EF_TST_CONFIG_LID                           0       0
NVRAM_EF_RESERVED_SENSOR1_LID                     0       0
NVRAM_EF_RESERVED_SENSOR2_LID                     0       0
NVRAM_EF_RESERVED_SENSOR3_LID                     0       0
NVRAM_EF_RESERVED_SENSOR4_LID                     0       0
NVRAM_EF_RESERVED_SENSOR5_LID                     0       0
NVRAM_EF_RESERVED_SENSOR6_LID                     0       0
NVRAM_EF_RESERVED_SENSOR7_LID                     0       0
NVRAM_EF_RESERVED_SENSOR8_LID                     0       0
NVRAM_EF_RESERVED_SENSOR9_LID                     0       0
NVRAM_EF_RESERVED_SENSOR10_LID                    0       0
NVRAM_EF_RESERVED_SENSOR11_LID                    0       0
NVRAM_EF_RESERVED_SENSOR12_LID                    0       0
NVRAM_EF_RESERVED_SENSOR13_LID                    0       0
NVRAM_EF_RESERVED_SENSOR14_LID                    0       0
NVRAM_EF_RESERVED_SENSOR15_LID                    0       0
NVRAM_EF_RESERVED_SENSOR16_LID                    0       0
NVRAM_EF_RESERVED_SENSOR17_LID                    0       0
NVRAM_EF_RESERVED_SENSOR18_LID                    0       0
NVRAM_EF_RESERVED_SENSOR19_LID                    0       0
NVRAM_EF_RESERVED_SENSOR20_LID                    0       0
NVRAM_EF_ADC_LID                                130       1
NVRAM_EF_TOUCHPANEL_PARA_LID                      0       0
NVRAM_EF_PHB_LID                                  0       0
NVRAM_EF_AUTOTEST_LID                             0       0
NVRAM_EF_CACHE_BYTE_LID                           0       0
NVRAM_EF_CACHE_SHORT_LID                          0       0
NVRAM_EF_CACHE_DOUBLE_LID                         0       0
NVRAM_EF_MMI_CACHE_BYTE_KEY_LID                2024       4
NVRAM_EF_MMI_CACHE_SHORT_KEY_LID               1012       2
NVRAM_EF_MMI_CACHE_DOUBLE_KEY_LID                 0       0
NVRAM_EF_PHB_SOS_LID                              0       0
NVRAM_EF_PHB_FIELDS_LID                           0       0
NVRAM_EF_PHB_FIELDS_MASK_LID                      0       0
NVRAM_EF_PHB_MY_NUMBER_LID                        0       0
NVRAM_EF_PHB_INFO_LID                             0       0
NVRAM_EF_ALM_SPOF_DATA_LID                        0       0
NVRAM_EF_ALM_ALARM_DATA_LID                       0       0
NVRAM_EF_GROUPLIST_LID                            0       0
NVRAM_EF_WALLPAPER_FILENAME_LID                   0       0
NVRAM_EF_SHORTCUTS_LID                            0       0
NVRAM_EF_BT_INFO_LID                              0       0
NVRAM_EF_BT_DEV_LIST_LID                       1386       3
NVRAM_EF_BT_DEV_LIST_INDEX_LID                    0       0
NVRAM_EF_BT_SYS_INFO_LID                          0       0
NVRAM_EF_NITZ_NW_NAME_LID                         0       0
NVRAM_EF_CNMGR_CONNECT_DATA_LID                   0       0
NVRAM_EF_SRV_SMS_PDU_LID                        910       2
NVRAM_EF_DTCNT_SIM_ID_LID                         0       0
NVRAM_EF_GROUPLIST_SIM2_LID                       0       0
NVRAM_EF_SRV_SMS_STATUS_REPORT_LID                0       0
NVRAM_EF_CLOG_LOG_LID                          1820       4
NVRAM_EF_CLOG_CALL_TIME_LID                       0       0
NVRAM_EF_SRV_REMINDER_Q_LID                       0       0
NVRAM_EF_QUICKTEST_LID                            0       0
NVRAM_EF_MOTION_SENSOR_SWITCH_LID                 0       0
NVRAM_EF_USB_FOTA_INFO_LID                        0       0
NVRAM_EF_BLE_BKSS_LID                             0       0
NVRAM_EF_IOT_LOCK_LID                             0       0
NVRAM_EF_IOT_LOCK_MSG_LID                     15720      31
NVRAM_EF_LOCK_COUNT_LID                           0       0
NVRAM_EF_LOCK_AGING_LID                           0       0
NVRAM_EF_ORDER_NUM_LID                            0       0
NVRAM_EF_ORDER_INFO_LID                           0       0
NVRAM_EF_IOT_BACKUP_LID                           0       0
NVRAM_EF_FOTA_LID                                 0       0
NVRAM_EF_CUST_ACOUSTIC_DATA_LID                   0       0
NVRAM_EF_AUDIO_PARAM_LID                       1854       4
NVRAM_EF_AUDIO_DC_CALIBRATION_LID                 0       0
NVRAM_EF_AGPS_SETTING_LID                         0       0
NVRAM_EF_EM_GPS_POS_TYPE_LID                      0       0
NVRAM_EF_AGPS_QOP_SETTING_LID                     0       0
NVRAM_EF_AGPS_SUPL_NOTIFY_LID                     0       0
NVRAM_EF_AGPS_CURRENT_PROFILE_LID                 0       0
NVRAM_EF_AGPS_EM_SETTING_LID                      0       0
NVRAM_EF_AGPS_PROFILE_LID                         0       0
NVRAM_EF_AGPS_EM_STATUS_LID                       0       0
NVRAM_EF_AGPS_PAYLOAD_LID                         0       0
NVRAM_EF_GPS_MMI_SETTING_DATA_LID                 0       0
NVRAM_EF_GPS_MMI_SIM_DATA_LID                     0       0
NVRAM_EM_MINIGPS_UP_SETTING_LID                   0       0
NVRAM_EF_SRV_PROF_SETTING_LID                     0       0
NVRAM_EF_SRV_PROF_EXT_MELODY_LID               1566       4

TOTAL                                         68323     163
-----------------------------------------------------------
Z:\@Xml\                                       1024       2
Z:\@bt\                                        3072       6
Z:\@Dtcnt\                                    31744      62
Z:\@fota_adups\                                2048       4
Z:\@BTMre\                                    57344     112
Z:\@EPO\                                     153600     300

TOTAL                                        248832     486
===========================================================

REPORT
===========================================================
Cluster Size (Bytes)                                    512
Free Space (Clusters)                                  1611
Folders and Applications Requirement (Clusters)         666

RESULT: PASS!
945 clusters are left (472.5 KB = 0.46 MB)
[ckSysDrv]: Auto config is OFF this time!
 at tools\ckSysDrv.pl line 755 : (ERR::NO_MODIFY)!
