Module conn_app is in DEFALUT mode
Compiling plutommi\mtkapp\connectivity\connectivitysrc\btcommon\BtConnCfg.c ... 
Compiling plutommi\mtkapp\connectivity\connectivitysrc\btcommon\BtConnScr.c ... 
Compiling plutommi\mtkapp\connectivity\connectivitysrc\btmtk\BtMmiObex.c ... 
"header_temp\btostypes.h", line 146: Warning:  #65-D: expected a ";"
  } bt_addr_rssi_struct;
  ^
"blueangel/btcore/btstack/inc/btconfig.h", line 195: Warning:  #14-D: extra text after expected end of preprocessing directive
  #else if(defined( __BT_4_0_BLE__) && (__BT_MAX_LE_LINK_NUM__==4))
        ^
"blueangel/btcore/btstack/inc/lei.h", line 251: Warning:  #66-D: enumeration value is out of "int" range
      LE_PROFILE_ALL                         = 0xFFFFFFFF,
                                               ^
"plutommi\mtkapp\connectivity\connectivitysrc\btmtk\BtMmiObex.c", line 441: Warning:  #177-D: variable "g_auth_ind_handler_list" was declared but never referenced
  static auth_ind_handler_struct *g_auth_ind_handler_list;
                                  ^
"plutommi\mtkapp\connectivity\connectivitysrc\btmtk\BtMmiObex.c", line 448: Warning:  #177-D: function "find_auth_ind_handler" was declared but never referenced
  static AUTH_IND_HANDLER find_auth_ind_handler(kal_uint8 *uuid, kal_uint8 uuid_len);
                          ^
plutommi\mtkapp\connectivity\connectivitysrc\btmtk\BtMmiObex.c: 5 warnings, 0 errors
Compiling plutommi\mtkapp\connectivity\connectivitysrc\btcommon\BtMmiObexScr.c ... 
"header_temp\btostypes.h", line 146: Warning:  #65-D: expected a ";"
  } bt_addr_rssi_struct;
  ^
"header_temp\BtcmSrvGprot.h", line 2306: Warning:  #66-D: enumeration value is out of "int" range
  	SRV_BT_CM_EVENT_LINK_STATE_IND				= 0x80000000,  /* bond cancel */
  	                              				  ^
"header_temp\BtcmSrvGprot.h", line 2307: Warning:  #66-D: enumeration value is out of "int" range
  	SRV_BT_CM_EVENT_FAIL_CONN_TO				= SRV_BT_CM_EVENT_LINK_STATE_IND
  	                            				  ^
"header_temp\gui_typedef.h", line 4033: Warning:  #14-D: extra text after expected end of preprocessing directive
  #endif  /__MMI_AUDIO_REVERB_EFFECT__
          ^
"header_temp\wgui_categories_util.h", line 2972: Warning:  #47-D: incompatible redefinition of macro "wgui_title_change" (declared at line 278 of "header_temp\wgui_title.h")
  #define wgui_title_change(_arg0, _arg1, _arg2, _arg3) wgui_title_change_ex(_arg2, _arg3)
          ^
"header_temp\wgui_categories_util.h", line 3033: Warning:  #47-D: incompatible redefinition of macro "ChangeTitleIcon" (declared at line 281 of "header_temp\wgui_title.h")
  #define ChangeTitleIcon(_arg)
          ^
"header_temp\wgui_categories_util.h", line 3034: Warning:  #47-D: incompatible redefinition of macro "ChangeTitle" (declared at line 283 of "header_temp\wgui_title.h")
  #define ChangeTitle(_arg0, _arg1) ChangeTitle_ex(_arg1)
          ^
"blueangel/btcore/btstack/inc/btconfig.h", line 195: Warning:  #14-D: extra text after expected end of preprocessing directive
  #else if(defined( __BT_4_0_BLE__) && (__BT_MAX_LE_LINK_NUM__==4))
        ^
"blueangel/btcore/btstack/inc/lei.h", line 251: Warning:  #66-D: enumeration value is out of "int" range
      LE_PROFILE_ALL                         = 0xFFFFFFFF,
                                               ^
"plutommi\mtkapp\connectivity\connectivitysrc\btcommon\BtMmiObexScr.c", line 1253: Warning:  #550-D: variable "drv" was set but never used
      U8  drv;
          ^
plutommi\mtkapp\connectivity\connectivitysrc\btcommon\BtMmiObexScr.c: 10 warnings, 0 errors
Compiling plutommi\mtkapp\connectivity\connectivitysrc\btmtk\BtMmiRecv.c ... 
"header_temp\gui_typedef.h", line 4033: Warning:  #14-D: extra text after expected end of preprocessing directive
  #endif  /__MMI_AUDIO_REVERB_EFFECT__
          ^
"header_temp\wgui_categories_util.h", line 2972: Warning:  #47-D: incompatible redefinition of macro "wgui_title_change" (declared at line 278 of "header_temp\wgui_title.h")
  #define wgui_title_change(_arg0, _arg1, _arg2, _arg3) wgui_title_change_ex(_arg2, _arg3)
          ^
"header_temp\wgui_categories_util.h", line 3033: Warning:  #47-D: incompatible redefinition of macro "ChangeTitleIcon" (declared at line 281 of "header_temp\wgui_title.h")
  #define ChangeTitleIcon(_arg)
          ^
"header_temp\wgui_categories_util.h", line 3034: Warning:  #47-D: incompatible redefinition of macro "ChangeTitle" (declared at line 283 of "header_temp\wgui_title.h")
  #define ChangeTitle(_arg0, _arg1) ChangeTitle_ex(_arg1)
          ^
"plutommi\mtkapp\connectivity\connectivitysrc\btmtk\BtMmiRecv.c", line 386: Warning:  #177-D: variable "is_receving" was declared but never referenced
      MMI_BOOL is_receving = MMI_FALSE;
               ^
plutommi\mtkapp\connectivity\connectivitysrc\btmtk\BtMmiRecv.c: 5 warnings, 0 errors
Compiling plutommi\mtkapp\connectivity\connectivitysrc\btcommon\BtMmiScr.c ... 
"header_temp\gui_typedef.h", line 4033: Warning:  #14-D: extra text after expected end of preprocessing directive
  #endif  /__MMI_AUDIO_REVERB_EFFECT__
          ^
"header_temp\wgui_categories_util.h", line 2972: Warning:  #47-D: incompatible redefinition of macro "wgui_title_change" (declared at line 278 of "header_temp\wgui_title.h")
  #define wgui_title_change(_arg0, _arg1, _arg2, _arg3) wgui_title_change_ex(_arg2, _arg3)
          ^
"header_temp\wgui_categories_util.h", line 3033: Warning:  #47-D: incompatible redefinition of macro "ChangeTitleIcon" (declared at line 281 of "header_temp\wgui_title.h")
  #define ChangeTitleIcon(_arg)
          ^
"header_temp\wgui_categories_util.h", line 3034: Warning:  #47-D: incompatible redefinition of macro "ChangeTitle" (declared at line 283 of "header_temp\wgui_title.h")
  #define ChangeTitle(_arg0, _arg1) ChangeTitle_ex(_arg1)
          ^
"header_temp\btostypes.h", line 146: Warning:  #65-D: expected a ";"
  } bt_addr_rssi_struct;
  ^
"header_temp\BtcmSrvGprot.h", line 2306: Warning:  #66-D: enumeration value is out of "int" range
  	SRV_BT_CM_EVENT_LINK_STATE_IND				= 0x80000000,  /* bond cancel */
  	                              				  ^
"header_temp\BtcmSrvGprot.h", line 2307: Warning:  #66-D: enumeration value is out of "int" range
  	SRV_BT_CM_EVENT_FAIL_CONN_TO				= SRV_BT_CM_EVENT_LINK_STATE_IND
  	                            				  ^
"plutommi\mtkapp\connectivity\connectivitysrc\btcommon\BtMmiScr.c", line 10447: Warning:  #177-D: variable "mode" was declared but never referenced
      U32 mode;
          ^
"plutommi\mtkapp\connectivity\connectivitysrc\btcommon\BtMmiScr.c", line 11844: Warning:  #550-D: variable "dev" was set but never used
      srv_bt_cm_dev_struct* dev;
                            ^
"plutommi\mtkapp\connectivity\connectivitysrc\btcommon\BtMmiScr.c", line 12672: Warning:  #550-D: variable "image_id" was set but never used
      U16 image_id = 0;
          ^
"plutommi\mtkapp\connectivity\connectivitysrc\btcommon\BtMmiScr.c", line 13690: Warning:  #177-D: variable "scrid" was declared but never referenced
  	U16 scrid;
  	    ^
"plutommi\mtkapp\connectivity\connectivitysrc\btcommon\BtMmiScr.c", line 14247: Warning:  #14-D: extra text after expected end of preprocessing directive
  #ifdef __MMI_PBAP_SUPPORT__ || defined(__MMI_BT_PBAP_CLIENT__)
                              ^
"plutommi\mtkapp\connectivity\connectivitysrc\btcommon\BtMmiScr.c", line 15509: Warning:  #550-D: variable "group_id" was set but never used
      MMI_ID group_id;
             ^
"plutommi\mtkapp\connectivity\connectivitysrc\btcommon\BtMmiScr.c", line 12259: Warning:  #177-D: variable "g_about_table" was declared but never referenced
  const static  mmi_bt_entry_about_profile_struct g_about_table[] = {
                                                  ^
plutommi\mtkapp\connectivity\connectivitysrc\btcommon\BtMmiScr.c: 14 warnings, 0 errors
Compiling plutommi\mtkapp\connectivity\connectivitysrc\btmtk\BtMmiSend.c ... 
"header_temp\btostypes.h", line 146: Warning:  #65-D: expected a ";"
  } bt_addr_rssi_struct;
  ^
"header_temp\BtcmSrvGprot.h", line 2306: Warning:  #66-D: enumeration value is out of "int" range
  	SRV_BT_CM_EVENT_LINK_STATE_IND				= 0x80000000,  /* bond cancel */
  	                              				  ^
"header_temp\BtcmSrvGprot.h", line 2307: Warning:  #66-D: enumeration value is out of "int" range
  	SRV_BT_CM_EVENT_FAIL_CONN_TO				= SRV_BT_CM_EVENT_LINK_STATE_IND
  	                            				  ^
"header_temp\gui_typedef.h", line 4033: Warning:  #14-D: extra text after expected end of preprocessing directive
  #endif  /__MMI_AUDIO_REVERB_EFFECT__
          ^
plutommi\mtkapp\connectivity\connectivitysrc\btmtk\BtMmiSend.c: 4 warnings, 0 errors
Compiling plutommi\mtkapp\connectivity\connectivitysrc\btmtk\BtMmiSetting.c ... 
"header_temp\btostypes.h", line 146: Warning:  #65-D: expected a ";"
  } bt_addr_rssi_struct;
  ^
"header_temp\BtcmSrvGprot.h", line 2306: Warning:  #66-D: enumeration value is out of "int" range
  	SRV_BT_CM_EVENT_LINK_STATE_IND				= 0x80000000,  /* bond cancel */
  	                              				  ^
"header_temp\BtcmSrvGprot.h", line 2307: Warning:  #66-D: enumeration value is out of "int" range
  	SRV_BT_CM_EVENT_FAIL_CONN_TO				= SRV_BT_CM_EVENT_LINK_STATE_IND
  	                            				  ^
"header_temp\gui_typedef.h", line 4033: Warning:  #14-D: extra text after expected end of preprocessing directive
  #endif  /__MMI_AUDIO_REVERB_EFFECT__
          ^
"header_temp\wgui_categories_util.h", line 2972: Warning:  #47-D: incompatible redefinition of macro "wgui_title_change" (declared at line 278 of "header_temp\wgui_title.h")
  #define wgui_title_change(_arg0, _arg1, _arg2, _arg3) wgui_title_change_ex(_arg2, _arg3)
          ^
"header_temp\wgui_categories_util.h", line 3033: Warning:  #47-D: incompatible redefinition of macro "ChangeTitleIcon" (declared at line 281 of "header_temp\wgui_title.h")
  #define ChangeTitleIcon(_arg)
          ^
"header_temp\wgui_categories_util.h", line 3034: Warning:  #47-D: incompatible redefinition of macro "ChangeTitle" (declared at line 283 of "header_temp\wgui_title.h")
  #define ChangeTitle(_arg0, _arg1) ChangeTitle_ex(_arg1)
          ^
plutommi\mtkapp\connectivity\connectivitysrc\btmtk\BtMmiSetting.c: 7 warnings, 0 errors
Compiling plutommi\CUI\BTCMCui\BtcmCui.c ... 
"header_temp\btostypes.h", line 146: Warning:  #65-D: expected a ";"
  } bt_addr_rssi_struct;
  ^
"header_temp\BtcmSrvGprot.h", line 2306: Warning:  #66-D: enumeration value is out of "int" range
  	SRV_BT_CM_EVENT_LINK_STATE_IND				= 0x80000000,  /* bond cancel */
  	                              				  ^
"header_temp\BtcmSrvGprot.h", line 2307: Warning:  #66-D: enumeration value is out of "int" range
  	SRV_BT_CM_EVENT_FAIL_CONN_TO				= SRV_BT_CM_EVENT_LINK_STATE_IND
  	                            				  ^
"header_temp\gui_typedef.h", line 4033: Warning:  #14-D: extra text after expected end of preprocessing directive
  #endif  /__MMI_AUDIO_REVERB_EFFECT__
          ^
plutommi\CUI\BTCMCui\BtcmCui.c: 4 warnings, 0 errors
Compiling plutommi\MMI\Cbm\CbmSrc\CbmAppMain.c ... 
"header_temp\gui_typedef.h", line 4033: Warning:  #14-D: extra text after expected end of preprocessing directive
  #endif  /__MMI_AUDIO_REVERB_EFFECT__
          ^
"header_temp\wgui_categories_util.h", line 2972: Warning:  #47-D: incompatible redefinition of macro "wgui_title_change" (declared at line 278 of "header_temp\wgui_title.h")
  #define wgui_title_change(_arg0, _arg1, _arg2, _arg3) wgui_title_change_ex(_arg2, _arg3)
          ^
"header_temp\wgui_categories_util.h", line 3033: Warning:  #47-D: incompatible redefinition of macro "ChangeTitleIcon" (declared at line 281 of "header_temp\wgui_title.h")
  #define ChangeTitleIcon(_arg)
          ^
"header_temp\wgui_categories_util.h", line 3034: Warning:  #47-D: incompatible redefinition of macro "ChangeTitle" (declared at line 283 of "header_temp\wgui_title.h")
  #define ChangeTitle(_arg0, _arg1) ChangeTitle_ex(_arg1)
          ^
"plutommi\MMI\Cbm\CbmSrc\CbmAppMain.c", line 444: Warning:  #177-D: variable "sim_id" was declared but never referenced
      cbm_sim_id_enum sim_id;
                      ^
plutommi\MMI\Cbm\CbmSrc\CbmAppMain.c: 5 warnings, 0 errors
Compiling plutommi\CUI\CbmCui\CbmCui.c ... 
"header_temp\gui_typedef.h", line 4033: Warning:  #14-D: extra text after expected end of preprocessing directive
  #endif  /__MMI_AUDIO_REVERB_EFFECT__
          ^
plutommi\CUI\CbmCui\CbmCui.c: 1 warning, 0 errors
Compiling plutommi\mmi\ConnectManagement\ConnectManagementSrc\ConnectManageMain.c ... 
Compiling plutommi\mtkapp\dlagent\dlagentsrc\DLAgentAppCore.c ... 
"header_temp\gui_typedef.h", line 4033: Warning:  #14-D: extra text after expected end of preprocessing directive
  #endif  /__MMI_AUDIO_REVERB_EFFECT__
          ^
plutommi\mtkapp\dlagent\dlagentsrc\DLAgentAppCore.c: 1 warning, 0 errors
Compiling plutommi\mtkapp\dlagent\dlagentsrc\DLAgentAppEvtHdlr.c ... 
"header_temp\gui_typedef.h", line 4033: Warning:  #14-D: extra text after expected end of preprocessing directive
  #endif  /__MMI_AUDIO_REVERB_EFFECT__
          ^
plutommi\mtkapp\dlagent\dlagentsrc\DLAgentAppEvtHdlr.c: 1 warning, 0 errors
Compiling plutommi\mtkapp\dlagent\dlagentsrc\DLAgentAppMain.c ... 
"header_temp\gui_typedef.h", line 4033: Warning:  #14-D: extra text after expected end of preprocessing directive
  #endif  /__MMI_AUDIO_REVERB_EFFECT__
          ^
plutommi\mtkapp\dlagent\dlagentsrc\DLAgentAppMain.c: 1 warning, 0 errors
Compiling plutommi\mtkapp\dlagent\dlagentsrc\DLAgentAppNCenter.c ... 
"header_temp\gui_typedef.h", line 4033: Warning:  #14-D: extra text after expected end of preprocessing directive
  #endif  /__MMI_AUDIO_REVERB_EFFECT__
          ^
plutommi\mtkapp\dlagent\dlagentsrc\DLAgentAppNCenter.c: 1 warning, 0 errors
Compiling plutommi\mtkapp\dlagent\dlagentsrc\DLAgentAppScrDraw.c ... 
"header_temp\gui_typedef.h", line 4033: Warning:  #14-D: extra text after expected end of preprocessing directive
  #endif  /__MMI_AUDIO_REVERB_EFFECT__
          ^
plutommi\mtkapp\dlagent\dlagentsrc\DLAgentAppScrDraw.c: 1 warning, 0 errors
Compiling plutommi\mtkapp\dlagent\dlagentsrc\DLAgentAppScrHdlr.c ... 
"header_temp\gui_typedef.h", line 4033: Warning:  #14-D: extra text after expected end of preprocessing directive
  #endif  /__MMI_AUDIO_REVERB_EFFECT__
          ^
plutommi\mtkapp\dlagent\dlagentsrc\DLAgentAppScrHdlr.c: 1 warning, 0 errors
Compiling plutommi\mmi\dataaccount\dataaccountsrc\DataAccountApi.c ... 
"header_temp\gui_typedef.h", line 4033: Warning:  #14-D: extra text after expected end of preprocessing directive
  #endif  /__MMI_AUDIO_REVERB_EFFECT__
          ^
plutommi\mmi\dataaccount\dataaccountsrc\DataAccountApi.c: 1 warning, 0 errors
Compiling plutommi\mmi\dataaccount\dataaccountsrc\DataAccountApp.c ... 
"header_temp\gui_typedef.h", line 4033: Warning:  #14-D: extra text after expected end of preprocessing directive
  #endif  /__MMI_AUDIO_REVERB_EFFECT__
          ^
"header_temp\wgui_categories_util.h", line 2972: Warning:  #47-D: incompatible redefinition of macro "wgui_title_change" (declared at line 278 of "header_temp\wgui_title.h")
  #define wgui_title_change(_arg0, _arg1, _arg2, _arg3) wgui_title_change_ex(_arg2, _arg3)
          ^
"header_temp\wgui_categories_util.h", line 3033: Warning:  #47-D: incompatible redefinition of macro "ChangeTitleIcon" (declared at line 281 of "header_temp\wgui_title.h")
  #define ChangeTitleIcon(_arg)
          ^
"header_temp\wgui_categories_util.h", line 3034: Warning:  #47-D: incompatible redefinition of macro "ChangeTitle" (declared at line 283 of "header_temp\wgui_title.h")
  #define ChangeTitle(_arg0, _arg1) ChangeTitle_ex(_arg1)
          ^
"plutommi\mmi\dataaccount\dataaccountsrc\DataAccountApp.c", line 2865: Warning:  #550-D: variable "result" was set but never used
      srv_dtcnt_result_enum result;
                            ^
"plutommi\mmi\dataaccount\dataaccountsrc\DataAccountApp.c", line 2868: Warning:  #177-D: variable "csd_account" was declared but never referenced
      srv_dtcnt_prof_csd_struct *csd_account, csd_acct_tmp;
                                 ^
"plutommi\mmi\dataaccount\dataaccountsrc\DataAccountApp.c", line 2868: Warning:  #177-D: variable "csd_acct_tmp" was declared but never referenced
      srv_dtcnt_prof_csd_struct *csd_account, csd_acct_tmp;
                                              ^
"plutommi\mmi\dataaccount\dataaccountsrc\DataAccountApp.c", line 6756: Warning:  #167-D: argument of type "U8 *" is incompatible with parameter of type "const CHAR *"
                      g_comm_disp_name_addr_arr[i].data_account_addr,
                      ^
"plutommi\mmi\dataaccount\dataaccountsrc\DataAccountApp.c", line 6757: Warning:  #167-D: argument of type "U8 *" is incompatible with parameter of type "const CHAR *"
                      g_comm_disp_name_addr_arr[j].data_account_addr) == 0)
                      ^
"plutommi\mmi\dataaccount\dataaccountsrc\DataAccountApp.c", line 6816: Warning:  #513-D: a value of type "CHAR *" cannot be assigned to an entity of type "const U8 *"
          g_data_account_gprs_profile_srv.APN = APN;
                                              ^
"plutommi\mmi\dataaccount\dataaccountsrc\DataAccountApp.c", line 6893: Warning:  #550-D: variable "result" was set but never used
      srv_dtcnt_result_enum result;
                            ^
"plutommi\mmi\dataaccount\dataaccountsrc\DataAccountApp.c", line 7060: Warning:  #188-D: enumerated type mixed with another type
                  acct_id_query.qry_info.acc_type_info = i;
                                                       ^
"plutommi\mmi\dataaccount\dataaccountsrc\DataAccountApp.c", line 7037: Warning:  #550-D: variable "result" was set but never used
      srv_dtcnt_result_enum result;
                            ^
plutommi\mmi\dataaccount\dataaccountsrc\DataAccountApp.c: 13 warnings, 0 errors
Compiling plutommi\CUI\DataAccountCui\DataAccountCui.c ... 
"header_temp\gui_typedef.h", line 4033: Warning:  #14-D: extra text after expected end of preprocessing directive
  #endif  /__MMI_AUDIO_REVERB_EFFECT__
          ^
"header_temp\wgui_categories_util.h", line 2972: Warning:  #47-D: incompatible redefinition of macro "wgui_title_change" (declared at line 278 of "header_temp\wgui_title.h")
  #define wgui_title_change(_arg0, _arg1, _arg2, _arg3) wgui_title_change_ex(_arg2, _arg3)
          ^
"header_temp\wgui_categories_util.h", line 3033: Warning:  #47-D: incompatible redefinition of macro "ChangeTitleIcon" (declared at line 281 of "header_temp\wgui_title.h")
  #define ChangeTitleIcon(_arg)
          ^
"header_temp\wgui_categories_util.h", line 3034: Warning:  #47-D: incompatible redefinition of macro "ChangeTitle" (declared at line 283 of "header_temp\wgui_title.h")
  #define ChangeTitle(_arg0, _arg1) ChangeTitle_ex(_arg1)
          ^
plutommi\CUI\DataAccountCui\DataAccountCui.c: 4 warnings, 0 errors
Compiling plutommi\mmi\dataaccount\dataaccountsrc\DataConnectionSIM.c ... 
"header_temp\gui_typedef.h", line 4033: Warning:  #14-D: extra text after expected end of preprocessing directive
  #endif  /__MMI_AUDIO_REVERB_EFFECT__
          ^
"header_temp\wgui_categories_util.h", line 2972: Warning:  #47-D: incompatible redefinition of macro "wgui_title_change" (declared at line 278 of "header_temp\wgui_title.h")
  #define wgui_title_change(_arg0, _arg1, _arg2, _arg3) wgui_title_change_ex(_arg2, _arg3)
          ^
"header_temp\wgui_categories_util.h", line 3033: Warning:  #47-D: incompatible redefinition of macro "ChangeTitleIcon" (declared at line 281 of "header_temp\wgui_title.h")
  #define ChangeTitleIcon(_arg)
          ^
"header_temp\wgui_categories_util.h", line 3034: Warning:  #47-D: incompatible redefinition of macro "ChangeTitle" (declared at line 283 of "header_temp\wgui_title.h")
  #define ChangeTitle(_arg0, _arg1) ChangeTitle_ex(_arg1)
          ^
plutommi\mmi\dataaccount\dataaccountsrc\DataConnectionSIM.c: 4 warnings, 0 errors
Compiling plutommi\mtkapp\connectivity\connectivitysrc\DataRoaming.c ... 
Compiling plutommi\mtkapp\connectivity\connectivitysrc\NfcSetting.c ... 
Compiling plutommi\mtkapp\connectivity\connectivitysrc\UsbAdapt.c ... 
"plutommi\mtkapp\connectivity\connectivitysrc\UsbAdapt.c", line 141: Warning:  #940-D: missing return statement at end of non-void function "mmi_usb_shutdown_handler"
  }
  ^
plutommi\mtkapp\connectivity\connectivitysrc\UsbAdapt.c: 1 warning, 0 errors
Compiling plutommi\mtkapp\connectivity\connectivitysrc\connectivity.c ... 
"header_temp\gui_typedef.h", line 4033: Warning:  #14-D: extra text after expected end of preprocessing directive
  #endif  /__MMI_AUDIO_REVERB_EFFECT__
          ^
"header_temp\btostypes.h", line 146: Warning:  #65-D: expected a ";"
  } bt_addr_rssi_struct;
  ^
"header_temp\BtcmSrvGprot.h", line 2306: Warning:  #66-D: enumeration value is out of "int" range
  	SRV_BT_CM_EVENT_LINK_STATE_IND				= 0x80000000,  /* bond cancel */
  	                              				  ^
"header_temp\BtcmSrvGprot.h", line 2307: Warning:  #66-D: enumeration value is out of "int" range
  	SRV_BT_CM_EVENT_FAIL_CONN_TO				= SRV_BT_CM_EVENT_LINK_STATE_IND
  	                            				  ^
"header_temp\wgui_categories_util.h", line 2972: Warning:  #47-D: incompatible redefinition of macro "wgui_title_change" (declared at line 278 of "header_temp\wgui_title.h")
  #define wgui_title_change(_arg0, _arg1, _arg2, _arg3) wgui_title_change_ex(_arg2, _arg3)
          ^
"header_temp\wgui_categories_util.h", line 3033: Warning:  #47-D: incompatible redefinition of macro "ChangeTitleIcon" (declared at line 281 of "header_temp\wgui_title.h")
  #define ChangeTitleIcon(_arg)
          ^
"header_temp\wgui_categories_util.h", line 3034: Warning:  #47-D: incompatible redefinition of macro "ChangeTitle" (declared at line 283 of "header_temp\wgui_title.h")
  #define ChangeTitle(_arg0, _arg1) ChangeTitle_ex(_arg1)
          ^
plutommi\mtkapp\connectivity\connectivitysrc\connectivity.c: 7 warnings, 0 errors
Compiling plutommi\mmi\dataaccount\dataaccountsrc\dataaccountxml.c ... 
"header_temp\gui_typedef.h", line 4033: Warning:  #14-D: extra text after expected end of preprocessing directive
  #endif  /__MMI_AUDIO_REVERB_EFFECT__
          ^
"plutommi\mmi\dataaccount\dataaccountsrc\dataaccountxml.c", line 571: Warning:  #177-D: variable "dialNumber" was declared but never referenced
      U8 *dialNumber;
          ^
plutommi\mmi\dataaccount\dataaccountsrc\dataaccountxml.c: 2 warnings, 0 errors
Compiling plutommi\mtkapp\syncml\syncmlsrc\syncmlaccount.c ... 
Compiling plutommi\mtkapp\syncml\syncmlsrc\syncmlchangelog.c ... 
Compiling plutommi\mtkapp\syncml\syncmlsrc\syncmlcommon.c ... 
Compiling plutommi\mtkapp\syncml\syncmlsrc\syncmldevice.c ... 
Compiling plutommi\MtkApp\SyncML\SyncMLSrc\syncmlemail.c ... 
"header_temp\gui_typedef.h", line 4033: Warning:  #14-D: extra text after expected end of preprocessing directive
  #endif  /__MMI_AUDIO_REVERB_EFFECT__
          ^
plutommi\MtkApp\SyncML\SyncMLSrc\syncmlemail.c: 1 warning, 0 errors
Compiling plutommi\MtkApp\SyncML\SyncMLSrc\syncmlfolder.c ... 
"header_temp\gui_typedef.h", line 4033: Warning:  #14-D: extra text after expected end of preprocessing directive
  #endif  /__MMI_AUDIO_REVERB_EFFECT__
          ^
plutommi\MtkApp\SyncML\SyncMLSrc\syncmlfolder.c: 1 warning, 0 errors
Compiling plutommi\mtkapp\syncml\syncmlsrc\syncmlhandler.c ... 
Compiling plutommi\mtkapp\syncml\syncmlsrc\syncmlmain.c ... 
Compiling plutommi\mtkapp\syncml\syncmlsrc\syncmlotap.c ... 
Compiling plutommi\mtkapp\syncml\syncmlsrc\syncmlpcsync.c ... 
Compiling plutommi\mtkapp\syncml\syncmlsrc\syncmlregularity.c ... 
Compiling plutommi\mtkapp\syncml\syncmlsrc\syncmlreport.c ... 
Compiling plutommi\mtkapp\syncml\syncmlsrc\syncmlsas.c ... 
"header_temp\gui_typedef.h", line 4033: Warning:  #14-D: extra text after expected end of preprocessing directive
  #endif  /__MMI_AUDIO_REVERB_EFFECT__
          ^
plutommi\mtkapp\syncml\syncmlsrc\syncmlsas.c: 1 warning, 0 errors
Compiling plutommi\mtkapp\syncml\syncmlsrc\syncmlviewlog.c ... 
Compiling plutommi\mtkapp\connectivity\connectivitysrc\usbdevice.c ... 
"header_temp\gui_typedef.h", line 4033: Warning:  #14-D: extra text after expected end of preprocessing directive
  #endif  /__MMI_AUDIO_REVERB_EFFECT__
          ^
"header_temp\wgui_categories_util.h", line 2972: Warning:  #47-D: incompatible redefinition of macro "wgui_title_change" (declared at line 278 of "header_temp\wgui_title.h")
  #define wgui_title_change(_arg0, _arg1, _arg2, _arg3) wgui_title_change_ex(_arg2, _arg3)
          ^
"header_temp\wgui_categories_util.h", line 3033: Warning:  #47-D: incompatible redefinition of macro "ChangeTitleIcon" (declared at line 281 of "header_temp\wgui_title.h")
  #define ChangeTitleIcon(_arg)
          ^
"header_temp\wgui_categories_util.h", line 3034: Warning:  #47-D: incompatible redefinition of macro "ChangeTitle" (declared at line 283 of "header_temp\wgui_title.h")
  #define ChangeTitle(_arg0, _arg1) ChangeTitle_ex(_arg1)
          ^
"header_temp\btostypes.h", line 146: Warning:  #65-D: expected a ";"
  } bt_addr_rssi_struct;
  ^
"header_temp\BtcmSrvGprot.h", line 2306: Warning:  #66-D: enumeration value is out of "int" range
  	SRV_BT_CM_EVENT_LINK_STATE_IND				= 0x80000000,  /* bond cancel */
  	                              				  ^
"header_temp\BtcmSrvGprot.h", line 2307: Warning:  #66-D: enumeration value is out of "int" range
  	SRV_BT_CM_EVENT_FAIL_CONN_TO				= SRV_BT_CM_EVENT_LINK_STATE_IND
  	                            				  ^
"plutommi\mtkapp\connectivity\connectivitysrc\usbdevice.c", line 2890: Warning:  #177-D: function "mmi_usb_ms_mtp_config_pre_check" was declared but never referenced
  static MMI_BOOL mmi_usb_ms_mtp_config_pre_check(U8 mode)
                  ^
"plutommi\mtkapp\connectivity\connectivitysrc\usbdevice.c", line 2855: Warning:  #177-D: function "mmi_usb_check_sys_ready" was declared but never referenced
  static MMI_BOOL mmi_usb_check_sys_ready()
                  ^
plutommi\mtkapp\connectivity\connectivitysrc\usbdevice.c: 9 warnings, 0 errors
Compiling plutommi\mtkapp\connectivity\connectivitysrc\usbpoweron.c ... 
"header_temp\gui_typedef.h", line 4033: Warning:  #14-D: extra text after expected end of preprocessing directive
  #endif  /__MMI_AUDIO_REVERB_EFFECT__
          ^
"header_temp\wgui_categories_util.h", line 2972: Warning:  #47-D: incompatible redefinition of macro "wgui_title_change" (declared at line 278 of "header_temp\wgui_title.h")
  #define wgui_title_change(_arg0, _arg1, _arg2, _arg3) wgui_title_change_ex(_arg2, _arg3)
          ^
"header_temp\wgui_categories_util.h", line 3033: Warning:  #47-D: incompatible redefinition of macro "ChangeTitleIcon" (declared at line 281 of "header_temp\wgui_title.h")
  #define ChangeTitleIcon(_arg)
          ^
"header_temp\wgui_categories_util.h", line 3034: Warning:  #47-D: incompatible redefinition of macro "ChangeTitle" (declared at line 283 of "header_temp\wgui_title.h")
  #define ChangeTitle(_arg0, _arg1) ChangeTitle_ex(_arg1)
          ^
plutommi\mtkapp\connectivity\connectivitysrc\usbpoweron.c: 4 warnings, 0 errors
make[2]: Entering directory `D:/MTK/MTK2503/MTK2503/11CW1418SP4_03_CORETEK03AE_11C_V1_GPRS_MMI'
CFLAGS = --cpu ARM7EJ-S --littleend -O3 --remove_unneeded_entities -D__RVCT__ -JC:\ARM\RVCT\Data\3.1\569\include\windows --fpmode=ieee_fixed --split_sections --diag_suppress 1,1295,1296,2548 --dwarf2 -D__SERIAL_FLASH_EN__ -D__SERIAL_FLASH_SUPPORT__ --bss_threshold=0
CPLUSFLAGS = --cpp --cpu ARM7EJ-S --littleend -O3 --remove_unneeded_entities -D__RVCT__ -JC:\ARM\RVCT\Data\3.1\569\include\windows --fpmode=ieee_fixed --split_sections --diag_suppress 1,1295,1296,2548 --dwarf2 --bss_threshold=0
AFLAGS = --debug --littleend --cpu ARM7EJ-S --apcs /interwork -16
ADEFS = -pd "MMI_ON_HARDWARE_P SETL {TRUE}" -pd "__EMS__ SETL {TRUE}" -pd "SIM_APP_TOOLKIT SETL {TRUE}" -pd "TETRIS_GAME_APP SETL {TRUE}" -pd "CM_APPLICATION_ENABLE SETL {TRUE}" -pd "MESSAGES_APPLICATION SETL {TRUE}" -pd "__UCS2_ENCODING SETL {TRUE}" -pd "CELLBROADCAST_APP SETL {TRUE}" -pd "__CB__ SETL {TRUE}" -pd "VM_SUPPORT SETL {TRUE}" -pd "SHORTCUTS_APP SETL {TRUE}" -pd "T9LANG_English SETL {TRUE}" -pd "T9LANG_Chinese SETL {TRUE}" -pd "T9LANG_Spanish SETL {TRUE}" -pd "T9LANG_French SETL {TRUE}" -pd "T9LANG_German SETL {TRUE}" -pd "T9LANG_Italian SETL {TRUE}" -pd "EMS_LITTLE_ENDIAN SETL {TRUE}" -pd "EMS_MEM_MANAGEMENT SETL {TRUE}" -pd "T9ALPHABETIC SETL {TRUE}" -pd "T9CHINESE SETL {TRUE}" -pd "MMS_VIRTUAL_FILE_SUPPORT SETL {TRUE}" -pd "COMPILER_SUPPORTS_LONG=1 SETL {TRUE}" -pd "MT2502 SETL {TRUE}" -pd "MT2502_S00 SETL {TRUE}" -pd "__SV5_ENABLED__ SETL {TRUE}" -pd "__EVENT_BASED_TIMER__ SETL {TRUE}" -pd "__PRODUCTION_RELEASE__ SETL {TRUE}" -pd "KAL_ON_NUCLEUS SETL {TRUE}" -pd "__CHIP_VERSION_CHECK__ SETL {TRUE}" -pd "__KEYPAD_DEBUG_TRACE__ SETL {TRUE}" -pd "ESAL_AR_STK_FPU_SUPPORT SETL {FALSE}" -pd "__ARM_FPUV2__ SETL {FALSE}" -pd "__SERIAL_FLASH_EN__ SETL {TRUE}" -pd "__SERIAL_FLASH_SUPPORT__ SETL {TRUE}"
C:\ARM\RVCT\Programs\3.1\569\win_32-pentium\armar.exe -create ./build/CORETEK03AE_11C/gprs/MT2502o/lib/conn_app.lib --via .\build\CORETEK03AE_11C\gprs\MT2502o\conn_app\conn_app_sort.via
Warning: L3910W: Old syntax, please use '--create'.
./build/CORETEK03AE_11C/gprs/MT2502o/lib/conn_app.lib is updated

.\build\CORETEK03AE_11C\gprs\MT2502r\conn_app_dep\BtcmCui.det



.\build\CORETEK03AE_11C\gprs\MT2502r\conn_app_dep\BtConnCfg.det



.\build\CORETEK03AE_11C\gprs\MT2502r\conn_app_dep\BtConnScr.det



.\build\CORETEK03AE_11C\gprs\MT2502r\conn_app_dep\BtMmiObex.det



.\build\CORETEK03AE_11C\gprs\MT2502r\conn_app_dep\BtMmiObexScr.det



.\build\CORETEK03AE_11C\gprs\MT2502r\conn_app_dep\BtMmiRecv.det



.\build\CORETEK03AE_11C\gprs\MT2502r\conn_app_dep\BtMmiScr.det



.\build\CORETEK03AE_11C\gprs\MT2502r\conn_app_dep\BtMmiSend.det



.\build\CORETEK03AE_11C\gprs\MT2502r\conn_app_dep\BtMmiSetting.det



.\build\CORETEK03AE_11C\gprs\MT2502r\conn_app_dep\CbmAppMain.det



.\build\CORETEK03AE_11C\gprs\MT2502r\conn_app_dep\CbmCui.det



.\build\CORETEK03AE_11C\gprs\MT2502r\conn_app_dep\connectivity.det



.\build\CORETEK03AE_11C\gprs\MT2502r\conn_app_dep\ConnectManageMain.det



.\build\CORETEK03AE_11C\gprs\MT2502r\conn_app_dep\DataAccountApi.det



.\build\CORETEK03AE_11C\gprs\MT2502r\conn_app_dep\DataAccountApp.det



.\build\CORETEK03AE_11C\gprs\MT2502r\conn_app_dep\DataAccountCui.det



.\build\CORETEK03AE_11C\gprs\MT2502r\conn_app_dep\dataaccountxml.det



.\build\CORETEK03AE_11C\gprs\MT2502r\conn_app_dep\DataConnectionSIM.det



.\build\CORETEK03AE_11C\gprs\MT2502r\conn_app_dep\DataRoaming.det



.\build\CORETEK03AE_11C\gprs\MT2502r\conn_app_dep\DLAgentAppCore.det



.\build\CORETEK03AE_11C\gprs\MT2502r\conn_app_dep\DLAgentAppEvtHdlr.det



.\build\CORETEK03AE_11C\gprs\MT2502r\conn_app_dep\DLAgentAppMain.det



.\build\CORETEK03AE_11C\gprs\MT2502r\conn_app_dep\DLAgentAppNCenter.det



.\build\CORETEK03AE_11C\gprs\MT2502r\conn_app_dep\DLAgentAppScrDraw.det



.\build\CORETEK03AE_11C\gprs\MT2502r\conn_app_dep\DLAgentAppScrHdlr.det



.\build\CORETEK03AE_11C\gprs\MT2502r\conn_app_dep\NfcSetting.det



.\build\CORETEK03AE_11C\gprs\MT2502r\conn_app_dep\syncmlaccount.det



.\build\CORETEK03AE_11C\gprs\MT2502r\conn_app_dep\syncmlchangelog.det



.\build\CORETEK03AE_11C\gprs\MT2502r\conn_app_dep\syncmlcommon.det



.\build\CORETEK03AE_11C\gprs\MT2502r\conn_app_dep\syncmldevice.det



.\build\CORETEK03AE_11C\gprs\MT2502r\conn_app_dep\syncmlemail.det



.\build\CORETEK03AE_11C\gprs\MT2502r\conn_app_dep\syncmlfolder.det



.\build\CORETEK03AE_11C\gprs\MT2502r\conn_app_dep\syncmlhandler.det



.\build\CORETEK03AE_11C\gprs\MT2502r\conn_app_dep\syncmlmain.det



.\build\CORETEK03AE_11C\gprs\MT2502r\conn_app_dep\syncmlotap.det



.\build\CORETEK03AE_11C\gprs\MT2502r\conn_app_dep\syncmlpcsync.det



.\build\CORETEK03AE_11C\gprs\MT2502r\conn_app_dep\syncmlregularity.det



.\build\CORETEK03AE_11C\gprs\MT2502r\conn_app_dep\syncmlreport.det



.\build\CORETEK03AE_11C\gprs\MT2502r\conn_app_dep\syncmlsas.det



.\build\CORETEK03AE_11C\gprs\MT2502r\conn_app_dep\syncmlviewlog.det



.\build\CORETEK03AE_11C\gprs\MT2502r\conn_app_dep\UsbAdapt.det



.\build\CORETEK03AE_11C\gprs\MT2502r\conn_app_dep\usbdevice.det



.\build\CORETEK03AE_11C\gprs\MT2502r\conn_app_dep\usbpoweron.det


Processing BtcmCui.det BtConnCfg.det BtConnScr.det BtMmiObex.det BtMmiObexScr.det BtMmiRecv.det BtMmiScr.det BtMmiSend.det BtMmiSetting.det CbmAppMain.det CbmCui.det connectivity.det ConnectManageMain.det DataAccountApi.det DataAccountApp.det DataAccountCui.det dataaccountxml.det DataConnectionSIM.det DataRoaming.det DLAgentAppCore.det DLAgentAppEvtHdlr.det DLAgentAppMain.det DLAgentAppNCenter.det DLAgentAppScrDraw.det DLAgentAppScrHdlr.det NfcSetting.det syncmlaccount.det syncmlchangelog.det syncmlcommon.det syncmldevice.det syncmlemail.det syncmlfolder.det syncmlhandler.det syncmlmain.det syncmlotap.det syncmlpcsync.det syncmlregularity.det syncmlreport.det syncmlsas.det syncmlviewlog.det UsbAdapt.det usbdevice.det usbpoweron.det
make[2]: Leaving directory `D:/MTK/MTK2503/MTK2503/11CW1418SP4_03_CORETEK03AE_11C_V1_GPRS_MMI'
