Module drm is in DEFALUT mode
Compiling drm\src\drm_consume.c ... 
Compiling drm\src\drm_http.c ... 
Compiling drm\src\drm_interface.c ... 
"drm\src\drm_interface.c", line 563: Warning:  #177-D: variable "open_hint" was declared but never referenced
  static FS_FileOpenHint open_hint[MAX_OPEN_HINT_SIZE] = {0};
                         ^
"drm\src\drm_interface.c", line 564: Warning:  #177-D: variable "open_hint_module" was declared but never referenced
  static module_type open_hint_module[MAX_OPEN_HINT_SIZE] = 
                     ^
"drm\src\drm_interface.c", line 583: Warning:  #177-D: variable "open_hint_file_path" was declared but never referenced
  static kal_wchar *open_hint_file_path[MAX_OPEN_HINT_SIZE];
                    ^
drm\src\drm_interface.c: 3 warnings, 0 errors
Compiling drm\src\drm_main.c ... 
Compiling drm\src\drm_memory.c ... 
Compiling drm\src\drm_stime.c ... 
Compiling drm\src\drm_ui.c ... 
Compiling drm\src\drm_util.c ... 
make[2]: Entering directory `D:/MTK/MTK2503/MTK2503/11CW1418SP4_03_CORETEK03AE_11C_V1_GPRS_MMI'
CFLAGS = --cpu ARM7EJ-S --littleend -O3 --remove_unneeded_entities -D__RVCT__ -JC:\ARM\RVCT\Data\3.1\569\include\windows --fpmode=ieee_fixed --split_sections --diag_suppress 1,1295,1296,2548 --dwarf2 -D__SERIAL_FLASH_EN__ -D__SERIAL_FLASH_SUPPORT__ --bss_threshold=0
CPLUSFLAGS = --cpp --cpu ARM7EJ-S --littleend -O3 --remove_unneeded_entities -D__RVCT__ -JC:\ARM\RVCT\Data\3.1\569\include\windows --fpmode=ieee_fixed --split_sections --diag_suppress 1,1295,1296,2548 --dwarf2 --bss_threshold=0
AFLAGS = --debug --littleend --cpu ARM7EJ-S --apcs /interwork -16
ADEFS = -pd "__DRM_SEC_MTK__ SETL {TRUE}" -pd "__DRM_CHE_UT__ SETL {TRUE}" -pd "MT2502 SETL {TRUE}" -pd "MT2502_S00 SETL {TRUE}" -pd "__SV5_ENABLED__ SETL {TRUE}" -pd "__EVENT_BASED_TIMER__ SETL {TRUE}" -pd "__PRODUCTION_RELEASE__ SETL {TRUE}" -pd "KAL_ON_NUCLEUS SETL {TRUE}" -pd "__CHIP_VERSION_CHECK__ SETL {TRUE}" -pd "__KEYPAD_DEBUG_TRACE__ SETL {TRUE}" -pd "ESAL_AR_STK_FPU_SUPPORT SETL {FALSE}" -pd "__ARM_FPUV2__ SETL {FALSE}" -pd "__SERIAL_FLASH_EN__ SETL {TRUE}" -pd "__SERIAL_FLASH_SUPPORT__ SETL {TRUE}"
C:\ARM\RVCT\Programs\3.1\569\win_32-pentium\armar.exe -create ./build/CORETEK03AE_11C/gprs/MT2502o/lib/drm.lib --via .\build\CORETEK03AE_11C\gprs\MT2502o\drm\drm_sort.via
Warning: L3910W: Old syntax, please use '--create'.
./build/CORETEK03AE_11C/gprs/MT2502o/lib/drm.lib is updated

.\build\CORETEK03AE_11C\gprs\MT2502r\drm_dep\drm_consume.det



.\build\CORETEK03AE_11C\gprs\MT2502r\drm_dep\drm_http.det



.\build\CORETEK03AE_11C\gprs\MT2502r\drm_dep\drm_interface.det



.\build\CORETEK03AE_11C\gprs\MT2502r\drm_dep\drm_main.det



.\build\CORETEK03AE_11C\gprs\MT2502r\drm_dep\drm_memory.det



.\build\CORETEK03AE_11C\gprs\MT2502r\drm_dep\drm_stime.det



.\build\CORETEK03AE_11C\gprs\MT2502r\drm_dep\drm_ui.det



.\build\CORETEK03AE_11C\gprs\MT2502r\drm_dep\drm_util.det


Processing drm_consume.det drm_http.det drm_interface.det drm_main.det drm_memory.det drm_stime.det drm_ui.det drm_util.det
make[2]: Leaving directory `D:/MTK/MTK2503/MTK2503/11CW1418SP4_03_CORETEK03AE_11C_V1_GPRS_MMI'
