Module drv is in DEFALUT mode
Compiling drv\src\BC_drv.c ... 
Compiling drv\src\bf.c ... 
Compiling drv\src\e_compass_main.c ... 
Compiling drv\src\e_compass_sensor.c ... 
Compiling hal\system\fota\src\fue_emmc_adapt.c ... 
Compiling drv\src\sim_msdc_test.c ... 
Compiling drv\src\ubin_symbol_array.c ... 
make[2]: Entering directory `D:/MTK/MTK2503/MTK2503/11CW1418SP4_03_CORETEK03AE_11C_V1_GPRS_MMI'
CFLAGS = --cpu ARM7EJ-S --littleend -O3 --remove_unneeded_entities -D__RVCT__ -JC:\ARM\RVCT\Data\3.1\569\include\windows --fpmode=ieee_fixed --split_sections --diag_suppress 1,1295,1296,2548 --dwarf2 -D__SERIAL_FLASH_EN__ -D__SERIAL_FLASH_SUPPORT__ --bss_threshold=0
CPLUSFLAGS = --cpp --cpu ARM7EJ-S --littleend -O3 --remove_unneeded_entities -D__RVCT__ -JC:\ARM\RVCT\Data\3.1\569\include\windows --fpmode=ieee_fixed --split_sections --diag_suppress 1,1295,1296,2548 --dwarf2 --bss_threshold=0
AFLAGS = --debug --littleend --cpu ARM7EJ-S --apcs /interwork -16
ADEFS = -pd "APCS_INTWORK SETL {TRUE}" -pd "MT2502 SETL {TRUE}" -pd "MT2502_S00 SETL {TRUE}" -pd "__SV5_ENABLED__ SETL {TRUE}" -pd "__EVENT_BASED_TIMER__ SETL {TRUE}" -pd "__PRODUCTION_RELEASE__ SETL {TRUE}" -pd "KAL_ON_NUCLEUS SETL {TRUE}" -pd "__CHIP_VERSION_CHECK__ SETL {TRUE}" -pd "__KEYPAD_DEBUG_TRACE__ SETL {TRUE}" -pd "ESAL_AR_STK_FPU_SUPPORT SETL {FALSE}" -pd "__ARM_FPUV2__ SETL {FALSE}" -pd "__SERIAL_FLASH_EN__ SETL {TRUE}" -pd "__SERIAL_FLASH_SUPPORT__ SETL {TRUE}"
C:\ARM\RVCT\Programs\3.1\569\win_32-pentium\armar.exe -create ./build/CORETEK03AE_11C/gprs/MT2502o/lib/drv.lib --via .\build\CORETEK03AE_11C\gprs\MT2502o\drv\drv_sort.via
Warning: L3910W: Old syntax, please use '--create'.
./build/CORETEK03AE_11C/gprs/MT2502o/lib/drv.lib is updated

.\build\CORETEK03AE_11C\gprs\MT2502r\drv_dep\BC_drv.det



.\build\CORETEK03AE_11C\gprs\MT2502r\drv_dep\bf.det



.\build\CORETEK03AE_11C\gprs\MT2502r\drv_dep\e_compass_main.det



.\build\CORETEK03AE_11C\gprs\MT2502r\drv_dep\e_compass_sensor.det



.\build\CORETEK03AE_11C\gprs\MT2502r\drv_dep\fue_emmc_adapt.det



.\build\CORETEK03AE_11C\gprs\MT2502r\drv_dep\sim_msdc_test.det



.\build\CORETEK03AE_11C\gprs\MT2502r\drv_dep\ubin_symbol_array.det


Processing BC_drv.det bf.det e_compass_main.det e_compass_sensor.det fue_emmc_adapt.det sim_msdc_test.det ubin_symbol_array.det
make[2]: Leaving directory `D:/MTK/MTK2503/MTK2503/11CW1418SP4_03_CORETEK03AE_11C_V1_GPRS_MMI'
