Module drv_idp is in DEFALUT mode
Compiling hal\mdp\src\idp_bus_monitor.c ... 
Compiling hal\mdp\src\idp_cal.c ... 
Compiling hal\mdp\src\idp_core.c ... 
"hal\mdp\src\idp_core.c", line 1951: Warning:  #550-D: variable "idp_traced_idx" was set but never used
    kal_int32 idp_traced_idx;
              ^
hal\mdp\src\idp_core.c: 1 warning, 0 errors
Compiling hal\mdp\src\idp_core_internal.c ... 
Compiling hal\mdp\src\mt6252\idp_engines_mt6252.c ... 
Compiling hal\mdp\src\mt6252\idp_hisr_mt6252.c ... 
Compiling hal\mdp\src\idp_img_rot_flip.c ... 
Compiling hal\mdp\src\mt6252\idp_hw\idp_imgdma_mt6252.c ... 
Compiling hal\mdp\src\mt6252\idp_hw\idp_imgdma_rotdma0_mt6252.c ... 
Compiling hal\mdp\src\idp_mem.c ... 
Compiling hal\mdp\src\mt6252\idp_hw\idp_resz_crz_mt6252.c ... 
Compiling hal\mdp\src\mt6252\idp_hw\idp_resz_mt6252.c ... 
Compiling hal\mdp\src\mt6252\idp_scen_common_mt6252.c ... 
Compiling hal\mdp\src\mt6252\idp_scen_cp_mt6252.c ... 
Compiling hal\mdp\src\mt6252\idp_scen_ic_jpeg_mt6252.c ... 
Compiling hal\mdp\src\mt6252\idp_scen_ir_mt6250.c ... 
Compiling hal\mdp\src\mt6252\idp_scen_vp_mt6252.c ... 
"hal\mdp\src\mt6252\idp_scen_vp_mt6252.c", line 262: Warning:  #177-D: variable "endTime" was declared but never referenced
  static kal_uint32 endTime = 0;
                    ^
hal\mdp\src\mt6252\idp_scen_vp_mt6252.c: 1 warning, 0 errors
Compiling hal\mdp\src\mt6252\idp_scen_vr_mt6252.c ... 
Compiling hal\mdp\src\idp_sw_yuv420_2_uyvy422_resizer.c ... 
Compiling hal\mdp\src\idp_sw_yuv_2_rgb_dithering.c ... 
Compiling hal\mdp\src\idp_val.c ... 
Compiling hal\mdp\src\image_effect_post.c ... 
"header_temp\med_global.h", line 4760: Warning:  #47-D: incompatible redefinition of macro "AUD_VAD_FUNC_ENTRY2" (declared at line 4759)
  #define AUD_VAD_FUNC_ENTRY2(F, x,y,z)
          ^
hal\mdp\src\image_effect_post.c: 1 warning, 0 errors
Compiling hal\mdp\src\unit_test_rgb565_120x90.c ... 
Compiling hal\mdp\src\unit_test_rgb888_80x80.c ... 
Compiling hal\mdp\src\unit_test_yuv420_80x96_h264.c ... 
make[2]: Entering directory `D:/MTK/MTK2503/MTK2503/11CW1418SP4_03_CORETEK03AE_11C_V1_GPRS_MMI'
CFLAGS = --cpu ARM7EJ-S --littleend -O3 --remove_unneeded_entities -D__RVCT__ -JC:\ARM\RVCT\Data\3.1\569\include\windows --fpmode=ieee_fixed --split_sections --diag_suppress 1,1295,1296,2548 --dwarf2 -D__SERIAL_FLASH_EN__ -D__SERIAL_FLASH_SUPPORT__ --bss_threshold=0
CPLUSFLAGS = --cpp --cpu ARM7EJ-S --littleend -O3 --remove_unneeded_entities -D__RVCT__ -JC:\ARM\RVCT\Data\3.1\569\include\windows --fpmode=ieee_fixed --split_sections --diag_suppress 1,1295,1296,2548 --dwarf2 --bss_threshold=0
AFLAGS = --debug --littleend --cpu ARM7EJ-S --apcs /interwork -16
ADEFS = -pd "MMI_ON_HARDWARE_P SETL {TRUE}" -pd "MT2502 SETL {TRUE}" -pd "MT2502_S00 SETL {TRUE}" -pd "__SV5_ENABLED__ SETL {TRUE}" -pd "__EVENT_BASED_TIMER__ SETL {TRUE}" -pd "__PRODUCTION_RELEASE__ SETL {TRUE}" -pd "KAL_ON_NUCLEUS SETL {TRUE}" -pd "__CHIP_VERSION_CHECK__ SETL {TRUE}" -pd "__KEYPAD_DEBUG_TRACE__ SETL {TRUE}" -pd "ESAL_AR_STK_FPU_SUPPORT SETL {FALSE}" -pd "__ARM_FPUV2__ SETL {FALSE}" -pd "__SERIAL_FLASH_EN__ SETL {TRUE}" -pd "__SERIAL_FLASH_SUPPORT__ SETL {TRUE}"
C:\ARM\RVCT\Programs\3.1\569\win_32-pentium\armar.exe -create ./build/CORETEK03AE_11C/gprs/MT2502o/lib/drv_idp.lib --via .\build\CORETEK03AE_11C\gprs\MT2502o\drv_idp\drv_idp_sort.via
Warning: L3910W: Old syntax, please use '--create'.
./build/CORETEK03AE_11C/gprs/MT2502o/lib/drv_idp.lib is updated

.\build\CORETEK03AE_11C\gprs\MT2502r\drv_idp_dep\idp_bus_monitor.det



.\build\CORETEK03AE_11C\gprs\MT2502r\drv_idp_dep\idp_cal.det



.\build\CORETEK03AE_11C\gprs\MT2502r\drv_idp_dep\idp_core.det



.\build\CORETEK03AE_11C\gprs\MT2502r\drv_idp_dep\idp_core_internal.det



.\build\CORETEK03AE_11C\gprs\MT2502r\drv_idp_dep\idp_engines_mt6252.det



.\build\CORETEK03AE_11C\gprs\MT2502r\drv_idp_dep\idp_hisr_mt6252.det



.\build\CORETEK03AE_11C\gprs\MT2502r\drv_idp_dep\idp_imgdma_mt6252.det



.\build\CORETEK03AE_11C\gprs\MT2502r\drv_idp_dep\idp_imgdma_rotdma0_mt6252.det



.\build\CORETEK03AE_11C\gprs\MT2502r\drv_idp_dep\idp_img_rot_flip.det



.\build\CORETEK03AE_11C\gprs\MT2502r\drv_idp_dep\idp_mem.det



.\build\CORETEK03AE_11C\gprs\MT2502r\drv_idp_dep\idp_resz_crz_mt6252.det



.\build\CORETEK03AE_11C\gprs\MT2502r\drv_idp_dep\idp_resz_mt6252.det



.\build\CORETEK03AE_11C\gprs\MT2502r\drv_idp_dep\idp_scen_common_mt6252.det



.\build\CORETEK03AE_11C\gprs\MT2502r\drv_idp_dep\idp_scen_cp_mt6252.det



.\build\CORETEK03AE_11C\gprs\MT2502r\drv_idp_dep\idp_scen_ic_jpeg_mt6252.det



.\build\CORETEK03AE_11C\gprs\MT2502r\drv_idp_dep\idp_scen_ir_mt6250.det



.\build\CORETEK03AE_11C\gprs\MT2502r\drv_idp_dep\idp_scen_vp_mt6252.det



.\build\CORETEK03AE_11C\gprs\MT2502r\drv_idp_dep\idp_scen_vr_mt6252.det



.\build\CORETEK03AE_11C\gprs\MT2502r\drv_idp_dep\idp_sw_yuv420_2_uyvy422_resizer.det



.\build\CORETEK03AE_11C\gprs\MT2502r\drv_idp_dep\idp_sw_yuv_2_rgb_dithering.det



.\build\CORETEK03AE_11C\gprs\MT2502r\drv_idp_dep\idp_val.det



.\build\CORETEK03AE_11C\gprs\MT2502r\drv_idp_dep\image_effect_post.det



.\build\CORETEK03AE_11C\gprs\MT2502r\drv_idp_dep\unit_test_rgb565_120x90.det



.\build\CORETEK03AE_11C\gprs\MT2502r\drv_idp_dep\unit_test_rgb888_80x80.det



.\build\CORETEK03AE_11C\gprs\MT2502r\drv_idp_dep\unit_test_yuv420_80x96_h264.det


Processing idp_bus_monitor.det idp_cal.det idp_core.det idp_core_internal.det idp_engines_mt6252.det idp_hisr_mt6252.det idp_imgdma_mt6252.det idp_imgdma_rotdma0_mt6252.det idp_img_rot_flip.det idp_mem.det idp_resz_crz_mt6252.det idp_resz_mt6252.det idp_scen_common_mt6252.det idp_scen_cp_mt6252.det idp_scen_ic_jpeg_mt6252.det idp_scen_ir_mt6250.det idp_scen_vp_mt6252.det idp_scen_vr_mt6252.det idp_sw_yuv420_2_uyvy422_resizer.det idp_sw_yuv_2_rgb_dithering.det idp_val.det image_effect_post.det unit_test_rgb565_120x90.det unit_test_rgb888_80x80.det unit_test_yuv420_80x96_h264.det
make[2]: Leaving directory `D:/MTK/MTK2503/MTK2503/11CW1418SP4_03_CORETEK03AE_11C_V1_GPRS_MMI'
