Module drv_display is in DEFALUT mode
Compiling hal\display\common\src\display_io.c ... 
Compiling hal\display\flatten\src\flatten_api.c ... 
Compiling hal\display\flatten\src\hw_6260\flatten_api_6260.c ... 
"hal\display\flatten\src\hw_6260\flatten_api_6260.c", line 919: Warning:  #177-D: variable "i" was declared but never referenced
      kal_int32 i;
                ^
hal\display\flatten\src\hw_6260\flatten_api_6260.c: 1 warning, 0 errors
Compiling hal\display\common\src\lcd_em.c ... 
Compiling hal\display\exception\lcd_exception_api_6260.c ... 
Compiling hal\display\lcd_if_manager\src\lcd_if_manager.c ... 
Compiling hal\display\lcd_power_manager\src\lcd_power_mgr.c ... 
Compiling hal\display\lcd_tear_manager\src\lcd_tear_6260.c ... 
Compiling hal\display\lcd_tear_manager\src\lcd_tear_manager.c ... 
"hal\display\lcd_tear_manager\src\lcd_tear_manager.c", line 592: Warning:  #223-D: function "lcdTear_TearingControlforSerialLCM_6260" declared implicitly
  	  lcdTear_TearingControlforSerialLCM_6260(port_id);
  	  ^
hal\display\lcd_tear_manager\src\lcd_tear_manager.c: 1 warning, 0 errors
Compiling hal\display\common\src\lcm_proxy.c ... 
Compiling hal\display\common\src\owfimage.c ... 
Compiling hal\display\common\src\owfnativestream.c ... 
Compiling hal\display\wfc\src\wfc_autonomous.c ... 
Compiling hal\display\wfc\src\wfcapi.c ... 
Compiling hal\display\wfd\src\hw_6260\wfd_hwdevice_6260.c ... 
Compiling hal\display\wfd\src\hw_6260\wfd_lcd_6260.c ... 
Compiling hal\display\adapter\src\wfd_lcd_adapter.c ... 
Compiling hal\display\wfd\src\wfd_lcd_common.c ... 
"hal\display\wfd\src\wfd_lcd_common.c", line 2293: Warning:  #550-D: variable "w2mem_fmt" was set but never used
      WFD_LCD_WMEM_COLOR_FORMAT_ENUM w2mem_fmt;
                                     ^
hal\display\wfd\src\wfd_lcd_common.c: 1 warning, 0 errors
Compiling hal\display\wfd\src\wfdapi.c ... 
make[2]: Entering directory `D:/MTK/MTK2503/MTK2503/11CW1418SP4_03_CORETEK03AE_11C_V1_GPRS_MMI'
CFLAGS = --cpu ARM7EJ-S --littleend -O3 --remove_unneeded_entities -D__RVCT__ -JC:\ARM\RVCT\Data\3.1\569\include\windows --fpmode=ieee_fixed --split_sections --diag_suppress 1,1295,1296,2548 --dwarf2 -D__SERIAL_FLASH_EN__ -D__SERIAL_FLASH_SUPPORT__ --bss_threshold=0
CPLUSFLAGS = --cpp --cpu ARM7EJ-S --littleend -O3 --remove_unneeded_entities -D__RVCT__ -JC:\ARM\RVCT\Data\3.1\569\include\windows --fpmode=ieee_fixed --split_sections --diag_suppress 1,1295,1296,2548 --dwarf2 --bss_threshold=0
AFLAGS = --debug --littleend --cpu ARM7EJ-S --apcs /interwork -16
ADEFS = -pd "APCS_INTWORK SETL {TRUE}" -pd "MT2502 SETL {TRUE}" -pd "MT2502_S00 SETL {TRUE}" -pd "__SV5_ENABLED__ SETL {TRUE}" -pd "__EVENT_BASED_TIMER__ SETL {TRUE}" -pd "__PRODUCTION_RELEASE__ SETL {TRUE}" -pd "KAL_ON_NUCLEUS SETL {TRUE}" -pd "__CHIP_VERSION_CHECK__ SETL {TRUE}" -pd "__KEYPAD_DEBUG_TRACE__ SETL {TRUE}" -pd "ESAL_AR_STK_FPU_SUPPORT SETL {FALSE}" -pd "__ARM_FPUV2__ SETL {FALSE}" -pd "__SERIAL_FLASH_EN__ SETL {TRUE}" -pd "__SERIAL_FLASH_SUPPORT__ SETL {TRUE}"
C:\ARM\RVCT\Programs\3.1\569\win_32-pentium\armar.exe -create ./build/CORETEK03AE_11C/gprs/MT2502o/lib/drv_display.lib --via .\build\CORETEK03AE_11C\gprs\MT2502o\drv_display\drv_display_sort.via
Warning: L3910W: Old syntax, please use '--create'.
./build/CORETEK03AE_11C/gprs/MT2502o/lib/drv_display.lib is updated

.\build\CORETEK03AE_11C\gprs\MT2502r\drv_display_dep\display_io.det



.\build\CORETEK03AE_11C\gprs\MT2502r\drv_display_dep\flatten_api.det



.\build\CORETEK03AE_11C\gprs\MT2502r\drv_display_dep\flatten_api_6260.det



.\build\CORETEK03AE_11C\gprs\MT2502r\drv_display_dep\lcd_em.det



.\build\CORETEK03AE_11C\gprs\MT2502r\drv_display_dep\lcd_exception_api_6260.det



.\build\CORETEK03AE_11C\gprs\MT2502r\drv_display_dep\lcd_if_manager.det



.\build\CORETEK03AE_11C\gprs\MT2502r\drv_display_dep\lcd_power_mgr.det



.\build\CORETEK03AE_11C\gprs\MT2502r\drv_display_dep\lcd_tear_6260.det



.\build\CORETEK03AE_11C\gprs\MT2502r\drv_display_dep\lcd_tear_manager.det



.\build\CORETEK03AE_11C\gprs\MT2502r\drv_display_dep\lcm_proxy.det



.\build\CORETEK03AE_11C\gprs\MT2502r\drv_display_dep\owfimage.det



.\build\CORETEK03AE_11C\gprs\MT2502r\drv_display_dep\owfnativestream.det



.\build\CORETEK03AE_11C\gprs\MT2502r\drv_display_dep\wfcapi.det



.\build\CORETEK03AE_11C\gprs\MT2502r\drv_display_dep\wfc_autonomous.det



.\build\CORETEK03AE_11C\gprs\MT2502r\drv_display_dep\wfdapi.det



.\build\CORETEK03AE_11C\gprs\MT2502r\drv_display_dep\wfd_hwdevice_6260.det



.\build\CORETEK03AE_11C\gprs\MT2502r\drv_display_dep\wfd_lcd_6260.det



.\build\CORETEK03AE_11C\gprs\MT2502r\drv_display_dep\wfd_lcd_adapter.det



.\build\CORETEK03AE_11C\gprs\MT2502r\drv_display_dep\wfd_lcd_common.det


Processing display_io.det flatten_api.det flatten_api_6260.det lcd_em.det lcd_exception_api_6260.det lcd_if_manager.det lcd_power_mgr.det lcd_tear_6260.det lcd_tear_manager.det lcm_proxy.det owfimage.det owfnativestream.det wfcapi.det wfc_autonomous.det wfdapi.det wfd_hwdevice_6260.det wfd_lcd_6260.det wfd_lcd_adapter.det wfd_lcd_common.det
make[2]: Leaving directory `D:/MTK/MTK2503/MTK2503/11CW1418SP4_03_CORETEK03AE_11C_V1_GPRS_MMI'
