[Dependency] D:\MTK\MTK2503\MTK2503\11CW1418SP4_03_CORETEK03AE_11C_V1_GPRS_MMI\.\tools\emigenMD.pl
[Dependency] D:\MTK\MTK2503\MTK2503\11CW1418SP4_03_CORETEK03AE_11C_V1_GPRS_MMI\.\tools\emigenMD.pl
[Dependency] D:\MTK\MTK2503\MTK2503\11CW1418SP4_03_CORETEK03AE_11C_V1_GPRS_MMI\.\tools\emigenMD.pl
[Dependency] D:\MTK\MTK2503\MTK2503\11CW1418SP4_03_CORETEK03AE_11C_V1_GPRS_MMI\.\tools\\sysgenUtility.pm
[Dependency] D:\MTK\MTK2503\MTK2503\11CW1418SP4_03_CORETEK03AE_11C_V1_GPRS_MMI\tools\pack_dep_gen.pm
[Dependency] D:\MTK\MTK2503\MTK2503\11CW1418SP4_03_CORETEK03AE_11C_V1_GPRS_MMI\tools\emigenemi.pl
[Dependency] D:\MTK\MTK2503\MTK2503\11CW1418SP4_03_CORETEK03AE_11C_V1_GPRS_MMI\tools\config_MemSegment.pm
[Dependency] D:\MTK\MTK2503\MTK2503\11CW1418SP4_03_CORETEK03AE_11C_V1_GPRS_MMI\tools\emigenflash.pl
[Dependency] D:\MTK\MTK2503\MTK2503\11CW1418SP4_03_CORETEK03AE_11C_V1_GPRS_MMI\tools\emigenMD.pl
[Dependency] D:\MTK\MTK2503\MTK2503\11CW1418SP4_03_CORETEK03AE_11C_V1_GPRS_MMI\.\tools\emigenMD.pl
[Dependency] D:\MTK\MTK2503\MTK2503\11CW1418SP4_03_CORETEK03AE_11C_V1_GPRS_MMI\.\tools\\sysgenUtility.pm
[Dependency] D:\MTK\MTK2503\MTK2503\11CW1418SP4_03_CORETEK03AE_11C_V1_GPRS_MMI\tools\pack_dep_gen.pm
[Dependency] D:\MTK\MTK2503\MTK2503\11CW1418SP4_03_CORETEK03AE_11C_V1_GPRS_MMI\.\tools\\CommonUtility.pm
[Dependency] D:\MTK\MTK2503\MTK2503\11CW1418SP4_03_CORETEK03AE_11C_V1_GPRS_MMI\tools\emigenemi.pl
[Dependency] D:\MTK\MTK2503\MTK2503\11CW1418SP4_03_CORETEK03AE_11C_V1_GPRS_MMI\.\tools\\FileInfoParser.pm
[Dependency] D:\MTK\MTK2503\MTK2503\11CW1418SP4_03_CORETEK03AE_11C_V1_GPRS_MMI\tools\config_MemSegment.pm
[Dependency] D:\MTK\MTK2503\MTK2503\11CW1418SP4_03_CORETEK03AE_11C_V1_GPRS_MMI\tools\emigenflash.pl
[Dependency] D:\MTK\MTK2503\MTK2503\11CW1418SP4_03_CORETEK03AE_11C_V1_GPRS_MMI\tools\emigenMD.pl
[Dependency] D:\MTK\MTK2503\MTK2503\11CW1418SP4_03_CORETEK03AE_11C_V1_GPRS_MMI\.\tools\emigenMD.pl
[Dependency] D:\MTK\MTK2503\MTK2503\11CW1418SP4_03_CORETEK03AE_11C_V1_GPRS_MMI\.\tools\\sysgenUtility.pm
[Dependency] D:\MTK\MTK2503\MTK2503\11CW1418SP4_03_CORETEK03AE_11C_V1_GPRS_MMI\tools\pack_dep_gen.pm
[Dependency] D:\MTK\MTK2503\MTK2503\11CW1418SP4_03_CORETEK03AE_11C_V1_GPRS_MMI\.\tools\\CommonUtility.pm
[Dependency] D:\MTK\MTK2503\MTK2503\11CW1418SP4_03_CORETEK03AE_11C_V1_GPRS_MMI\tools\emigenemi.pl
[Dependency] D:\MTK\MTK2503\MTK2503\11CW1418SP4_03_CORETEK03AE_11C_V1_GPRS_MMI\.\tools\\FileInfoParser.pm
[Dependency] D:\MTK\MTK2503\MTK2503\11CW1418SP4_03_CORETEK03AE_11C_V1_GPRS_MMI\tools\config_MemSegment.pm
[Dependency] D:\MTK\MTK2503\MTK2503\11CW1418SP4_03_CORETEK03AE_11C_V1_GPRS_MMI\tools\emigenflash.pl
[Dependency] D:\MTK\MTK2503\MTK2503\11CW1418SP4_03_CORETEK03AE_11C_V1_GPRS_MMI\tools\emigenMD.pl
[Dependency] D:\MTK\MTK2503\MTK2503\11CW1418SP4_03_CORETEK03AE_11C_V1_GPRS_MMI\.\tools\emigenMD.pl
[Dependency] D:\MTK\MTK2503\MTK2503\11CW1418SP4_03_CORETEK03AE_11C_V1_GPRS_MMI\tools\emigenMD.pl
[Dependency] D:\MTK\MTK2503\MTK2503\11CW1418SP4_03_CORETEK03AE_11C_V1_GPRS_MMI\.\tools\emigenMD.pl
[Dependency] D:\MTK\MTK2503\MTK2503\11CW1418SP4_03_CORETEK03AE_11C_V1_GPRS_MMI\tools\emigenMD.pl
[Dependency] D:\MTK\MTK2503\MTK2503\11CW1418SP4_03_CORETEK03AE_11C_V1_GPRS_MMI\tools\emigenemi.pl
[Dependency] D:\MTK\MTK2503\MTK2503\11CW1418SP4_03_CORETEK03AE_11C_V1_GPRS_MMI\tools\emigenflash.pl
[Dependency] D:\MTK\MTK2503\MTK2503\11CW1418SP4_03_CORETEK03AE_11C_V1_GPRS_MMI\tools\emigenSF.pl
# redefined in make\CORETEK03AE_11C_gprs.mak!
[Dependency] D:\MTK\MTK2503\MTK2503\11CW1418SP4_03_CORETEK03AE_11C_V1_GPRS_MMI\custom\system\CORETEK03AE_11C_BB\custom_MemoryDevice.h
[Dependency] D:\MTK\MTK2503\MTK2503\11CW1418SP4_03_CORETEK03AE_11C_V1_GPRS_MMI\tools\MemoryDeviceList\MemoryDeviceList_MT6261_Since11CW1352.xls
custom memory device:.\custom\system\CORETEK03AE_11C_BB\custom_MemoryDevice.h  makefile:make\CORETEK03AE_11C_gprs.mak inside_mtk : 0
custom memory device:.\custom\system\CORETEK03AE_11C_BB\custom_MemoryDevice.h  makefile:make\CORETEK03AE_11C_gprs.mak inside_mtk : 0
PLATFORM=MT2502, MCU_CLOCK=MCU_260M
custom\system\CORETEK03AE_11C_BB\custom_MemoryDevice.h
D:\MTK\MTK2503\MTK2503\11CW1418SP4_03_CORETEK03AE_11C_V1_GPRS_MMI\tools\MemoryDeviceList\MemoryDeviceList_MT6261_Since11CW1352.xls
make\CORETEK03AE_11C_gprs.mak
Device Type : SERIAL_FLASH  , 1: MTK_INTERNAL_MX25U12835FZNI_10G, MTK_INTERNAL_MX25U12835FZNI_10G
Manual Configure (  , ,  )
系统无法在消息文件中为 Application 找到消息号为 0x2336 的消息文本。
target : MTK_INTERNAL_MX25U12835FZNI_10G, 0
[Dependency] D:\MTK\MTK2503\MTK2503\11CW1418SP4_03_CORETEK03AE_11C_V1_GPRS_MMI\tools\MemoryDeviceList\MemoryDeviceList_MT6261_Since11CW1352.xls
1. href->{0}->{Vendor} = MXIC
1. href->{0}->{Part Number} = MTK_INTERNAL_MX25U12835FZNI_10G
1. href->{0}->{Flash ID} = {0xC2, 0x25, 0x38}
1. href->{0}->{Size (Mb)} = 128
1. href->{0}->{Comm. Series} = MXIC
1. href->{0}->{Bank} = S
2. href->{0}->{Last Bank}->{Region} = {0x10000, 16},
2. href->{0}->{PBP}->{Y / N} = Y
2. href->{0}->{PBP}->{Size (Byte)} = 128
2. href->{0}->{Device Geometry}->{Bank Info.} = {0x1000000,1},
2. href->{0}->{Device Geometry}->{Block Info.} = {0x0,0x10000},
2. href->{0}->{Device Geometry}->{Uniform Block (KB)} = 4, 32, 64
2. href->{0}->{Device Setup}->{Device Mode} = QPI
2. href->{0}->{Device Setup}->{Command} = {SPI, 0x35}
1. href->{0}->{Reserved} = x
3. href->{0}->{MT6261}->{166MHz SFC Setting}->{SFI_MAC_CTL} = x
3. href->{0}->{MT6261}->{166MHz SFC Setting}->{SFI_DIRECT_CTL} = x
3. href->{0}->{MT6261}->{166MHz SFC Setting}->{SFI_MISC_CTL} = x
3. href->{0}->{MT6261}->{166MHz SFC Setting}->{SFI_MISC_CTL2} = x
3. href->{0}->{MT6261}->{166MHz SFC Setting}->{SFI_DLY_CTL_2} = x
3. href->{0}->{MT6261}->{166MHz SFC Setting}->{SFI_DLY_CTL_3} = x
3. href->{0}->{MT6261}->{166MHz SFC Setting}->{DRIVING} = x
3. href->{0}->{MT6261}->{166MHz SFC Setting}->{DEV_SET_BURST} = x
3. href->{0}->{MT6261}->{166MHz SFC Setting}->{SFI_DLY_CTL_4} = x
3. href->{0}->{MT6261}->{166MHz SFC Setting}->{SFI_DLY_CTL_5} = x
3. href->{0}->{MT6261}->{130MHz SFC Setting}->{SFI_MAC_CTL} = x
3. href->{0}->{MT6261}->{130MHz SFC Setting}->{SFI_DIRECT_CTL} = x
3. href->{0}->{MT6261}->{130MHz SFC Setting}->{SFI_MISC_CTL} = x
3. href->{0}->{MT6261}->{130MHz SFC Setting}->{SFI_MISC_CTL2} = x
3. href->{0}->{MT6261}->{130MHz SFC Setting}->{SFI_DLY_CTL_2} = x
3. href->{0}->{MT6261}->{130MHz SFC Setting}->{SFI_DLY_CTL_3} = x
3. href->{0}->{MT6261}->{130MHz SFC Setting}->{DRIVING} = x
3. href->{0}->{MT6261}->{130MHz SFC Setting}->{DEV_SET_BURST} = x
3. href->{0}->{MT6261}->{130MHz SFC Setting}->{SFI_DLY_CTL_4} = x
3. href->{0}->{MT6261}->{130MHz SFC Setting}->{SFI_DLY_CTL_5} = x
3. href->{0}->{MT6261}->{104MHz SFC Setting}->{SFI_MAC_CTL} = 0x00010000
3. href->{0}->{MT6261}->{104MHz SFC Setting}->{SFI_DIRECT_CTL} = 0xEB0B5771
3. href->{0}->{MT6261}->{104MHz SFC Setting}->{SFI_MISC_CTL} = 0x52F80010
3. href->{0}->{MT6261}->{104MHz SFC Setting}->{SFI_MISC_CTL2} = 0x00000001
3. href->{0}->{MT6261}->{104MHz SFC Setting}->{SFI_DLY_CTL_2} = 0x0
3. href->{0}->{MT6261}->{104MHz SFC Setting}->{SFI_DLY_CTL_3} = 0x10000010
3. href->{0}->{MT6261}->{104MHz SFC Setting}->{DRIVING} = 0x00040004
3. href->{0}->{MT6261}->{104MHz SFC Setting}->{DEV_SET_BURST} = {QPI, 0xC0, 0x02}
3. href->{0}->{MT6261}->{104MHz SFC Setting}->{SFI_DLY_CTL_4} = x
3. href->{0}->{MT6261}->{104MHz SFC Setting}->{SFI_DLY_CTL_5} = x
3. href->{0}->{MT6261}->{78MHz SFC Setting}->{SFI_MAC_CTL} = x
3. href->{0}->{MT6261}->{78MHz SFC Setting}->{SFI_DIRECT_CTL} = x
3. href->{0}->{MT6261}->{78MHz SFC Setting}->{SFI_MISC_CTL} = x
3. href->{0}->{MT6261}->{78MHz SFC Setting}->{SFI_MISC_CTL2} = x
3. href->{0}->{MT6261}->{78MHz SFC Setting}->{SFI_DLY_CTL_2} = x
3. href->{0}->{MT6261}->{78MHz SFC Setting}->{SFI_DLY_CTL_3} = x
3. href->{0}->{MT6261}->{78MHz SFC Setting}->{DRIVING} = x
3. href->{0}->{MT6261}->{78MHz SFC Setting}->{DEV_SET_BURST} = x
3. href->{0}->{MT6261}->{78MHz SFC Setting}->{SFI_DLY_CTL_4} = x
3. href->{0}->{MT6261}->{78MHz SFC Setting}->{SFI_DLY_CTL_5} = x
3. href->{0}->{MT6261}->{26MHz SFC Setting}->{SFI_MAC_CTL} = 0x00010000
3. href->{0}->{MT6261}->{26MHz SFC Setting}->{SFI_DIRECT_CTL} = 0x0B0B3771
3. href->{0}->{MT6261}->{26MHz SFC Setting}->{SFI_MISC_CTL} = 0x32F80000
3. href->{0}->{MT6261}->{26MHz SFC Setting}->{SFI_MISC_CTL2} = 0x00000001
3. href->{0}->{MT6261}->{26MHz SFC Setting}->{SFI_DLY_CTL_2} = 0x0
3. href->{0}->{MT6261}->{26MHz SFC Setting}->{SFI_DLY_CTL_3} = 0x0
3. href->{0}->{MT6261}->{26MHz SFC Setting}->{DRIVING} = 0x0
3. href->{0}->{MT6261}->{26MHz SFC Setting}->{DEV_SET_BURST} = x
pattern : MTKSIP_6261_PSRAM_32_\d+
系统无法在消息文件中为 Application 找到消息号为 0x2336 的消息文本。
1. href->{1}->{Vendor} = MTK
1. href->{1}->{Part Number} = MTKSIP_6261_PSRAM_32_01
1. href->{1}->{ADMUX} = YES
1. href->{1}->{DRAM} = NO
1. href->{1}->{CS} = 1
1. href->{1}->{Size (Mb)} = 32
2. href->{1}->{130MHz Synchronous EMI Setting}->{EMI_GENA} = 0x00000011
2. href->{1}->{130MHz Synchronous EMI Setting}->{EMI_RDCT} = 0x00000001
2. href->{1}->{130MHz Synchronous EMI Setting}->{EMI_DSRAM} = 0x00005000
2. href->{1}->{130MHz Synchronous EMI Setting}->{EMI_MSRAM} = 0x00001001
2. href->{1}->{130MHz Synchronous EMI Setting}->{EMI_IDL_C} = 0x0
2. href->{1}->{130MHz Synchronous EMI Setting}->{EMI_IDL_D} = 0x0
2. href->{1}->{130MHz Synchronous EMI Setting}->{EMI_IDL_E} = 0x0
2. href->{1}->{130MHz Synchronous EMI Setting}->{EMI_ODL_C} = 0x0
2. href->{1}->{130MHz Synchronous EMI Setting}->{EMI_ODL_D} = 0x0
2. href->{1}->{130MHz Synchronous EMI Setting}->{EMI_ODL_E} = 0x0
2. href->{1}->{130MHz Synchronous EMI Setting}->{EMI_ODL_F} = 0x0
2. href->{1}->{130MHz Synchronous EMI Setting}->{EMI_IO_A} = 0x00010001
2. href->{1}->{130MHz Synchronous EMI Setting}->{EMI_IO_B} = 0x00010001
sip count: 1, final sip count : 0
COMBO_SIP_ENTRY_COUNT=1
SFI_CLK configured as 104
EMI CLK CONFIG : 130, SFI_CLK_CONFIG : 104, STAND_CLK_CONFIG : 
emi_nor_cmd_num_max=0, emi_psram_cmd_num_max=0
COMM_MDL_INFO: Flash Size = 0x1000000
NAND Block Size(KB) = 0x0
Small Block Start = 0x1000000
Default FAT Base = 0xF00000
Default FAT Size = 0x100000
RAM "Size (Mb)" = 32
"CS0 ADMUX" = 
"CS1 ADMUX" = YES
"DRAM" = NO
"CS0 Comm. Series" = MXIC
"CS1 Comm. Series" = *
"Bank" = S
"PBP->Y / N" = Y
"PBP->Size(W)" = 64
RAM size :32Mb/4MB
ROM size : 128Mb/16MB
get common MDL info:
ENTIRE_REGION_INFO_SIZE_LIST : 65536 
ENTIRE_REGION_INFO_CONUT_LIST : 256 
ENTIRE_BANK_INFO_SIZE_LIST : 16777216 
ENTIRE_BANK_INFO_COUNT_LIST : 1 
ENTIRE_BLOCK_INFO_START_LIST : 0 
ENTIRE_BLOCK_INFO_SIZE_LIST : 65536 
NOR_FLASH_BASE_ADDRESS_VAL = 15728640, NOR_ALLOCATED_FAT_SPACE_VAL = 1048576
calculate cur block str : {0x0,0x10000},
block info:0, 65536
$nor_max_block_size: 65536, $cmem_max_blocks: 16, $cmem_max_sectors : 1664
ENTIRE_BLOCK_INFO_START_LIST : 0 
ENTIRE_BLOCK_INFO_SIZE_LIST : 65536 
get common MDL info:
Entire RegionInfo: {0x10000, 256},
Entire BankInfo: {0x1000000, 1},
Entire BlockInfo: {0x0, 0x10000},
FS RegionInfo: {0x10000, 16},
FS BankInfo: {0x100000, 1},
FS BlockInfo: {0xF00000, 0x10000},

custom\system\CORETEK03AE_11C_BB\flash_opt_gen.h is generated
clock : 130
emi setting:0x00010001
emi setting:

custom\system\CORETEK03AE_11C_BB\custom_EMI.h is generated

custom\system\CORETEK03AE_11C_BB\custom_EMI_INFO.h is generated
MDL info:32

custom\system\CORETEK03AE_11C_BB\custom_EMI_release.h is generated
custom_flash.h custom\system\CORETEK03AE_11C_BB\custom_MemoryDevice.h
start:0x0, size:0x10000

custom\system\CORETEK03AE_11C_BB\custom_flash.h is generated

custom\system\CORETEK03AE_11C_BB\custom_flash_norfdm5.h is generated
test finally10 {0x0,0x10000},

custom\system\CORETEK03AE_11C_BB\combo_flash_config.h is generated

custom\system\CORETEK03AE_11C_BB\combo_flash_id.h is generated

custom\system\CORETEK03AE_11C_BB\custom_SFI.h is generated
driving 130: 

dev init 130: 
driving 130: 0

dev init 130:                 SPI, 1, 0x35, SF_UNDEF, 0, 0, 0, 0,
                0, 0, 0, 0, 0, 0, 0, 0,
                0, 0, 0, 0, 0, 0, 0, 0,
                0, 0, 0, 0, 0, 0, 0, 0
driving 104: 0x00040004
dev init 104:                 SPI, 1, 0x35, QPI, 2, 0xC0, 0x02, SF_UNDEF,
                0, 0, 0, 0, 0, 0, 0, 0,
                0, 0, 0, 0, 0, 0, 0, 0,
                0, 0, 0, 0, 0, 0, 0, 0

custom\system\CORETEK03AE_11C_BB\combo_sfi_config.h is generated

custom\system\CORETEK03AE_11C_BB\combo_sfi_defs.h is generated
clock str:104

test SF clock : 104

custom\system\CORETEK03AE_11C_BB\custom_sfi_clock.h is generated
