Module fmt is in DEFALUT mode
Compiling fmt\src\fmt_adv.c ... 
Compiling fmt\src\fmt_main.c ... 
"fmt\src\fmt_main.c", line 1197: Warning:  #177-D: variable "card" was declared but never referenced
      int card = 0;
          ^
"fmt\src\fmt_main.c", line 744: Warning:  #177-D: variable "g_fmt_format_drive" was declared but never referenced
  static kal_uint8 g_fmt_format_drive;
                   ^
"fmt\src\fmt_main.c", line 745: Warning:  #177-D: variable "g_fmt_format_callback" was declared but never referenced
  static void* g_fmt_format_callback;
               ^
"fmt\src\fmt_main.c", line 746: Warning:  #177-D: variable "g_fmt_format_userdata" was declared but never referenced
  static kal_uint32 g_fmt_format_userdata;
                    ^
fmt\src\fmt_main.c: 4 warnings, 0 errors
make[2]: Entering directory `D:/MTK/MTK2503/MTK2503/11CW1418SP4_03_CORETEK03AE_11C_V1_GPRS_MMI'
CFLAGS = --cpu ARM7EJ-S --littleend -O3 --remove_unneeded_entities -D__RVCT__ -JC:\ARM\RVCT\Data\3.1\569\include\windows --fpmode=ieee_fixed --split_sections --diag_suppress 1,1295,1296,2548 --dwarf2 -D__SERIAL_FLASH_EN__ -D__SERIAL_FLASH_SUPPORT__ --bss_threshold=0
CPLUSFLAGS = --cpp --cpu ARM7EJ-S --littleend -O3 --remove_unneeded_entities -D__RVCT__ -JC:\ARM\RVCT\Data\3.1\569\include\windows --fpmode=ieee_fixed --split_sections --diag_suppress 1,1295,1296,2548 --dwarf2 --bss_threshold=0
AFLAGS = --debug --littleend --cpu ARM7EJ-S --apcs /interwork -16
ADEFS = -pd "SMG_REL_97 SETL {TRUE}" -pd "__MOD_UEM__ SETL {TRUE}" -pd "UART_ENABLE SETL {TRUE}" -pd "__MOD_CSM__ SETL {TRUE}" -pd "__MOD_SMU__ SETL {TRUE}" -pd "__MOD_NVRAM__ SETL {TRUE}" -pd "__MOD_PHB__ SETL {TRUE}" -pd "__MOD_SMSAL__ SETL {TRUE}" -pd "__MOD_L4C__ SETL {TRUE}" -pd "__SMS_PDU_MODE__ SETL {TRUE}" -pd "__SMS_ME_STORAGE__ SETL {TRUE}" -pd "MT2502 SETL {TRUE}" -pd "MT2502_S00 SETL {TRUE}" -pd "__SV5_ENABLED__ SETL {TRUE}" -pd "__EVENT_BASED_TIMER__ SETL {TRUE}" -pd "__PRODUCTION_RELEASE__ SETL {TRUE}" -pd "KAL_ON_NUCLEUS SETL {TRUE}" -pd "__CHIP_VERSION_CHECK__ SETL {TRUE}" -pd "__KEYPAD_DEBUG_TRACE__ SETL {TRUE}" -pd "ESAL_AR_STK_FPU_SUPPORT SETL {FALSE}" -pd "__ARM_FPUV2__ SETL {FALSE}" -pd "__SERIAL_FLASH_EN__ SETL {TRUE}" -pd "__SERIAL_FLASH_SUPPORT__ SETL {TRUE}"
C:\ARM\RVCT\Programs\3.1\569\win_32-pentium\armar.exe -create ./build/CORETEK03AE_11C/gprs/MT2502o/lib/fmt.lib --via .\build\CORETEK03AE_11C\gprs\MT2502o\fmt\fmt_sort.via
Warning: L3910W: Old syntax, please use '--create'.
./build/CORETEK03AE_11C/gprs/MT2502o/lib/fmt.lib is updated

.\build\CORETEK03AE_11C\gprs\MT2502r\fmt_dep\fmt_adv.det



.\build\CORETEK03AE_11C\gprs\MT2502r\fmt_dep\fmt_main.det


Processing fmt_adv.det fmt_main.det
make[2]: Leaving directory `D:/MTK/MTK2503/MTK2503/11CW1418SP4_03_CORETEK03AE_11C_V1_GPRS_MMI'
