Module fs is in DEFALUT mode
Compiling fs\fat\src\format.c ... 
Compiling fs\Efs\src\fs_func.c ... 
Compiling fs\Efs\src\fs_func_adv.c ... 
Compiling fs\Efs\src\fs_func_async.c ... 
Compiling fs\Efs\src\fs_internal.c ... 
Compiling fs\common\src\fs_internal_api.c ... 
Compiling fs\fat\src\fs_kal.c ... 
Compiling fs\common\src\fs_sst.c ... 
Compiling fs\Efs\src\fs_task.c ... 
Compiling fs\Efs\src\fs_usbms.c ... 
Compiling fs\Efs\src\fs_utility.c ... 
Compiling fs\fsal\src\fsal.c ... 
Compiling fs\fsal\src\fsal_buffer.c ... 
Compiling fs\fsal\src\fsal_read.c ... 
Compiling fs\fsal\src\fsal_write.c ... 
Compiling fs\fat\src\rtfbs.c ... 
Compiling fs\fat\src\rtfbuf.c ... 
Compiling fs\fat\src\rtfcore.c ... 
Compiling fs\fat\src\rtfex.c ... 
Compiling fs\fat\src\rtfiles.c ... 
make[2]: Entering directory `D:/MTK/MTK2503/MTK2503/11CW1418SP4_03_CORETEK03AE_11C_V1_GPRS_MMI'
CFLAGS = --cpu ARM7EJ-S --littleend -O3 --remove_unneeded_entities -D__RVCT__ -JC:\ARM\RVCT\Data\3.1\569\include\windows --fpmode=ieee_fixed --split_sections --diag_suppress 1,1295,1296,2548 --dwarf2 -D__SERIAL_FLASH_EN__ -D__SERIAL_FLASH_SUPPORT__ --bss_threshold=0
CPLUSFLAGS = --cpp --cpu ARM7EJ-S --littleend -O3 --remove_unneeded_entities -D__RVCT__ -JC:\ARM\RVCT\Data\3.1\569\include\windows --fpmode=ieee_fixed --split_sections --diag_suppress 1,1295,1296,2548 --dwarf2 --bss_threshold=0
AFLAGS = --debug --littleend --cpu ARM7EJ-S --apcs /interwork -16
ADEFS = -pd "NODEBUG SETL {TRUE}" -pd "CURR_MODULE=MOD_FS SETL {TRUE}" -pd "MT2502 SETL {TRUE}" -pd "MT2502_S00 SETL {TRUE}" -pd "__SV5_ENABLED__ SETL {TRUE}" -pd "__EVENT_BASED_TIMER__ SETL {TRUE}" -pd "__PRODUCTION_RELEASE__ SETL {TRUE}" -pd "KAL_ON_NUCLEUS SETL {TRUE}" -pd "__CHIP_VERSION_CHECK__ SETL {TRUE}" -pd "__KEYPAD_DEBUG_TRACE__ SETL {TRUE}" -pd "ESAL_AR_STK_FPU_SUPPORT SETL {FALSE}" -pd "__ARM_FPUV2__ SETL {FALSE}" -pd "__SERIAL_FLASH_EN__ SETL {TRUE}" -pd "__SERIAL_FLASH_SUPPORT__ SETL {TRUE}"
C:\ARM\RVCT\Programs\3.1\569\win_32-pentium\armar.exe -create ./build/CORETEK03AE_11C/gprs/MT2502o/lib/fs.lib --via .\build\CORETEK03AE_11C\gprs\MT2502o\fs\fs_sort.via
Warning: L3910W: Old syntax, please use '--create'.
./build/CORETEK03AE_11C/gprs/MT2502o/lib/fs.lib is updated

.\build\CORETEK03AE_11C\gprs\MT2502r\fs_dep\format.det



.\build\CORETEK03AE_11C\gprs\MT2502r\fs_dep\fsal.det



.\build\CORETEK03AE_11C\gprs\MT2502r\fs_dep\fsal_buffer.det



.\build\CORETEK03AE_11C\gprs\MT2502r\fs_dep\fsal_read.det



.\build\CORETEK03AE_11C\gprs\MT2502r\fs_dep\fsal_write.det



.\build\CORETEK03AE_11C\gprs\MT2502r\fs_dep\fs_func.det



.\build\CORETEK03AE_11C\gprs\MT2502r\fs_dep\fs_func_adv.det



.\build\CORETEK03AE_11C\gprs\MT2502r\fs_dep\fs_func_async.det



.\build\CORETEK03AE_11C\gprs\MT2502r\fs_dep\fs_internal.det



.\build\CORETEK03AE_11C\gprs\MT2502r\fs_dep\fs_internal_api.det



.\build\CORETEK03AE_11C\gprs\MT2502r\fs_dep\fs_kal.det



.\build\CORETEK03AE_11C\gprs\MT2502r\fs_dep\fs_sst.det



.\build\CORETEK03AE_11C\gprs\MT2502r\fs_dep\fs_task.det



.\build\CORETEK03AE_11C\gprs\MT2502r\fs_dep\fs_usbms.det



.\build\CORETEK03AE_11C\gprs\MT2502r\fs_dep\fs_utility.det



.\build\CORETEK03AE_11C\gprs\MT2502r\fs_dep\rtfbs.det



.\build\CORETEK03AE_11C\gprs\MT2502r\fs_dep\rtfbuf.det



.\build\CORETEK03AE_11C\gprs\MT2502r\fs_dep\rtfcore.det



.\build\CORETEK03AE_11C\gprs\MT2502r\fs_dep\rtfex.det



.\build\CORETEK03AE_11C\gprs\MT2502r\fs_dep\rtfiles.det


Processing format.det fsal.det fsal_buffer.det fsal_read.det fsal_write.det fs_func.det fs_func_adv.det fs_func_async.det fs_internal.det fs_internal_api.det fs_kal.det fs_sst.det fs_task.det fs_usbms.det fs_utility.det rtfbs.det rtfbuf.det rtfcore.det rtfex.det rtfiles.det
make[2]: Leaving directory `D:/MTK/MTK2503/MTK2503/11CW1418SP4_03_CORETEK03AE_11C_V1_GPRS_MMI'
