Module ft is in DEFALUT mode
Compiling meta\ft\src\ft_fnc.c ... 
Compiling meta\ft\src\ft_fnc_audio.c ... 
Compiling meta\ft\src\ft_fnc_bt.c ... 
Compiling meta\ft\src\ft_fnc_custom.c ... 
Compiling meta\ft\src\ft_fnc_fat.c ... 
Compiling meta\ft\src\ft_fnc_fm.c ... 
Compiling meta\ft\src\ft_fnc_gps.c ... 
Compiling meta\ft\src\ft_fnc_l1rf.c ... 
Compiling meta\ft\src\ft_fnc_misc.c ... 
Compiling meta\ft\src\ft_fnc_misc_ex.c ... 
Compiling meta\ft\src\ft_fnc_nfc.c ... 
Compiling meta\ft\src\ft_fnc_nvram.c ... 
Compiling meta\ft\src\ft_fnc_util.c ... 
Compiling meta\ft\src\ft_main.c ... 
Compiling meta\ft\src\ft_mem.c ... 
Compiling meta\ft\src\ft_report.c ... 
make[2]: Entering directory `D:/MTK/MTK2503/MTK2503/11CW1418SP4_03_CORETEK03AE_11C_V1_GPRS_MMI'
CFLAGS = --cpu ARM7EJ-S --littleend -O3 --remove_unneeded_entities -D__RVCT__ -JC:\ARM\RVCT\Data\3.1\569\include\windows --fpmode=ieee_fixed --split_sections --diag_suppress 1,1295,1296,2548 --dwarf2 -D__SERIAL_FLASH_EN__ -D__SERIAL_FLASH_SUPPORT__ --bss_threshold=0
CPLUSFLAGS = --cpp --cpu ARM7EJ-S --littleend -O3 --remove_unneeded_entities -D__RVCT__ -JC:\ARM\RVCT\Data\3.1\569\include\windows --fpmode=ieee_fixed --split_sections --diag_suppress 1,1295,1296,2548 --dwarf2 --bss_threshold=0
AFLAGS = --debug --littleend --cpu ARM7EJ-S --apcs /interwork -16
ADEFS = -pd "MT2502 SETL {TRUE}" -pd "MT2502_S00 SETL {TRUE}" -pd "__SV5_ENABLED__ SETL {TRUE}" -pd "__EVENT_BASED_TIMER__ SETL {TRUE}" -pd "__PRODUCTION_RELEASE__ SETL {TRUE}" -pd "KAL_ON_NUCLEUS SETL {TRUE}" -pd "__CHIP_VERSION_CHECK__ SETL {TRUE}" -pd "__KEYPAD_DEBUG_TRACE__ SETL {TRUE}" -pd "ESAL_AR_STK_FPU_SUPPORT SETL {FALSE}" -pd "__ARM_FPUV2__ SETL {FALSE}" -pd "__SERIAL_FLASH_EN__ SETL {TRUE}" -pd "__SERIAL_FLASH_SUPPORT__ SETL {TRUE}"
C:\ARM\RVCT\Programs\3.1\569\win_32-pentium\armar.exe -create ./build/CORETEK03AE_11C/gprs/MT2502o/lib/ft.lib --via .\build\CORETEK03AE_11C\gprs\MT2502o\ft\ft_sort.via
Warning: L3910W: Old syntax, please use '--create'.
./build/CORETEK03AE_11C/gprs/MT2502o/lib/ft.lib is updated

.\build\CORETEK03AE_11C\gprs\MT2502r\ft_dep\ft_fnc.det



.\build\CORETEK03AE_11C\gprs\MT2502r\ft_dep\ft_fnc_audio.det



.\build\CORETEK03AE_11C\gprs\MT2502r\ft_dep\ft_fnc_bt.det



.\build\CORETEK03AE_11C\gprs\MT2502r\ft_dep\ft_fnc_custom.det



.\build\CORETEK03AE_11C\gprs\MT2502r\ft_dep\ft_fnc_fat.det



.\build\CORETEK03AE_11C\gprs\MT2502r\ft_dep\ft_fnc_fm.det



.\build\CORETEK03AE_11C\gprs\MT2502r\ft_dep\ft_fnc_gps.det



.\build\CORETEK03AE_11C\gprs\MT2502r\ft_dep\ft_fnc_l1rf.det



.\build\CORETEK03AE_11C\gprs\MT2502r\ft_dep\ft_fnc_misc.det



.\build\CORETEK03AE_11C\gprs\MT2502r\ft_dep\ft_fnc_misc_ex.det



.\build\CORETEK03AE_11C\gprs\MT2502r\ft_dep\ft_fnc_nfc.det



.\build\CORETEK03AE_11C\gprs\MT2502r\ft_dep\ft_fnc_nvram.det



.\build\CORETEK03AE_11C\gprs\MT2502r\ft_dep\ft_fnc_util.det



.\build\CORETEK03AE_11C\gprs\MT2502r\ft_dep\ft_main.det



.\build\CORETEK03AE_11C\gprs\MT2502r\ft_dep\ft_mem.det



.\build\CORETEK03AE_11C\gprs\MT2502r\ft_dep\ft_report.det


Processing ft_fnc.det ft_fnc_audio.det ft_fnc_bt.det ft_fnc_custom.det ft_fnc_fat.det ft_fnc_fm.det ft_fnc_gps.det ft_fnc_l1rf.det ft_fnc_misc.det ft_fnc_misc_ex.det ft_fnc_nfc.det ft_fnc_nvram.det ft_fnc_util.det ft_main.det ft_mem.det ft_report.det
make[2]: Leaving directory `D:/MTK/MTK2503/MTK2503/11CW1418SP4_03_CORETEK03AE_11C_V1_GPRS_MMI'
