Module gdi is in DEFALUT mode
Compiling plutommi\Framework\GDI\gdisrc\gd_2d_engine.c ... 
Compiling plutommi\Framework\GDI\gdisrc\gd_primitive.c ... 
"plutommi\Framework\GDI\gdisrc\gd_primitive.c", line 1089: Warning:  #144-D: a value of type "gd_bitblt_func" cannot be used to initialize an entity of type "const gd_replace_src_key_func"
      (gd_bitblt_func)gd_null_pointer_function, /* A8 */
      ^
plutommi\Framework\GDI\gdisrc\gd_primitive.c: 1 warning, 0 errors
Compiling plutommi\Framework\GDI\gdisrc\gd_primitive16.c ... 
Compiling plutommi\Framework\GDI\gdisrc\gd_primitive24.c ... 
Compiling plutommi\Framework\GDI\gdisrc\gd_primitive32.c ... 
Compiling plutommi\Framework\GDI\gdisrc\gd_primitive32pargb.c ... 
Compiling plutommi\Framework\GDI\gdisrc\gd_primitive8.c ... 
Compiling plutommi\Framework\GDI\gdisrc\gdc_main.c ... 
Compiling plutommi\Framework\GDI\gdisrc\gdd_main.c ... 
Compiling plutommi\Framework\GDI\gdisrc\gdi.c ... 
"plutommi\Framework\GDI\gdisrc\gdi.c", line 237: Warning:  #188-D: enumerated type mixed with another type
      return (allocator->min_addr <= addr_val && addr_val <= allocator->max_addr);
             ^
plutommi\Framework\GDI\gdisrc\gdi.c: 1 warning, 0 errors
Compiling plutommi\Framework\GDI\gdisrc\gdi_animate.c ... 
"plutommi\Framework\GDI\gdisrc\gdi_animate.c", line 406: Warning:  #167-D: argument of type "void (*)(void *)" is incompatible with parameter of type "PsIntFuncPtr"
      mmi_frm_set_single_protocol_event_handler(MSG_ID_MMI_GDI_ANIM_START_TIMER_IND, gdi_anim_start_timer_mmi_handler);
                                                                                     ^
"plutommi\Framework\GDI\gdisrc\gdi_animate.c", line 407: Warning:  #167-D: argument of type "void (*)(void *)" is incompatible with parameter of type "PsIntFuncPtr"
      mmi_frm_set_single_protocol_event_handler(MSG_ID_MMI_GDI_ANIM_STOP_TIMER_IND, gdi_anim_stop_timer_mmi_handler);
                                                                                    ^
"plutommi\Framework\GDI\gdisrc\gdi_animate.c", line 408: Warning:  #167-D: argument of type "void (*)(void *)" is incompatible with parameter of type "PsIntFuncPtr"
      mmi_frm_set_single_protocol_event_handler(MSG_ID_MMI_GDI_ANIM_CALLBACK_IND, gdi_anim_callback_ind_mmi_handler);
                                                                                  ^
plutommi\Framework\GDI\gdisrc\gdi_animate.c: 3 warnings, 0 errors
Compiling plutommi\Framework\GDI\gdisrc\gdi_ata.c ... 
Compiling plutommi\Framework\GDI\gdisrc\gdi_bytestream.c ... 
Compiling plutommi\Framework\GDI\gdisrc\gdi_font.c ... 
"plutommi\Framework\GDI\gdisrc\gdi_font.c", line 1476: Warning:  #177-D: variable "src_layer_handle" was declared but never referenced
      gdi_handle src_layer_handle;
                 ^
"plutommi\Framework\GDI\gdisrc\gdi_font.c", line 1477: Warning:  #177-D: variable "act_layer_handle" was declared but never referenced
      gdi_handle act_layer_handle;
                 ^
plutommi\Framework\GDI\gdisrc\gdi_font.c: 2 warnings, 0 errors
Compiling plutommi\Framework\GDI\gdisrc\gdi_image.c ... 
"header_temp\med_global.h", line 4760: Warning:  #47-D: incompatible redefinition of macro "AUD_VAD_FUNC_ENTRY2" (declared at line 4759)
  #define AUD_VAD_FUNC_ENTRY2(F, x,y,z)
          ^
"plutommi\Framework\GDI\gdisrc\gdi_image.c", line 2205: Warning:  #167-D: argument of type "kal_int32 *" is incompatible with parameter of type "UINT *"
              f_ret = FS_Read(f_handle, header, sizeof(header), &n_read);
                                                                ^
"plutommi\Framework\GDI\gdisrc\gdi_image.c", line 4374: Warning:  #550-D: variable "before_ret" was set but never used
      GDI_RESULT before_ret,ret,ret1;
                 ^
"plutommi\Framework\GDI\gdisrc\gdi_image.c", line 4374: Warning:  #177-D: variable "ret1" was declared but never referenced
      GDI_RESULT before_ret,ret,ret1;
                                ^
"plutommi\Framework\GDI\gdisrc\gdi_image.c", line 5063: Warning:  #167-D: argument of type "U8 *" is incompatible with parameter of type "const S8 *"
              ret = gdi_image_gif_check_animation_file(data_ptr, is_anim);
                                                       ^
plutommi\Framework\GDI\gdisrc\gdi_image.c: 5 warnings, 0 errors
Compiling plutommi\Framework\GDI\gdisrc\gdi_image_9slice.c ... 
"plutommi\Framework\GDI\gdisrc\gdi_image_9slice.c", line 1502: Warning:  #177-D: function "gdi_image_9slice_stretch_without_alpha_blending" was declared but never referenced
  static GDI_RESULT gdi_image_9slice_stretch_without_alpha_blending(
                    ^
"plutommi\Framework\GDI\gdisrc\gdi_image_9slice.c", line 2872: Warning:  #177-D: function "gdi_image_9slice_fill_with_linear_transform" was declared but never referenced
  static GDI_RESULT gdi_image_9slice_fill_with_linear_transform(
                    ^
plutommi\Framework\GDI\gdisrc\gdi_image_9slice.c: 2 warnings, 0 errors
Compiling plutommi\Framework\GDI\gdisrc\gdi_image_alpha_bmp.c ... 
"plutommi\Framework\GDI\gdisrc\gdi_image_alpha_bmp.c", line 1368: Warning:  #61-D: integer operation result is out of range
              ABM_DECODER_WITHOUT_ALPHA(ABM_DEFAULT_PALETTE_BPP, ABM_DEFAULT_PALETTE_BPP);
              ^
"plutommi\Framework\GDI\gdisrc\gdi_image_alpha_bmp.c", line 1373: Warning:  #61-D: integer operation result is out of range
              ABM_DECODER_ALPHA(ABM_DEFAULT_PALETTE_BPP, ABM_DEFAULT_PALETTE_BPP, ABM_DEFAULT_PALETTE_BPP);
              ^
"plutommi\Framework\GDI\gdisrc\gdi_image_alpha_bmp.c", line 1763: Warning:  #61-D: integer operation result is out of range
              ABM_DECODER_WITHOUT_ALPHA(dst_bpp, palette_bpp);
              ^
"plutommi\Framework\GDI\gdisrc\gdi_image_alpha_bmp.c", line 1769: Warning:  #61-D: integer operation result is out of range
              ABM_DECODER_ALPHA(dst_bpp, src_bpp, palette_bpp);
              ^
"plutommi\Framework\GDI\gdisrc\gdi_image_alpha_bmp.c", line 1774: Warning:  #61-D: integer operation result is out of range
              ABM_DECODER_2_LAYERS(dst_bpp, src_bpp, palette_bpp);
              ^
plutommi\Framework\GDI\gdisrc\gdi_image_alpha_bmp.c: 5 warnings, 0 errors
Compiling plutommi\Framework\GDI\gdisrc\gdi_image_alpha_bmp_v2.c ... 
"plutommi\Framework\GDI\gdisrc\gdi_image_alpha_bmp_v2.c", line 1848: Warning:  #177-D: variable "ret" was declared but never referenced
      GDI_RESULT ret = GDI_FAILED;
                 ^
plutommi\Framework\GDI\gdisrc\gdi_image_alpha_bmp_v2.c: 1 warning, 0 errors
Compiling plutommi\Framework\GDI\gdisrc\gdi_image_alpha_bmp_v2_internal.c ... 
Compiling plutommi\Framework\GDI\gdisrc\gdi_image_bmp.c ... 
Compiling plutommi\Framework\GDI\gdisrc\gdi_image_decoder.c ... 
Compiling plutommi\Framework\GDI\gdisrc\gdi_image_dev_bmp.c ... 
Compiling plutommi\Framework\GDI\gdisrc\gdi_image_gif.c ... 
"header_temp\med_global.h", line 4760: Warning:  #47-D: incompatible redefinition of macro "AUD_VAD_FUNC_ENTRY2" (declared at line 4759)
  #define AUD_VAD_FUNC_ENTRY2(F, x,y,z)
          ^
"plutommi\Framework\GDI\gdisrc\gdi_image_gif.c", line 427: Warning:  #177-D: variable "gdi_image_gif_palette_color_format" was declared but never referenced
  static gdi_color_format gdi_image_gif_palette_color_format = GDI_COLOR_FORMAT_16;
                          ^
"plutommi\Framework\GDI\gdisrc\gdi_image_gif.c", line 1887: Warning:  #177-D: function "gdi_image_gif_convert_disposal" was declared but never referenced
  static GDI_GIF_DISPOSAL_ENUM gdi_image_gif_convert_disposal(
                               ^
"plutommi\Framework\GDI\gdisrc\gdi_image_gif.c", line 2080: Warning: C3017W: disposal may be used before being set
    GDI_GIF_DISPOSAL_ENUM disposal;
                          ^
plutommi\Framework\GDI\gdisrc\gdi_image_gif.c: 4 warnings, 0 errors
Compiling plutommi\Framework\GDI\gdisrc\gdi_image_hwjpg_v2.c ... 
"header_temp\med_global.h", line 4760: Warning:  #47-D: incompatible redefinition of macro "AUD_VAD_FUNC_ENTRY2" (declared at line 4759)
  #define AUD_VAD_FUNC_ENTRY2(F, x,y,z)
          ^
"plutommi\Framework\GDI\gdisrc\gdi_image_hwjpg_v2.c", line 577: Warning:  #188-D: enumerated type mixed with another type
              *jpeg_cf = JPEG_YUV_FORMAT_PACKED_UYVY422;
                       ^
"plutommi\Framework\GDI\gdisrc\gdi_image_hwjpg_v2.c", line 1151: Warning:  #188-D: enumerated type mixed with another type
  	                                    canvas_color_format);
  	                                    ^
"plutommi\Framework\GDI\gdisrc\gdi_image_hwjpg_v2.c", line 1164: Warning:  #223-D: function "jpegDecSetRotation" declared implicitly
                  jpegDecSetRotation(g_hwjpeg_v2_decoder_hdl, JPEG_DECODE_NO_FLIP_ROTATE_CW_0);
                  ^
plutommi\Framework\GDI\gdisrc\gdi_image_hwjpg_v2.c: 4 warnings, 0 errors
Compiling plutommi\Framework\GDI\gdisrc\gdi_image_jpeg.c ... 
"header_temp\med_global.h", line 4760: Warning:  #47-D: incompatible redefinition of macro "AUD_VAD_FUNC_ENTRY2" (declared at line 4759)
  #define AUD_VAD_FUNC_ENTRY2(F, x,y,z)
          ^
"plutommi\Framework\GDI\gdisrc\gdi_image_jpeg.c", line 1273: Warning:  #167-D: argument of type "PU8 *" is incompatible with parameter of type "void **"
          gdi_free_ext_mem(&buf_p);
          ^
"plutommi\Framework\GDI\gdisrc\gdi_image_jpeg.c", line 632: Warning:  #177-D: function "gdi_image_jpeg_get_dimension_internal" was declared but never referenced
  static GDI_RESULT gdi_image_jpeg_get_dimension_internal(S32 *width, S32 *height)
                    ^
plutommi\Framework\GDI\gdisrc\gdi_image_jpeg.c: 3 warnings, 0 errors
Compiling plutommi\Framework\GDI\gdisrc\gdi_image_ktx.c ... 
Compiling plutommi\Framework\GDI\gdisrc\gdi_image_png.c ... 
Compiling plutommi\Framework\GDI\gdisrc\gdi_image_sequence.c ... 
Compiling plutommi\Framework\GDI\gdisrc\gdi_image_virtualfile.c ... 
"plutommi\Framework\GDI\gdisrc\gdi_image_virtualfile.c", line 201: Warning:  #223-D: function "app_asc_str_to_ucs2_str" declared implicitly
  	app_asc_str_to_ucs2_str((kal_int8*)ext_name, (kal_int8*)(gdi_image_ext_name[image_buffer[0]]));
  	^
plutommi\Framework\GDI\gdisrc\gdi_image_virtualfile.c: 1 warning, 0 errors
Compiling plutommi\Framework\GDI\gdisrc\gdi_image_wbmp.c ... 
Compiling plutommi\Framework\GDI\gdisrc\gdi_imgdec.c ... 
"plutommi\Framework\GDI\gdisrc\gdi_imgdec.c", line 638: Warning:  #223-D: function "drv_get_duration_ms" declared implicitly
      decode_ms = drv_get_duration_ms(start_time);
                  ^
"plutommi\Framework\GDI\gdisrc\gdi_imgdec.c", line 669: Warning:  #550-D: variable "flag" was set but never used
      U32 flag = 0;
          ^
plutommi\Framework\GDI\gdisrc\gdi_imgdec.c: 2 warnings, 0 errors
Compiling plutommi\Framework\GDI\gdisrc\gdi_imgdec_bmp.c ... 
"plutommi\Framework\GDI\gdisrc\gdi_imgdec_bmp.c", line 857: Warning:  #167-D: argument of type "S32 *" is incompatible with parameter of type "U32 *"
          GET_U32(&src, &r_mask, dec);
                        ^
"plutommi\Framework\GDI\gdisrc\gdi_imgdec_bmp.c", line 858: Warning:  #167-D: argument of type "S32 *" is incompatible with parameter of type "U32 *"
          GET_U32(&src, &g_mask, dec);
                        ^
"plutommi\Framework\GDI\gdisrc\gdi_imgdec_bmp.c", line 859: Warning:  #167-D: argument of type "S32 *" is incompatible with parameter of type "U32 *"
          GET_U32(&src, &b_mask, dec);
                        ^
"plutommi\Framework\GDI\gdisrc\gdi_imgdec_bmp.c", line 1029: Warning:  #177-D: variable "c" was declared but never referenced
                          U32 c;
                              ^
"plutommi\Framework\GDI\gdisrc\gdi_imgdec_bmp.c", line 271: Warning:  #177-D: function "GET_U24" was declared but never referenced
  static void GET_U24(U8 **SRC, U32 *X, gdi_imgdec_bmp_struct *dec)
              ^
plutommi\Framework\GDI\gdisrc\gdi_imgdec_bmp.c: 5 warnings, 0 errors
Compiling plutommi\Framework\GDI\gdisrc\gdi_imgdec_bytestream.c ... 
Compiling plutommi\Framework\GDI\gdisrc\gdi_imgdec_gif.c ... 
Compiling plutommi\Framework\GDI\gdisrc\gdi_imgdec_resizer.c ... 
Compiling plutommi\Framework\GDI\gdisrc\gdi_imgdec_wbmp.c ... 
Compiling plutommi\Framework\GDI\gdisrc\gdi_ipp.c ... 
Compiling plutommi\Framework\GDI\gdisrc\gdi_layer.c ... 
"header_temp\med_global.h", line 4760: Warning:  #47-D: incompatible redefinition of macro "AUD_VAD_FUNC_ENTRY2" (declared at line 4759)
  #define AUD_VAD_FUNC_ENTRY2(F, x,y,z)
          ^
"plutommi\Framework\GDI\gdisrc\gdi_layer.c", line 1195: Warning:  #14-D: extra text after expected end of preprocessing directive
  #endif __GDI_MEMORY_PROFILE_2__
         ^
"plutommi\Framework\GDI\gdisrc\gdi_layer.c", line 2251: Warning:  #177-D: variable "old_cf" was declared but never referenced
      gdi_color_format old_cf = gdi_act_layer->cf;
                       ^
"plutommi\Framework\GDI\gdisrc\gdi_layer.c", line 4050: Warning:  #223-D: function "wfcDestroyAndCreateSourceFromImage" declared implicitly
      *src_handle = wfcDestroyAndCreateSourceFromImage(gdi_lcd_v2_dev,ctx_handle,*src_handle,(WFCHandle)&image,NULL);
                    ^
"plutommi\Framework\GDI\gdisrc\gdi_layer.c", line 9798: Warning:  #550-D: variable "callback" was set but never used
      gdi_callback_struct callback;
                          ^
"plutommi\Framework\GDI\gdisrc\gdi_layer.c", line 926: Warning:  #177-D: variable "gdi_layer_buffer_pool" was declared but never referenced
  static U32 *gdi_layer_buffer_pool = NULL;
              ^
"plutommi\Framework\GDI\gdisrc\gdi_layer.c", line 949: Warning:  #550-D: variable "gdi_palette_used" was set but never used
  static int gdi_palette_used;
             ^
"plutommi\Framework\GDI\gdisrc\gdi_layer.c", line 3363: Warning:  #177-D: function "gdi_layer_flatten_nb_init_state" was declared but never referenced
  static void gdi_layer_flatten_nb_init_state(
              ^
"plutommi\Framework\GDI\gdisrc\gdi_layer.c", line 3641: Warning:  #177-D: function "gdi_layer_govl_nb_finish_hisr_callback" was declared but never referenced
  static void gdi_layer_govl_nb_finish_hisr_callback(void *unused_cbparam)
              ^
"plutommi\Framework\GDI\gdisrc\gdi_layer.c", line 1677: Warning: C3017W: buf_size may be used before being set
        S32 buf_size;
            ^
"plutommi\Framework\GDI\gdisrc\gdi_layer.c", line 1751: Warning: C3017W: buf_size may be used before being set
        S32 buf_size;
            ^
"plutommi\Framework\GDI\gdisrc\gdi_layer.c", line 3105: Warning: C3017W: ty may be used before being set
    S32 tx, ty;
            ^
"plutommi\Framework\GDI\gdisrc\gdi_layer.c", line 3105: Warning: C3017W: tx may be used before being set
    S32 tx, ty;
        ^
"plutommi\Framework\GDI\gdisrc\gdi_layer.c", line 3183: Warning: C3017W: ty may be used before being set
    S32 tx, ty;
            ^
"plutommi\Framework\GDI\gdisrc\gdi_layer.c", line 3183: Warning: C3017W: tx may be used before being set
    S32 tx, ty;
        ^
plutommi\Framework\GDI\gdisrc\gdi_layer.c: 15 warnings, 0 errors
Compiling plutommi\Framework\GDI\gdisrc\gdi_lcd.c ... 
Compiling plutommi\Framework\GDI\gdisrc\gdi_lfs.c ... 
Compiling plutommi\Framework\GDI\gdisrc\gdi_mutex.c ... 
Compiling plutommi\Framework\GDI\gdisrc\gdi_primitive.c ... 
"header_temp\med_global.h", line 4760: Warning:  #47-D: incompatible redefinition of macro "AUD_VAD_FUNC_ENTRY2" (declared at line 4759)
  #define AUD_VAD_FUNC_ENTRY2(F, x,y,z)
          ^
"plutommi\Framework\GDI\gdisrc\gdi_primitive.c", line 1557: Warning:  #177-D: variable "j" was declared but never referenced
  		S32		 i,j;
  		   		   ^
plutommi\Framework\GDI\gdisrc\gdi_primitive.c: 2 warnings, 0 errors
Compiling plutommi\Framework\GDI\gdisrc\gdi_task.c ... 
Compiling plutommi\Framework\GDI\gdisrc\gdi_util.c ... 
"header_temp\med_global.h", line 4760: Warning:  #47-D: incompatible redefinition of macro "AUD_VAD_FUNC_ENTRY2" (declared at line 4759)
  #define AUD_VAD_FUNC_ENTRY2(F, x,y,z)
          ^
"plutommi\Framework\GDI\gdisrc\gdi_util.c", line 2807: Warning:  #550-D: variable "ret" was set but never used
      GDI_RESULT ret = GDI_FAILED;
                 ^
"plutommi\Framework\GDI\gdisrc\gdi_util.c", line 2828: Warning:  #550-D: variable "ret" was set but never used
      GDI_RESULT ret = GDI_FAILED;
                 ^
"plutommi\Framework\GDI\gdisrc\gdi_util.c", line 2849: Warning:  #550-D: variable "ret" was set but never used
      GDI_RESULT ret = GDI_FAILED;
                 ^
"plutommi\Framework\GDI\gdisrc\gdi_util.c", line 2871: Warning:  #550-D: variable "ret" was set but never used
      GDI_RESULT ret = GDI_FAILED;
                 ^
"plutommi\Framework\GDI\gdisrc\gdi_util.c", line 1484: Warning: C3017W: resizer_quality may be used before being set
    RESIZER_QUALITY_ENUM resizer_quality;
                         ^
"plutommi\Framework\GDI\gdisrc\gdi_util.c", line 1483: Warning: C3017W: resizer_mode may be used before being set
    RESIZER_MODE_ENUM resizer_mode;
                      ^
plutommi\Framework\GDI\gdisrc\gdi_util.c: 7 warnings, 0 errors
Compiling plutommi\Framework\GDI\gdisrc\ui_buffer.c ... 
"plutommi\Framework\GDI\gdisrc\ui_buffer.c", line 270: Warning:  #177-D: function "ui_buffer_take_mutex" was declared but never referenced
  static void ui_buffer_take_mutex(void)
              ^
"plutommi\Framework\GDI\gdisrc\ui_buffer.c", line 302: Warning:  #177-D: function "ui_buffer_give_mutex" was declared but never referenced
  static void ui_buffer_give_mutex(void)
              ^
plutommi\Framework\GDI\gdisrc\ui_buffer.c: 2 warnings, 0 errors
make[2]: Entering directory `D:/MTK/MTK2503/MTK2503/11CW1418SP4_03_CORETEK03AE_11C_V1_GPRS_MMI'
CFLAGS = --cpu ARM7EJ-S --littleend -O3 --remove_unneeded_entities -D__RVCT__ -JC:\ARM\RVCT\Data\3.1\569\include\windows --fpmode=ieee_fixed --split_sections --diag_suppress 1,1295,1296,2548 --dwarf2 -D__SERIAL_FLASH_EN__ -D__SERIAL_FLASH_SUPPORT__ --bss_threshold=0
CPLUSFLAGS = --cpp --cpu ARM7EJ-S --littleend -O3 --remove_unneeded_entities -D__RVCT__ -JC:\ARM\RVCT\Data\3.1\569\include\windows --fpmode=ieee_fixed --split_sections --diag_suppress 1,1295,1296,2548 --dwarf2 --bss_threshold=0
AFLAGS = --debug --littleend --cpu ARM7EJ-S --apcs /interwork -16
ADEFS = -pd "MMI_ON_HARDWARE_P SETL {TRUE}" -pd "__EMS__ SETL {TRUE}" -pd "SIM_APP_TOOLKIT SETL {TRUE}" -pd "TETRIS_GAME_APP SETL {TRUE}" -pd "CM_APPLICATION_ENABLE SETL {TRUE}" -pd "MESSAGES_APPLICATION SETL {TRUE}" -pd "__UCS2_ENCODING SETL {TRUE}" -pd "CELLBROADCAST_APP SETL {TRUE}" -pd "__CB__ SETL {TRUE}" -pd "VM_SUPPORT SETL {TRUE}" -pd "SHORTCUTS_APP SETL {TRUE}" -pd "T9LANG_English SETL {TRUE}" -pd "T9LANG_Chinese SETL {TRUE}" -pd "T9LANG_Spanish SETL {TRUE}" -pd "T9LANG_French SETL {TRUE}" -pd "T9LANG_German SETL {TRUE}" -pd "T9LANG_Italian SETL {TRUE}" -pd "EMS_LITTLE_ENDIAN SETL {TRUE}" -pd "EMS_MEM_MANAGEMENT SETL {TRUE}" -pd "T9ALPHABETIC SETL {TRUE}" -pd "T9CHINESE SETL {TRUE}" -pd "MMS_VIRTUAL_FILE_SUPPORT SETL {TRUE}" -pd "COMPILER_SUPPORTS_LONG=1 SETL {TRUE}" -pd "MT2502 SETL {TRUE}" -pd "MT2502_S00 SETL {TRUE}" -pd "__SV5_ENABLED__ SETL {TRUE}" -pd "__EVENT_BASED_TIMER__ SETL {TRUE}" -pd "__PRODUCTION_RELEASE__ SETL {TRUE}" -pd "KAL_ON_NUCLEUS SETL {TRUE}" -pd "__CHIP_VERSION_CHECK__ SETL {TRUE}" -pd "__KEYPAD_DEBUG_TRACE__ SETL {TRUE}" -pd "ESAL_AR_STK_FPU_SUPPORT SETL {FALSE}" -pd "__ARM_FPUV2__ SETL {FALSE}" -pd "__SERIAL_FLASH_EN__ SETL {TRUE}" -pd "__SERIAL_FLASH_SUPPORT__ SETL {TRUE}"
C:\ARM\RVCT\Programs\3.1\569\win_32-pentium\armar.exe -create ./build/CORETEK03AE_11C/gprs/MT2502o/lib/gdi.lib --via .\build\CORETEK03AE_11C\gprs\MT2502o\gdi\gdi_sort.via
Warning: L3910W: Old syntax, please use '--create'.
./build/CORETEK03AE_11C/gprs/MT2502o/lib/gdi.lib is updated

.\build\CORETEK03AE_11C\gprs\MT2502r\gdi_dep\gdc_main.det



.\build\CORETEK03AE_11C\gprs\MT2502r\gdi_dep\gdd_main.det



.\build\CORETEK03AE_11C\gprs\MT2502r\gdi_dep\gdi.det



.\build\CORETEK03AE_11C\gprs\MT2502r\gdi_dep\gdi_animate.det



.\build\CORETEK03AE_11C\gprs\MT2502r\gdi_dep\gdi_ata.det



.\build\CORETEK03AE_11C\gprs\MT2502r\gdi_dep\gdi_bytestream.det



.\build\CORETEK03AE_11C\gprs\MT2502r\gdi_dep\gdi_font.det



.\build\CORETEK03AE_11C\gprs\MT2502r\gdi_dep\gdi_image.det



.\build\CORETEK03AE_11C\gprs\MT2502r\gdi_dep\gdi_image_9slice.det



.\build\CORETEK03AE_11C\gprs\MT2502r\gdi_dep\gdi_image_alpha_bmp.det



.\build\CORETEK03AE_11C\gprs\MT2502r\gdi_dep\gdi_image_alpha_bmp_v2.det



.\build\CORETEK03AE_11C\gprs\MT2502r\gdi_dep\gdi_image_alpha_bmp_v2_internal.det



.\build\CORETEK03AE_11C\gprs\MT2502r\gdi_dep\gdi_image_bmp.det



.\build\CORETEK03AE_11C\gprs\MT2502r\gdi_dep\gdi_image_decoder.det



.\build\CORETEK03AE_11C\gprs\MT2502r\gdi_dep\gdi_image_dev_bmp.det



.\build\CORETEK03AE_11C\gprs\MT2502r\gdi_dep\gdi_image_gif.det



.\build\CORETEK03AE_11C\gprs\MT2502r\gdi_dep\gdi_image_hwjpg_v2.det



.\build\CORETEK03AE_11C\gprs\MT2502r\gdi_dep\gdi_image_jpeg.det



.\build\CORETEK03AE_11C\gprs\MT2502r\gdi_dep\gdi_image_ktx.det



.\build\CORETEK03AE_11C\gprs\MT2502r\gdi_dep\gdi_image_png.det



.\build\CORETEK03AE_11C\gprs\MT2502r\gdi_dep\gdi_image_sequence.det



.\build\CORETEK03AE_11C\gprs\MT2502r\gdi_dep\gdi_image_virtualfile.det



.\build\CORETEK03AE_11C\gprs\MT2502r\gdi_dep\gdi_image_wbmp.det



.\build\CORETEK03AE_11C\gprs\MT2502r\gdi_dep\gdi_imgdec.det



.\build\CORETEK03AE_11C\gprs\MT2502r\gdi_dep\gdi_imgdec_bmp.det



.\build\CORETEK03AE_11C\gprs\MT2502r\gdi_dep\gdi_imgdec_bytestream.det



.\build\CORETEK03AE_11C\gprs\MT2502r\gdi_dep\gdi_imgdec_gif.det



.\build\CORETEK03AE_11C\gprs\MT2502r\gdi_dep\gdi_imgdec_resizer.det



.\build\CORETEK03AE_11C\gprs\MT2502r\gdi_dep\gdi_imgdec_wbmp.det



.\build\CORETEK03AE_11C\gprs\MT2502r\gdi_dep\gdi_ipp.det



.\build\CORETEK03AE_11C\gprs\MT2502r\gdi_dep\gdi_layer.det



.\build\CORETEK03AE_11C\gprs\MT2502r\gdi_dep\gdi_lcd.det



.\build\CORETEK03AE_11C\gprs\MT2502r\gdi_dep\gdi_lfs.det



.\build\CORETEK03AE_11C\gprs\MT2502r\gdi_dep\gdi_mutex.det



.\build\CORETEK03AE_11C\gprs\MT2502r\gdi_dep\gdi_primitive.det



.\build\CORETEK03AE_11C\gprs\MT2502r\gdi_dep\gdi_task.det



.\build\CORETEK03AE_11C\gprs\MT2502r\gdi_dep\gdi_util.det



.\build\CORETEK03AE_11C\gprs\MT2502r\gdi_dep\gd_2d_engine.det



.\build\CORETEK03AE_11C\gprs\MT2502r\gdi_dep\gd_primitive.det



.\build\CORETEK03AE_11C\gprs\MT2502r\gdi_dep\gd_primitive16.det



.\build\CORETEK03AE_11C\gprs\MT2502r\gdi_dep\gd_primitive24.det



.\build\CORETEK03AE_11C\gprs\MT2502r\gdi_dep\gd_primitive32.det



.\build\CORETEK03AE_11C\gprs\MT2502r\gdi_dep\gd_primitive32pargb.det



.\build\CORETEK03AE_11C\gprs\MT2502r\gdi_dep\gd_primitive8.det



.\build\CORETEK03AE_11C\gprs\MT2502r\gdi_dep\ui_buffer.det


Processing gdc_main.det gdd_main.det gdi_animate.det gdi_ata.det gdi_bytestream.det gdi_font.det gdi_image.det gdi_image_9slice.det gdi_image_alpha_bmp.det gdi_image_alpha_bmp_v2.det gdi_image_alpha_bmp_v2_internal.det gdi_image_bmp.det gdi_image_decoder.det gdi_image_dev_bmp.det gdi_image_gif.det gdi_image_hwjpg_v2.det gdi_image_jpeg.det gdi_image_ktx.det gdi_image_png.det gdi_image_sequence.det gdi_image_virtualfile.det gdi_image_wbmp.det gdi_imgdec.det gdi_imgdec_bmp.det gdi_imgdec_bytestream.det gdi_imgdec_gif.det gdi_imgdec_resizer.det gdi_imgdec_wbmp.det gdi_ipp.det gdi_layer.det gdi_lcd.det gdi_lfs.det gdi_mutex.det gdi_primitive.det gdi_task.det gdi_util.det gd_2d_engine.det gd_primitive.det gd_primitive16.det gd_primitive24.det gd_primitive32.det gd_primitive32pargb.det gd_primitive8.det ui_buffer.det
make[2]: Leaving directory `D:/MTK/MTK2503/MTK2503/11CW1418SP4_03_CORETEK03AE_11C_V1_GPRS_MMI'
