Module gdi_arm is in DEFALUT mode
Compiling plutommi\Framework\GDI\GDISrc\gd_primitive_arm.c ... 
Compiling plutommi\Framework\GDI\gdisrc\gd_primitive_pargb6666.c ... 
Compiling plutommi\Framework\GDI\gdisrc\gdi_blending.c ... 
"plutommi\Framework\GDI\gdisrc\gdi_blending.c", line 705: Warning:  #550-D: variable "layer" was set but never used
      gdi_layer_struct *layer;
                        ^
plutommi\Framework\GDI\gdisrc\gdi_blending.c: 1 warning, 0 errors
Compiling plutommi\Framework\GDI\gdisrc\gdi_image_alpha_bmp_v2_core.c ... 
"plutommi\Framework\GDI\gdisrc\gdi_image_alpha_bmp_v2_core.c", line 441: Warning:  #177-D: function "gdi_image_ab2_rle_get_alpha_color" was declared but never referenced
  static GDI_IMAGE_AB2_INLINE U32 gdi_image_ab2_rle_get_alpha_color(
                                  ^
plutommi\Framework\GDI\gdisrc\gdi_image_alpha_bmp_v2_core.c: 1 warning, 0 errors
Compiling plutommi\Framework\GDI\gdisrc\gdi_image_alpha_bmp_v2_speed.cpp ... 
Compiling gdi_arm\src\gui_effect_arm_oem.c ... 
"header_temp\gui_typedef.h", line 4033: Warning:  #14-D: extra text after expected end of preprocessing directive
  #endif  /__MMI_AUDIO_REVERB_EFFECT__
          ^
gdi_arm\src\gui_effect_arm_oem.c: 1 warning, 0 errors
make[2]: Entering directory `D:/MTK/MTK2503/MTK2503/11CW1418SP4_03_CORETEK03AE_11C_V1_GPRS_MMI'
CFLAGS = --cpu ARM7EJ-S --littleend -O3 --remove_unneeded_entities -D__RVCT__ -JC:\ARM\RVCT\Data\3.1\569\include\windows --fpmode=ieee_fixed --split_sections --diag_suppress 1,1295,1296,2548 --dwarf2 -D__SERIAL_FLASH_EN__ -D__SERIAL_FLASH_SUPPORT__ -Otime --bss_threshold=0
CPLUSFLAGS = --cpp --cpu ARM7EJ-S --littleend -O3 --remove_unneeded_entities -D__RVCT__ -JC:\ARM\RVCT\Data\3.1\569\include\windows --fpmode=ieee_fixed --split_sections --diag_suppress 1,1295,1296,2548 --dwarf2 --bss_threshold=0
AFLAGS = --debug --littleend --cpu ARM7EJ-S --apcs /interwork -16
ADEFS = -pd "MMI_ON_HARDWARE_P SETL {TRUE}" -pd "MT2502 SETL {TRUE}" -pd "MT2502_S00 SETL {TRUE}" -pd "__SV5_ENABLED__ SETL {TRUE}" -pd "__EVENT_BASED_TIMER__ SETL {TRUE}" -pd "__PRODUCTION_RELEASE__ SETL {TRUE}" -pd "KAL_ON_NUCLEUS SETL {TRUE}" -pd "__CHIP_VERSION_CHECK__ SETL {TRUE}" -pd "__KEYPAD_DEBUG_TRACE__ SETL {TRUE}" -pd "ESAL_AR_STK_FPU_SUPPORT SETL {FALSE}" -pd "__ARM_FPUV2__ SETL {FALSE}" -pd "__SERIAL_FLASH_EN__ SETL {TRUE}" -pd "__SERIAL_FLASH_SUPPORT__ SETL {TRUE}"
C:\ARM\RVCT\Programs\3.1\569\win_32-pentium\armar.exe -create ./build/CORETEK03AE_11C/gprs/MT2502o/lib/gdi_arm.lib --via .\build\CORETEK03AE_11C\gprs\MT2502o\gdi_arm\gdi_arm_sort.via
Warning: L3910W: Old syntax, please use '--create'.
./build/CORETEK03AE_11C/gprs/MT2502o/lib/gdi_arm.lib is updated

.\build\CORETEK03AE_11C\gprs\MT2502r\gdi_arm_dep\gdi_blending.det



.\build\CORETEK03AE_11C\gprs\MT2502r\gdi_arm_dep\gdi_image_alpha_bmp_v2_core.det



.\build\CORETEK03AE_11C\gprs\MT2502r\gdi_arm_dep\gdi_image_alpha_bmp_v2_speed.det



.\build\CORETEK03AE_11C\gprs\MT2502r\gdi_arm_dep\gd_primitive_arm.det



.\build\CORETEK03AE_11C\gprs\MT2502r\gdi_arm_dep\gd_primitive_pargb6666.det



.\build\CORETEK03AE_11C\gprs\MT2502r\gdi_arm_dep\gui_effect_arm_oem.det


Processing gdi_blending.det gdi_image_alpha_bmp_v2_core.det gdi_image_alpha_bmp_v2_speed.det gd_primitive_arm.det gd_primitive_pargb6666.det gui_effect_arm_oem.det
make[2]: Leaving directory `D:/MTK/MTK2503/MTK2503/11CW1418SP4_03_CORETEK03AE_11C_V1_GPRS_MMI'
