
[Getting paths]
Log: .\build\CORETEK03AE_11C\log\
Dep: .\build\CORETEK03AE_11C\gprs\MT2502r\
Parsing ".\build\CORETEK03AE_11C\log\infomake.log"......OK
Searching dep files......OK

[Parsing all trace files]
Parsing "blueangel\btcore\btadp\inc\bluetooth_trc.h"......OK
Parsing "drv\include\drv_trc.h"......OK
Parsing "fmt\include\fmt_trc.h"......OK
Parsing "fs\common\include\fs_trc.h"......OK
Parsing "gps\inc\gps_trc.h"......OK
Parsing "hal\audio\src\v1\inc\l1audio_sph_trc.h"......OK
Parsing "hal\audio\src\v1\inc\l1sp_trc.h"......OK
Parsing "hal\peripheral\inc\bmt_trc.h"......OK
Parsing "hal\system\init\inc\system_trc.h"......OK
Parsing "hal\video\common\include\vcodec_v2_trc.h"......OK
Parsing "media\common\include\med_trc.h"......OK
Parsing "nvram\include\nvram_trc.h"......OK
Parsing "plutommi\framework\gdi\gdiinc\gdi_trc.h"......OK
Parsing "plutommi\framework\interface\mmi_fw_trc.h"......OK
Parsing "plutommi\framework\interface\pluto_fw_trc.h"......OK
Parsing "plutommi\mmi\inc\mmi_common_app_trc.h"......OK
Parsing "plutommi\mmi\inc\mmi_conn_app_trc.h"......OK
Parsing "plutommi\mmi\inc\mmi_inet_app_trc.h"......OK
Parsing "plutommi\mmi\inc\mmi_media_app_trc.h"......OK
Parsing "plutommi\mmi\inc\mmi_mre_app_info_trc.h"......OK
Parsing "plutommi\mmi\inc\mmi_mre_trc.h"......OK
Parsing "plutommi\mmi\inc\mmi_trc.h"......OK
Parsing "ps\l4\include\l4_trc.h"......OK
Parsing "ps\l4\phb\include\phb_trc.h"......OK
Parsing "ps\l4\uem\include\uem_trc.h"......OK
Parsing "ps\sim2\include\sim_trc.h"......OK
Parsing "usb\include\usb_trc.h"......OK

[Parsing all dep files]
Parsing ".\build\CORETEK03AE_11C\gprs\MT2502r\adups.dep"......OK
Parsing ".\build\CORETEK03AE_11C\gprs\MT2502r\applib.dep"......OK
Parsing ".\build\CORETEK03AE_11C\gprs\MT2502r\applib_asn1.dep"......OK
Parsing ".\build\CORETEK03AE_11C\gprs\MT2502r\audio.dep"......OK
Parsing ".\build\CORETEK03AE_11C\gprs\MT2502r\bmt.dep"......OK
Parsing ".\build\CORETEK03AE_11C\gprs\MT2502r\bootloader.dep"......OK
Parsing ".\build\CORETEK03AE_11C\gprs\MT2502r\bootloader_ext.dep"......OK
Parsing ".\build\CORETEK03AE_11C\gprs\MT2502r\btdrv_common.dep"......OK
Parsing ".\build\CORETEK03AE_11C\gprs\MT2502r\cct.dep"......OK
Parsing ".\build\CORETEK03AE_11C\gprs\MT2502r\codegen.dep"......OK
Parsing ".\build\CORETEK03AE_11C\gprs\MT2502r\config.dep"......OK
Parsing ".\build\CORETEK03AE_11C\gprs\MT2502r\conn_app.dep"......OK
Parsing ".\build\CORETEK03AE_11C\gprs\MT2502r\custom.dep"......OK
Parsing ".\build\CORETEK03AE_11C\gprs\MT2502r\drm.dep"......OK
Parsing ".\build\CORETEK03AE_11C\gprs\MT2502r\drv.dep"......OK
Parsing ".\build\CORETEK03AE_11C\gprs\MT2502r\drv_display.dep"......OK
Parsing ".\build\CORETEK03AE_11C\gprs\MT2502r\drv_idp.dep"......OK
Parsing ".\build\CORETEK03AE_11C\gprs\MT2502r\fluency.dep"......OK
Parsing ".\build\CORETEK03AE_11C\gprs\MT2502r\fmr.dep"......OK
Parsing ".\build\CORETEK03AE_11C\gprs\MT2502r\fmt.dep"......OK
Parsing ".\build\CORETEK03AE_11C\gprs\MT2502r\fs.dep"......OK
Parsing ".\build\CORETEK03AE_11C\gprs\MT2502r\ft.dep"......OK
Parsing ".\build\CORETEK03AE_11C\gprs\MT2502r\ftc.dep"......OK
Parsing ".\build\CORETEK03AE_11C\gprs\MT2502r\gdi.dep"......OK
Parsing ".\build\CORETEK03AE_11C\gprs\MT2502r\gdi_arm.dep"......OK
Parsing ".\build\CORETEK03AE_11C\gprs\MT2502r\gfx_drv.dep"......OK
Parsing ".\build\CORETEK03AE_11C\gprs\MT2502r\gps.dep"......OK
Parsing ".\build\CORETEK03AE_11C\gprs\MT2502r\inet_app.dep"......OK
Parsing ".\build\CORETEK03AE_11C\gprs\MT2502r\init.dep"......OK
Parsing ".\build\CORETEK03AE_11C\gprs\MT2502r\iotlock.dep"......OK
Parsing ".\build\CORETEK03AE_11C\gprs\MT2502r\l1_ext.dep"......OK
Parsing ".\build\CORETEK03AE_11C\gprs\MT2502r\l4misc.dep"......OK
Parsing ".\build\CORETEK03AE_11C\gprs\MT2502r\matv.dep"......OK
Parsing ".\build\CORETEK03AE_11C\gprs\MT2502r\mc.dep"......OK
Parsing ".\build\CORETEK03AE_11C\gprs\MT2502r\media.dep"......OK
Parsing ".\build\CORETEK03AE_11C\gprs\MT2502r\media_app.dep"......OK
Parsing ".\build\CORETEK03AE_11C\gprs\MT2502r\mmiresource.dep"......OK
Parsing ".\build\CORETEK03AE_11C\gprs\MT2502r\mmi_app.dep"......OK
Parsing ".\build\CORETEK03AE_11C\gprs\MT2502r\mmi_core.dep"......OK
Parsing ".\build\CORETEK03AE_11C\gprs\MT2502r\mmi_framework.dep"......OK
Parsing ".\build\CORETEK03AE_11C\gprs\MT2502r\mmi_service.dep"......OK
Parsing ".\build\CORETEK03AE_11C\gprs\MT2502r\mm_comm.dep"......OK
Parsing ".\build\CORETEK03AE_11C\gprs\MT2502r\mpl.dep"......OK
Parsing ".\build\CORETEK03AE_11C\gprs\MT2502r\mtd.dep"......OK
Parsing ".\build\CORETEK03AE_11C\gprs\MT2502r\ntpd.dep"......OK
Parsing ".\build\CORETEK03AE_11C\gprs\MT2502r\nvram.dep"......OK
Parsing ".\build\CORETEK03AE_11C\gprs\MT2502r\nvram_auto_gen.dep"......OK
Parsing ".\build\CORETEK03AE_11C\gprs\MT2502r\peripheral.dep"......OK
Parsing ".\build\CORETEK03AE_11C\gprs\MT2502r\provider.dep"......OK
Parsing ".\build\CORETEK03AE_11C\gprs\MT2502r\resgen.dep"......OK
Parsing ".\build\CORETEK03AE_11C\gprs\MT2502r\sim_driver.dep"......OK
Parsing ".\build\CORETEK03AE_11C\gprs\MT2502r\system.dep"......OK
Parsing ".\build\CORETEK03AE_11C\gprs\MT2502r\usb.dep"......OK
Parsing ".\build\CORETEK03AE_11C\gprs\MT2502r\usb_driver.dep"......OK
Parsing ".\build\CORETEK03AE_11C\gprs\MT2502r\vendorapp.dep"......OK
Parsing ".\build\CORETEK03AE_11C\gprs\MT2502r\verno.dep"......OK
Parsing ".\build\CORETEK03AE_11C\gprs\MT2502r\video.dep"......OK
Parsing ".\build\CORETEK03AE_11C\gprs\MT2502r\video_codec.dep"......OK
Parsing ".\build\CORETEK03AE_11C\gprs\MT2502r\video_sec.dep"......OK
Parsing ".\build\CORETEK03AE_11C\gprs\MT2502r\xmlp.dep"......OK
Parsing ".\build\CORETEK03AE_11C\gprs\MT2502r\xyssl_adp.dep"......OK

[Output result]
Generating ".\tst\database_classb\custom_databaseinfo.csv"......DONE
