Module gfx_drv is in DEFALUT mode
Compiling hal\graphics\bfc\src\bfc_decode_api.c ... 
Compiling hal\graphics\bfc\src\bfc_decode_feature_switch.c ... 
Compiling hal\graphics\color\common\src\color_api.c ... 
"hal\graphics\color\common\src\color_api.c", line 253: Warning:  #223-D: function "INT_QueryExceptionStatus" declared implicitly
     if (KAL_TRUE != INT_QueryExceptionStatus())
                     ^
"hal\graphics\color\common\src\color_api.c", line 311: Warning:  #223-D: function "INT_QueryExceptionStatus" declared implicitly
     if (KAL_TRUE != INT_QueryExceptionStatus())
                     ^
"hal\graphics\color\common\src\color_api.c", line 345: Warning:  #177-D: variable "colorStatus" was declared but never referenced
     COLOR_STATUS_ENUM colorStatus;
                       ^
"hal\graphics\color\common\src\color_api.c", line 465: Warning:  #177-D: variable "colorBypass" was declared but never referenced
     kal_uint32 colorBypass = COLOR_BYPASS_STALL;
                ^
"hal\graphics\color\common\src\color_api.c", line 492: Warning:  #177-D: variable "effectSharpness" was declared but never referenced
     COLOR_SHARPNESS_T  *effectSharpness;
                         ^
"hal\graphics\color\common\src\color_api.c", line 493: Warning:  #177-D: variable "effectContrast" was declared but never referenced
     COLOR_CONTRAST_T  *effectContrast;
                        ^
"hal\graphics\color\common\src\color_api.c", line 494: Warning:  #177-D: variable "effectSaturation" was declared but never referenced
     COLOR_SATURATION_T  *effectSaturation;
                          ^
"hal\graphics\color\common\src\color_api.c", line 987: Warning:  #550-D: variable "sharpnessTable" was set but never used
     COLOR_SHARPNESS_T *sharpnessTable;
                        ^
"hal\graphics\color\common\src\color_api.c", line 988: Warning:  #550-D: variable "contrastTable" was set but never used
     COLOR_CONTRAST_T *contrastTable;
                       ^
"hal\graphics\color\common\src\color_api.c", line 989: Warning:  #550-D: variable "saturationTable" was set but never used
     COLOR_SATURATION_T *saturationTable;
                         ^
hal\graphics\color\common\src\color_api.c: 10 warnings, 0 errors
Compiling hal\graphics\color\hw\src\color_drv_6260_series.c ... 
Compiling hal\graphics\color\common\src\color_drv_null_driver.c ... 
Compiling hal\graphics\misc\src\drv_gfx_codec_limitation.c ... 
Compiling hal\graphics\misc\src\drv_gfx_dct_control.c ... 
Compiling hal\graphics\misc\src\drv_gfx_dynamic_switch.c ... 
Compiling hal\graphics\misc\src\drv_gfx_hisr_ctrl.c ... 
Compiling hal\graphics\misc\src\drv_gfx_l1sm_ctrl.c ... 
Compiling hal\graphics\misc\src\drv_gfx_stack_switch_manager.c ... 
Compiling hal\graphics\jpeg\exif\src\exif_enc_api.c ... 
Compiling hal\graphics\jpeg\exif\src\exif_enc_wrapper.c ... 
Compiling hal\graphics\jpeg\exif\src\exif_legacy.c ... 
Compiling hal\graphics\g2d\common\src\g2d_bitblt_api.c ... 
Compiling hal\graphics\g2d\common\src\g2d_common_api.c ... 
"hal\graphics\g2d\common\src\g2d_common_api.c", line 422: Warning:  #177-D: variable "dstCanvas" was declared but never referenced
                 G2D_CANVAS_INFO_STRUCT *dstCanvas = &(handle->dstCanvas);
                                         ^
hal\graphics\g2d\common\src\g2d_common_api.c: 1 warning, 0 errors
Compiling hal\graphics\g2d\hw\src\g2d_drv_bitblt_6260_series.c ... 
Compiling hal\graphics\g2d\hw\src\g2d_drv_common_6260_series.c ... 
Compiling hal\graphics\g2d\hw\src\g2d_drv_font_6260_series.c ... 
Compiling hal\graphics\g2d\hw\src\g2d_drv_lt_6260_series.c ... 
"hal\graphics\g2d\hw\src\g2d_drv_lt_6260_series.c", line 334: Warning:  #177-D: variable "srcCanvas" was declared but never referenced
     G2D_CANVAS_INFO_STRUCT	*srcCanvas = &(ltFunc->srcCanvas);
                           	 ^
"hal\graphics\g2d\hw\src\g2d_drv_lt_6260_series.c", line 335: Warning:  #177-D: variable "dstCanvas" was declared but never referenced
     G2D_CANVAS_INFO_STRUCT *dstCanvas  = &(handle->dstCanvas);
                             ^
hal\graphics\g2d\hw\src\g2d_drv_lt_6260_series.c: 2 warnings, 0 errors
Compiling hal\graphics\g2d\hw\src\g2d_drv_overlay_6260_series.c ... 
Compiling hal\graphics\g2d\hw\src\g2d_drv_rectfill_6260_series.c ... 
Compiling hal\graphics\g2d\common\src\g2d_font_api.c ... 
Compiling hal\graphics\g2d\common\src\g2d_mutex.c ... 
Compiling hal\graphics\g2d\common\src\g2d_overlay_api.c ... 
Compiling hal\graphics\g2d\common\src\g2d_rectfill_api.c ... 
Compiling hal\graphics\ipp\src\ipp_interface.c ... 
Compiling hal\graphics\container\ivlw_decoder.c ... 
"hal\graphics\container\ivlw_decoder.c", line 872: Warning:  #177-D: variable "frame_count" was declared but never referenced
        unsigned int frame_count = 0;
                     ^
"hal\graphics\container\ivlw_decoder.c", line 961: Warning:  #177-D: variable "p_count" was declared but never referenced
        unsigned int p_count = 0;
                     ^
"hal\graphics\container\ivlw_decoder.c", line 1194: Warning:  #177-D: variable "fileInfo" was declared but never referenced
         FS_FileInfo  fileInfo;
                      ^
"hal\graphics\container\ivlw_decoder.c", line 1195: Warning:  #177-D: variable "FileHandle" was declared but never referenced
         FS_HANDLE    FileHandle;
                      ^
"hal\graphics\container\ivlw_decoder.c", line 1197: Warning:  #177-D: variable "fs_status" was declared but never referenced
         int fs_status;
             ^
"hal\graphics\container\ivlw_decoder.c", line 2038: Warning:  #177-D: variable "pattern_size" was declared but never referenced
     unsigned int frame_offset, pattern_size;
                                ^
"hal\graphics\container\ivlw_decoder.c", line 1152: Warning:  #177-D: function "_ivlwDecResetBuf" was declared but never referenced
  _ivlwDecResetBuf(IVLW_DECODER_HANDLE* handle)
  ^
"hal\graphics\container\ivlw_decoder.c", line 1597: Warning:  #177-D: function "_ivlwFSAsyncReadCallback" was declared but never referenced
  _ivlwFSAsyncReadCallback(
  ^
"hal\graphics\container\ivlw_decoder.c", line 2143: Warning:  #177-D: function "_ivlwDecGetFramePixelDataAB2" was declared but never referenced
  _ivlwDecGetFramePixelDataAB2(
  ^
hal\graphics\container\ivlw_decoder.c: 9 warnings, 0 errors
Compiling hal\graphics\container\ivlw_encoder.c ... 
"hal\graphics\container\ivlw_encoder.c", line 604: Warning:  #177-D: variable "cur_pos" was declared but never referenced
        unsigned int cur_pos = 0;
                     ^
"hal\graphics\container\ivlw_encoder.c", line 625: Warning:  #177-D: variable "cur_pos" was declared but never referenced
        unsigned int cur_pos = 0;
                     ^
"hal\graphics\container\ivlw_encoder.c", line 1118: Warning:  #177-D: variable "dst_ptr" was declared but never referenced
           unsigned char *dst_ptr = (unsigned char*) dst_buffer;
                          ^
"hal\graphics\container\ivlw_encoder.c", line 1147: Warning:  #177-D: variable "dst_ptr16" was declared but never referenced
           unsigned short *dst_ptr16 = (unsigned short *)dst_buffer;
                           ^
"hal\graphics\container\ivlw_encoder.c", line 1148: Warning:  #177-D: variable "src_ptr16" was declared but never referenced
           unsigned short *src_ptr16 = (unsigned short *)src_buffer;
                           ^
"hal\graphics\container\ivlw_encoder.c", line 1227: Warning:  #177-D: variable "bpp" was declared but never referenced
     unsigned int bpp = 0;
                  ^
"hal\graphics\container\ivlw_encoder.c", line 1456: Warning:  #167-D: argument of type "unsigned int *" is incompatible with parameter of type "signed int *"
          ivlw_status = _ivlwEncRaw(handle, frame_buffer, frame_buf_size, &encode_size, &width, &height);
                                                                          ^
"hal\graphics\container\ivlw_encoder.c", line 1436: Warning:  #177-D: variable "output_c_file" was declared but never referenced
     signed int output_c_file = 0;
                ^
"hal\graphics\container\ivlw_encoder.c", line 1440: Warning:  #177-D: variable "bpp" was declared but never referenced
     unsigned int bpp = 0;
                  ^
"hal\graphics\container\ivlw_encoder.c", line 152: Warning:  #177-D: variable "abm_data" was declared but never referenced
  static unsigned char abm_data[4 * IVLW_MAX_FRAME_COUNT * IVLW_MAX_FRAME_COUNT];  // 4 MB storage
                       ^
"hal\graphics\container\ivlw_encoder.c", line 794: Warning:  #177-D: function "_ivlwFillFrameHeader" was declared but never referenced
  _ivlwFillFrameHeader(
  ^
"hal\graphics\container\ivlw_encoder.c", line 923: Warning:  #177-D: function "_ivlw_rb_channel_swap" was declared but never referenced
  _ivlw_rb_channel_swap(
  ^
hal\graphics\container\ivlw_encoder.c: 12 warnings, 0 errors
Compiling hal\graphics\jpeg\jaia\src\jaia_api.c ... 
Compiling hal\graphics\jpeg\jaia\src\jaia_utility.c ... 
Compiling hal\graphics\jpeg\decode\common\src\jpeg_decode_api.c ... 
Compiling hal\graphics\jpeg\decode\common\src\jpeg_decode_feature_switch.c ... 
Compiling hal\graphics\jpeg\decode\common\src\jpeg_decode_int.c ... 
"hal\graphics\jpeg\decode\common\src\jpeg_decode_int.c", line 860: Warning:  #177-D: variable "status" was declared but never referenced
     JPEG_STATUS_ENUM status;
                      ^
"hal\graphics\jpeg\decode\common\src\jpeg_decode_int.c", line 864: Warning:  #177-D: variable "enableDynamicSwitchExt" was declared but never referenced
     kal_bool enableDynamicSwitchExt[2] = {KAL_FALSE, KAL_FALSE};
              ^
hal\graphics\jpeg\decode\common\src\jpeg_decode_int.c: 2 warnings, 0 errors
Compiling hal\graphics\jpeg\decode\hw\src\jpeg_decode_int_hw.c ... 
Compiling hal\graphics\jpeg\decode\sw\src\jpeg_decode_int_sw.c ... 
"hal\graphics\jpeg\decode\sw\src\jpeg_decode_int_sw.c", line 1201: Warning:  #177-D: variable "idctStatus" was declared but never referenced
    DEQUANT_IDCT_STATUS_ENUM   idctStatus;
                               ^
"hal\graphics\jpeg\decode\sw\src\jpeg_decode_int_sw.c", line 1347: Warning:  #177-D: variable "HMCUIndex" was declared but never referenced
     kal_int32                  HMCUIndex;
                                ^
"hal\graphics\jpeg\decode\sw\src\jpeg_decode_int_sw.c", line 1358: Warning:  #177-D: variable "huffStatus" was declared but never referenced
     HUFFMAN_DEC_STATUS_ENUM    huffStatus;
                                ^
hal\graphics\jpeg\decode\sw\src\jpeg_decode_int_sw.c: 3 warnings, 0 errors
Compiling hal\graphics\jpeg\decode\sw\src\jpeg_decode_int_sw_post_parsing.c ... 
Compiling hal\graphics\jpeg\common\src\jpeg_drv_null_driver.c ... 
Compiling hal\graphics\jpeg\encode\common\src\jpeg_encode_api.c ... 
Compiling hal\graphics\jpeg\encode\common\src\jpeg_encode_feature_switch.c ... 
Compiling hal\graphics\jpeg\encode\common\src\jpeg_encode_int.c ... 
"hal\graphics\jpeg\encode\common\src\jpeg_encode_int.c", line 1029: Warning:  #111-D: statement is unreachable
        break;
        ^
hal\graphics\jpeg\encode\common\src\jpeg_encode_int.c: 1 warning, 0 errors
Compiling hal\graphics\jpeg\encode\hw\src\jpeg_encode_int_hw.c ... 
Compiling hal\graphics\jpeg\encode\sw\src\jpeg_encode_int_sw.c ... 
Compiling hal\graphics\jpeg\encode\common\src\jpeg_encode_wrapper.c ... 
"hal\graphics\jpeg\encode\common\src\jpeg_encode_wrapper.c", line 123: Warning:  #177-D: variable "dstBufferSizeOffset" was declared but never referenced
     kal_uint32 dstBufferSize, dstBufferSizeOffset;
                               ^
"hal\graphics\jpeg\encode\common\src\jpeg_encode_wrapper.c", line 125: Warning:  #177-D: variable "dstBufferTmpAddr" was declared but never referenced
     kal_uint8 *dstBufferAddr, *dstBufferTmpAddr;
                                ^
hal\graphics\jpeg\encode\common\src\jpeg_encode_wrapper.c: 2 warnings, 0 errors
Compiling hal\graphics\jpeg\common\src\jpeg_mem_check.c ... 
"hal\graphics\jpeg\common\src\jpeg_mem_check.c", line 96: Warning:  #177-D: variable "_dummy_jpeg_dec_structure_mem_size" was declared but never referenced
  JPEG_CHECK_MEM_SIZE(JPEG_SW_DEC_BASIC_STRUCTURE_REAL_MEM_SIZE, JPEG_SW_DEC_BASIC_STRUCTURE_MEM_SIZE, dec_structure);
  ^
"hal\graphics\jpeg\common\src\jpeg_mem_check.c", line 102: Warning:  #177-D: variable "_dummy_jpeg_enc_structure_mem_size" was declared but never referenced
  JPEG_CHECK_MEM_SIZE(JPEG_SW_ENC_BASIC_STRUCTURE_REAL_MEM_SIZE, JPEG_SW_ENC_BASIC_STRUCTURE_MEM_SIZE, enc_structure);
  ^
"hal\graphics\jpeg\common\src\jpeg_mem_check.c", line 107: Warning:  #177-D: variable "_dummy_jpeg_exif_app1_info_structure_mem_size" was declared but never referenced
  JPEG_CHECK_MEM_SIZE(EXIF_APP1_INFO_STRUCTURE_REAL_MEM_SIZE, EXIF_APP1_INFO_STRUCTURE_MEM_SIZE, exif_app1_info_structure);
  ^
hal\graphics\jpeg\common\src\jpeg_mem_check.c: 3 warnings, 0 errors
Compiling hal\graphics\jpeg\common\src\jpeg_misc_api.c ... 
Compiling hal\graphics\jpeg\decode\common\src\jpeg_parse_api.c ... 
Compiling hal\graphics\jpeg\decode\common\src\jpeg_parse_int.c ... 
Compiling hal\graphics\container\lwp_decoder.c ... 
"hal\graphics\container\lwp_decoder.c", line 208: Warning:  #167-D: argument of type "unsigned char *" is incompatible with parameter of type "const char *"
           if (0 != strcmp(tmp, UNCOMPRESSED_LWP_HEADER_PATTERN1))
                           ^
"hal\graphics\container\lwp_decoder.c", line 225: Warning:  #167-D: argument of type "unsigned char *" is incompatible with parameter of type "const char *"
           if (0 != strcmp(tmp, UNCOMPRESSED_LWP_HEADER_PATTERN2))
                           ^
"hal\graphics\container\lwp_decoder.c", line 287: Warning:  #167-D: argument of type "unsigned char *" is incompatible with parameter of type "const char *"
           if (0 != strcmp(tmp, COMPRESSED_LWP_HEADER_PATTERN1))
                           ^
"hal\graphics\container\lwp_decoder.c", line 824: Warning:  #177-D: variable "temp" was declared but never referenced
        unsigned char temp[256];
                      ^
"hal\graphics\container\lwp_decoder.c", line 791: Warning:  #177-D: variable "frame_offset" was declared but never referenced
     unsigned int frame_offset;
                  ^
"hal\graphics\container\lwp_decoder.c", line 792: Warning:  #177-D: variable "stk_ptr" was declared but never referenced
     void *stk_ptr;  /* for switch stack */
           ^
hal\graphics\container\lwp_decoder.c: 6 warnings, 0 errors
Compiling hal\graphics\container\mav_decoder.c ... 
Compiling hal\graphics\container\mav_encoder.c ... 
Compiling hal\graphics\png\common\src\png_decode_api.c ... 
"hal\graphics\png\common\src\png_decode_api.c", line 252: Warning:  #111-D: statement is unreachable
        break;
        ^
"hal\graphics\png\common\src\png_decode_api.c", line 300: Warning:  #111-D: statement is unreachable
        break;
        ^
"hal\graphics\png\common\src\png_decode_api.c", line 305: Warning:  #111-D: statement is unreachable
        break;
        ^
hal\graphics\png\common\src\png_decode_api.c: 3 warnings, 0 errors
Compiling hal\graphics\png\common\src\png_decode_int.c ... 
Compiling hal\graphics\png\hw\src\png_decoder_int_hw.c ... 
Compiling hal\graphics\png\sw\src\png_decoder_int_sw.c ... 
Compiling hal\graphics\png\hw\src\png_drv_6268_series.c ... 
Compiling hal\graphics\png\hw\src\png_drv_6276_series.c ... 
Compiling hal\graphics\resizer\rgb_resizer\common\src\rgb_resizer_api.c ... 
Compiling hal\graphics\resizer\rgb_resizer\hw\src\rgb_resizer_int_hw.c ... 
Compiling hal\graphics\resizer\rgb_resizer\sw\src\rgb_resizer_int_sw.c ... 
Compiling hal\graphics\rotator\rgb_rotator\common\src\rgb_rotator_api.c ... 
Compiling hal\graphics\rotator\rgb_rotator\hw\src\rgb_rotator_int_hw.c ... 
Compiling hal\graphics\rotator\rgb_rotator\sw\src\rgb_rotator_int_sw.c ... 
Compiling hal\graphics\misc\src\rs_buffer.c ... 
Compiling hal\graphics\misc\src\simple_memory_manager.c ... 
Compiling hal\graphics\rotator\yuv_rotator\common\src\yuv_rotator_api.c ... 
Compiling hal\graphics\rotator\yuv_rotator\hw\src\yuv_rotator_int_hw.c ... 
Compiling hal\graphics\rotator\yuv_rotator\sw\src\yuv_rotator_int_sw.c ... 
make[2]: Entering directory `D:/MTK/MTK2503/MTK2503/11CW1418SP4_03_CORETEK03AE_11C_V1_GPRS_MMI'
CFLAGS = --cpu ARM7EJ-S --littleend -O3 --remove_unneeded_entities -D__RVCT__ -JC:\ARM\RVCT\Data\3.1\569\include\windows --fpmode=ieee_fixed --split_sections --diag_suppress 1,1295,1296,2548 --dwarf2 -D__SERIAL_FLASH_EN__ -D__SERIAL_FLASH_SUPPORT__ --bss_threshold=0
CPLUSFLAGS = --cpp --cpu ARM7EJ-S --littleend -O3 --remove_unneeded_entities -D__RVCT__ -JC:\ARM\RVCT\Data\3.1\569\include\windows --fpmode=ieee_fixed --split_sections --diag_suppress 1,1295,1296,2548 --dwarf2 --bss_threshold=0
AFLAGS = --debug --littleend --cpu ARM7EJ-S --apcs /interwork -16
ADEFS = -pd "MMI_ON_HARDWARE_P SETL {TRUE}" -pd "MT2502 SETL {TRUE}" -pd "MT2502_S00 SETL {TRUE}" -pd "__SV5_ENABLED__ SETL {TRUE}" -pd "__EVENT_BASED_TIMER__ SETL {TRUE}" -pd "__PRODUCTION_RELEASE__ SETL {TRUE}" -pd "KAL_ON_NUCLEUS SETL {TRUE}" -pd "__CHIP_VERSION_CHECK__ SETL {TRUE}" -pd "__KEYPAD_DEBUG_TRACE__ SETL {TRUE}" -pd "ESAL_AR_STK_FPU_SUPPORT SETL {FALSE}" -pd "__ARM_FPUV2__ SETL {FALSE}" -pd "__SERIAL_FLASH_EN__ SETL {TRUE}" -pd "__SERIAL_FLASH_SUPPORT__ SETL {TRUE}"
C:\ARM\RVCT\Programs\3.1\569\win_32-pentium\armar.exe -create ./build/CORETEK03AE_11C/gprs/MT2502o/lib/gfx_drv.lib --via .\build\CORETEK03AE_11C\gprs\MT2502o\gfx_drv\gfx_drv_sort.via
Warning: L3910W: Old syntax, please use '--create'.
./build/CORETEK03AE_11C/gprs/MT2502o/lib/gfx_drv.lib is updated

.\build\CORETEK03AE_11C\gprs\MT2502r\gfx_drv_dep\bfc_decode_api.det



.\build\CORETEK03AE_11C\gprs\MT2502r\gfx_drv_dep\bfc_decode_feature_switch.det



.\build\CORETEK03AE_11C\gprs\MT2502r\gfx_drv_dep\color_api.det



.\build\CORETEK03AE_11C\gprs\MT2502r\gfx_drv_dep\color_drv_6260_series.det



.\build\CORETEK03AE_11C\gprs\MT2502r\gfx_drv_dep\color_drv_null_driver.det



.\build\CORETEK03AE_11C\gprs\MT2502r\gfx_drv_dep\drv_gfx_codec_limitation.det



.\build\CORETEK03AE_11C\gprs\MT2502r\gfx_drv_dep\drv_gfx_dct_control.det



.\build\CORETEK03AE_11C\gprs\MT2502r\gfx_drv_dep\drv_gfx_dynamic_switch.det



.\build\CORETEK03AE_11C\gprs\MT2502r\gfx_drv_dep\drv_gfx_hisr_ctrl.det



.\build\CORETEK03AE_11C\gprs\MT2502r\gfx_drv_dep\drv_gfx_l1sm_ctrl.det



.\build\CORETEK03AE_11C\gprs\MT2502r\gfx_drv_dep\drv_gfx_stack_switch_manager.det



.\build\CORETEK03AE_11C\gprs\MT2502r\gfx_drv_dep\exif_enc_api.det



.\build\CORETEK03AE_11C\gprs\MT2502r\gfx_drv_dep\exif_enc_wrapper.det



.\build\CORETEK03AE_11C\gprs\MT2502r\gfx_drv_dep\exif_legacy.det



.\build\CORETEK03AE_11C\gprs\MT2502r\gfx_drv_dep\g2d_bitblt_api.det



.\build\CORETEK03AE_11C\gprs\MT2502r\gfx_drv_dep\g2d_common_api.det



.\build\CORETEK03AE_11C\gprs\MT2502r\gfx_drv_dep\g2d_drv_bitblt_6260_series.det



.\build\CORETEK03AE_11C\gprs\MT2502r\gfx_drv_dep\g2d_drv_common_6260_series.det



.\build\CORETEK03AE_11C\gprs\MT2502r\gfx_drv_dep\g2d_drv_font_6260_series.det



.\build\CORETEK03AE_11C\gprs\MT2502r\gfx_drv_dep\g2d_drv_lt_6260_series.det



.\build\CORETEK03AE_11C\gprs\MT2502r\gfx_drv_dep\g2d_drv_overlay_6260_series.det



.\build\CORETEK03AE_11C\gprs\MT2502r\gfx_drv_dep\g2d_drv_rectfill_6260_series.det



.\build\CORETEK03AE_11C\gprs\MT2502r\gfx_drv_dep\g2d_font_api.det



.\build\CORETEK03AE_11C\gprs\MT2502r\gfx_drv_dep\g2d_mutex.det



.\build\CORETEK03AE_11C\gprs\MT2502r\gfx_drv_dep\g2d_overlay_api.det



.\build\CORETEK03AE_11C\gprs\MT2502r\gfx_drv_dep\g2d_rectfill_api.det



.\build\CORETEK03AE_11C\gprs\MT2502r\gfx_drv_dep\ipp_interface.det



.\build\CORETEK03AE_11C\gprs\MT2502r\gfx_drv_dep\ivlw_decoder.det



.\build\CORETEK03AE_11C\gprs\MT2502r\gfx_drv_dep\ivlw_encoder.det



.\build\CORETEK03AE_11C\gprs\MT2502r\gfx_drv_dep\jaia_api.det



.\build\CORETEK03AE_11C\gprs\MT2502r\gfx_drv_dep\jaia_utility.det



.\build\CORETEK03AE_11C\gprs\MT2502r\gfx_drv_dep\jpeg_decode_api.det



.\build\CORETEK03AE_11C\gprs\MT2502r\gfx_drv_dep\jpeg_decode_feature_switch.det



.\build\CORETEK03AE_11C\gprs\MT2502r\gfx_drv_dep\jpeg_decode_int.det



.\build\CORETEK03AE_11C\gprs\MT2502r\gfx_drv_dep\jpeg_decode_int_hw.det



.\build\CORETEK03AE_11C\gprs\MT2502r\gfx_drv_dep\jpeg_decode_int_sw.det



.\build\CORETEK03AE_11C\gprs\MT2502r\gfx_drv_dep\jpeg_decode_int_sw_post_parsing.det



.\build\CORETEK03AE_11C\gprs\MT2502r\gfx_drv_dep\jpeg_drv_null_driver.det



.\build\CORETEK03AE_11C\gprs\MT2502r\gfx_drv_dep\jpeg_encode_api.det



.\build\CORETEK03AE_11C\gprs\MT2502r\gfx_drv_dep\jpeg_encode_feature_switch.det



.\build\CORETEK03AE_11C\gprs\MT2502r\gfx_drv_dep\jpeg_encode_int.det



.\build\CORETEK03AE_11C\gprs\MT2502r\gfx_drv_dep\jpeg_encode_int_hw.det



.\build\CORETEK03AE_11C\gprs\MT2502r\gfx_drv_dep\jpeg_encode_int_sw.det



.\build\CORETEK03AE_11C\gprs\MT2502r\gfx_drv_dep\jpeg_encode_wrapper.det



.\build\CORETEK03AE_11C\gprs\MT2502r\gfx_drv_dep\jpeg_mem_check.det



.\build\CORETEK03AE_11C\gprs\MT2502r\gfx_drv_dep\jpeg_misc_api.det



.\build\CORETEK03AE_11C\gprs\MT2502r\gfx_drv_dep\jpeg_parse_api.det



.\build\CORETEK03AE_11C\gprs\MT2502r\gfx_drv_dep\jpeg_parse_int.det



.\build\CORETEK03AE_11C\gprs\MT2502r\gfx_drv_dep\lwp_decoder.det



.\build\CORETEK03AE_11C\gprs\MT2502r\gfx_drv_dep\mav_decoder.det



.\build\CORETEK03AE_11C\gprs\MT2502r\gfx_drv_dep\mav_encoder.det



.\build\CORETEK03AE_11C\gprs\MT2502r\gfx_drv_dep\png_decoder_int_hw.det



.\build\CORETEK03AE_11C\gprs\MT2502r\gfx_drv_dep\png_decoder_int_sw.det



.\build\CORETEK03AE_11C\gprs\MT2502r\gfx_drv_dep\png_decode_api.det



.\build\CORETEK03AE_11C\gprs\MT2502r\gfx_drv_dep\png_decode_int.det



.\build\CORETEK03AE_11C\gprs\MT2502r\gfx_drv_dep\png_drv_6268_series.det



.\build\CORETEK03AE_11C\gprs\MT2502r\gfx_drv_dep\png_drv_6276_series.det



.\build\CORETEK03AE_11C\gprs\MT2502r\gfx_drv_dep\rgb_resizer_api.det



.\build\CORETEK03AE_11C\gprs\MT2502r\gfx_drv_dep\rgb_resizer_int_hw.det



.\build\CORETEK03AE_11C\gprs\MT2502r\gfx_drv_dep\rgb_resizer_int_sw.det



.\build\CORETEK03AE_11C\gprs\MT2502r\gfx_drv_dep\rgb_rotator_api.det



.\build\CORETEK03AE_11C\gprs\MT2502r\gfx_drv_dep\rgb_rotator_int_hw.det



.\build\CORETEK03AE_11C\gprs\MT2502r\gfx_drv_dep\rgb_rotator_int_sw.det



.\build\CORETEK03AE_11C\gprs\MT2502r\gfx_drv_dep\rs_buffer.det



.\build\CORETEK03AE_11C\gprs\MT2502r\gfx_drv_dep\simple_memory_manager.det



.\build\CORETEK03AE_11C\gprs\MT2502r\gfx_drv_dep\yuv_rotator_api.det



.\build\CORETEK03AE_11C\gprs\MT2502r\gfx_drv_dep\yuv_rotator_int_hw.det



.\build\CORETEK03AE_11C\gprs\MT2502r\gfx_drv_dep\yuv_rotator_int_sw.det


Processing bfc_decode_api.det bfc_decode_feature_switch.det color_api.det color_drv_6260_series.det color_drv_null_driver.det drv_gfx_codec_limitation.det drv_gfx_dct_control.det drv_gfx_dynamic_switch.det drv_gfx_hisr_ctrl.det drv_gfx_l1sm_ctrl.det drv_gfx_stack_switch_manager.det exif_enc_api.det exif_enc_wrapper.det exif_legacy.det g2d_bitblt_api.det g2d_common_api.det g2d_drv_bitblt_6260_series.det g2d_drv_common_6260_series.det g2d_drv_font_6260_series.det g2d_drv_lt_6260_series.det g2d_drv_overlay_6260_series.det g2d_drv_rectfill_6260_series.det g2d_font_api.det g2d_mutex.det g2d_overlay_api.det g2d_rectfill_api.det ipp_interface.det ivlw_decoder.det ivlw_encoder.det jaia_api.det jaia_utility.det jpeg_decode_api.det jpeg_decode_feature_switch.det jpeg_decode_int.det jpeg_decode_int_hw.det jpeg_decode_int_sw.det jpeg_decode_int_sw_post_parsing.det jpeg_drv_null_driver.det jpeg_encode_api.det jpeg_encode_feature_switch.det jpeg_encode_int.det jpeg_encode_int_hw.det jpeg_encode_int_sw.det jpeg_encode_wrapper.det jpeg_mem_check.det jpeg_misc_api.det jpeg_parse_api.det jpeg_parse_int.det lwp_decoder.det mav_decoder.det mav_encoder.det png_decoder_int_hw.det png_decoder_int_sw.det png_decode_api.det png_decode_int.det png_drv_6268_series.det png_drv_6276_series.det rgb_resizer_api.det rgb_resizer_int_hw.det rgb_resizer_int_sw.det rgb_rotator_api.det rgb_rotator_int_hw.det rgb_rotator_int_sw.det rs_buffer.det simple_memory_manager.det yuv_rotator_api.det yuv_rotator_int_hw.det yuv_rotator_int_sw.det
make[2]: Leaving directory `D:/MTK/MTK2503/MTK2503/11CW1418SP4_03_CORETEK03AE_11C_V1_GPRS_MMI'
