Module gps is in DEFALUT mode
Compiling gps\src\agps_adaptor.c ... 
"gps\src\agps_adaptor.c", line 69: Warning:  #188-D: enumerated type mixed with another type
      agps_qop_setting->veracc_used= 0;
                                   ^
"gps\src\agps_adaptor.c", line 71: Warning:  #188-D: enumerated type mixed with another type
      agps_qop_setting->maxLocAge_used= 0;
                                      ^
"gps\src\agps_adaptor.c", line 73: Warning:  #188-D: enumerated type mixed with another type
      agps_qop_setting->delay_used= 0;
                                  ^
"gps\src\agps_adaptor.c", line 91: Warning:  #167-D: argument of type "kal_int8 *" is incompatible with parameter of type "U8 *"
  	    agps_adaptor_get_supl_name(agps_profile->addr);
  	                               ^
"gps\src\agps_adaptor.c", line 113: Warning:  #188-D: enumerated type mixed with another type
  	return 0;
  	       ^
"gps\src\agps_adaptor.c", line 120: Warning:  #223-D: function "gpsadaptor_agps_supl_setting" declared implicitly
          gpsadaptor_agps_supl_setting(&setting);
          ^
"gps\src\agps_adaptor.c", line 136: Warning:  #188-D: enumerated type mixed with another type
  	g_gpsadaptor_agps_ctx.work_mode = setting.molr_prefer;
  	                                ^
"gps\src\agps_adaptor.c", line 190: Warning:  #223-D: function "GPS_Get_UART_Port" declared implicitly
  	local_param_ptr->port = GPS_Get_UART_Port();
  	                        ^
"gps\src\agps_adaptor.c", line 194: Warning:  #513-D: a value of type "kal_uint32 *" cannot be assigned to an entity of type "kal_int32 *"
  	local_param_ptr->return_val = &adatpor_return_val;
  	                            ^
"gps\src\agps_adaptor.c", line 612: Warning:  #167-D: argument of type "kal_int8 *" is incompatible with parameter of type "const char *restrict"
   	strcpy(local_param_ptr->slp_addr,agps_profile.addr);
   	                                 ^
"gps\src\agps_adaptor.c", line 524: Warning:  #177-D: variable "plmn_ret" was declared but never referenced
      kal_bool plmn_ret;
               ^
"gps\src\agps_adaptor.c", line 525: Warning:  #177-D: variable "PLMNNum" was declared but never referenced
      kal_int8 PLMNNum[GPSADAPTOR_AGPS_MAX_PLMN_LEN];
               ^
"gps\src\agps_adaptor.c", line 689: Warning:  #177-D: variable "data_account" was declared but never referenced
      U32 data_account;
          ^
"gps\src\agps_adaptor.c", line 746: Warning:  #177-D: variable "i" was declared but never referenced
      U8 i;
         ^
"gps\src\agps_adaptor.c", line 747: Warning:  #177-D: variable "index" was declared but never referenced
      U8 index;
         ^
"gps\src\agps_adaptor.c", line 748: Warning:  #177-D: variable "pos_end_time" was declared but never referenced
      U32 pos_end_time;
          ^
"gps\src\agps_adaptor.c", line 840: Warning:  #177-D: variable "data_account" was declared but never referenced
      U32 data_account;
          ^
"gps\src\agps_adaptor.c", line 841: Warning:  #177-D: variable "i" was declared but never referenced
      U8 i;
         ^
"gps\src\agps_adaptor.c", line 842: Warning:  #177-D: variable "j" was declared but never referenced
      U8 j;
         ^
"gps\src\agps_adaptor.c", line 843: Warning:  #177-D: variable "index" was declared but never referenced
      U8 index;
         ^
"gps\src\agps_adaptor.c", line 844: Warning:  #177-D: variable "is_usd" was declared but never referenced
      kal_bool is_usd;
               ^
"gps\src\agps_adaptor.c", line 1019: Warning:  #188-D: enumerated type mixed with another type
  			g_gpsadaptor_agps_ctx.data_account = cbm_encode_data_account_id(g_gpsadaptor_agps_ctx.account_id, g_gpsadaptor_agps_ctx.sim, 
  			                                                                                                  ^
"gps\src\agps_adaptor.c", line 1024: Warning:  #188-D: enumerated type mixed with another type
  		g_gpsadaptor_agps_ctx.data_account = cbm_encode_data_account_id(0, g_gpsadaptor_agps_ctx.sim, 
  		                                                                   ^
"gps\src\agps_adaptor.c", line 1044: Warning:  #188-D: enumerated type mixed with another type
  	g_gpsadaptor_agps_ctx.sim = (kal_uint8)gpsadaptor_agps_setting_get_sim_interface();
  	                          ^
"gps\src\agps_adaptor.c", line 990: Warning:  #177-D: variable "ret" was declared but never referenced
  	kal_bool ret = KAL_TRUE;
  	         ^
"gps\src\agps_adaptor.c", line 1055: Warning:  #188-D: enumerated type mixed with another type
  	gpsadaptor_agps_set_state(GPSADAPTOR_AGPS_START_MODE_END);
  	                          ^
"gps\src\agps_adaptor.c", line 1080: Warning:  #117-D: non-void function "gpsadaptor_agps_send_abort_supl_req" should return a value
  			return;
  			      ^
"gps\src\agps_adaptor.c", line 1064: Warning:  #177-D: variable "i" was declared but never referenced
      U8 i;
         ^
"gps\src\agps_adaptor.c", line 1137: Warning:  #167-D: argument of type "kal_uint8 *" is incompatible with parameter of type "const char *"
  	if(strlen(tst_inject->string)){
  	          ^
"gps\src\agps_adaptor.c", line 1138: Warning:  #167-D: argument of type "kal_uint8 *" is incompatible with parameter of type "const char *restrict"
  		sscanf(tst_inject->string, "%d", &sub_command); 
  		       ^
"gps\src\agps_adaptor.c", line 1138: Warning:  #181-D: argument is incompatible with corresponding format string conversion
  		sscanf(tst_inject->string, "%d", &sub_command); 
  		                                 ^
"gps\src\agps_adaptor.c", line 1179: Warning:  #188-D: enumerated type mixed with another type
      	gpsadaptor_agps_set_state(sub_command);
      	                          ^
"gps\src\agps_adaptor.c", line 1183: Warning:  #188-D: enumerated type mixed with another type
      	gpsadaptor_agps_send_cmd_req(sub_command);
      	                             ^
"gps\src\agps_adaptor.c", line 1221: Warning:  #188-D: enumerated type mixed with another type
  		g_gpsadaptor_agps_ctx.gps_uart_p_callback(uart_p_info_data_ind->type);		
  		                                          ^
"gps\src\agps_adaptor.c", line 1251: Warning:  #167-D: argument of type "kal_int8 *" is incompatible with parameter of type "char *restrict"
      strcpy(&g_gpsadaptor_agps_ctx.agps_supl_name[0], supl_name);
             ^
"gps\src\agps_adaptor.c", line 1251: Warning:  #167-D: argument of type "U8 *" is incompatible with parameter of type "const char *restrict"
      strcpy(&g_gpsadaptor_agps_ctx.agps_supl_name[0], supl_name);
                                                       ^
"gps\src\agps_adaptor.c", line 1263: Warning:  #167-D: argument of type "kal_int8 *" is incompatible with parameter of type "const char *"
      return strlen(g_gpsadaptor_agps_ctx.agps_supl_name);
                    ^
"gps\src\agps_adaptor.c", line 1268: Warning:  #167-D: argument of type "U8 *" is incompatible with parameter of type "char *restrict"
      strcpy(supl_name, g_gpsadaptor_agps_ctx.agps_supl_name);
             ^
"gps\src\agps_adaptor.c", line 1268: Warning:  #167-D: argument of type "kal_int8 *" is incompatible with parameter of type "const char *restrict"
      strcpy(supl_name, g_gpsadaptor_agps_ctx.agps_supl_name);
                        ^
"gps\src\agps_adaptor.c", line 845: Warning: C3017W: pos_ret may be used before being set
    kal_bool pos_ret;
             ^
gps\src\agps_adaptor.c: 40 warnings, 0 errors
Compiling gps\src\agps_setting.c ... 
"gps\src\agps_setting.c", line 138: Warning:  #177-D: variable "ret_value" was declared but never referenced
  	S32 ret_value = 0;
  	    ^
"gps\src\agps_setting.c", line 235: Warning:  #167-D: argument of type "kal_uint8 *" is incompatible with parameter of type "const char *"
      if(strlen(tst_inject->string)){
                ^
"gps\src\agps_setting.c", line 236: Warning:  #167-D: argument of type "kal_uint8 *" is incompatible with parameter of type "const char *restrict"
          sscanf(tst_inject->string, "%d", &sub_command); 
                 ^
gps\src\agps_setting.c: 3 warnings, 0 errors
Compiling gps\src\epodownload.c ... 
Compiling gps\src\gps_adaptor.c ... 
"gps\src\gps_adaptor.c", line 522: Warning:  #188-D: enumerated type mixed with another type
      ilm_ptr->sap_id = 0;
                      ^
"gps\src\gps_adaptor.c", line 541: Warning:  #223-D: function "L1SM_SleepDisable" declared implicitly
  	L1SM_SleepDisable(mtk_gps_adaptor_sleep_handle); 
  	^
"gps\src\gps_adaptor.c", line 634: Warning:  #223-D: function "L1SM_SleepEnable" declared implicitly
  	L1SM_SleepEnable(mtk_gps_adaptor_sleep_handle);  
  	^
"gps\src\gps_adaptor.c", line 535: Warning:  #177-D: variable "lle_info" was declared but never referenced
  	MTK_GPS_LLE_INFO_T lle_info;
  	                   ^
"gps\src\gps_adaptor.c", line 536: Warning:  #177-D: variable "ret" was declared but never referenced
  	mtk_int32 ret = MTK_GPS_ERROR ; 
  	          ^
"gps\src\gps_adaptor.c", line 671: Warning:  #223-D: function "L1SM_SleepEnable" declared implicitly
  			L1SM_SleepEnable(mtk_gps_adaptor_sleep_handle);  
  			^
"gps\src\gps_adaptor.c", line 700: Warning:  #223-D: function "GPS_Get_UART_Port" declared implicitly
  	local_param_ptr->port = GPS_Get_UART_Port();
  	                        ^
"gps\src\gps_adaptor.c", line 703: Warning:  #513-D: a value of type "kal_uint32 *" cannot be assigned to an entity of type "kal_int32 *"
  	local_param_ptr->return_val = &adatpor_return_val;
  	                            ^
"gps\src\gps_adaptor.c", line 899: Warning:  #223-D: function "GPS_Get_UART_Port" declared implicitly
  	local_param_ptr->port = GPS_Get_UART_Port();
  	                        ^
"gps\src\gps_adaptor.c", line 867: Warning:  #177-D: variable "adatpor_return_val" was declared but never referenced
  	kal_uint32 adatpor_return_val; 
  	           ^
"gps\src\gps_adaptor.c", line 967: Warning:  #223-D: function "GPS_Get_UART_Port" declared implicitly
  	local_param_ptr->port = GPS_Get_UART_Port();
  	                        ^
"gps\src\gps_adaptor.c", line 990: Warning:  #68-D: integer conversion resulted in a change of sign
  	timer_data.result=-1;
  	                  ^
"gps\src\gps_adaptor.c", line 997: Warning:  #513-D: a value of type "kal_uint32 *" cannot be assigned to an entity of type "kal_int32 *"
  		local_param_ptr->return_val = &adatpor_return_val;
  		                            ^
"gps\src\gps_adaptor.c", line 1110: Warning:  #186-D: pointless comparison of unsigned integer with zero
  			   (assist_data.u1HOUR>= 0)  && (assist_data.u1HOUR<= 24) && 
  			                      ^
"gps\src\gps_adaptor.c", line 1111: Warning:  #186-D: pointless comparison of unsigned integer with zero
  			   (assist_data.u1MIN>= 0)  && (assist_data.u1MIN<= 60) &&
  			                     ^
"gps\src\gps_adaptor.c", line 1112: Warning:  #186-D: pointless comparison of unsigned integer with zero
  			   (assist_data.u1SEC>= 0)  && (assist_data.u1SEC<= 60))    
  			                     ^
"gps\src\gps_adaptor.c", line 1025: Warning:  #177-D: variable "timer_data" was declared but never referenced
  	gps_timer_data_struct timer_data;
  	                      ^
"gps\src\gps_adaptor.c", line 1026: Warning:  #177-D: variable "adatpor_return_val" was declared but never referenced
  	kal_uint32 adatpor_return_val; 
  	           ^
"gps\src\gps_adaptor.c", line 1235: Warning:  #550-D: variable "timer_data" was set but never used
  	gps_timer_data_struct timer_data;
  	                      ^
"gps\src\gps_adaptor.c", line 1236: Warning:  #177-D: variable "adatpor_return_val" was declared but never referenced
  	kal_uint32 adatpor_return_val; 
  	           ^
"gps\src\gps_adaptor.c", line 1332: Warning:  #223-D: function "gpsadaptor_agps_hdlr" declared implicitly
  			gpsadaptor_agps_hdlr(ilm_ptr);
  			^
"gps\src\gps_adaptor.c", line 1337: Warning:  #223-D: function "agps_adaptor_set_config" declared implicitly
  			agps_adaptor_set_config(1, config->server, config->port, config->use_tls);
  			^
"gps\src\gps_adaptor.c", line 1338: Warning:  #223-D: function "agps_adaptor_set_accout_id" declared implicitly
  			agps_adaptor_set_accout_id(config->account_id);
  			^
"gps\src\gps_adaptor.c", line 1342: Warning:  #223-D: function "agps_adaptor_set_config" declared implicitly
  		agps_adaptor_set_config(0, 0, 0, 0);
  		^
"gps\src\gps_adaptor.c", line 1343: Warning:  #223-D: function "agps_adaptor_set_accout_id" declared implicitly
  		agps_adaptor_set_accout_id(0xffffffff);
  		^
"gps\src\gps_adaptor.c", line 1348: Warning:  #223-D: function "gpsadaptor_agps_test_handler" declared implicitly
  		gpsadaptor_agps_test_handler(ilm_ptr);
  		^
"gps\src\gps_adaptor.c", line 1393: Warning:  #223-D: function "L1SM_GetHandle" declared implicitly
  	mtk_gps_adaptor_sleep_handle = L1SM_GetHandle();  
  	                               ^
"gps\src\gps_adaptor.c", line 1450: Warning:  #223-D: function "GPS_Get_UART_Port" declared implicitly
  	local_param_ptr->port = GPS_Get_UART_Port();
  	                        ^
"gps\src\gps_adaptor.c", line 1454: Warning:  #513-D: a value of type "kal_uint32 *" cannot be assigned to an entity of type "kal_int32 *"
  	local_param_ptr->return_val = &adatpor_return_val;
  	                            ^
"gps\src\gps_adaptor.c", line 1447: Warning:  #177-D: variable "event_group" was declared but never referenced
  	kal_uint32 event_group;
  	           ^
gps\src\gps_adaptor.c: 30 warnings, 0 errors
Compiling gps\src\gps_auth.c ... 
Compiling gps\src\gps_init.c ... 
"gps\src\gps_init.c", line 844: Warning:  #174-D: expression has no effect
          GPS_DEBUG_OUTPUT(GPS_DBG_INF, "[GPS_UTC_Init]UTC time is invalid");
          ^
"gps\src\gps_init.c", line 863: Warning:  #174-D: expression has no effect
      GPS_DEBUG_OUTPUT(GPS_DBG_INF, 
      ^
"gps\src\gps_init.c", line 2286: Warning:  #174-D: expression has no effect
          GPS_DEBUG_OUTPUT(GPS_DBG_INF, "[NVRAM Wrtie]OK!");       
          ^
"gps\src\gps_init.c", line 2298: Warning:  #174-D: expression has no effect
          GPS_DEBUG_OUTPUT(GPS_DBG_INF, "[NVRAM Wrtie]Failed!");        
          ^
gps\src\gps_init.c: 4 warnings, 0 errors
Compiling gps\src\gps_inject_msg.c ... 
Compiling gps\src\gps_main.c ... 
"gps\src\gps_main.c", line 273: Warning:  #223-D: function "epo_bt_download_message_handler" declared implicitly
          epo_bt_download_message_handler(ilm_ptr);
          ^
"gps\src\gps_main.c", line 225: Warning:  #177-D: variable "temp_long" was declared but never referenced
      double      temp_long,temp_lati;
                  ^
"gps\src\gps_main.c", line 225: Warning:  #177-D: variable "temp_lati" was declared but never referenced
      double      temp_long,temp_lati;
                            ^
"gps\src\gps_main.c", line 591: Warning:  #177-D: function "gps_get_supl_ref_location" was declared but never referenced
  kal_bool gps_get_supl_ref_location(double *latitude, double *longitude)
           ^
gps\src\gps_main.c: 4 warnings, 0 errors
Compiling gps\src\gps_modem.c ... 
Compiling gps\src\gps_sm.c ... 
Compiling gps\src\gps_uart.c ... 
"gps\src\gps_uart.c", line 345: Warning:  #174-D: expression has no effect
      GPS_DEBUG_OUTPUT(GPS_DBG_INF, "[GPS_SetUART]baudrate=%d", baudrate);
      ^
gps\src\gps_uart.c: 1 warning, 0 errors
Compiling wapadp\src\wap_cmmn_utils.c ... 
make[2]: Entering directory `D:/MTK/MTK2503/MTK2503/11CW1418SP4_03_CORETEK03AE_11C_V1_GPRS_MMI'
CFLAGS = --cpu ARM7EJ-S --littleend -O3 --remove_unneeded_entities -D__RVCT__ -JC:\ARM\RVCT\Data\3.1\569\include\windows --fpmode=ieee_fixed --split_sections --diag_suppress 1,1295,1296,2548 --dwarf2 -D__SERIAL_FLASH_EN__ -D__SERIAL_FLASH_SUPPORT__ --bss_threshold=0
CPLUSFLAGS = --cpp --cpu ARM7EJ-S --littleend -O3 --remove_unneeded_entities -D__RVCT__ -JC:\ARM\RVCT\Data\3.1\569\include\windows --fpmode=ieee_fixed --split_sections --diag_suppress 1,1295,1296,2548 --dwarf2 --bss_threshold=0
AFLAGS = --debug --littleend --cpu ARM7EJ-S --apcs /interwork -16
ADEFS = -pd "MT2502 SETL {TRUE}" -pd "MT2502_S00 SETL {TRUE}" -pd "__SV5_ENABLED__ SETL {TRUE}" -pd "__EVENT_BASED_TIMER__ SETL {TRUE}" -pd "__PRODUCTION_RELEASE__ SETL {TRUE}" -pd "KAL_ON_NUCLEUS SETL {TRUE}" -pd "__CHIP_VERSION_CHECK__ SETL {TRUE}" -pd "__KEYPAD_DEBUG_TRACE__ SETL {TRUE}" -pd "ESAL_AR_STK_FPU_SUPPORT SETL {FALSE}" -pd "__ARM_FPUV2__ SETL {FALSE}" -pd "__SERIAL_FLASH_EN__ SETL {TRUE}" -pd "__SERIAL_FLASH_SUPPORT__ SETL {TRUE}"
C:\ARM\RVCT\Programs\3.1\569\win_32-pentium\armar.exe -create ./build/CORETEK03AE_11C/gprs/MT2502o/lib/gps.lib --via .\build\CORETEK03AE_11C\gprs\MT2502o\gps\gps_sort.via
Warning: L3910W: Old syntax, please use '--create'.
./build/CORETEK03AE_11C/gprs/MT2502o/lib/gps.lib is updated

.\build\CORETEK03AE_11C\gprs\MT2502r\gps_dep\agps_adaptor.det



.\build\CORETEK03AE_11C\gprs\MT2502r\gps_dep\agps_setting.det



.\build\CORETEK03AE_11C\gprs\MT2502r\gps_dep\epodownload.det



.\build\CORETEK03AE_11C\gprs\MT2502r\gps_dep\gps_adaptor.det



.\build\CORETEK03AE_11C\gprs\MT2502r\gps_dep\gps_auth.det



.\build\CORETEK03AE_11C\gprs\MT2502r\gps_dep\gps_init.det



.\build\CORETEK03AE_11C\gprs\MT2502r\gps_dep\gps_inject_msg.det



.\build\CORETEK03AE_11C\gprs\MT2502r\gps_dep\gps_main.det



.\build\CORETEK03AE_11C\gprs\MT2502r\gps_dep\gps_modem.det



.\build\CORETEK03AE_11C\gprs\MT2502r\gps_dep\gps_sm.det



.\build\CORETEK03AE_11C\gprs\MT2502r\gps_dep\gps_uart.det



.\build\CORETEK03AE_11C\gprs\MT2502r\gps_dep\wap_cmmn_utils.det


Processing agps_adaptor.det agps_setting.det epodownload.det gps_adaptor.det gps_auth.det gps_init.det gps_inject_msg.det gps_main.det gps_modem.det gps_sm.det gps_uart.det wap_cmmn_utils.det
make[2]: Leaving directory `D:/MTK/MTK2503/MTK2503/11CW1418SP4_03_CORETEK03AE_11C_V1_GPRS_MMI'
