Module init is in DEFALUT mode
Compiling init\src\code_decompression.c ... 
Compiling init\src\l6478e.s ... 
Warning: A3910W: Old syntax, please use '--16'.
Warning: A3910W: Old syntax, please use '--pd'.
Warning: A3910W: Old syntax, please use '--pd'.
Warning: A3910W: Old syntax, please use '--pd'.
Warning: A3910W: Old syntax, please use '--pd'.
Warning: A3910W: Old syntax, please use '--pd'.
Warning: A3910W: Old syntax, please use '--pd'.
Warning: A3910W: Old syntax, please use '--pd'.
Warning: A3910W: Old syntax, please use '--pd'.
Warning: A3910W: Old syntax, please use '--pd'.
Warning: A3910W: Old syntax, please use '--pd'.
Warning: A3910W: Old syntax, please use '--pd'.
Warning: A3910W: Old syntax, please use '--pd'.
Warning: A3910W: Old syntax, please use '--pd'.
Warning: A3910W: Old syntax, please use '--pd'.
Warning: A3910W: Old syntax, please use '--pd'.
Warning: A3910W: Old syntax, please use '--pd'.
Warning: A3910W: Old syntax, please use '--pd'.
Warning: A3910W: Old syntax, please use '--pd'.
Warning: A3910W: Old syntax, please use '--pd'.
Warning: A3910W: Old syntax, please use '--pd'.
0 Errors, 21 Warnings
make[2]: Entering directory `D:/MTK/MTK2503/MTK2503/11CW1418SP4_03_CORETEK03AE_11C_V1_GPRS_MMI'
CFLAGS = --cpu ARM7EJ-S --littleend -O3 --remove_unneeded_entities -D__RVCT__ -JC:\ARM\RVCT\Data\3.1\569\include\windows --fpmode=ieee_fixed --split_sections --diag_suppress 1,1295,1296,2548 --dwarf2 -D__BL_ENABLE__ -DREMAPPING -D__SERIAL_FLASH_EN__ -D__SERIAL_FLASH_SUPPORT__ --bss_threshold=0
CPLUSFLAGS = --cpp --cpu ARM7EJ-S --littleend -O3 --remove_unneeded_entities -D__RVCT__ -JC:\ARM\RVCT\Data\3.1\569\include\windows --fpmode=ieee_fixed --split_sections --diag_suppress 1,1295,1296,2548 --dwarf2 --bss_threshold=0
AFLAGS = --debug --littleend --cpu ARM7EJ-S --apcs /interwork -16
ADEFS = -pd "APCS_INTWORK SETL {TRUE}" -pd "MT2502 SETL {TRUE}" -pd "__BL_ENABLE__ SETL {TRUE}" -pd "REMAPPING SETL {TRUE}" -pd "SINGLE_BANK_SUPPORT SETL {TRUE}" -pd "REMAPPING SETL {TRUE}" -pd "MT2502 SETL {TRUE}" -pd "MT2502_S00 SETL {TRUE}" -pd "__SV5_ENABLED__ SETL {TRUE}" -pd "__BL_ENABLE__ SETL {TRUE}" -pd "REMAPPING SETL {TRUE}" -pd "__EVENT_BASED_TIMER__ SETL {TRUE}" -pd "__PRODUCTION_RELEASE__ SETL {TRUE}" -pd "KAL_ON_NUCLEUS SETL {TRUE}" -pd "__CHIP_VERSION_CHECK__ SETL {TRUE}" -pd "__KEYPAD_DEBUG_TRACE__ SETL {TRUE}" -pd "ESAL_AR_STK_FPU_SUPPORT SETL {FALSE}" -pd "__ARM_FPUV2__ SETL {FALSE}" -pd "__SERIAL_FLASH_EN__ SETL {TRUE}" -pd "__SERIAL_FLASH_SUPPORT__ SETL {TRUE}"
C:\ARM\RVCT\Programs\3.1\569\win_32-pentium\armar.exe -create ./build/CORETEK03AE_11C/gprs/MT2502o/lib/init.lib --via .\build\CORETEK03AE_11C\gprs\MT2502o\init\init_sort.via
Warning: L3910W: Old syntax, please use '--create'.
./build/CORETEK03AE_11C/gprs/MT2502o/lib/init.lib is updated

.\build\CORETEK03AE_11C\gprs\MT2502r\init_dep\code_decompression.det



.\build\CORETEK03AE_11C\gprs\MT2502r\init_dep\l6478e.det


Processing code_decompression.det l6478e.det
make[2]: Leaving directory `D:/MTK/MTK2503/MTK2503/11CW1418SP4_03_CORETEK03AE_11C_V1_GPRS_MMI'
