Module l1_ext is in DEFALUT mode
Compiling l1_dm\l1d_ext\l1d_data.c ... 
Compiling l1_dm\l1d_ext\m12190.c ... 
Compiling l1_dm\l1d_ext\m12191.c ... 
Compiling l1_dm\l1d_ext\m12192.c ... 
Compiling l1_dm\l1d_ext\m12194.c ... 
Compiling l1_dm\l1d_ext\m12195.c ... 
Compiling l1_dm\l1d_ext\m12196.c ... 
make[2]: Entering directory `D:/MTK/MTK2503/MTK2503/11CW1418SP4_03_CORETEK03AE_11C_V1_GPRS_MMI'
CFLAGS = --cpu ARM7EJ-S --littleend -O3 --remove_unneeded_entities -D__RVCT__ -JC:\ARM\RVCT\Data\3.1\569\include\windows --fpmode=ieee_fixed --split_sections --diag_suppress 1,1295,1296,2548 --dwarf2 -D__SERIAL_FLASH_EN__ -D__SERIAL_FLASH_SUPPORT__ --bss_threshold=0
CPLUSFLAGS = --cpp --cpu ARM7EJ-S --littleend -O3 --remove_unneeded_entities -D__RVCT__ -JC:\ARM\RVCT\Data\3.1\569\include\windows --fpmode=ieee_fixed --split_sections --diag_suppress 1,1295,1296,2548 --dwarf2 --bss_threshold=0
AFLAGS = --debug --littleend --cpu ARM7EJ-S --apcs /interwork -16
ADEFS = -pd "MT2502 SETL {TRUE}" -pd "MT2502_S00 SETL {TRUE}" -pd "__SV5_ENABLED__ SETL {TRUE}" -pd "__EVENT_BASED_TIMER__ SETL {TRUE}" -pd "__PRODUCTION_RELEASE__ SETL {TRUE}" -pd "KAL_ON_NUCLEUS SETL {TRUE}" -pd "__CHIP_VERSION_CHECK__ SETL {TRUE}" -pd "__KEYPAD_DEBUG_TRACE__ SETL {TRUE}" -pd "ESAL_AR_STK_FPU_SUPPORT SETL {FALSE}" -pd "__ARM_FPUV2__ SETL {FALSE}" -pd "__SERIAL_FLASH_EN__ SETL {TRUE}" -pd "__SERIAL_FLASH_SUPPORT__ SETL {TRUE}"
C:\ARM\RVCT\Programs\3.1\569\win_32-pentium\armar.exe -create ./build/CORETEK03AE_11C/gprs/MT2502o/lib/l1_ext.lib --via .\build\CORETEK03AE_11C\gprs\MT2502o\l1_ext\l1_ext_sort.via
Warning: L3910W: Old syntax, please use '--create'.
./build/CORETEK03AE_11C/gprs/MT2502o/lib/l1_ext.lib is updated

.\build\CORETEK03AE_11C\gprs\MT2502r\l1_ext_dep\l1d_data.det



.\build\CORETEK03AE_11C\gprs\MT2502r\l1_ext_dep\m12190.det



.\build\CORETEK03AE_11C\gprs\MT2502r\l1_ext_dep\m12191.det



.\build\CORETEK03AE_11C\gprs\MT2502r\l1_ext_dep\m12192.det



.\build\CORETEK03AE_11C\gprs\MT2502r\l1_ext_dep\m12194.det



.\build\CORETEK03AE_11C\gprs\MT2502r\l1_ext_dep\m12195.det



.\build\CORETEK03AE_11C\gprs\MT2502r\l1_ext_dep\m12196.det


Processing l1d_data.det m12190.det m12191.det m12192.det m12194.det m12195.det m12196.det
make[2]: Leaving directory `D:/MTK/MTK2503/MTK2503/11CW1418SP4_03_CORETEK03AE_11C_V1_GPRS_MMI'
