Module l4misc is in DEFALUT mode
Compiling ps\l4\l4a\src\l4a_callback.c ... 
"header_temp\mmi_sm_enums.h", line 135: Warning:  #47-D: incompatible redefinition of macro "LIMIT_CONFIG_OPTION_CONTENT_LEN" (declared at line 329 of "header_temp\ps_public_enum.h")
  #define LIMIT_CONFIG_OPTION_CONTENT_LEN 128
          ^
"header_temp\mmi_sm_enums.h", line 143: Warning:  #47-D: incompatible redefinition of macro "MAX_CONFIG_OPTION_CONTENT_LEN" (declared at line 328 of "header_temp\ps_public_enum.h")
  #define MAX_CONFIG_OPTION_CONTENT_LEN 	TCM_MAX(TCM_MAX_GPRS_USER_NAME_LEN + TCM_MAX_GPRS_PASSWORD_LEN + 6, 128) // Support PAP or CHAP ID and PW length up to 128 Bytes
          ^
"ps\l4\l4a\src\l4a_callback.c", line 6323: Warning:  #188-D: enumerated type mixed with another type
  	l4a_sendmsg_ilm_to_MMI(msg,p);
  	                       ^
"ps\l4\l4a\src\l4a_callback.c", line 6337: Warning:  #188-D: enumerated type mixed with another type
  	l4a_sendmsg_ilm_to_MMI(msg,p);
  	                       ^
"ps\l4\l4a\src\l4a_callback.c", line 6407: Warning:  #188-D: enumerated type mixed with another type
  	l4a_sendmsg_ilm_to_MMI(msg,p);
  	                       ^
"ps\l4\l4a\src\l4a_callback.c", line 6421: Warning:  #188-D: enumerated type mixed with another type
  	l4a_sendmsg_ilm_to_MMI(msg,p);
  	                       ^
"ps\l4\l4a\src\l4a_callback.c", line 6431: Warning:  #188-D: enumerated type mixed with another type
  	l4a_sendmsg_ilm_to_MMI(msg,p);
  	                       ^
"ps\l4\l4a\src\l4a_callback.c", line 6443: Warning:  #188-D: enumerated type mixed with another type
  	l4a_sendmsg_ilm_to_MMI(msg,p);
  	                       ^
"ps\l4\l4a\src\l4a_callback.c", line 6471: Warning:  #188-D: enumerated type mixed with another type
  	l4a_sendmsg_ilm_to_MMI(msg,p);
  	                       ^
"ps\l4\l4a\src\l4a_callback.c", line 6513: Warning:  #188-D: enumerated type mixed with another type
  	l4a_sendmsg_ilm_to_MMI(msg,p);
  	                       ^
"ps\l4\l4a\src\l4a_callback.c", line 6527: Warning:  #188-D: enumerated type mixed with another type
  	l4a_sendmsg_ilm_to_MMI(msg,p);
  	                       ^
"ps\l4\l4a\src\l4a_callback.c", line 6541: Warning:  #188-D: enumerated type mixed with another type
  	l4a_sendmsg_ilm_to_MMI(msg,p);
  	                       ^
"ps\l4\l4a\src\l4a_callback.c", line 6569: Warning:  #188-D: enumerated type mixed with another type
  	l4a_sendmsg_ilm_to_MMI(msg,p);
  	                       ^
"ps\l4\l4a\src\l4a_callback.c", line 6583: Warning:  #188-D: enumerated type mixed with another type
  	l4a_sendmsg_ilm_to_MMI(msg,p);
  	                       ^
"ps\l4\l4a\src\l4a_callback.c", line 6597: Warning:  #188-D: enumerated type mixed with another type
  	l4a_sendmsg_ilm_to_MMI(msg,p);
  	                       ^
"ps\l4\l4a\src\l4a_callback.c", line 6625: Warning:  #188-D: enumerated type mixed with another type
  	l4a_sendmsg_ilm_to_MMI(msg,p);
  	                       ^
"ps\l4\l4a\src\l4a_callback.c", line 6639: Warning:  #188-D: enumerated type mixed with another type
  	l4a_sendmsg_ilm_to_MMI(msg,p);
  	                       ^
"ps\l4\l4a\src\l4a_callback.c", line 6653: Warning:  #188-D: enumerated type mixed with another type
  	l4a_sendmsg_ilm_to_MMI(msg,p);
  	                       ^
"ps\l4\l4a\src\l4a_callback.c", line 6667: Warning:  #188-D: enumerated type mixed with another type
  	l4a_sendmsg_ilm_to_MMI(msg,p);
  	                       ^
"ps\l4\l4a\src\l4a_callback.c", line 6681: Warning:  #188-D: enumerated type mixed with another type
  	l4a_sendmsg_ilm_to_MMI(msg,p);
  	                       ^
"ps\l4\l4a\src\l4a_callback.c", line 6695: Warning:  #188-D: enumerated type mixed with another type
  	l4a_sendmsg_ilm_to_MMI(msg,p);
  	                       ^
"ps\l4\l4a\src\l4a_callback.c", line 6709: Warning:  #188-D: enumerated type mixed with another type
  	l4a_sendmsg_ilm_to_MMI(msg,p);
  	                       ^
"ps\l4\l4a\src\l4a_callback.c", line 6723: Warning:  #188-D: enumerated type mixed with another type
  	l4a_sendmsg_ilm_to_MMI(msg,p);
  	                       ^
"ps\l4\l4a\src\l4a_callback.c", line 6737: Warning:  #188-D: enumerated type mixed with another type
  	l4a_sendmsg_ilm_to_MMI(msg,p);
  	                       ^
"ps\l4\l4a\src\l4a_callback.c", line 6751: Warning:  #188-D: enumerated type mixed with another type
  	l4a_sendmsg_ilm_to_MMI(msg,p);
  	                       ^
"ps\l4\l4a\src\l4a_callback.c", line 6779: Warning:  #188-D: enumerated type mixed with another type
  	l4a_sendmsg_ilm_to_MMI(msg,p);
  	                       ^
"ps\l4\l4a\src\l4a_callback.c", line 6807: Warning:  #188-D: enumerated type mixed with another type
  	l4a_sendmsg_ilm_to_MMI(msg,p);
  	                       ^
"ps\l4\l4a\src\l4a_callback.c", line 6821: Warning:  #188-D: enumerated type mixed with another type
  	l4a_sendmsg_ilm_to_MMI(msg,p);
  	                       ^
"ps\l4\l4a\src\l4a_callback.c", line 6835: Warning:  #188-D: enumerated type mixed with another type
  	l4a_sendmsg_ilm_to_MMI(msg,p);
  	                       ^
"ps\l4\l4a\src\l4a_callback.c", line 6852: Warning:  #188-D: enumerated type mixed with another type
  	l4a_sendmsg_ilm_to_MMI(msg,p);
  	                       ^
"ps\l4\l4a\src\l4a_callback.c", line 6866: Warning:  #188-D: enumerated type mixed with another type
  	l4a_sendmsg_ilm_to_MMI(msg,p);
  	                       ^
"ps\l4\l4a\src\l4a_callback.c", line 6880: Warning:  #188-D: enumerated type mixed with another type
  	l4a_sendmsg_ilm_to_MMI(msg,p);
  	                       ^
"ps\l4\l4a\src\l4a_callback.c", line 6894: Warning:  #188-D: enumerated type mixed with another type
  	l4a_sendmsg_ilm_to_MMI(msg,p);
  	                       ^
"ps\l4\l4a\src\l4a_callback.c", line 6964: Warning:  #188-D: enumerated type mixed with another type
  	l4a_sendmsg_ilm_to_MMI(msg,p);
  	                       ^
"ps\l4\l4a\src\l4a_callback.c", line 6978: Warning:  #188-D: enumerated type mixed with another type
  	l4a_sendmsg_ilm_to_MMI(msg,p);
  	                       ^
"ps\l4\l4a\src\l4a_callback.c", line 6992: Warning:  #188-D: enumerated type mixed with another type
  	l4a_sendmsg_ilm_to_MMI(msg,p);
  	                       ^
"ps\l4\l4a\src\l4a_callback.c", line 7020: Warning:  #188-D: enumerated type mixed with another type
  	l4a_sendmsg_ilm_to_MMI(msg,p);
  	                       ^
"ps\l4\l4a\src\l4a_callback.c", line 7034: Warning:  #188-D: enumerated type mixed with another type
  	l4a_sendmsg_ilm_to_MMI(msg,p);
  	                       ^
"ps\l4\l4a\src\l4a_callback.c", line 7076: Warning:  #188-D: enumerated type mixed with another type
  	l4a_sendmsg_ilm_to_MMI(msg,p);
  	                       ^
"ps\l4\l4a\src\l4a_callback.c", line 7135: Warning:  #188-D: enumerated type mixed with another type
  	l4a_sendmsg_ilm_to_MMI(msg,p);
  	                       ^
"ps\l4\l4a\src\l4a_callback.c", line 7149: Warning:  #188-D: enumerated type mixed with another type
  	l4a_sendmsg_ilm_to_MMI(msg,p);
  	                       ^
"ps\l4\l4a\src\l4a_callback.c", line 7191: Warning:  #188-D: enumerated type mixed with another type
  	l4a_sendmsg_ilm_to_MMI(msg,p);
  	                       ^
"ps\l4\l4a\src\l4a_callback.c", line 7289: Warning:  #188-D: enumerated type mixed with another type
  	l4a_sendmsg_ilm_to_MMI(msg,p);
  	                       ^
"ps\l4\l4a\src\l4a_callback.c", line 7317: Warning:  #188-D: enumerated type mixed with another type
  	l4a_sendmsg_ilm_to_MMI(msg,p);
  	                       ^
"ps\l4\l4a\src\l4a_callback.c", line 7443: Warning:  #188-D: enumerated type mixed with another type
  	l4a_sendmsg_ilm_to_MMI(msg,p);
  	                       ^
"ps\l4\l4a\src\l4a_callback.c", line 7471: Warning:  #188-D: enumerated type mixed with another type
  	l4a_sendmsg_ilm_to_MMI(msg,p);
  	                       ^
"ps\l4\l4a\src\l4a_callback.c", line 7513: Warning:  #188-D: enumerated type mixed with another type
  	l4a_sendmsg_ilm_to_MMI(msg,p);
  	                       ^
"ps\l4\l4a\src\l4a_callback.c", line 7569: Warning:  #188-D: enumerated type mixed with another type
  	l4a_sendmsg_ilm_to_MMI(msg,p);
  	                       ^
"ps\l4\l4a\src\l4a_callback.c", line 7670: Warning:  #188-D: enumerated type mixed with another type
  	l4a_sendmsg_ilm_to_MMI(msg,p);
  	                       ^
"ps\l4\l4a\src\l4a_callback.c", line 7698: Warning:  #188-D: enumerated type mixed with another type
  	l4a_sendmsg_ilm_to_MMI(msg,p);
  	                       ^
"ps\l4\l4a\src\l4a_callback.c", line 7782: Warning:  #188-D: enumerated type mixed with another type
  	l4a_sendmsg_ilm_to_MMI(msg,p);
  	                       ^
"ps\l4\l4a\src\l4a_callback.c", line 7796: Warning:  #188-D: enumerated type mixed with another type
  	l4a_sendmsg_ilm_to_MMI(msg,p);
  	                       ^
"ps\l4\l4a\src\l4a_callback.c", line 7810: Warning:  #188-D: enumerated type mixed with another type
  	l4a_sendmsg_ilm_to_MMI(msg,p);
  	                       ^
"ps\l4\l4a\src\l4a_callback.c", line 7869: Warning:  #188-D: enumerated type mixed with another type
  	l4a_sendmsg_ilm_to_MMI(msg,p);
  	                       ^
"ps\l4\l4a\src\l4a_callback.c", line 7942: Warning:  #188-D: enumerated type mixed with another type
  	l4a_sendmsg_ilm_to_MMI(msg,p);
  	                       ^
"ps\l4\l4a\src\l4a_callback.c", line 7970: Warning:  #188-D: enumerated type mixed with another type
  	l4a_sendmsg_ilm(src,dest,msg,p);
  	                         ^
"ps\l4\l4a\src\l4a_callback.c", line 8012: Warning:  #188-D: enumerated type mixed with another type
  	l4a_sendmsg_ilm_to_MMI(msg,p);
  	                       ^
"ps\l4\l4a\src\l4a_callback.c", line 8054: Warning:  #188-D: enumerated type mixed with another type
  	l4a_sendmsg_ilm_to_MMI(msg,p);
  	                       ^
"ps\l4\l4a\src\l4a_callback.c", line 8068: Warning:  #188-D: enumerated type mixed with another type
  	l4a_sendmsg_ilm_to_MMI(msg,p);
  	                       ^
"ps\l4\l4a\src\l4a_callback.c", line 8082: Warning:  #188-D: enumerated type mixed with another type
  	l4a_sendmsg_ilm_to_MMI(msg,p);
  	                       ^
"ps\l4\l4a\src\l4a_callback.c", line 8110: Warning:  #188-D: enumerated type mixed with another type
  	l4a_sendmsg_ilm_to_MMI(msg,p);
  	                       ^
"ps\l4\l4a\src\l4a_callback.c", line 8155: Warning:  #188-D: enumerated type mixed with another type
  	l4a_sendmsg_ilm_to_MMI(msg,p);
  	                       ^
"ps\l4\l4a\src\l4a_callback.c", line 8169: Warning:  #188-D: enumerated type mixed with another type
  	l4a_sendmsg_ilm_to_MMI(msg,p);
  	                       ^
"ps\l4\l4a\src\l4a_callback.c", line 8211: Warning:  #188-D: enumerated type mixed with another type
  	l4a_sendmsg_ilm_to_MMI(msg,p);
  	                       ^
"ps\l4\l4a\src\l4a_callback.c", line 8256: Warning:  #188-D: enumerated type mixed with another type
  	l4a_sendmsg_ilm(src,dest,msg,p);
  	                         ^
"ps\l4\l4a\src\l4a_callback.c", line 8354: Warning:  #188-D: enumerated type mixed with another type
  	l4a_sendmsg_ilm_to_MMI(msg,p);
  	                       ^
"ps\l4\l4a\src\l4a_callback.c", line 8368: Warning:  #188-D: enumerated type mixed with another type
  	l4a_sendmsg_ilm_to_MMI(msg,p);
  	                       ^
"ps\l4\l4a\src\l4a_callback.c", line 8382: Warning:  #188-D: enumerated type mixed with another type
  	l4a_sendmsg_ilm_to_MMI(msg,p);
  	                       ^
"ps\l4\l4a\src\l4a_callback.c", line 8396: Warning:  #188-D: enumerated type mixed with another type
  	l4a_sendmsg_ilm_to_MMI(msg,p);
  	                       ^
"ps\l4\l4a\src\l4a_callback.c", line 8424: Warning:  #188-D: enumerated type mixed with another type
  	l4a_sendmsg_ilm_to_MMI(msg,p);
  	                       ^
"ps\l4\l4a\src\l4a_callback.c", line 8438: Warning:  #188-D: enumerated type mixed with another type
  	l4a_sendmsg_ilm_to_MMI(msg,p);
  	                       ^
"ps\l4\l4a\src\l4a_callback.c", line 8452: Warning:  #188-D: enumerated type mixed with another type
  	l4a_sendmsg_ilm_to_MMI(msg,p);
  	                       ^
"ps\l4\l4a\src\l4a_callback.c", line 8494: Warning:  #188-D: enumerated type mixed with another type
  	l4a_sendmsg_ilm_to_MMI(msg,p);
  	                       ^
"ps\l4\l4a\src\l4a_callback.c", line 8749: Warning:  #188-D: enumerated type mixed with another type
  	l4a_sendmsg_ilm_to_MMI(msg,p);
  	                       ^
"ps\l4\l4a\src\l4a_callback.c", line 8763: Warning:  #188-D: enumerated type mixed with another type
  	l4a_sendmsg_ilm_to_MMI(msg,p);
  	                       ^
"ps\l4\l4a\src\l4a_callback.c", line 8791: Warning:  #188-D: enumerated type mixed with another type
  	l4a_sendmsg_ilm_to_MMI(msg,p);
  	                       ^
"ps\l4\l4a\src\l4a_callback.c", line 8819: Warning:  #188-D: enumerated type mixed with another type
  	l4a_sendmsg_ilm_to_MMI(msg,p);
  	                       ^
"ps\l4\l4a\src\l4a_callback.c", line 8847: Warning:  #188-D: enumerated type mixed with another type
  	l4a_sendmsg_ilm_to_MMI(msg,p);
  	                       ^
"ps\l4\l4a\src\l4a_callback.c", line 8903: Warning:  #188-D: enumerated type mixed with another type
  	l4a_sendmsg_ilm_to_MMI(msg,p);
  	                       ^
"ps\l4\l4a\src\l4a_callback.c", line 8931: Warning:  #188-D: enumerated type mixed with another type
  	l4a_sendmsg_ilm_to_MMI(msg,p);
  	                       ^
"ps\l4\l4a\src\l4a_callback.c", line 8959: Warning:  #188-D: enumerated type mixed with another type
  	l4a_sendmsg_ilm_to_MMI(msg,p);
  	                       ^
"ps\l4\l4a\src\l4a_callback.c", line 8973: Warning:  #188-D: enumerated type mixed with another type
  	l4a_sendmsg_ilm_to_MMI(msg,p);
  	                       ^
"ps\l4\l4a\src\l4a_callback.c", line 9001: Warning:  #188-D: enumerated type mixed with another type
  	l4a_sendmsg_ilm_to_MMI(msg,p);
  	                       ^
"ps\l4\l4a\src\l4a_callback.c", line 9015: Warning:  #188-D: enumerated type mixed with another type
  	l4a_sendmsg_ilm_to_MMI(msg,p);
  	                       ^
"ps\l4\l4a\src\l4a_callback.c", line 9029: Warning:  #188-D: enumerated type mixed with another type
  	l4a_sendmsg_ilm_to_MMI(msg,p);
  	                       ^
"ps\l4\l4a\src\l4a_callback.c", line 9043: Warning:  #188-D: enumerated type mixed with another type
  	l4a_sendmsg_ilm_to_MMI(msg,p);
  	                       ^
"ps\l4\l4a\src\l4a_callback.c", line 9057: Warning:  #188-D: enumerated type mixed with another type
  	l4a_sendmsg_ilm_to_MMI(msg,p);
  	                       ^
"ps\l4\l4a\src\l4a_callback.c", line 9071: Warning:  #188-D: enumerated type mixed with another type
  	l4a_sendmsg_ilm_to_MMI(msg,p);
  	                       ^
"ps\l4\l4a\src\l4a_callback.c", line 9085: Warning:  #188-D: enumerated type mixed with another type
  	l4a_sendmsg_ilm_to_MMI(msg,p);
  	                       ^
"ps\l4\l4a\src\l4a_callback.c", line 9113: Warning:  #188-D: enumerated type mixed with another type
  	l4a_sendmsg_ilm_to_MMI(msg,p);
  	                       ^
"ps\l4\l4a\src\l4a_callback.c", line 9127: Warning:  #188-D: enumerated type mixed with another type
  	l4a_sendmsg_ilm_to_MMI(msg,p);
  	                       ^
"ps\l4\l4a\src\l4a_callback.c", line 9155: Warning:  #188-D: enumerated type mixed with another type
  	l4a_sendmsg_ilm_to_MMI(msg,p);
  	                       ^
"ps\l4\l4a\src\l4a_callback.c", line 9172: Warning:  #188-D: enumerated type mixed with another type
  	l4a_sendmsg_ilm_to_MMI(msg,p);
  	                       ^
"ps\l4\l4a\src\l4a_callback.c", line 9186: Warning:  #188-D: enumerated type mixed with another type
  	l4a_sendmsg_ilm_to_MMI(msg,p);
  	                       ^
"ps\l4\l4a\src\l4a_callback.c", line 9200: Warning:  #188-D: enumerated type mixed with another type
  	l4a_sendmsg_ilm_to_MMI(msg,p);
  	                       ^
"ps\l4\l4a\src\l4a_callback.c", line 9214: Warning:  #188-D: enumerated type mixed with another type
  	l4a_sendmsg_ilm_to_MMI(msg,p);
  	                       ^
"ps\l4\l4a\src\l4a_callback.c", line 9228: Warning:  #188-D: enumerated type mixed with another type
  	l4a_sendmsg_ilm_to_MMI(msg,p);
  	                       ^
"ps\l4\l4a\src\l4a_callback.c", line 9242: Warning:  #188-D: enumerated type mixed with another type
  	l4a_sendmsg_ilm_to_MMI(msg,p);
  	                       ^
"ps\l4\l4a\src\l4a_callback.c", line 9256: Warning:  #188-D: enumerated type mixed with another type
  	l4a_sendmsg_ilm_to_MMI(msg,p);
  	                       ^
"ps\l4\l4a\src\l4a_callback.c", line 9270: Warning:  #188-D: enumerated type mixed with another type
  	l4a_sendmsg_ilm_to_MMI(msg,p);
  	                       ^
"ps\l4\l4a\src\l4a_callback.c", line 9284: Warning:  #188-D: enumerated type mixed with another type
  	l4a_sendmsg_ilm_to_MMI(msg,p);
  	                       ^
"ps\l4\l4a\src\l4a_callback.c", line 9298: Warning:  #188-D: enumerated type mixed with another type
  	l4a_sendmsg_ilm_to_MMI(msg,p);
  	                       ^
"ps\l4\l4a\src\l4a_callback.c", line 9326: Warning:  #188-D: enumerated type mixed with another type
  	l4a_sendmsg_ilm_to_MMI(msg,p);
  	                       ^
"ps\l4\l4a\src\l4a_callback.c", line 9354: Warning:  #188-D: enumerated type mixed with another type
  	l4a_sendmsg_ilm_to_MMI(msg,p);
  	                       ^
"ps\l4\l4a\src\l4a_callback.c", line 9368: Warning:  #188-D: enumerated type mixed with another type
  	l4a_sendmsg_ilm_to_MMI(msg,p);
  	                       ^
"ps\l4\l4a\src\l4a_callback.c", line 9382: Warning:  #188-D: enumerated type mixed with another type
  	l4a_sendmsg_ilm_to_MMI(msg,p);
  	                       ^
"ps\l4\l4a\src\l4a_callback.c", line 9410: Warning:  #188-D: enumerated type mixed with another type
  	l4a_sendmsg_ilm_to_MMI(msg,p);
  	                       ^
"ps\l4\l4a\src\l4a_callback.c", line 9480: Warning:  #188-D: enumerated type mixed with another type
  	l4a_sendmsg_ilm_to_MMI(msg,p);
  	                       ^
"ps\l4\l4a\src\l4a_callback.c", line 9508: Warning:  #188-D: enumerated type mixed with another type
  	l4a_sendmsg_ilm_to_MMI(msg,p);
  	                       ^
"ps\l4\l4a\src\l4a_callback.c", line 9536: Warning:  #188-D: enumerated type mixed with another type
  	l4a_sendmsg_ilm_to_MMI(msg,p);
  	                       ^
"ps\l4\l4a\src\l4a_callback.c", line 9550: Warning:  #188-D: enumerated type mixed with another type
  	l4a_sendmsg_ilm_to_MMI(msg,p);
  	                       ^
"ps\l4\l4a\src\l4a_callback.c", line 9578: Warning:  #188-D: enumerated type mixed with another type
  	l4a_sendmsg_ilm_to_MMI(msg,p);
  	                       ^
"ps\l4\l4a\src\l4a_callback.c", line 9623: Warning:  #188-D: enumerated type mixed with another type
  	l4a_sendmsg_ilm_to_MMI(msg,p);
  	                       ^
"ps\l4\l4a\src\l4a_callback.c", line 9651: Warning:  #188-D: enumerated type mixed with another type
  	l4a_sendmsg_ilm_to_MMI(msg,p);
  	                       ^
"ps\l4\l4a\src\l4a_callback.c", line 9665: Warning:  #188-D: enumerated type mixed with another type
  	l4a_sendmsg_ilm_to_MMI(msg,p);
  	                       ^
"ps\l4\l4a\src\l4a_callback.c", line 9679: Warning:  #188-D: enumerated type mixed with another type
  	l4a_sendmsg_ilm_to_MMI(msg,p);
  	                       ^
"ps\l4\l4a\src\l4a_callback.c", line 9693: Warning:  #188-D: enumerated type mixed with another type
  	l4a_sendmsg_ilm_to_MMI(msg,p);
  	                       ^
"ps\l4\l4a\src\l4a_callback.c", line 9707: Warning:  #188-D: enumerated type mixed with another type
  	l4a_sendmsg_ilm_to_MMI(msg,p);
  	                       ^
"ps\l4\l4a\src\l4a_callback.c", line 9721: Warning:  #188-D: enumerated type mixed with another type
  	l4a_sendmsg_ilm_to_MMI(msg,p);
  	                       ^
"ps\l4\l4a\src\l4a_callback.c", line 9735: Warning:  #188-D: enumerated type mixed with another type
  	l4a_sendmsg_ilm_to_MMI(msg,p);
  	                       ^
"ps\l4\l4a\src\l4a_callback.c", line 9749: Warning:  #188-D: enumerated type mixed with another type
  	l4a_sendmsg_ilm_to_MMI(msg,p);
  	                       ^
"ps\l4\l4a\src\l4a_callback.c", line 9763: Warning:  #188-D: enumerated type mixed with another type
  	l4a_sendmsg_ilm_to_MMI(msg,p);
  	                       ^
"ps\l4\l4a\src\l4a_callback.c", line 9777: Warning:  #188-D: enumerated type mixed with another type
  	l4a_sendmsg_ilm_to_MMI(msg,p);
  	                       ^
"ps\l4\l4a\src\l4a_callback.c", line 9791: Warning:  #188-D: enumerated type mixed with another type
  	l4a_sendmsg_ilm_to_MMI(msg,p);
  	                       ^
"ps\l4\l4a\src\l4a_callback.c", line 9861: Warning:  #188-D: enumerated type mixed with another type
  	l4a_sendmsg_ilm_to_MMI(msg,p);
  	                       ^
"ps\l4\l4a\src\l4a_callback.c", line 9875: Warning:  #188-D: enumerated type mixed with another type
  	l4a_sendmsg_ilm_to_MMI(msg,p);
  	                       ^
"ps\l4\l4a\src\l4a_callback.c", line 9917: Warning:  #188-D: enumerated type mixed with another type
  	l4a_sendmsg_ilm_to_MMI(msg,p);
  	                       ^
"ps\l4\l4a\src\l4a_callback.c", line 9931: Warning:  #188-D: enumerated type mixed with another type
  	l4a_sendmsg_ilm_to_MMI(msg,p);
  	                       ^
"ps\l4\l4a\src\l4a_callback.c", line 9959: Warning:  #188-D: enumerated type mixed with another type
  	l4a_sendmsg_ilm_to_MMI(msg,p);
  	                       ^
"ps\l4\l4a\src\l4a_callback.c", line 9987: Warning:  #188-D: enumerated type mixed with another type
  	l4a_sendmsg_ilm_to_MMI(msg,p);
  	                       ^
"ps\l4\l4a\src\l4a_callback.c", line 10029: Warning:  #188-D: enumerated type mixed with another type
  	l4a_sendmsg_ilm_to_MMI(msg,p);
  	                       ^
"ps\l4\l4a\src\l4a_callback.c", line 10043: Warning:  #188-D: enumerated type mixed with another type
  	l4a_sendmsg_ilm_to_MMI(msg,p);
  	                       ^
"ps\l4\l4a\src\l4a_callback.c", line 10071: Warning:  #188-D: enumerated type mixed with another type
  	l4a_sendmsg_ilm_to_MMI(msg,p);
  	                       ^
"ps\l4\l4a\src\l4a_callback.c", line 10085: Warning:  #188-D: enumerated type mixed with another type
  	l4a_sendmsg_ilm_to_MMI(msg,p);
  	                       ^
"ps\l4\l4a\src\l4a_callback.c", line 10099: Warning:  #188-D: enumerated type mixed with another type
  	l4a_sendmsg_ilm_to_MMI(msg,p);
  	                       ^
"ps\l4\l4a\src\l4a_callback.c", line 10113: Warning:  #188-D: enumerated type mixed with another type
  	l4a_sendmsg_ilm_to_MMI(msg,p);
  	                       ^
"ps\l4\l4a\src\l4a_callback.c", line 10127: Warning:  #188-D: enumerated type mixed with another type
  	l4a_sendmsg_ilm_to_MMI(msg,p);
  	                       ^
"ps\l4\l4a\src\l4a_callback.c", line 10155: Warning:  #188-D: enumerated type mixed with another type
  	l4a_sendmsg_ilm_to_MMI(msg,p);
  	                       ^
"ps\l4\l4a\src\l4a_callback.c", line 10169: Warning:  #188-D: enumerated type mixed with another type
  	l4a_sendmsg_ilm_to_MMI(msg,p);
  	                       ^
"ps\l4\l4a\src\l4a_callback.c", line 10183: Warning:  #188-D: enumerated type mixed with another type
  	l4a_sendmsg_ilm_to_MMI(msg,p);
  	                       ^
"ps\l4\l4a\src\l4a_callback.c", line 10197: Warning:  #188-D: enumerated type mixed with another type
  	l4a_sendmsg_ilm_to_MMI(msg,p);
  	                       ^
"ps\l4\l4a\src\l4a_callback.c", line 10211: Warning:  #188-D: enumerated type mixed with another type
  	l4a_sendmsg_ilm_to_MMI(msg,p);
  	                       ^
"ps\l4\l4a\src\l4a_callback.c", line 10225: Warning:  #188-D: enumerated type mixed with another type
  	l4a_sendmsg_ilm_to_MMI(msg,p);
  	                       ^
"ps\l4\l4a\src\l4a_callback.c", line 10239: Warning:  #188-D: enumerated type mixed with another type
  	l4a_sendmsg_ilm_to_MMI(msg,p);
  	                       ^
"ps\l4\l4a\src\l4a_callback.c", line 10253: Warning:  #188-D: enumerated type mixed with another type
  	l4a_sendmsg_ilm_to_MMI(msg,p);
  	                       ^
"ps\l4\l4a\src\l4a_callback.c", line 10267: Warning:  #188-D: enumerated type mixed with another type
  	l4a_sendmsg_ilm_to_MMI(msg,p);
  	                       ^
"ps\l4\l4a\src\l4a_callback.c", line 10351: Warning:  #188-D: enumerated type mixed with another type
  	l4a_sendmsg_ilm_to_MMI(msg,p);
  	                       ^
"ps\l4\l4a\src\l4a_callback.c", line 10379: Warning:  #188-D: enumerated type mixed with another type
  	l4a_sendmsg_ilm_to_MMI(msg,p);
  	                       ^
"ps\l4\l4a\src\l4a_callback.c", line 10407: Warning:  #188-D: enumerated type mixed with another type
  	l4a_sendmsg_ilm_to_MMI(msg,p);
  	                       ^
"ps\l4\l4a\src\l4a_callback.c", line 10435: Warning:  #188-D: enumerated type mixed with another type
  	l4a_sendmsg_ilm_to_MMI(msg,p);
  	                       ^
"ps\l4\l4a\src\l4a_callback.c", line 10533: Warning:  #188-D: enumerated type mixed with another type
  	l4a_sendmsg_ilm_to_MMI(msg,p);
  	                       ^
"ps\l4\l4a\src\l4a_callback.c", line 10606: Warning:  #188-D: enumerated type mixed with another type
  	l4a_sendmsg_ilm_to_MMI(msg,p);
  	                       ^
"ps\l4\l4a\src\l4a_callback.c", line 10690: Warning:  #188-D: enumerated type mixed with another type
  	l4a_sendmsg_ilm_to_MMI(msg,p);
  	                       ^
"ps\l4\l4a\src\l4a_callback.c", line 10718: Warning:  #188-D: enumerated type mixed with another type
  	l4a_sendmsg_ilm_to_MMI(msg,p);
  	                       ^
"ps\l4\l4a\src\l4a_callback.c", line 10774: Warning:  #188-D: enumerated type mixed with another type
  	l4a_sendmsg_ilm_to_MMI(msg,p);
  	                       ^
"ps\l4\l4a\src\l4a_callback.c", line 10847: Warning:  #188-D: enumerated type mixed with another type
  	l4a_sendmsg_ilm_to_MMI(msg,p);
  	                       ^
"ps\l4\l4a\src\l4a_callback.c", line 10875: Warning:  #188-D: enumerated type mixed with another type
  	l4a_sendmsg_ilm_to_MMI(msg,p);
  	                       ^
"ps\l4\l4a\src\l4a_callback.c", line 10903: Warning:  #188-D: enumerated type mixed with another type
  	l4a_sendmsg_ilm_to_MMI(msg,p);
  	                       ^
"ps\l4\l4a\src\l4a_callback.c", line 10931: Warning:  #188-D: enumerated type mixed with another type
  	l4a_sendmsg_ilm_to_MMI(msg,p);
  	                       ^
"ps\l4\l4a\src\l4a_callback.c", line 10959: Warning:  #188-D: enumerated type mixed with another type
  	l4a_sendmsg_ilm_to_MMI(msg,p);
  	                       ^
"ps\l4\l4a\src\l4a_callback.c", line 10987: Warning:  #188-D: enumerated type mixed with another type
  	l4a_sendmsg_ilm_to_MMI(msg,p);
  	                       ^
"ps\l4\l4a\src\l4a_callback.c", line 11071: Warning:  #188-D: enumerated type mixed with another type
  	l4a_sendmsg_ilm_to_MMI(msg,p);
  	                       ^
"ps\l4\l4a\src\l4a_callback.c", line 11085: Warning:  #188-D: enumerated type mixed with another type
  	l4a_sendmsg_ilm_to_MMI(msg,p);
  	                       ^
"ps\l4\l4a\src\l4a_callback.c", line 11113: Warning:  #188-D: enumerated type mixed with another type
  	l4a_sendmsg_ilm_to_MMI(msg,p);
  	                       ^
"ps\l4\l4a\src\l4a_callback.c", line 11155: Warning:  #188-D: enumerated type mixed with another type
  	l4a_sendmsg_ilm_to_MMI(msg,p);
  	                       ^
"ps\l4\l4a\src\l4a_callback.c", line 11169: Warning:  #188-D: enumerated type mixed with another type
  	l4a_sendmsg_ilm_to_MMI(msg,p);
  	                       ^
"ps\l4\l4a\src\l4a_callback.c", line 11197: Warning:  #188-D: enumerated type mixed with another type
  	l4a_sendmsg_ilm_to_MMI(msg,p);
  	                       ^
"ps\l4\l4a\src\l4a_callback.c", line 11239: Warning:  #188-D: enumerated type mixed with another type
  	l4a_sendmsg_ilm_to_MMI(msg,p);
  	                       ^
"ps\l4\l4a\src\l4a_callback.c", line 11267: Warning:  #188-D: enumerated type mixed with another type
  	l4a_sendmsg_ilm_to_MMI(msg,p);
  	                       ^
"ps\l4\l4a\src\l4a_callback.c", line 11281: Warning:  #188-D: enumerated type mixed with another type
  	l4a_sendmsg_ilm_to_MMI(msg,p);
  	                       ^
"ps\l4\l4a\src\l4a_callback.c", line 11365: Warning:  #188-D: enumerated type mixed with another type
  	l4a_sendmsg_ilm_to_MMI(msg,p);
  	                       ^
"ps\l4\l4a\src\l4a_callback.c", line 11393: Warning:  #188-D: enumerated type mixed with another type
  	l4a_sendmsg_ilm_to_MMI(msg,p);
  	                       ^
"ps\l4\l4a\src\l4a_callback.c", line 11407: Warning:  #188-D: enumerated type mixed with another type
  	l4a_sendmsg_ilm_to_MMI(msg,p);
  	                       ^
"ps\l4\l4a\src\l4a_callback.c", line 11421: Warning:  #188-D: enumerated type mixed with another type
  	l4a_sendmsg_ilm_to_MMI(msg,p);
  	                       ^
"ps\l4\l4a\src\l4a_callback.c", line 11761: Warning:  #188-D: enumerated type mixed with another type
  	l4a_sendmsg_ilm_to_MMI(msg,p);
  	                       ^
"ps\l4\l4a\src\l4a_callback.c", line 11803: Warning:  #188-D: enumerated type mixed with another type
  	l4a_sendmsg_ilm_to_MMI(msg,p);
  	                       ^
"ps\l4\l4a\src\l4a_callback.c", line 11819: Warning:  #188-D: enumerated type mixed with another type
  	l4a_sendmsg_ilm_to_MMI(msg,p);
  	                       ^
"ps\l4\l4a\src\l4a_callback.c", line 11847: Warning:  #188-D: enumerated type mixed with another type
  	l4a_sendmsg_ilm_to_MMI(msg,p);
  	                       ^
"ps\l4\l4a\src\l4a_callback.c", line 11918: Warning:  #188-D: enumerated type mixed with another type
  	l4a_sendmsg_ilm_to_MMI(msg,p);
  	                       ^
"ps\l4\l4a\src\l4a_callback.c", line 11960: Warning:  #188-D: enumerated type mixed with another type
  	l4a_sendmsg_ilm_to_MMI(msg,p);
  	                       ^
"ps\l4\l4a\src\l4a_callback.c", line 11988: Warning:  #188-D: enumerated type mixed with another type
  	l4a_sendmsg_ilm_to_MMI(msg,p);
  	                       ^
"ps\l4\l4a\src\l4a_callback.c", line 12016: Warning:  #188-D: enumerated type mixed with another type
  	l4a_sendmsg_ilm_to_MMI(msg,p);
  	                       ^
"ps\l4\l4a\src\l4a_callback.c", line 12086: Warning:  #188-D: enumerated type mixed with another type
  	l4a_sendmsg_ilm_to_MMI(msg,p);
  	                       ^
"ps\l4\l4a\src\l4a_callback.c", line 12099: Warning:  #1256-D: "kal_int8" would have been promoted to "int" when passed through the ellipsis parameter; use the latter type instead
  	assignS(0,kal_int8) 
  	^
"ps\l4\l4a\src\l4a_callback.c", line 12100: Warning:  #188-D: enumerated type mixed with another type
  	l4a_sendmsg_ilm_to_MMI(msg,p);
  	                       ^
"ps\l4\l4a\src\l4a_callback.c", line 12128: Warning:  #188-D: enumerated type mixed with another type
  	l4a_sendmsg_ilm_to_MMI(msg,p);
  	                       ^
"ps\l4\l4a\src\l4a_callback.c", line 12156: Warning:  #188-D: enumerated type mixed with another type
  	l4a_sendmsg_ilm_to_MMI(msg,p);
  	                       ^
"ps\l4\l4a\src\l4a_callback.c", line 12274: Warning:  #188-D: enumerated type mixed with another type
  	l4a_sendmsg_ilm_to_WAP(msg,p);
  	                       ^
"ps\l4\l4a\src\l4a_callback.c", line 12288: Warning:  #188-D: enumerated type mixed with another type
  	l4a_sendmsg_ilm_to_WAP(msg,p);
  	                       ^
"ps\l4\l4a\src\l4a_callback.c", line 12302: Warning:  #188-D: enumerated type mixed with another type
  	l4a_sendmsg_ilm_to_WAP(msg,p);
  	                       ^
"ps\l4\l4a\src\l4a_callback.c", line 12316: Warning:  #188-D: enumerated type mixed with another type
  	l4a_sendmsg_ilm_to_WAP(msg,p);
  	                       ^
"ps\l4\l4a\src\l4a_callback.c", line 12358: Warning:  #188-D: enumerated type mixed with another type
  	l4a_sendmsg_ilm_to_MMI(msg,p);
  	                       ^
"ps\l4\l4a\src\l4a_callback.c", line 12372: Warning:  #188-D: enumerated type mixed with another type
  	l4a_sendmsg_ilm_to_MMI(msg,p);
  	                       ^
"ps\l4\l4a\src\l4a_callback.c", line 12386: Warning:  #188-D: enumerated type mixed with another type
  	l4a_sendmsg_ilm_to_MMI(msg,p);
  	                       ^
"ps\l4\l4a\src\l4a_callback.c", line 12414: Warning:  #188-D: enumerated type mixed with another type
  	l4a_sendmsg_ilm_to_MMI(msg,p);
  	                       ^
"ps\l4\l4a\src\l4a_callback.c", line 12428: Warning:  #188-D: enumerated type mixed with another type
  	l4a_sendmsg_ilm_to_MMI(msg,p);
  	                       ^
"ps\l4\l4a\src\l4a_callback.c", line 12456: Warning:  #188-D: enumerated type mixed with another type
  	l4a_sendmsg_ilm_to_MMI(msg,p);
  	                       ^
"ps\l4\l4a\src\l4a_callback.c", line 12472: Warning:  #188-D: enumerated type mixed with another type
  	l4a_sendmsg_ilm_to_MMI(msg,p);
  	                       ^
"ps\l4\l4a\src\l4a_callback.c", line 12486: Warning:  #188-D: enumerated type mixed with another type
  	l4a_sendmsg_ilm_to_MMI(msg,p);
  	                       ^
"ps\l4\l4a\src\l4a_callback.c", line 12796: Warning:  #188-D: enumerated type mixed with another type
  	l4a_sendmsg_ilm_to_MMI(msg,p);
  	                       ^
"ps\l4\l4a\src\l4a_callback.c", line 12824: Warning:  #188-D: enumerated type mixed with another type
  	l4a_sendmsg_ilm_to_MMI(msg,p);
  	                       ^
"ps\l4\l4a\src\l4a_callback.c", line 12866: Warning:  #188-D: enumerated type mixed with another type
  	l4a_sendmsg_ilm_to_MMI(msg,p);
  	                       ^
"ps\l4\l4a\src\l4a_callback.c", line 12880: Warning:  #188-D: enumerated type mixed with another type
  	l4a_sendmsg_ilm_to_MMI(msg,p);
  	                       ^
"ps\l4\l4a\src\l4a_callback.c", line 12964: Warning:  #188-D: enumerated type mixed with another type
  	l4a_sendmsg_ilm_to_MMI(msg,p);
  	                       ^
"ps\l4\l4a\src\l4a_callback.c", line 13756: Warning:  #188-D: enumerated type mixed with another type
  	IF_CALL_FAIL_RETURN_BOOL
  	^
"ps\l4\l4a\src\l4a_callback.c", line 13767: Warning:  #188-D: enumerated type mixed with another type
  	l4a_cc_exe_ath_req(SRC_ID , p->a0 , p->a1 );
  	                            ^
"ps\l4\l4a\src\l4a_callback.c", line 13798: Warning:  #188-D: enumerated type mixed with another type
  	IF_CALL_FAIL_RETURN_BOOL
  	^
"ps\l4\l4a\src\l4a_callback.c", line 13852: Warning:  #188-D: enumerated type mixed with another type
  	IF_CALL_FAIL_RETURN_RESULT_STRUCT
  	^
"ps\l4\l4a\src\l4a_callback.c", line 13939: Warning:  #188-D: enumerated type mixed with another type
  	IF_CALL_FAIL_RETURN_RESULT_STRUCT
  	^
"ps\l4\l4a\src\l4a_callback.c", line 13951: Warning:  #188-D: enumerated type mixed with another type
  	IF_CALL_FAIL_RETURN_RESULT_STRUCT
  	^
"ps\l4\l4a\src\l4a_callback.c", line 13963: Warning:  #188-D: enumerated type mixed with another type
  	IF_CALL_FAIL_RETURN_RESULT_STRUCT
  	^
"ps\l4\l4a\src\l4a_callback.c", line 13975: Warning:  #188-D: enumerated type mixed with another type
  	IF_CALL_FAIL_RETURN_RESULT_STRUCT
  	^
"ps\l4\l4a\src\l4a_callback.c", line 13987: Warning:  #188-D: enumerated type mixed with another type
  	IF_CALL_FAIL_RETURN_RESULT_STRUCT
  	^
"ps\l4\l4a\src\l4a_callback.c", line 13999: Warning:  #188-D: enumerated type mixed with another type
  	IF_CALL_FAIL_RETURN_RESULT_STRUCT
  	^
"ps\l4\l4a\src\l4a_callback.c", line 14011: Warning:  #188-D: enumerated type mixed with another type
  	IF_CALL_FAIL_RETURN_RESULT_STRUCT
  	^
"ps\l4\l4a\src\l4a_callback.c", line 14023: Warning:  #188-D: enumerated type mixed with another type
  	IF_CALL_FAIL_RETURN_RESULT_STRUCT
  	^
"ps\l4\l4a\src\l4a_callback.c", line 14035: Warning:  #188-D: enumerated type mixed with another type
  	IF_CALL_FAIL_RETURN_RESULT_STRUCT
  	^
"ps\l4\l4a\src\l4a_callback.c", line 14248: Warning:  #188-D: enumerated type mixed with another type
  	IF_CALL_FAIL_RETURN_BOOL
  	^
"ps\l4\l4a\src\l4a_callback.c", line 14278: Warning:  #188-D: enumerated type mixed with another type
  	IF_CALL_FAIL_RETURN_BOOL
  	^
"ps\l4\l4a\src\l4a_callback.c", line 14290: Warning:  #188-D: enumerated type mixed with another type
  	IF_CALL_FAIL_RETURN_BOOL
  	^
"ps\l4\l4a\src\l4a_callback.c", line 14302: Warning:  #188-D: enumerated type mixed with another type
  	IF_CALL_FAIL_RETURN_BOOL
  	^
"ps\l4\l4a\src\l4a_callback.c", line 14314: Warning:  #188-D: enumerated type mixed with another type
  	IF_CALL_FAIL_RETURN_BOOL
  	^
"ps\l4\l4a\src\l4a_callback.c", line 14326: Warning:  #188-D: enumerated type mixed with another type
  	IF_CALL_FAIL_RETURN_BOOL
  	^
"ps\l4\l4a\src\l4a_callback.c", line 14338: Warning:  #188-D: enumerated type mixed with another type
  	IF_CALL_FAIL_RETURN_BOOL
  	^
"ps\l4\l4a\src\l4a_callback.c", line 14422: Warning:  #188-D: enumerated type mixed with another type
  	IF_CALL_FAIL_RETURN_BOOL
  	^
"ps\l4\l4a\src\l4a_callback.c", line 14509: Warning:  #188-D: enumerated type mixed with another type
  	IF_CALL_FAIL_RETURN_BOOL
  	^
"ps\l4\l4a\src\l4a_callback.c", line 14671: Warning:  #188-D: enumerated type mixed with another type
  	IF_CALL_FAIL_RETURN_BOOL
  	^
"ps\l4\l4a\src\l4a_callback.c", line 14836: Warning:  #188-D: enumerated type mixed with another type
  	IF_CALL_FAIL_RETURN_RESULT_STRUCT
  	^
"ps\l4\l4a\src\l4a_callback.c", line 14848: Warning:  #188-D: enumerated type mixed with another type
  	IF_CALL_FAIL_RETURN_RESULT_STRUCT
  	^
"ps\l4\l4a\src\l4a_callback.c", line 14860: Warning:  #188-D: enumerated type mixed with another type
  	IF_CALL_FAIL_RETURN_RESULT_STRUCT
  	^
"ps\l4\l4a\src\l4a_callback.c", line 14890: Warning:  #188-D: enumerated type mixed with another type
  	IF_CALL_FAIL_RETURN_BOOL
  	^
"ps\l4\l4a\src\l4a_callback.c", line 14959: Warning:  #188-D: enumerated type mixed with another type
  	IF_CALL_FAIL_RETURN_BOOL
  	^
"ps\l4\l4a\src\l4a_callback.c", line 14971: Warning:  #188-D: enumerated type mixed with another type
  	IF_CALL_FAIL_RETURN_BOOL
  	^
"ps\l4\l4a\src\l4a_callback.c", line 15055: Warning:  #188-D: enumerated type mixed with another type
  	IF_CALL_FAIL_RETURN_RESULT_STRUCT
  	^
"ps\l4\l4a\src\l4a_callback.c", line 15067: Warning:  #188-D: enumerated type mixed with another type
  	IF_CALL_FAIL_RETURN_RESULT_STRUCT
  	^
"ps\l4\l4a\src\l4a_callback.c", line 15097: Warning:  #188-D: enumerated type mixed with another type
  	IF_CALL_FAIL_RETURN_BOOL
  	^
"ps\l4\l4a\src\l4a_callback.c", line 15108: Warning:  #188-D: enumerated type mixed with another type
  	kal_bool result = (kal_bool)l4c_nw_set_gprs_connect_type_req(SRC_ID , p->a0 );
  	                                                                      ^
"ps\l4\l4a\src\l4a_callback.c", line 15145: Warning:  #188-D: enumerated type mixed with another type
  	IF_CALL_FAIL_RETURN_RESULT_STRUCT
  	^
"ps\l4\l4a\src\l4a_callback.c", line 15157: Warning:  #188-D: enumerated type mixed with another type
  	IF_CALL_FAIL_RETURN_BOOL
  	^
"ps\l4\l4a\src\l4a_callback.c", line 15198: Warning:  #188-D: enumerated type mixed with another type
  	kal_bool result = (kal_bool)l4c_nw_set_rat_mode_ext_req(SRC_ID , p->a0 , p->a1 );
  	                                                                         ^
"ps\l4\l4a\src\l4a_callback.c", line 15199: Warning:  #188-D: enumerated type mixed with another type
  	IF_CALL_FAIL_RETURN_BOOL
  	^
"ps\l4\l4a\src\l4a_callback.c", line 15229: Warning:  #188-D: enumerated type mixed with another type
  	IF_CALL_FAIL_RETURN_BOOL
  	^
"ps\l4\l4a\src\l4a_callback.c", line 15340: Warning:  #188-D: enumerated type mixed with another type
  	IF_CALL_FAIL_RETURN_BOOL
  	^
"ps\l4\l4a\src\l4a_callback.c", line 15370: Warning:  #188-D: enumerated type mixed with another type
  	IF_CALL_FAIL_RETURN_BOOL
  	^
"ps\l4\l4a\src\l4a_callback.c", line 15382: Warning:  #188-D: enumerated type mixed with another type
  	IF_CALL_FAIL_RETURN_BOOL
  	^
"ps\l4\l4a\src\l4a_callback.c", line 15442: Warning:  #188-D: enumerated type mixed with another type
  	IF_CALL_FAIL_RETURN_BOOL
  	^
"ps\l4\l4a\src\l4a_callback.c", line 15454: Warning:  #188-D: enumerated type mixed with another type
  	IF_CALL_FAIL_RETURN_BOOL
  	^
"ps\l4\l4a\src\l4a_callback.c", line 15466: Warning:  #188-D: enumerated type mixed with another type
  	IF_CALL_FAIL_RETURN_BOOL
  	^
"ps\l4\l4a\src\l4a_callback.c", line 15478: Warning:  #188-D: enumerated type mixed with another type
  	IF_CALL_FAIL_RETURN_RESULT_STRUCT
  	^
"ps\l4\l4a\src\l4a_callback.c", line 15532: Warning:  #188-D: enumerated type mixed with another type
  	IF_CALL_FAIL_RETURN_RESULT_STRUCT
  	^
"ps\l4\l4a\src\l4a_callback.c", line 15649: Warning:  #188-D: enumerated type mixed with another type
  	IF_CALL_FAIL_RETURN_RESULT_STRUCT
  	^
"ps\l4\l4a\src\l4a_callback.c", line 15661: Warning:  #188-D: enumerated type mixed with another type
  	IF_CALL_FAIL_RETURN_RESULT_STRUCT
  	^
"ps\l4\l4a\src\l4a_callback.c", line 15673: Warning:  #188-D: enumerated type mixed with another type
  	IF_CALL_FAIL_RETURN_RESULT_STRUCT
  	^
"ps\l4\l4a\src\l4a_callback.c", line 16018: Warning:  #188-D: enumerated type mixed with another type
  	IF_CALL_FAIL_RETURN_BOOL
  	^
"ps\l4\l4a\src\l4a_callback.c", line 16048: Warning:  #188-D: enumerated type mixed with another type
  	IF_CALL_FAIL_RETURN_BOOL
  	^
"ps\l4\l4a\src\l4a_callback.c", line 16078: Warning:  #188-D: enumerated type mixed with another type
  	IF_CALL_FAIL_RETURN_BOOL
  	^
"ps\l4\l4a\src\l4a_callback.c", line 16090: Warning:  #188-D: enumerated type mixed with another type
  	IF_CALL_FAIL_RETURN_BOOL
  	^
"ps\l4\l4a\src\l4a_callback.c", line 16102: Warning:  #188-D: enumerated type mixed with another type
  	IF_CALL_FAIL_RETURN_BOOL
  	^
"ps\l4\l4a\src\l4a_callback.c", line 16113: Warning:  #188-D: enumerated type mixed with another type
  	kal_bool result = (kal_bool)l4a_sms_exe_post_msg_req(SRC_ID , p->a0 , p->a1 , p->a2 , p->a3 , p->a4 , p->a5 , p->a6 , p->a7 , p->a8 , p->a9 , p->a10 , p->a11 , p->a12 , p->a13 , p->a14 , p->a15 );
  	                                                                                                              ^
"ps\l4\l4a\src\l4a_callback.c", line 16113: Warning:  #188-D: enumerated type mixed with another type
  	kal_bool result = (kal_bool)l4a_sms_exe_post_msg_req(SRC_ID , p->a0 , p->a1 , p->a2 , p->a3 , p->a4 , p->a5 , p->a6 , p->a7 , p->a8 , p->a9 , p->a10 , p->a11 , p->a12 , p->a13 , p->a14 , p->a15 );
  	                                                                                                                              ^
"ps\l4\l4a\src\l4a_callback.c", line 16114: Warning:  #188-D: enumerated type mixed with another type
  	IF_CALL_FAIL_RETURN_BOOL
  	^
"ps\l4\l4a\src\l4a_callback.c", line 16126: Warning:  #188-D: enumerated type mixed with another type
  	IF_CALL_FAIL_RETURN_BOOL
  	^
"ps\l4\l4a\src\l4a_callback.c", line 16138: Warning:  #188-D: enumerated type mixed with another type
  	IF_CALL_FAIL_RETURN_BOOL
  	^
"ps\l4\l4a\src\l4a_callback.c", line 16222: Warning:  #188-D: enumerated type mixed with another type
  	IF_CALL_FAIL_RETURN_BOOL
  	^
"ps\l4\l4a\src\l4a_callback.c", line 16234: Warning:  #188-D: enumerated type mixed with another type
  	IF_CALL_FAIL_RETURN_BOOL
  	^
"ps\l4\l4a\src\l4a_callback.c", line 16246: Warning:  #188-D: enumerated type mixed with another type
  	IF_CALL_FAIL_RETURN_BOOL
  	^
"ps\l4\l4a\src\l4a_callback.c", line 16258: Warning:  #188-D: enumerated type mixed with another type
  	IF_CALL_FAIL_RETURN_BOOL
  	^
"ps\l4\l4a\src\l4a_callback.c", line 16378: Warning:  #188-D: enumerated type mixed with another type
  	IF_CALL_FAIL_RETURN_BOOL
  	^
"ps\l4\l4a\src\l4a_callback.c", line 16390: Warning:  #188-D: enumerated type mixed with another type
  	IF_CALL_FAIL_RETURN_BOOL
  	^
"ps\l4\l4a\src\l4a_callback.c", line 16402: Warning:  #188-D: enumerated type mixed with another type
  	IF_CALL_FAIL_RETURN_BOOL
  	^
"ps\l4\l4a\src\l4a_callback.c", line 16414: Warning:  #188-D: enumerated type mixed with another type
  	IF_CALL_FAIL_RETURN_BOOL
  	^
"ps\l4\l4a\src\l4a_callback.c", line 16462: Warning:  #188-D: enumerated type mixed with another type
  	IF_CALL_FAIL_RETURN_BOOL
  	^
"ps\l4\l4a\src\l4a_callback.c", line 16486: Warning:  #188-D: enumerated type mixed with another type
  	IF_CALL_FAIL_RETURN_BOOL
  	^
"ps\l4\l4a\src\l4a_callback.c", line 16642: Warning:  #188-D: enumerated type mixed with another type
  	IF_CALL_FAIL_RETURN_BOOL
  	^
"ps\l4\l4a\src\l4a_callback.c", line 16657: Warning:  #188-D: enumerated type mixed with another type
  	IF_CALL_FAIL_RETURN_BOOL
  	^
"ps\l4\l4a\src\l4a_callback.c", line 16669: Warning:  #188-D: enumerated type mixed with another type
  	IF_CALL_FAIL_RETURN_BOOL
  	^
"ps\l4\l4a\src\l4a_callback.c", line 16681: Warning:  #188-D: enumerated type mixed with another type
  	IF_CALL_FAIL_RETURN_BOOL
  	^
"ps\l4\l4a\src\l4a_callback.c", line 16693: Warning:  #188-D: enumerated type mixed with another type
  	IF_CALL_FAIL_RETURN_BOOL
  	^
"ps\l4\l4a\src\l4a_callback.c", line 16723: Warning:  #188-D: enumerated type mixed with another type
  	IF_CALL_FAIL_RETURN_BOOL
  	^
"ps\l4\l4a\src\l4a_callback.c", line 16735: Warning:  #188-D: enumerated type mixed with another type
  	IF_CALL_FAIL_RETURN_BOOL
  	^
"ps\l4\l4a\src\l4a_callback.c", line 16813: Warning:  #188-D: enumerated type mixed with another type
  	IF_CALL_FAIL_RETURN_BOOL
  	^
"ps\l4\l4a\src\l4a_callback.c", line 16825: Warning:  #188-D: enumerated type mixed with another type
  	IF_CALL_FAIL_RETURN_BOOL
  	^
"ps\l4\l4a\src\l4a_callback.c", line 16849: Warning:  #188-D: enumerated type mixed with another type
  	IF_CALL_FAIL_RETURN_BOOL
  	^
"ps\l4\l4a\src\l4a_callback.c", line 16861: Warning:  #188-D: enumerated type mixed with another type
  	IF_CALL_FAIL_RETURN_RESULT_STRUCT
  	^
"ps\l4\l4a\src\l4a_callback.c", line 16873: Warning:  #188-D: enumerated type mixed with another type
  	IF_CALL_FAIL_RETURN_RESULT_STRUCT
  	^
"ps\l4\l4a\src\l4a_callback.c", line 16885: Warning:  #188-D: enumerated type mixed with another type
  	IF_CALL_FAIL_RETURN_RESULT_STRUCT
  	^
"ps\l4\l4a\src\l4a_callback.c", line 16897: Warning:  #188-D: enumerated type mixed with another type
  	IF_CALL_FAIL_RETURN_RESULT_STRUCT
  	^
"ps\l4\l4a\src\l4a_callback.c", line 17104: Warning:  #188-D: enumerated type mixed with another type
  	IF_CALL_FAIL_RETURN_RESULT_STRUCT
  	^
"ps\l4\l4a\src\l4a_callback.c", line 17741: Warning:  #188-D: enumerated type mixed with another type
  	IF_CALL_FAIL_RETURN_BOOL
  	^
"ps\l4\l4a\src\l4a_callback.c", line 17812: Warning:  #14-D: extra text after expected end of preprocessing directive
  #ifndef _CALL_FUNC_MSG_ID_MMI_EM_GET_ESSP_REQ _
                                                ^
"ps\l4\l4a\src\l4a_callback.c", line 17890: Warning:  #188-D: enumerated type mixed with another type
  	IF_CALL_FAIL_RETURN_BOOL
  	^
"ps\l4\l4a\src\l4a_callback.c", line 18593: Warning:  #188-D: enumerated type mixed with another type
  	IF_CALL_FAIL_RETURN_BOOL
  	^
"ps\l4\l4a\src\l4a_callback.c", line 18605: Warning:  #188-D: enumerated type mixed with another type
  	IF_CALL_FAIL_RETURN_BOOL
  	^
"ps\l4\l4a\src\l4a_callback.c", line 19732: Warning:  #188-D: enumerated type mixed with another type
      static l4c_gprs_status_enum last_status[2] = {0xFF, 0xFF}; //rx_level
                                                    ^
"ps\l4\l4a\src\l4a_callback.c", line 19732: Warning:  #188-D: enumerated type mixed with another type
      static l4c_gprs_status_enum last_status[2] = {0xFF, 0xFF}; //rx_level
                                                          ^
"ps\l4\l4a\src\l4a_callback.c", line 21283: Warning:  #550-D: variable "MEMORY_END" was set but never used
  	kal_uint8 *MEMORY_END;
  	           ^
ps\l4\l4a\src\l4a_callback.c: 296 warnings, 0 errors
Compiling ps\l4\l4a\src\l4a_cmd.c ... 
Compiling ps\l4\l4a\src\l4a_main.c ... 
Compiling ps\l4\phb\src\phb_common.c ... 
Compiling ps\l4\phb\src\phb_config.c ... 
Compiling ps\l4\phb\src\phb_context.c ... 
Compiling ps\l4\phb\src\phb_control_block.c ... 
Compiling ps\l4\phb\src\phb_data_desc.c ... 
Compiling ps\l4\phb\src\phb_data_entry_table.c ... 
Compiling ps\l4\phb\src\phb_handler_approve.c ... 
Compiling ps\l4\phb\src\phb_handler_delete.c ... 
Compiling ps\l4\phb\src\phb_handler_delete_ln.c ... 
Compiling ps\l4\phb\src\phb_handler_read.c ... 
Compiling ps\l4\phb\src\phb_handler_read_ln.c ... 
Compiling ps\l4\phb\src\phb_handler_sat.c ... 
Compiling ps\l4\phb\src\phb_handler_search.c ... 
Compiling ps\l4\phb\src\phb_handler_startup.c ... 
Compiling ps\l4\phb\src\phb_handler_startup_ln.c ... 
Compiling ps\l4\phb\src\phb_handler_write.c ... 
Compiling ps\l4\phb\src\phb_handler_write_ln.c ... 
Compiling ps\l4\phb\src\phb_ilm.c ... 
Compiling ps\l4\phb\src\phb_main.c ... 
Compiling ps\l4\phb\src\phb_name_num_index.c ... 
Compiling ps\l4\phb\src\phb_nvram_access.c ... 
Compiling ps\l4\phb\src\phb_pindex.c ... 
Compiling ps\l4\phb\src\phb_sap.c ... 
Compiling ps\l4\phb\src\phb_se.c ... 
Compiling ps\l4\phb\src\phb_sim_access.c ... 
Compiling ps\l4\phb\src\phb_utils.c ... 
Compiling ps\l4\uem\src\uem_at_cmd.c ... 
Compiling ps\l4\uem\src\uem_gpio_ctrl.c ... 
Compiling ps\l4\uem\src\uem_main.c ... 
Compiling ps\l4\uem\src\uem_msg_hdlr.c ... 
Compiling ps\l4\uem\src\uem_proc_cmd.c ... 
Compiling ps\l4\uem\src\uem_proc_msg.c ... 
Compiling ps\l4\uem\src\uem_utility.c ... 
make[2]: Entering directory `D:/MTK/MTK2503/MTK2503/11CW1418SP4_03_CORETEK03AE_11C_V1_GPRS_MMI'
CFLAGS = --cpu ARM7EJ-S --littleend -O3 --remove_unneeded_entities -D__RVCT__ -JC:\ARM\RVCT\Data\3.1\569\include\windows --fpmode=ieee_fixed --split_sections --diag_suppress 1,1295,1296,2548 --dwarf2 -D__SERIAL_FLASH_EN__ -D__SERIAL_FLASH_SUPPORT__ --bss_threshold=0
CPLUSFLAGS = --cpp --cpu ARM7EJ-S --littleend -O3 --remove_unneeded_entities -D__RVCT__ -JC:\ARM\RVCT\Data\3.1\569\include\windows --fpmode=ieee_fixed --split_sections --diag_suppress 1,1295,1296,2548 --dwarf2 --bss_threshold=0
AFLAGS = --debug --littleend --cpu ARM7EJ-S --apcs /interwork -16
ADEFS = -pd "SMG_REL_97 SETL {TRUE}" -pd "__MOD_UEM__ SETL {TRUE}" -pd "UART_ENABLE SETL {TRUE}" -pd "__MOD_NVRAM__ SETL {TRUE}" -pd "__MOD_ATCI__ SETL {TRUE}" -pd "__MOD_L4C__ SETL {TRUE}" -pd "__SMS_PDU_MODE__ SETL {TRUE}" -pd "__SMS_ME_STORAGE__ SETL {TRUE}" -pd "MP3_SUPPORT SETL {TRUE}" -pd "__EMS__ SETL {TRUE}" -pd "SMS_SHOW_REPORT_IN_SIM SETL {TRUE}" -pd "__UEM_DRV_KPDQUEUE__ SETL {TRUE}" -pd "__CB_MMI_MASK__ SETL {TRUE}" -pd "EMS_LITTLE_ENDIAN SETL {TRUE}" -pd "EMS_MEM_MANAGEMENT SETL {TRUE}" -pd "SAVE_MSG_TO_SAME_STORAGE SETL {TRUE}" -pd "DATA_DOWNLOAD SETL {TRUE}" -pd "__PHB_USIM_MULTI_ADN__ SETL {TRUE}" -pd "__MOD_PHB__ SETL {TRUE}" -pd "__MOD_SMU__ SETL {TRUE}" -pd "__MOD_SMSAL__ SETL {TRUE}" -pd "__MOD_CSM__ SETL {TRUE}" -pd "MT2502 SETL {TRUE}" -pd "MT2502_S00 SETL {TRUE}" -pd "__SV5_ENABLED__ SETL {TRUE}" -pd "__EVENT_BASED_TIMER__ SETL {TRUE}" -pd "__PRODUCTION_RELEASE__ SETL {TRUE}" -pd "KAL_ON_NUCLEUS SETL {TRUE}" -pd "__CHIP_VERSION_CHECK__ SETL {TRUE}" -pd "__KEYPAD_DEBUG_TRACE__ SETL {TRUE}" -pd "ESAL_AR_STK_FPU_SUPPORT SETL {FALSE}" -pd "__ARM_FPUV2__ SETL {FALSE}" -pd "__SERIAL_FLASH_EN__ SETL {TRUE}" -pd "__SERIAL_FLASH_SUPPORT__ SETL {TRUE}"
C:\ARM\RVCT\Programs\3.1\569\win_32-pentium\armar.exe -create ./build/CORETEK03AE_11C/gprs/MT2502o/lib/l4misc.lib --via .\build\CORETEK03AE_11C\gprs\MT2502o\l4misc\l4misc_sort.via
Warning: L3910W: Old syntax, please use '--create'.
./build/CORETEK03AE_11C/gprs/MT2502o/lib/l4misc.lib is updated

.\build\CORETEK03AE_11C\gprs\MT2502r\l4misc_dep\l4a_callback.det



.\build\CORETEK03AE_11C\gprs\MT2502r\l4misc_dep\l4a_cmd.det



.\build\CORETEK03AE_11C\gprs\MT2502r\l4misc_dep\l4a_main.det



.\build\CORETEK03AE_11C\gprs\MT2502r\l4misc_dep\phb_common.det



.\build\CORETEK03AE_11C\gprs\MT2502r\l4misc_dep\phb_config.det



.\build\CORETEK03AE_11C\gprs\MT2502r\l4misc_dep\phb_context.det



.\build\CORETEK03AE_11C\gprs\MT2502r\l4misc_dep\phb_control_block.det



.\build\CORETEK03AE_11C\gprs\MT2502r\l4misc_dep\phb_data_desc.det



.\build\CORETEK03AE_11C\gprs\MT2502r\l4misc_dep\phb_data_entry_table.det



.\build\CORETEK03AE_11C\gprs\MT2502r\l4misc_dep\phb_handler_approve.det



.\build\CORETEK03AE_11C\gprs\MT2502r\l4misc_dep\phb_handler_delete.det



.\build\CORETEK03AE_11C\gprs\MT2502r\l4misc_dep\phb_handler_delete_ln.det



.\build\CORETEK03AE_11C\gprs\MT2502r\l4misc_dep\phb_handler_read.det



.\build\CORETEK03AE_11C\gprs\MT2502r\l4misc_dep\phb_handler_read_ln.det



.\build\CORETEK03AE_11C\gprs\MT2502r\l4misc_dep\phb_handler_sat.det



.\build\CORETEK03AE_11C\gprs\MT2502r\l4misc_dep\phb_handler_search.det



.\build\CORETEK03AE_11C\gprs\MT2502r\l4misc_dep\phb_handler_startup.det



.\build\CORETEK03AE_11C\gprs\MT2502r\l4misc_dep\phb_handler_startup_ln.det



.\build\CORETEK03AE_11C\gprs\MT2502r\l4misc_dep\phb_handler_write.det



.\build\CORETEK03AE_11C\gprs\MT2502r\l4misc_dep\phb_handler_write_ln.det



.\build\CORETEK03AE_11C\gprs\MT2502r\l4misc_dep\phb_ilm.det



.\build\CORETEK03AE_11C\gprs\MT2502r\l4misc_dep\phb_main.det



.\build\CORETEK03AE_11C\gprs\MT2502r\l4misc_dep\phb_name_num_index.det



.\build\CORETEK03AE_11C\gprs\MT2502r\l4misc_dep\phb_nvram_access.det



.\build\CORETEK03AE_11C\gprs\MT2502r\l4misc_dep\phb_pindex.det



.\build\CORETEK03AE_11C\gprs\MT2502r\l4misc_dep\phb_sap.det



.\build\CORETEK03AE_11C\gprs\MT2502r\l4misc_dep\phb_se.det



.\build\CORETEK03AE_11C\gprs\MT2502r\l4misc_dep\phb_sim_access.det



.\build\CORETEK03AE_11C\gprs\MT2502r\l4misc_dep\phb_utils.det



.\build\CORETEK03AE_11C\gprs\MT2502r\l4misc_dep\uem_at_cmd.det



.\build\CORETEK03AE_11C\gprs\MT2502r\l4misc_dep\uem_gpio_ctrl.det



.\build\CORETEK03AE_11C\gprs\MT2502r\l4misc_dep\uem_main.det



.\build\CORETEK03AE_11C\gprs\MT2502r\l4misc_dep\uem_msg_hdlr.det



.\build\CORETEK03AE_11C\gprs\MT2502r\l4misc_dep\uem_proc_cmd.det



.\build\CORETEK03AE_11C\gprs\MT2502r\l4misc_dep\uem_proc_msg.det



.\build\CORETEK03AE_11C\gprs\MT2502r\l4misc_dep\uem_utility.det


Processing l4a_callback.det l4a_cmd.det l4a_main.det phb_common.det phb_config.det phb_context.det phb_control_block.det phb_data_desc.det phb_data_entry_table.det phb_handler_approve.det phb_handler_delete.det phb_handler_delete_ln.det phb_handler_read.det phb_handler_read_ln.det phb_handler_sat.det phb_handler_search.det phb_handler_startup.det phb_handler_startup_ln.det phb_handler_write.det phb_handler_write_ln.det phb_ilm.det phb_main.det phb_name_num_index.det phb_nvram_access.det phb_pindex.det phb_sap.det phb_se.det phb_sim_access.det phb_utils.det uem_at_cmd.det uem_gpio_ctrl.det uem_main.det uem_msg_hdlr.det uem_proc_cmd.det uem_proc_msg.det uem_utility.det
make[2]: Leaving directory `D:/MTK/MTK2503/MTK2503/11CW1418SP4_03_CORETEK03AE_11C_V1_GPRS_MMI'
