Library Name                                                                     Size(byte)      Modified Time
==========================================================================================================================
mtk_lib\MT2502\S00\gprs\KAL_TRACE_OUTPUT\FULL\nucleus.lib                        434402          2017.09.04.15.29.20
mtk_lib\MT2502\S00\gprs\KAL_TRACE_OUTPUT\FULL\nucleus_int.lib                    131002          2017.09.04.15.29.20
mtk_lib\MT2502\S00\gprs\KAL_TRACE_OUTPUT\FULL\nucleus_ctrl_code.lib              153536          2017.09.04.15.29.20
mtk_lib\MT2502\S00\gprs\KAL_TRACE_OUTPUT\FULL\nucleus_critical_data.lib          105400          2017.09.04.15.29.20
mtk_lib\MT2502\S00\gprs\KAL_TRACE_OUTPUT\FULL\nucleus_debug.lib                  136200          2017.09.04.15.29.20
mtk_lib\MT2502\S00\gprs\KAL_TRACE_OUTPUT\FULL\nvram_sec.lib                      26464           2017.09.04.15.29.20
mtk_lib\MT2502\S00\gprs\KAL_TRACE_OUTPUT\FULL\cc.lib                             547260          2017.09.04.15.29.18
mtk_lib\MT2502\S00\gprs\KAL_TRACE_OUTPUT\FULL\ciss.lib                           256098          2017.09.04.15.29.18
mtk_lib\MT2502\S00\gprs\KAL_TRACE_OUTPUT\FULL\sms.lib                            348524          2017.09.04.15.29.20
mtk_lib\MT2502\S00\gprs\KAL_TRACE_OUTPUT\FULL\data.lib                           17400           2017.09.04.15.29.18
mtk_lib\MT2502\S00\gprs\KAL_TRACE_OUTPUT\FULL\sim2.lib                           378294          2017.09.04.15.29.20
mtk_lib\MT2502\S00\gprs\KAL_TRACE_OUTPUT\FULL\ems.lib                            144650          2017.09.04.15.29.18
mtk_lib\MT2502\S00\gprs\KAL_TRACE_OUTPUT\FULL\kal.lib                            933446          2017.09.04.15.29.20
mtk_lib\MT2502\S00\gprs\KAL_TRACE_OUTPUT\FULL\sst.lib                            274478          2017.09.04.15.29.20
mtk_lib\MT2502\S00\gprs\KAL_TRACE_OUTPUT\FULL\fdm.lib                            349288          2017.09.04.15.29.18
mtk_lib\MT2502\S00\gprs\KAL_TRACE_OUTPUT\FULL\mtkdebug.lib                       82912           2017.09.04.15.29.20
mtk_lib\MT2502\S00\gprs\KAL_TRACE_OUTPUT\FULL\l1_classb_g2.lib                   4390702         2017.09.04.15.44.52
mtk_lib\MT2502\S00\gprs\KAL_TRACE_OUTPUT\FULL\interface_classb.lib               18498           2017.09.04.15.29.20
mtk_lib\MT2502\S00\gprs\KAL_TRACE_OUTPUT\FULL\l4_classb.lib                      3989176         2017.09.04.15.44.52
mtk_lib\MT2502\S00\gprs\KAL_TRACE_OUTPUT\FULL\mm_classb2.lib                     1329150         2017.09.04.15.44.52
mtk_lib\MT2502\S00\gprs\KAL_TRACE_OUTPUT\FULL\rr_classb2.lib                     4223856         2017.09.04.15.44.52
mtk_lib\MT2502\S00\gprs\KAL_TRACE_OUTPUT\FULL\ratcm.lib                          155800          2017.09.04.15.44.52
mtk_lib\MT2502\S00\gprs\KAL_TRACE_OUTPUT\FULL\ratdm.lib                          184630          2017.09.04.15.29.20
mtk_lib\MT2502\S00\gprs\KAL_TRACE_OUTPUT\FULL\asn1_re.lib                        63578           2017.09.04.15.29.18
mtk_lib\MT2502\S00\gprs\KAL_TRACE_OUTPUT\FULL\sndcp.lib                          248522          2017.09.04.15.29.20
mtk_lib\MT2502\S00\gprs\KAL_TRACE_OUTPUT\FULL\sm.lib                             426268          2017.09.04.15.44.52
mtk_lib\MT2502\S00\gprs\KAL_TRACE_OUTPUT\FULL\llc.lib                            546824          2017.09.04.15.29.20
mtk_lib\MT2502\S00\gprs\KAL_TRACE_OUTPUT\FULL\mcd.lib                            1576790         2017.09.04.15.29.20
mtk_lib\MT2502\S00\gprs\KAL_TRACE_OUTPUT\FULL\mmi_device_control.lib             31820           2017.09.04.15.29.20
mtk_lib\MT2502\S00\gprs\KAL_TRACE_OUTPUT\FULL\tst.lib                            479762          2017.09.04.15.29.22
mtk_lib\MT2502\S00\gprs\KAL_TRACE_OUTPUT\FULL\abm.lib                            342198          2017.09.04.15.29.18
mtk_lib\MT2502\S00\gprs\KAL_TRACE_OUTPUT\FULL\soc.lib                            368994          2017.09.04.15.29.20
mtk_lib\MT2502\S00\gprs\KAL_TRACE_OUTPUT\FULL\tcpip.lib                          459072          2017.09.04.15.29.20
mtk_lib\MT2502\S00\gprs\KAL_TRACE_OUTPUT\FULL\tcpip_wifi.lib                     101948          2017.09.04.15.29.20
mtk_lib\MT2502\S00\gprs\KAL_TRACE_OUTPUT\FULL\iperf.lib                          718576          2017.09.04.15.29.20
mtk_lib\MT2502\S00\gprs\KAL_TRACE_OUTPUT\FULL\event_info.lib                     16692           2017.09.04.15.29.18
mtk_lib\MT2502\S00\gprs\KAL_TRACE_OUTPUT\FULL\oriverno.lib                       17762           2017.09.04.15.29.20
mtk_lib\MT2502\S00\gprs\KAL_TRACE_OUTPUT\FULL\gfx_core16.lib                     1262878         2017.09.04.15.29.20
mtk_lib\MT2502\S00\gprs\KAL_TRACE_OUTPUT\FULL\gfx_core32.lib                     1640070         2017.09.04.15.29.20
mtk_lib\MT2502\S00\gprs\KAL_TRACE_OUTPUT\FULL\ap_tssec.lib                       38244           2017.09.04.15.29.18
mtk_lib\MT2502\S00\gprs\KAL_TRACE_OUTPUT\FULL\gps_sec.lib                        239522          2017.09.04.15.29.20
mtk_lib\MT2502\S00\gprs\KAL_TRACE_OUTPUT\FULL\sys_int.lib                        40564           2017.09.04.15.29.20
mtk_lib\MT2502\S00\gprs\KAL_TRACE_OUTPUT\FULL\video_codec_sec.lib                755868          2017.09.04.15.29.22
mtk_lib\MT2502\S00\gprs\KAL_TRACE_OUTPUT\FULL\fluency_sec.lib                    81360           2017.09.04.15.29.20
mtk_lib\MT2502\S00\gprs\KAL_TRACE_OUTPUT\FULL\provider_sec.lib                   81506           2017.09.04.15.29.20
mtk_lib\MT2502\S00\gprs\KAL_TRACE_OUTPUT\FULL\dp_engine.lib                      24374           2017.09.04.15.29.18
mtk_lib\MT2502\S00\gprs\KAL_TRACE_OUTPUT\FULL\xyssl.lib                          579818          2017.09.04.15.29.22
mtk_lib\MT2502\S00\gprs\KAL_TRACE_OUTPUT\FULL\flc2.lib                           226364          2017.09.04.15.29.20
mtk_lib\MT2502\S00\gprs\KAL_TRACE_OUTPUT\FULL\abm_custom.lib                     63340           2017.09.04.15.29.18
mtk_lib\MT2502\S00\gprs\KAL_TRACE_OUTPUT\FULL\applib_inet.lib                    362896          2017.09.04.15.29.18
mtk_lib\MT2502\S00\gprs\KAL_TRACE_OUTPUT\FULL\supl.lib                           381852          2017.09.04.15.29.20
mtk_lib\MT2502\S00\gprs\KAL_TRACE_OUTPUT\FULL\rrlp.lib                           455624          2017.09.04.15.29.20
mtk_lib\MT2502\S00\gprs\KAL_TRACE_OUTPUT\FULL\lqt.lib                            18104           2017.09.04.15.29.20
mtk_lib\MT2502\S00\gprs\KAL_TRACE_OUTPUT\FULL\gdi_g2d.lib                        83648           2017.09.04.15.29.20
mtk_lib\MT2502\S00\gprs\KAL_TRACE_OUTPUT\FULL\smslib.lib                         68902           2017.09.04.15.29.20
mtk_lib\MT2502\S00\gprs\KAL_TRACE_OUTPUT\FULL\mcsv.lib                           28324           2017.09.04.15.29.20
mtk_lib\MT2502\S00\gprs\KAL_TRACE_OUTPUT\FULL\scsi.lib                           69436           2017.09.04.15.44.52
mtk_lib\MT2502\S00\gprs\KAL_TRACE_OUTPUT\FULL\che.lib                            353778          2017.09.04.15.29.18
mtk_lib\MT2502\S00\gprs\KAL_TRACE_OUTPUT\FULL\sst_sec.lib                        79492           2017.09.04.15.29.20
mtk_lib\MT2502\S00\gprs\KAL_TRACE_OUTPUT\FULL\dsp_ram.lib                        451800          2017.09.04.15.29.18
mtk_lib\MT2502\S00\gprs\KAL_TRACE_OUTPUT\FULL\drv_sec.lib                        39886           2017.09.04.15.29.18
mtk_lib\MT2502\S00\gprs\KAL_TRACE_OUTPUT\FULL\btdrv.lib                          264100          2017.09.04.15.29.18
mtk_lib\MT2502\S00\gprs\KAL_TRACE_OUTPUT\FULL\btadp.lib                          938612          2017.09.04.15.29.18
mtk_lib\MT2502\S00\gprs\KAL_TRACE_OUTPUT\FULL\btprofiles.lib                     398886          2017.09.04.15.29.18
mtk_lib\MT2502\S00\gprs\KAL_TRACE_OUTPUT\FULL\btstack.lib                        2185406         2017.09.04.15.29.18
mtk_lib\MT2502\S00\gprs\KAL_TRACE_OUTPUT\FULL\cipher.lib                         37266           2017.09.04.15.29.18
mtk_lib\MT2502\S00\gprs\KAL_TRACE_OUTPUT\FULL\sys_sec.lib                        80032           2017.09.04.15.29.20
mtk_lib\MT2502\S00\gprs\KAL_TRACE_OUTPUT\FULL\sleep_drv.lib                      222960          2017.09.04.15.29.20
mtk_lib\MT2502\S00\gprs\KAL_TRACE_OUTPUT\FULL\ata.lib                            59208           2017.09.04.15.29.18
==========================================================================================================================
