mtk_lib\MT2502\S00\gprs\KAL_TRACE_OUTPUT\FULL\nucleus.lib
mtk_lib\MT2502\S00\gprs\KAL_TRACE_OUTPUT\FULL\nucleus_int.lib
mtk_lib\MT2502\S00\gprs\KAL_TRACE_OUTPUT\FULL\nucleus_ctrl_code.lib
mtk_lib\MT2502\S00\gprs\KAL_TRACE_OUTPUT\FULL\nucleus_critical_data.lib
mtk_lib\MT2502\S00\gprs\KAL_TRACE_OUTPUT\FULL\nucleus_debug.lib
mtk_lib\MT2502\S00\gprs\KAL_TRACE_OUTPUT\FULL\nvram_sec.lib
mtk_lib\MT2502\S00\gprs\KAL_TRACE_OUTPUT\FULL\cc.lib
mtk_lib\MT2502\S00\gprs\KAL_TRACE_OUTPUT\FULL\ciss.lib
mtk_lib\MT2502\S00\gprs\KAL_TRACE_OUTPUT\FULL\sms.lib
mtk_lib\MT2502\S00\gprs\KAL_TRACE_OUTPUT\FULL\data.lib
mtk_lib\MT2502\S00\gprs\KAL_TRACE_OUTPUT\FULL\sim2.lib
mtk_lib\MT2502\S00\gprs\KAL_TRACE_OUTPUT\FULL\ems.lib
mtk_lib\MT2502\S00\gprs\KAL_TRACE_OUTPUT\FULL\kal.lib
mtk_lib\MT2502\S00\gprs\KAL_TRACE_OUTPUT\FULL\sst.lib
mtk_lib\MT2502\S00\gprs\KAL_TRACE_OUTPUT\FULL\fdm.lib
mtk_lib\MT2502\S00\gprs\KAL_TRACE_OUTPUT\FULL\mtkdebug.lib
mtk_lib\MT2502\S00\gprs\KAL_TRACE_OUTPUT\FULL\l1_classb_g2.lib
mtk_lib\MT2502\S00\gprs\KAL_TRACE_OUTPUT\FULL\interface_classb.lib
mtk_lib\MT2502\S00\gprs\KAL_TRACE_OUTPUT\FULL\l4_classb.lib
mtk_lib\MT2502\S00\gprs\KAL_TRACE_OUTPUT\FULL\mm_classb2.lib
mtk_lib\MT2502\S00\gprs\KAL_TRACE_OUTPUT\FULL\rr_classb2.lib
mtk_lib\MT2502\S00\gprs\KAL_TRACE_OUTPUT\FULL\ratcm.lib
mtk_lib\MT2502\S00\gprs\KAL_TRACE_OUTPUT\FULL\ratdm.lib
mtk_lib\MT2502\S00\gprs\KAL_TRACE_OUTPUT\FULL\asn1_re.lib
mtk_lib\MT2502\S00\gprs\KAL_TRACE_OUTPUT\FULL\sndcp.lib
mtk_lib\MT2502\S00\gprs\KAL_TRACE_OUTPUT\FULL\sm.lib
mtk_lib\MT2502\S00\gprs\KAL_TRACE_OUTPUT\FULL\llc.lib
mtk_lib\MT2502\S00\gprs\KAL_TRACE_OUTPUT\FULL\mcd.lib
mtk_lib\MT2502\S00\gprs\KAL_TRACE_OUTPUT\FULL\mmi_device_control.lib
mtk_lib\MT2502\S00\gprs\KAL_TRACE_OUTPUT\FULL\tst.lib
mtk_lib\MT2502\S00\gprs\KAL_TRACE_OUTPUT\FULL\abm.lib
mtk_lib\MT2502\S00\gprs\KAL_TRACE_OUTPUT\FULL\soc.lib
mtk_lib\MT2502\S00\gprs\KAL_TRACE_OUTPUT\FULL\tcpip.lib
mtk_lib\MT2502\S00\gprs\KAL_TRACE_OUTPUT\FULL\tcpip_wifi.lib
mtk_lib\MT2502\S00\gprs\KAL_TRACE_OUTPUT\FULL\iperf.lib
mtk_lib\MT2502\S00\gprs\KAL_TRACE_OUTPUT\FULL\event_info.lib
mtk_lib\MT2502\S00\gprs\KAL_TRACE_OUTPUT\FULL\oriverno.lib
mtk_lib\MT2502\S00\gprs\KAL_TRACE_OUTPUT\FULL\gfx_core16.lib
mtk_lib\MT2502\S00\gprs\KAL_TRACE_OUTPUT\FULL\gfx_core32.lib
mtk_lib\MT2502\S00\gprs\KAL_TRACE_OUTPUT\FULL\ap_tssec.lib
mtk_lib\MT2502\S00\gprs\KAL_TRACE_OUTPUT\FULL\gps_sec.lib
mtk_lib\MT2502\S00\gprs\KAL_TRACE_OUTPUT\FULL\sys_int.lib
mtk_lib\MT2502\S00\gprs\KAL_TRACE_OUTPUT\FULL\video_codec_sec.lib
mtk_lib\MT2502\S00\gprs\KAL_TRACE_OUTPUT\FULL\fluency_sec.lib
mtk_lib\MT2502\S00\gprs\KAL_TRACE_OUTPUT\FULL\provider_sec.lib
mtk_lib\MT2502\S00\gprs\KAL_TRACE_OUTPUT\FULL\dp_engine.lib
mtk_lib\MT2502\S00\gprs\KAL_TRACE_OUTPUT\FULL\xyssl.lib
mtk_lib\MT2502\S00\gprs\KAL_TRACE_OUTPUT\FULL\flc2.lib
mtk_lib\MT2502\S00\gprs\KAL_TRACE_OUTPUT\FULL\abm.lib
mtk_lib\MT2502\S00\gprs\KAL_TRACE_OUTPUT\FULL\abm_custom.lib
mtk_lib\MT2502\S00\gprs\KAL_TRACE_OUTPUT\FULL\soc.lib
mtk_lib\MT2502\S00\gprs\KAL_TRACE_OUTPUT\FULL\tcpip.lib
mtk_lib\MT2502\S00\gprs\KAL_TRACE_OUTPUT\FULL\tcpip_wifi.lib
mtk_lib\MT2502\S00\gprs\KAL_TRACE_OUTPUT\FULL\applib_inet.lib
mtk_lib\MT2502\S00\gprs\KAL_TRACE_OUTPUT\FULL\supl.lib
mtk_lib\MT2502\S00\gprs\KAL_TRACE_OUTPUT\FULL\rrlp.lib
mtk_lib\MT2502\S00\gprs\KAL_TRACE_OUTPUT\FULL\lqt.lib
mtk_lib\MT2502\S00\gprs\KAL_TRACE_OUTPUT\FULL\gdi_g2d.lib
mtk_lib\MT2502\S00\gprs\KAL_TRACE_OUTPUT\FULL\smslib.lib
mtk_lib\MT2502\S00\gprs\KAL_TRACE_OUTPUT\FULL\mcsv.lib
mtk_lib\MT2502\S00\gprs\KAL_TRACE_OUTPUT\FULL\scsi.lib
mtk_lib\MT2502\S00\gprs\KAL_TRACE_OUTPUT\FULL\che.lib
mtk_lib\MT2502\S00\gprs\KAL_TRACE_OUTPUT\FULL\sst_sec.lib
mtk_lib\MT2502\S00\gprs\KAL_TRACE_OUTPUT\FULL\dsp_ram.lib
mtk_lib\MT2502\S00\gprs\KAL_TRACE_OUTPUT\FULL\drv_sec.lib
mtk_lib\MT2502\S00\gprs\KAL_TRACE_OUTPUT\FULL\btdrv.lib
mtk_lib\MT2502\S00\gprs\KAL_TRACE_OUTPUT\FULL\btadp.lib
mtk_lib\MT2502\S00\gprs\KAL_TRACE_OUTPUT\FULL\btprofiles.lib
mtk_lib\MT2502\S00\gprs\KAL_TRACE_OUTPUT\FULL\btstack.lib
mtk_lib\MT2502\S00\gprs\KAL_TRACE_OUTPUT\FULL\cipher.lib
mtk_lib\MT2502\S00\gprs\KAL_TRACE_OUTPUT\FULL\sys_sec.lib
mtk_lib\MT2502\S00\gprs\KAL_TRACE_OUTPUT\FULL\sleep_drv.lib
mtk_lib\MT2502\S00\gprs\KAL_TRACE_OUTPUT\FULL\ata.lib
