--cpu ARM7EJ-S --map --info sizes,totals --symbols --feedback lnkfeedback.txt --xref --remove --pad 0x00 --datacompressor off --first LARGEPOOL_FIRST_ZI --verbose --trace p,v,t --largeregions --scatter custom\system\CORETEK03AE_11C_BB\scatCORETEK03AE_11C.txt --output .\build\CORETEK03AE_11C\CORETEK03AE_11C_PCB01_gprs_MT2502_S00.elf --symdefs .\build\CORETEK03AE_11C\CORETEK03AE_11C_PCB01_gprs_MT2502_S00.sym --list .\build\CORETEK03AE_11C\CORETEK03AE_11C_PCB01_gprs_MT2502_S00.lis --libpath C:\ARM\RVCT\Data\3.1\569\lib --keep EMI_INFO_2 --keep CUST_MEM_INFO --keep g_bl_maui_paired_ver --keep DL_CTRL_BIN --keep g_boot_cert_sig  --keep=logical_data_item_table_core  --keep=logical_data_item_table_internal  --keep=logical_data_item_table_factory  --keep=logical_data_item_table_adc  --keep=logical_data_item_table_camera  --keep=logical_data_item_table_touchpanel  --keep=logical_data_item_table_ul1  --keep=logical_data_item_table_audio  --keep=logical_data_item_table_mmi_gps  --keep=logical_data_item_table_userprofile  --keep=logical_data_item_table_common_app  --keep=logical_data_item_table_cust  --keep=g_fs_quota_init  --keep=g_nvram_custpack_init .\build\CORETEK03AE_11C\gprs\MT2502o\lib\system.lib(bootarm.obj) .\build\CORETEK03AE_11C\gprs\MT2502o\lib\init.lib(l6478e.obj)
.\build\CORETEK03AE_11C\gprs\MT2502o\lib\custom.lib(adc_nvram_def.obj) .\build\CORETEK03AE_11C\gprs\MT2502o\lib\custom.lib(camera_nvram_def.obj) .\build\CORETEK03AE_11C\gprs\MT2502o\lib\custom.lib(touchpanel_nvram_def.obj) .\build\CORETEK03AE_11C\gprs\MT2502o\lib\custom.lib(ul1_nvram_def.obj) .\build\CORETEK03AE_11C\gprs\MT2502o\lib\custom.lib(audio_nvram_def.obj) .\build\CORETEK03AE_11C\gprs\MT2502o\lib\custom.lib(mmi_gps_nvram_def.obj) .\build\CORETEK03AE_11C\gprs\MT2502o\lib\custom.lib(userprofile_nvram_def.obj) .\build\CORETEK03AE_11C\gprs\MT2502o\lib\custom.lib(nvram_data_items.obj) .\build\CORETEK03AE_11C\gprs\MT2502o\lib\custom.lib(fs_quota.obj) .\build\CORETEK03AE_11C\gprs\MT2502o\lib\nvram.lib(nvram_factory_config.obj) .\build\CORETEK03AE_11C\gprs\MT2502o\lib\custom.lib(nvram_common_config.obj) .\build\CORETEK03AE_11C\gprs\MT2502o\lib\custom.lib(nvram_user_config.obj) 
mtk_lib\MT2502\S00\gprs\KAL_TRACE_OUTPUT\FULL\abm.lib
mtk_lib\MT2502\S00\gprs\KAL_TRACE_OUTPUT\FULL\abm.lib
mtk_lib\MT2502\S00\gprs\KAL_TRACE_OUTPUT\FULL\abm_custom.lib
.\build\CORETEK03AE_11C\gprs\MT2502o\lib\adups.lib
mtk_lib\MT2502\S00\gprs\KAL_TRACE_OUTPUT\FULL\ap_tssec.lib
.\build\CORETEK03AE_11C\gprs\MT2502o\lib\applib.lib
.\build\CORETEK03AE_11C\gprs\MT2502o\lib\applib_asn1.lib
mtk_lib\MT2502\S00\gprs\KAL_TRACE_OUTPUT\FULL\applib_inet.lib
mtk_lib\MT2502\S00\gprs\KAL_TRACE_OUTPUT\FULL\asn1_re.lib
mtk_lib\MT2502\S00\gprs\KAL_TRACE_OUTPUT\FULL\ata.lib
.\build\CORETEK03AE_11C\gprs\MT2502o\lib\audio.lib
.\build\CORETEK03AE_11C\gprs\MT2502o\lib\bmt.lib
mtk_lib\MT2502\S00\gprs\KAL_TRACE_OUTPUT\FULL\btadp.lib
mtk_lib\MT2502\S00\gprs\KAL_TRACE_OUTPUT\FULL\btdrv.lib
.\build\CORETEK03AE_11C\gprs\MT2502o\lib\btdrv_common.lib
mtk_lib\MT2502\S00\gprs\KAL_TRACE_OUTPUT\FULL\btprofiles.lib
mtk_lib\MT2502\S00\gprs\KAL_TRACE_OUTPUT\FULL\btstack.lib
mtk_lib\MT2502\S00\gprs\KAL_TRACE_OUTPUT\FULL\cc.lib
.\build\CORETEK03AE_11C\gprs\MT2502o\lib\cct.lib
mtk_lib\MT2502\S00\gprs\KAL_TRACE_OUTPUT\FULL\che.lib
mtk_lib\MT2502\S00\gprs\KAL_TRACE_OUTPUT\FULL\cipher.lib
mtk_lib\MT2502\S00\gprs\KAL_TRACE_OUTPUT\FULL\ciss.lib
.\build\CORETEK03AE_11C\gprs\MT2502o\lib\config.lib
.\build\CORETEK03AE_11C\gprs\MT2502o\lib\conn_app.lib
.\build\CORETEK03AE_11C\gprs\MT2502o\lib\custom.lib
mtk_lib\MT2502\S00\gprs\KAL_TRACE_OUTPUT\FULL\data.lib
mtk_lib\MT2502\S00\gprs\KAL_TRACE_OUTPUT\FULL\dp_engine.lib
.\build\CORETEK03AE_11C\gprs\MT2502o\lib\drm.lib
.\build\CORETEK03AE_11C\gprs\MT2502o\lib\drv.lib
.\build\CORETEK03AE_11C\gprs\MT2502o\lib\drv_display.lib
.\build\CORETEK03AE_11C\gprs\MT2502o\lib\drv_idp.lib
mtk_lib\MT2502\S00\gprs\KAL_TRACE_OUTPUT\FULL\drv_sec.lib
mtk_lib\MT2502\S00\gprs\KAL_TRACE_OUTPUT\FULL\dsp_ram.lib
mtk_lib\MT2502\S00\gprs\KAL_TRACE_OUTPUT\FULL\ems.lib
mtk_lib\MT2502\S00\gprs\KAL_TRACE_OUTPUT\FULL\event_info.lib
mtk_lib\MT2502\S00\gprs\KAL_TRACE_OUTPUT\FULL\fdm.lib
mtk_lib\MT2502\S00\gprs\KAL_TRACE_OUTPUT\FULL\flc2.lib
.\build\CORETEK03AE_11C\gprs\MT2502o\lib\fluency.lib
mtk_lib\MT2502\S00\gprs\KAL_TRACE_OUTPUT\FULL\fluency_sec.lib
.\build\CORETEK03AE_11C\gprs\MT2502o\lib\fmr.lib
.\build\CORETEK03AE_11C\gprs\MT2502o\lib\fmt.lib
.\build\CORETEK03AE_11C\gprs\MT2502o\lib\fs.lib
.\build\CORETEK03AE_11C\gprs\MT2502o\lib\ft.lib
.\build\CORETEK03AE_11C\gprs\MT2502o\lib\ftc.lib
.\build\CORETEK03AE_11C\gprs\MT2502o\lib\gdi.lib
.\build\CORETEK03AE_11C\gprs\MT2502o\lib\gdi_arm.lib
mtk_lib\MT2502\S00\gprs\KAL_TRACE_OUTPUT\FULL\gdi_g2d.lib
mtk_lib\MT2502\S00\gprs\KAL_TRACE_OUTPUT\FULL\gfx_core16.lib
mtk_lib\MT2502\S00\gprs\KAL_TRACE_OUTPUT\FULL\gfx_core32.lib
.\build\CORETEK03AE_11C\gprs\MT2502o\lib\gfx_drv.lib
.\build\CORETEK03AE_11C\gprs\MT2502o\lib\gps.lib
mtk_lib\MT2502\S00\gprs\KAL_TRACE_OUTPUT\FULL\gps_sec.lib
.\build\CORETEK03AE_11C\gprs\MT2502o\lib\inet_app.lib
.\build\CORETEK03AE_11C\gprs\MT2502o\lib\init.lib
mtk_lib\MT2502\S00\gprs\KAL_TRACE_OUTPUT\FULL\interface_classb.lib
.\build\CORETEK03AE_11C\gprs\MT2502o\lib\iotlock.lib
mtk_lib\MT2502\S00\gprs\KAL_TRACE_OUTPUT\FULL\iperf.lib
mtk_lib\MT2502\S00\gprs\KAL_TRACE_OUTPUT\FULL\kal.lib
mtk_lib\MT2502\S00\gprs\KAL_TRACE_OUTPUT\FULL\l1_classb_g2.lib
.\build\CORETEK03AE_11C\gprs\MT2502o\lib\l1_ext.lib
mtk_lib\MT2502\S00\gprs\KAL_TRACE_OUTPUT\FULL\l4_classb.lib
.\build\CORETEK03AE_11C\gprs\MT2502o\lib\l4misc.lib
mtk_lib\MT2502\S00\gprs\KAL_TRACE_OUTPUT\FULL\llc.lib
mtk_lib\MT2502\S00\gprs\KAL_TRACE_OUTPUT\FULL\lqt.lib
.\build\CORETEK03AE_11C\gprs\MT2502o\lib\matv.lib
.\build\CORETEK03AE_11C\gprs\MT2502o\lib\mc.lib
mtk_lib\MT2502\S00\gprs\KAL_TRACE_OUTPUT\FULL\mcd.lib
mtk_lib\MT2502\S00\gprs\KAL_TRACE_OUTPUT\FULL\mcsv.lib
.\build\CORETEK03AE_11C\gprs\MT2502o\lib\media.lib
.\build\CORETEK03AE_11C\gprs\MT2502o\lib\media_app.lib
mtk_lib\MT2502\S00\gprs\KAL_TRACE_OUTPUT\FULL\mm_classb2.lib
.\build\CORETEK03AE_11C\gprs\MT2502o\lib\mm_comm.lib
.\build\CORETEK03AE_11C\gprs\MT2502o\lib\mmi_app.lib
.\build\CORETEK03AE_11C\gprs\MT2502o\lib\mmi_core.lib
mtk_lib\MT2502\S00\gprs\KAL_TRACE_OUTPUT\FULL\mmi_device_control.lib
.\build\CORETEK03AE_11C\gprs\MT2502o\lib\mmi_framework.lib
.\build\CORETEK03AE_11C\gprs\MT2502o\lib\mmi_service.lib
.\build\CORETEK03AE_11C\gprs\MT2502o\lib\mmiresource.lib
.\build\CORETEK03AE_11C\gprs\MT2502o\lib\mpl.lib
.\build\CORETEK03AE_11C\gprs\MT2502o\lib\mtd.lib
mtk_lib\MT2502\S00\gprs\KAL_TRACE_OUTPUT\FULL\mtkdebug.lib
.\build\CORETEK03AE_11C\gprs\MT2502o\lib\ntpd.lib
mtk_lib\MT2502\S00\gprs\KAL_TRACE_OUTPUT\FULL\nucleus.lib
mtk_lib\MT2502\S00\gprs\KAL_TRACE_OUTPUT\FULL\nucleus_critical_data.lib
mtk_lib\MT2502\S00\gprs\KAL_TRACE_OUTPUT\FULL\nucleus_ctrl_code.lib
mtk_lib\MT2502\S00\gprs\KAL_TRACE_OUTPUT\FULL\nucleus_debug.lib
mtk_lib\MT2502\S00\gprs\KAL_TRACE_OUTPUT\FULL\nucleus_int.lib
.\build\CORETEK03AE_11C\gprs\MT2502o\lib\nvram.lib
mtk_lib\MT2502\S00\gprs\KAL_TRACE_OUTPUT\FULL\nvram_sec.lib
mtk_lib\MT2502\S00\gprs\KAL_TRACE_OUTPUT\FULL\oriverno.lib
.\build\CORETEK03AE_11C\gprs\MT2502o\lib\peripheral.lib
.\build\CORETEK03AE_11C\gprs\MT2502o\lib\provider.lib
mtk_lib\MT2502\S00\gprs\KAL_TRACE_OUTPUT\FULL\provider_sec.lib
mtk_lib\MT2502\S00\gprs\KAL_TRACE_OUTPUT\FULL\ratcm.lib
mtk_lib\MT2502\S00\gprs\KAL_TRACE_OUTPUT\FULL\ratdm.lib
mtk_lib\MT2502\S00\gprs\KAL_TRACE_OUTPUT\FULL\rr_classb2.lib
mtk_lib\MT2502\S00\gprs\KAL_TRACE_OUTPUT\FULL\rrlp.lib
mtk_lib\MT2502\S00\gprs\KAL_TRACE_OUTPUT\FULL\scsi.lib
mtk_lib\MT2502\S00\gprs\KAL_TRACE_OUTPUT\FULL\sim2.lib
.\build\CORETEK03AE_11C\gprs\MT2502o\lib\sim_driver.lib
mtk_lib\MT2502\S00\gprs\KAL_TRACE_OUTPUT\FULL\sleep_drv.lib
mtk_lib\MT2502\S00\gprs\KAL_TRACE_OUTPUT\FULL\sm.lib
mtk_lib\MT2502\S00\gprs\KAL_TRACE_OUTPUT\FULL\sms.lib
mtk_lib\MT2502\S00\gprs\KAL_TRACE_OUTPUT\FULL\smslib.lib
mtk_lib\MT2502\S00\gprs\KAL_TRACE_OUTPUT\FULL\sndcp.lib
mtk_lib\MT2502\S00\gprs\KAL_TRACE_OUTPUT\FULL\soc.lib
mtk_lib\MT2502\S00\gprs\KAL_TRACE_OUTPUT\FULL\soc.lib
mtk_lib\MT2502\S00\gprs\KAL_TRACE_OUTPUT\FULL\sst.lib
mtk_lib\MT2502\S00\gprs\KAL_TRACE_OUTPUT\FULL\sst_sec.lib
mtk_lib\MT2502\S00\gprs\KAL_TRACE_OUTPUT\FULL\supl.lib
mtk_lib\MT2502\S00\gprs\KAL_TRACE_OUTPUT\FULL\sys_int.lib
mtk_lib\MT2502\S00\gprs\KAL_TRACE_OUTPUT\FULL\sys_sec.lib
.\build\CORETEK03AE_11C\gprs\MT2502o\lib\system.lib
mtk_lib\MT2502\S00\gprs\KAL_TRACE_OUTPUT\FULL\tcpip.lib
mtk_lib\MT2502\S00\gprs\KAL_TRACE_OUTPUT\FULL\tcpip.lib
mtk_lib\MT2502\S00\gprs\KAL_TRACE_OUTPUT\FULL\tcpip_wifi.lib
mtk_lib\MT2502\S00\gprs\KAL_TRACE_OUTPUT\FULL\tcpip_wifi.lib
mtk_lib\MT2502\S00\gprs\KAL_TRACE_OUTPUT\FULL\tst.lib
.\build\CORETEK03AE_11C\gprs\MT2502o\lib\usb.lib
.\build\CORETEK03AE_11C\gprs\MT2502o\lib\usb_driver.lib
.\build\CORETEK03AE_11C\gprs\MT2502o\lib\vendorapp.lib
.\build\CORETEK03AE_11C\gprs\MT2502o\lib\verno.lib
.\build\CORETEK03AE_11C\gprs\MT2502o\lib\video.lib
.\build\CORETEK03AE_11C\gprs\MT2502o\lib\video_codec.lib
mtk_lib\MT2502\S00\gprs\KAL_TRACE_OUTPUT\FULL\video_codec_sec.lib
.\build\CORETEK03AE_11C\gprs\MT2502o\lib\video_sec.lib
.\build\CORETEK03AE_11C\gprs\MT2502o\lib\xmlp.lib
mtk_lib\MT2502\S00\gprs\KAL_TRACE_OUTPUT\FULL\xyssl.lib
.\build\CORETEK03AE_11C\gprs\MT2502o\lib\xyssl_adp.lib
adups\libiothttp_adups.lib custom\drv\common_drv\aw6314.lib gps\ssl\lib\epo_xyssl.lib hal\audio\lib\MTKRVCT31\Audio_IIRHPF.a hal\audio\lib\MTKRVCT31\BesLoudness.a hal\audio\lib\MTKRVCT31\SLIM\melody_par.a hal\audio\lib\MTKRVCT31\SLIM\mp3_dec.a hal\audio\lib\MTKRVCT31\SLIM\resampler.a hal\audio\lib\MTKRVCT31\SLIM\wav_codec.a hal\audio\lib\MTKRVCT31\aac_dec.a hal\audio\lib\MTKRVCT31\aac_dec.a hal\audio\lib\MTKRVCT31\aec.a hal\audio\lib\MTKRVCT31\cvsd_codec.a hal\audio\lib\MTKRVCT31\dtmf_gen.a hal\audio\lib\MTKRVCT31\melody_syn.a hal\audio\lib\MTKRVCT31\plc.a sss\lib\sss_rvct_sv5.lib ttl\lib\ttl.lib 
