Module mc is in DEFALUT mode
Compiling hal\storage\mc\src\dcl_memory_card.c ... 
"hal\storage\mc\src\dcl_memory_card.c", line 413: Warning:  #188-D: enumerated type mixed with another type
  	sel = 1;
  	    ^
"hal\storage\mc\src\dcl_memory_card.c", line 443: Warning:  #188-D: enumerated type mixed with another type
  	sel = 1;
  	    ^
"hal\storage\mc\src\dcl_memory_card.c", line 987: Warning:  #550-D: variable "sel" was set but never used
  	kal_uint32 sel;
  	           ^
"hal\storage\mc\src\dcl_memory_card.c", line 1297: Warning:  #223-D: function "SD2_startFastFormat" declared implicitly
  	SD2_startFastFormat();
  	^
"hal\storage\mc\src\dcl_memory_card.c", line 1317: Warning:  #223-D: function "SD2_closeFastFormat" declared implicitly
  	SD2_closeFastFormat();
  	^
"hal\storage\mc\src\dcl_memory_card.c", line 1639: Warning:  #223-D: function "MSDC2_GetMediaChanged" declared implicitly
  			changed->changed = MSDC2_GetMediaChanged(sel);
  			                   ^
"hal\storage\mc\src\dcl_memory_card.c", line 1763: Warning:  #188-D: enumerated type mixed with another type
  	sel = 1;
  	    ^
hal\storage\mc\src\dcl_memory_card.c: 7 warnings, 0 errors
Compiling hal\storage\mc\src\msdc.c ... 
"hal\storage\mc\src\msdc.c", line 4128: Warning:  #188-D: enumerated type mixed with another type
      return NULL;
             ^
hal\storage\mc\src\msdc.c: 1 warning, 0 errors
Compiling hal\storage\mc\src\msdc2.c ... 
"hal\storage\mc\src\msdc2.c", line 880: Warning:  #223-D: function "MSDC2_GetIOCtrlParam" declared implicitly
  	MSDC_SetData32(
  	^
"hal\storage\mc\src\msdc2.c", line 2178: Warning:  #550-D: variable "tmp" was set but never used
  	MSDC2_CLR_INT();	
  	^
"hal\storage\mc\src\msdc2.c", line 2190: Warning:  #167-D: argument of type "kal_uint8 *" is incompatible with parameter of type "char *restrict"
          strcpy(lock->name, str);
                 ^
"hal\storage\mc\src\msdc2.c", line 2191: Warning:  #167-D: argument of type "kal_uint8 *" is incompatible with parameter of type "kal_char *"
          lock->mtd_mutex = kal_create_mutex(lock->name);
                                             ^
"hal\storage\mc\src\msdc2.c", line 2231: Warning:  #167-D: argument of type "kal_uint8 *" is incompatible with parameter of type "const kal_char *"
          	init_MSDC_lock(lock, lock->name);
          	                     ^
"hal\storage\mc\src\msdc2.c", line 2311: Warning:  #550-D: variable "tmp" was set but never used
  	MSDC2_CLR_INT();	
  	^
"hal\storage\mc\src\msdc2.c", line 2500: Warning:  #550-D: variable "tmp" was set but never used
  			MSDC2_CLR_INT();
  			^
"hal\storage\mc\src\msdc2.c", line 337: Warning:  #177-D: variable "MSDC2_debounceTime" was declared but never referenced
  static kal_uint32 MSDC2_debounceTime;
                    ^
"hal\storage\mc\src\msdc2.c", line 338: Warning:  #177-D: variable "cardDetectionEINTPolarity2" was declared but never referenced
  static kal_bool cardDetectionEINTPolarity2;
                  ^
hal\storage\mc\src\msdc2.c: 9 warnings, 0 errors
Compiling hal\storage\mc\src\msdc_fake_kal.c ... 
Compiling hal\storage\mc\src\sd.c ... 
Compiling hal\storage\mc\src\sd2.c ... 
"hal\storage\mc\src\sd2.c", line 393: Warning:  #223-D: function "Reset_MSDC2" declared implicitly
  	MSDC2_CLR_FIFO();
  	^
"hal\storage\mc\src\sd2.c", line 596: Warning:  #223-D: function "MSDC2_START_TIMER" declared implicitly
  	MSDC2_START_TIMER(MSDC_TIMEOUT_PERIOD_ACB);
  	^
"hal\storage\mc\src\sd2.c", line 607: Warning:  #223-D: function "MSDC2_STOP_TIMER" declared implicitly
  	MSDC2_STOP_TIMER();
  	^
"hal\storage\mc\src\sd2.c", line 1130: Warning:  #223-D: function "MSDC2_turnOnVMC" declared implicitly
  	MSDC2_turnOnVMC(KAL_FALSE);	
  	^
"hal\storage\mc\src\sd2.c", line 1168: Warning:  #223-D: function "Reset_MSDC2" declared implicitly
  	Reset_MSDC2();
  	^
"hal\storage\mc\src\sd2.c", line 1169: Warning:  #223-D: function "MSDC2_IOInit" declared implicitly
  	MSDC2_IOInit();
  	^
"hal\storage\mc\src\sd2.c", line 1170: Warning:  #223-D: function "MSDC2_ClockInit" declared implicitly
  	MSDC2_ClockInit();	
  	^
"hal\storage\mc\src\sd2.c", line 1422: Warning:  #223-D: function "MSDC2_START_TIMER" declared implicitly
  	MSDC2_START_TIMER(MSDC_TIMEOUT_PERIOD_CMD);
  	^
"hal\storage\mc\src\sd2.c", line 1437: Warning:  #223-D: function "MSDC2_STOP_TIMER" declared implicitly
  	MSDC2_STOP_TIMER();
  	^
"hal\storage\mc\src\sd2.c", line 1441: Warning:  #550-D: variable "tmp" was set but never used
  	MSDC2_CLR_INT();
  	^
"hal\storage\mc\src\sd2.c", line 1471: Warning:  #223-D: function "MSDC2_START_TIMER" declared implicitly
  	MSDC2_START_TIMER(MSDC_TIMEOUT_PERIOD_DAT);
  	^
"hal\storage\mc\src\sd2.c", line 1483: Warning:  #223-D: function "MSDC2_STOP_TIMER" declared implicitly
  	MSDC2_STOP_TIMER();
  	^
"hal\storage\mc\src\sd2.c", line 1484: Warning:  #550-D: variable "tmp" was set but never used
  	MSDC2_CLR_INT();
  	^
"hal\storage\mc\src\sd2.c", line 1532: Warning:  #223-D: function "MSDC2_START_TIMER" declared implicitly
  	MSDC2_START_TIMER(MSDC_TIMEOUT_PERIOD_DAT);
  	^
"hal\storage\mc\src\sd2.c", line 1597: Warning:  #550-D: variable "tmp" was set but never used
  	MSDC2_CLR_INT();
  	^
"hal\storage\mc\src\sd2.c", line 1598: Warning:  #223-D: function "MSDC2_STOP_TIMER" declared implicitly
  	MSDC2_STOP_TIMER();
  	^
"hal\storage\mc\src\sd2.c", line 1753: Warning:  #223-D: function "MSDC2_START_TIMER" declared implicitly
  	MSDC2_START_TIMER(MSDC_TIMEOUT_PERIOD_CMD);
  	^
"hal\storage\mc\src\sd2.c", line 1772: Warning:  #223-D: function "MSDC2_STOP_TIMER" declared implicitly
  	MSDC2_STOP_TIMER();
  	^
"hal\storage\mc\src\sd2.c", line 1779: Warning:  #550-D: variable "tmp" was set but never used
  	MSDC2_CLR_INT();
  	^
"hal\storage\mc\src\sd2.c", line 1880: Warning:  #223-D: function "MSDC2_START_TIMER" declared implicitly
  		MSDC2_START_TIMER(MSDC_TIMEOUT_PERIOD_DAT);
  		^
"hal\storage\mc\src\sd2.c", line 1887: Warning:  #223-D: function "MSDC2_STOP_TIMER" declared implicitly
  		MSDC2_STOP_TIMER();		
  		^
"hal\storage\mc\src\sd2.c", line 1922: Warning:  #223-D: function "MSDC2_BusyWait_ms" declared implicitly
  				MSDC2_BusyWait_ms(30);
  				^
"hal\storage\mc\src\sd2.c", line 1957: Warning:  #223-D: function "MSDC2_START_TIMER" declared implicitly
  	MSDC2_START_TIMER(MSDC_TIMEOUT_PERIOD_CMD);
  	^
"hal\storage\mc\src\sd2.c", line 1963: Warning:  #223-D: function "MSDC2_STOP_TIMER" declared implicitly
  	MSDC2_STOP_TIMER();
  	^
"hal\storage\mc\src\sd2.c", line 2076: Warning:  #177-D: variable "state" was declared but never referenced
  	kal_uint8  state;
  	           ^
"hal\storage\mc\src\sd2.c", line 2193: Warning:  #223-D: function "MSDC2_START_TIMER" declared implicitly
  		MSDC2_START_TIMER(MSDC_TIMEOUT_PERIOD_DAT0_LOW);
  		^
"hal\storage\mc\src\sd2.c", line 2200: Warning:  #223-D: function "MSDC2_STOP_TIMER" declared implicitly
  		MSDC2_STOP_TIMER();
  		^
"hal\storage\mc\src\sd2.c", line 2478: Warning:  #223-D: function "Reset_MSDC2" declared implicitly
      Reset_MSDC2();
      ^
"hal\storage\mc\src\sd2.c", line 2479: Warning:  #550-D: variable "tmp" was set but never used
      MSDC2_CLR_INT();
      ^
"hal\storage\mc\src\sd2.c", line 2996: Warning:  #223-D: function "MSDC2_BusyWait_ms" declared implicitly
                          MSDC2_BusyWait_ms(4);
                          ^
"hal\storage\mc\src\sd2.c", line 3016: Warning:  #550-D: variable "tmp" was set but never used
      MSDC2_CLR_INT();
      ^
"hal\storage\mc\src\sd2.c", line 3030: Warning:  #223-D: function "Reset_MSDC2" declared implicitly
          Reset_MSDC2();
          ^
"hal\storage\mc\src\sd2.c", line 3098: Warning:  #223-D: function "MSDC2_START_TIMER" declared implicitly
  	MSDC2_START_TIMER(MSDC_TIMEOUT_PERIOD_DAT);
  	^
"hal\storage\mc\src\sd2.c", line 3131: Warning:  #223-D: function "MSDC2_STOP_TIMER" declared implicitly
  	MSDC2_STOP_TIMER();
  	^
"hal\storage\mc\src\sd2.c", line 3135: Warning:  #223-D: function "Reset_MSDC2" declared implicitly
  	MSDC2_CLR_FIFO();
  	^
"hal\storage\mc\src\sd2.c", line 3250: Warning:  #223-D: function "Reset_MSDC2" declared implicitly
  	        MSDC2_CLR_FIFO();
  	        ^
"hal\storage\mc\src\sd2.c", line 3256: Warning:  #223-D: function "Reset_MSDC2" declared implicitly
  	MSDC2_CLR_FIFO();
  	^
"hal\storage\mc\src\sd2.c", line 3398: Warning:  #223-D: function "Reset_MSDC2" declared implicitly
  	MSDC2_CLR_FIFO();
  	^
"hal\storage\mc\src\sd2.c", line 3469: Warning:  #223-D: function "Reset_MSDC2" declared implicitly
  		MSDC2_CLR_FIFO();
  		^
"hal\storage\mc\src\sd2.c", line 3541: Warning:  #223-D: function "Reset_MSDC2" declared implicitly
  	MSDC2_CLR_FIFO();
  	^
"hal\storage\mc\src\sd2.c", line 3592: Warning:  #223-D: function "Reset_MSDC2" declared implicitly
  	MSDC2_CLR_FIFO();
  	^
"hal\storage\mc\src\sd2.c", line 3599: Warning:  #223-D: function "MSDC2_InvertN" declared implicitly
  	MSDC2_InvertN((kal_uint8*)WPBits32,(kal_uint8*)&tmp,4);
  	^
"hal\storage\mc\src\sd2.c", line 3653: Warning:  #223-D: function "Reset_MSDC2" declared implicitly
  	MSDC2_CLR_FIFO();
  	^
"hal\storage\mc\src\sd2.c", line 3692: Warning:  #223-D: function "Reset_MSDC2" declared implicitly
  	MSDC2_CLR_FIFO();
  	^
"hal\storage\mc\src\sd2.c", line 3706: Warning:  #223-D: function "MSDC2_InvertN" declared implicitly
  	MSDC2_InvertN((kal_uint8*)num,(kal_uint8*)&tmp,4);
  	^
hal\storage\mc\src\sd2.c: 45 warnings, 0 errors
Compiling hal\storage\mc\src\sd_adap.c ... 
Compiling hal\storage\mc\src\sd_drv.c ... 
"hal\storage\mc\src\sd_drv.c", line 2177: Warning:  #223-D: function "MSDC2_turnOnVMC" declared implicitly
  	MSDC2_turnOnVMC(isCardExist);
  	^
"hal\storage\mc\src\sd_drv.c", line 2203: Warning:  #223-D: function "MSDC2_SendCardInd" declared implicitly
  				MSDC2_SendCardInd(MOD_FMT, SD_EXT, MSG_ID_MSDC_CARD_DETECT_IND);
  				^
hal\storage\mc\src\sd_drv.c: 2 warnings, 0 errors
Compiling hal\storage\mc\src\sdio_drv.c ... 
Compiling hal\storage\mc\src\usbms_msdc.c ... 
make[2]: Entering directory `D:/MTK/MTK2503/MTK2503/11CW1418SP4_03_CORETEK03AE_11C_V1_GPRS_MMI'
CFLAGS = --cpu ARM7EJ-S --littleend -O3 --remove_unneeded_entities -D__RVCT__ -JC:\ARM\RVCT\Data\3.1\569\include\windows --fpmode=ieee_fixed --split_sections --diag_suppress 1,1295,1296,2548 --dwarf2 -D__SERIAL_FLASH_EN__ -D__SERIAL_FLASH_SUPPORT__ --bss_threshold=0
CPLUSFLAGS = --cpp --cpu ARM7EJ-S --littleend -O3 --remove_unneeded_entities -D__RVCT__ -JC:\ARM\RVCT\Data\3.1\569\include\windows --fpmode=ieee_fixed --split_sections --diag_suppress 1,1295,1296,2548 --dwarf2 --bss_threshold=0
AFLAGS = --debug --littleend --cpu ARM7EJ-S --apcs /interwork -16
ADEFS = -pd "MT2502 SETL {TRUE}" -pd "MT2502_S00 SETL {TRUE}" -pd "__SV5_ENABLED__ SETL {TRUE}" -pd "__EVENT_BASED_TIMER__ SETL {TRUE}" -pd "__PRODUCTION_RELEASE__ SETL {TRUE}" -pd "KAL_ON_NUCLEUS SETL {TRUE}" -pd "__CHIP_VERSION_CHECK__ SETL {TRUE}" -pd "__KEYPAD_DEBUG_TRACE__ SETL {TRUE}" -pd "ESAL_AR_STK_FPU_SUPPORT SETL {FALSE}" -pd "__ARM_FPUV2__ SETL {FALSE}" -pd "__SERIAL_FLASH_EN__ SETL {TRUE}" -pd "__SERIAL_FLASH_SUPPORT__ SETL {TRUE}"
C:\ARM\RVCT\Programs\3.1\569\win_32-pentium\armar.exe -create ./build/CORETEK03AE_11C/gprs/MT2502o/lib/mc.lib --via .\build\CORETEK03AE_11C\gprs\MT2502o\mc\mc_sort.via
Warning: L3910W: Old syntax, please use '--create'.
./build/CORETEK03AE_11C/gprs/MT2502o/lib/mc.lib is updated

.\build\CORETEK03AE_11C\gprs\MT2502r\mc_dep\dcl_memory_card.det



.\build\CORETEK03AE_11C\gprs\MT2502r\mc_dep\msdc.det



.\build\CORETEK03AE_11C\gprs\MT2502r\mc_dep\msdc2.det



.\build\CORETEK03AE_11C\gprs\MT2502r\mc_dep\msdc_fake_kal.det



.\build\CORETEK03AE_11C\gprs\MT2502r\mc_dep\sd.det



.\build\CORETEK03AE_11C\gprs\MT2502r\mc_dep\sd2.det



.\build\CORETEK03AE_11C\gprs\MT2502r\mc_dep\sdio_drv.det



.\build\CORETEK03AE_11C\gprs\MT2502r\mc_dep\sd_adap.det



.\build\CORETEK03AE_11C\gprs\MT2502r\mc_dep\sd_drv.det



.\build\CORETEK03AE_11C\gprs\MT2502r\mc_dep\usbms_msdc.det


Processing dcl_memory_card.det msdc.det msdc2.det msdc_fake_kal.det sd.det sd2.det sdio_drv.det sd_adap.det sd_drv.det usbms_msdc.det
make[2]: Leaving directory `D:/MTK/MTK2503/MTK2503/11CW1418SP4_03_CORETEK03AE_11C_V1_GPRS_MMI'
