Module media_app is in DEFALUT mode
Compiling plutommi\CUI\CamcorderCui\CamcorderCui.c ... 
"header_temp\gui_typedef.h", line 4033: Warning:  #14-D: extra text after expected end of preprocessing directive
  #endif  /__MMI_AUDIO_REVERB_EFFECT__
          ^
plutommi\CUI\CamcorderCui\CamcorderCui.c: 1 warning, 0 errors
Compiling plutommi\CUI\CameraCui\CameraCui.c ... 
"header_temp\gui_typedef.h", line 4033: Warning:  #14-D: extra text after expected end of preprocessing directive
  #endif  /__MMI_AUDIO_REVERB_EFFECT__
          ^
plutommi\CUI\CameraCui\CameraCui.c: 1 warning, 0 errors
Compiling plutommi\cui\ImageClipCui\ImageClipCuiSrc\ImageClipCui.c ... 
Compiling plutommi\cui\ImageClipCui\ImageClipCuiSrc\ImageClipCuiOSD.c ... 
Compiling plutommi\mtkapp\ImageView\ImageViewSrc\ImgViewUtil.c ... 
"header_temp\gui_typedef.h", line 4033: Warning:  #14-D: extra text after expected end of preprocessing directive
  #endif  /__MMI_AUDIO_REVERB_EFFECT__
          ^
"header_temp\Wgui_categories_util.h", line 2972: Warning:  #47-D: incompatible redefinition of macro "wgui_title_change" (declared at line 278 of "header_temp\wgui_title.h")
  #define wgui_title_change(_arg0, _arg1, _arg2, _arg3) wgui_title_change_ex(_arg2, _arg3)
          ^
"header_temp\Wgui_categories_util.h", line 3033: Warning:  #47-D: incompatible redefinition of macro "ChangeTitleIcon" (declared at line 281 of "header_temp\wgui_title.h")
  #define ChangeTitleIcon(_arg)
          ^
"header_temp\Wgui_categories_util.h", line 3034: Warning:  #47-D: incompatible redefinition of macro "ChangeTitle" (declared at line 283 of "header_temp\wgui_title.h")
  #define ChangeTitle(_arg0, _arg1) ChangeTitle_ex(_arg1)
          ^
plutommi\mtkapp\ImageView\ImageViewSrc\ImgViewUtil.c: 4 warnings, 0 errors
Compiling plutommi\mtkapp\ImageView\ImageViewSrc\ImgViewer.c ... 
"header_temp\gui_typedef.h", line 4033: Warning:  #14-D: extra text after expected end of preprocessing directive
  #endif  /__MMI_AUDIO_REVERB_EFFECT__
          ^
"header_temp\Wgui_categories_util.h", line 2972: Warning:  #47-D: incompatible redefinition of macro "wgui_title_change" (declared at line 278 of "header_temp\wgui_title.h")
  #define wgui_title_change(_arg0, _arg1, _arg2, _arg3) wgui_title_change_ex(_arg2, _arg3)
          ^
"header_temp\Wgui_categories_util.h", line 3033: Warning:  #47-D: incompatible redefinition of macro "ChangeTitleIcon" (declared at line 281 of "header_temp\wgui_title.h")
  #define ChangeTitleIcon(_arg)
          ^
"header_temp\Wgui_categories_util.h", line 3034: Warning:  #47-D: incompatible redefinition of macro "ChangeTitle" (declared at line 283 of "header_temp\wgui_title.h")
  #define ChangeTitle(_arg0, _arg1) ChangeTitle_ex(_arg1)
          ^
plutommi\mtkapp\ImageView\ImageViewSrc\ImgViewer.c: 4 warnings, 0 errors
Compiling plutommi\mtkapp\ImageView\ImageViewSrc\ImgViewerCacheAdp.c ... 
Compiling plutommi\mtkapp\ImageView\ImageViewSrc\ImgViewerCacheDB.c ... 
Compiling plutommi\mtkapp\ImageView\ImageViewSrc\ImgViewerCacheInfc.c ... 
Compiling plutommi\mtkapp\ImageView\ImageViewSrc\ImgViewerCacheMgr.c ... 
Compiling plutommi\mtkapp\ImageView\ImageViewSrc\ImgViewerSkin.c ... 
Compiling plutommi\CUI\ImageViewCui\ImgviewCui.c ... 
"header_temp\gui_typedef.h", line 4033: Warning:  #14-D: extra text after expected end of preprocessing directive
  #endif  /__MMI_AUDIO_REVERB_EFFECT__
          ^
plutommi\CUI\ImageViewCui\ImgviewCui.c: 1 warning, 0 errors
Compiling plutommi\CUI\ImageViewCui\ImgviewCuiScrn.c ... 
"header_temp\btostypes.h", line 146: Warning:  #65-D: expected a ";"
  } bt_addr_rssi_struct;
  ^
"header_temp\BtcmSrvGprot.h", line 2306: Warning:  #66-D: enumeration value is out of "int" range
  	SRV_BT_CM_EVENT_LINK_STATE_IND				= 0x80000000,  /* bond cancel */
  	                              				  ^
"header_temp\BtcmSrvGprot.h", line 2307: Warning:  #66-D: enumeration value is out of "int" range
  	SRV_BT_CM_EVENT_FAIL_CONN_TO				= SRV_BT_CM_EVENT_LINK_STATE_IND
  	                            				  ^
"header_temp\med_global.h", line 4760: Warning:  #47-D: incompatible redefinition of macro "AUD_VAD_FUNC_ENTRY2" (declared at line 4759)
  #define AUD_VAD_FUNC_ENTRY2(F, x,y,z)
          ^
"header_temp\gui_typedef.h", line 4033: Warning:  #14-D: extra text after expected end of preprocessing directive
  #endif  /__MMI_AUDIO_REVERB_EFFECT__
          ^
"header_temp\Wgui_categories_util.h", line 2972: Warning:  #47-D: incompatible redefinition of macro "wgui_title_change" (declared at line 278 of "header_temp\wgui_title.h")
  #define wgui_title_change(_arg0, _arg1, _arg2, _arg3) wgui_title_change_ex(_arg2, _arg3)
          ^
"header_temp\Wgui_categories_util.h", line 3033: Warning:  #47-D: incompatible redefinition of macro "ChangeTitleIcon" (declared at line 281 of "header_temp\wgui_title.h")
  #define ChangeTitleIcon(_arg)
          ^
"header_temp\Wgui_categories_util.h", line 3034: Warning:  #47-D: incompatible redefinition of macro "ChangeTitle" (declared at line 283 of "header_temp\wgui_title.h")
  #define ChangeTitle(_arg0, _arg1) ChangeTitle_ex(_arg1)
          ^
"plutommi\CUI\ImageViewCui\ImgviewCuiScrn.c", line 2323: Warning:  #177-D: variable "pscrn_data" was declared but never referenced
      cui_iv_scrndata *pscrn_data = &pcui->scrn_data;
                       ^
"plutommi\CUI\ImageViewCui\ImgviewCuiScrn.c", line 2392: Warning:  #177-D: variable "h_layer" was declared but never referenced
      gdi_handle h_layer;
                 ^
"plutommi\CUI\ImageViewCui\ImgviewCuiScrn.c", line 2393: Warning:  #177-D: variable "h_switch" was declared but never referenced
      gdi_handle h_switch = GDI_LAYER_EMPTY_HANDLE;
                 ^
"plutommi\CUI\ImageViewCui\ImgviewCuiScrn.c", line 2394: Warning:  #177-D: variable "h_panel" was declared but never referenced
      gdi_handle h_panel = GDI_LAYER_EMPTY_HANDLE;
                 ^
"plutommi\CUI\ImageViewCui\ImgviewCuiScrn.c", line 2395: Warning:  #177-D: variable "h_title" was declared but never referenced
      gdi_handle h_title = GDI_LAYER_EMPTY_HANDLE;
                 ^
"plutommi\CUI\ImageViewCui\ImgviewCuiScrn.c", line 5595: Warning:  #177-D: variable "active_layer" was declared but never referenced
  	gdi_handle active_layer;
  	           ^
"plutommi\CUI\ImageViewCui\ImgviewCuiScrn.c", line 5597: Warning:  #177-D: variable "pscrn_data" was declared but never referenced
      cui_iv_scrndata *pscrn_data = &pcui->scrn_data;
                       ^
"plutommi\CUI\ImageViewCui\ImgviewCuiScrn.c", line 5672: Warning:  #177-D: variable "active_layer" was declared but never referenced
  	gdi_handle active_layer;
  	           ^
"plutommi\CUI\ImageViewCui\ImgviewCuiScrn.c", line 9582: Warning:  #177-D: function "cui_iv_imgadp_pause" was declared but never referenced
  static void cui_iv_imgadp_pause(cui_iv_cntx *pcui, cui_iv_imgadp_img_struct *pImg)
              ^
"plutommi\CUI\ImageViewCui\ImgviewCuiScrn.c", line 9637: Warning:  #177-D: function "cui_iv_imgadp_resume" was declared but never referenced
  static void cui_iv_imgadp_resume(cui_iv_cntx *pcui, cui_iv_imgadp_img_struct *pImg)
              ^
plutommi\CUI\ImageViewCui\ImgviewCuiScrn.c: 18 warnings, 0 errors
Compiling plutommi\mtkapp\javaagency\javaagencysrc\JavaAgencyEMPerformance.c ... 
"header_temp\gui_typedef.h", line 4033: Warning:  #14-D: extra text after expected end of preprocessing directive
  #endif  /__MMI_AUDIO_REVERB_EFFECT__
          ^
plutommi\mtkapp\javaagency\javaagencysrc\JavaAgencyEMPerformance.c: 1 warning, 0 errors
Compiling plutommi\mtkapp\javaagency\javaagencysrc\JavaAgencyManager.c ... 
"header_temp\gui_typedef.h", line 4033: Warning:  #14-D: extra text after expected end of preprocessing directive
  #endif  /__MMI_AUDIO_REVERB_EFFECT__
          ^
plutommi\mtkapp\javaagency\javaagencysrc\JavaAgencyManager.c: 1 warning, 0 errors
Compiling plutommi\mtkapp\javaagency\javaagencysrc\JavaAgencyNCenter.cpp ... 
Compiling plutommi\mtkapp\javaagency\javaagencysrc\JavaAgencyNetworkProfile.c ... 
Compiling plutommi\mtkapp\javaagency\javaagencysrc\JavaAgencySettings.c ... 
Compiling plutommi\mtkapp\ImageView\ImageViewSrc\MediaAppFrame.c ... 
Compiling plutommi\mtkapp\ImageView\ImageViewSrc\MediaAppPanel.c ... 
Compiling plutommi\mtkapp\MediaPlayer\MediaPlayerSrc\MediaPlayerMain.c ... 
Compiling plutommi\mtkapp\MediaPlayer\MediaPlayerSrc\MediaPlayerMsgHandler.c ... 
Compiling plutommi\mtkapp\MediaPlayer\MediaPlayerSrc\MediaPlayerSingleApp.c ... 
Compiling plutommi\mtkapp\audioplayer\audioplayersrc\audioplayersingleplayer.c ... 
"header_temp\gui_typedef.h", line 4033: Warning:  #14-D: extra text after expected end of preprocessing directive
  #endif  /__MMI_AUDIO_REVERB_EFFECT__
          ^
"header_temp\wgui_categories_util.h", line 2972: Warning:  #47-D: incompatible redefinition of macro "wgui_title_change" (declared at line 278 of "header_temp\wgui_title.h")
  #define wgui_title_change(_arg0, _arg1, _arg2, _arg3) wgui_title_change_ex(_arg2, _arg3)
          ^
"header_temp\wgui_categories_util.h", line 3033: Warning:  #47-D: incompatible redefinition of macro "ChangeTitleIcon" (declared at line 281 of "header_temp\wgui_title.h")
  #define ChangeTitleIcon(_arg)
          ^
"header_temp\wgui_categories_util.h", line 3034: Warning:  #47-D: incompatible redefinition of macro "ChangeTitle" (declared at line 283 of "header_temp\wgui_title.h")
  #define ChangeTitle(_arg0, _arg1) ChangeTitle_ex(_arg1)
          ^
"plutommi\mtkapp\audioplayer\audioplayersrc\audioplayersingleplayer.c", line 592: Warning:  #177-D: variable "error" was declared but never referenced
      S16 error;
          ^
plutommi\mtkapp\audioplayer\audioplayersrc\audioplayersingleplayer.c: 5 warnings, 0 errors
Compiling plutommi\mtkapp\audioplayer\audioplayersrc\audioplayerutil.c ... 
"header_temp\gui_typedef.h", line 4033: Warning:  #14-D: extra text after expected end of preprocessing directive
  #endif  /__MMI_AUDIO_REVERB_EFFECT__
          ^
plutommi\mtkapp\audioplayer\audioplayersrc\audioplayerutil.c: 1 warning, 0 errors
Compiling plutommi\mtkapp\avatar\avatarsrc\avatar.c ... 
Compiling plutommi\mtkapp\fmschedulerec\fmschedulerecsrc\fmschedulerec.c ... 
"header_temp\gui_typedef.h", line 4033: Warning:  #14-D: extra text after expected end of preprocessing directive
  #endif  /__MMI_AUDIO_REVERB_EFFECT__
          ^
plutommi\mtkapp\fmschedulerec\fmschedulerecsrc\fmschedulerec.c: 1 warning, 0 errors
Compiling plutommi\mtkapp\fmschedulerec\fmschedulerecsrc\fmschedulerecmsghdlr.c ... 
"header_temp\gui_typedef.h", line 4033: Warning:  #14-D: extra text after expected end of preprocessing directive
  #endif  /__MMI_AUDIO_REVERB_EFFECT__
          ^
plutommi\mtkapp\fmschedulerec\fmschedulerecsrc\fmschedulerecmsghdlr.c: 1 warning, 0 errors
Compiling plutommi\mtkapp\fmschedulerec\fmschedulerecsrc\fmschedulerecscreen.c ... 
"header_temp\gui_typedef.h", line 4033: Warning:  #14-D: extra text after expected end of preprocessing directive
  #endif  /__MMI_AUDIO_REVERB_EFFECT__
          ^
plutommi\mtkapp\fmschedulerec\fmschedulerecsrc\fmschedulerecscreen.c: 1 warning, 0 errors
Compiling plutommi\mtkapp\fmschedulerec\fmschedulerecsrc\fmschedulerecsetting.c ... 
"header_temp\gui_typedef.h", line 4033: Warning:  #14-D: extra text after expected end of preprocessing directive
  #endif  /__MMI_AUDIO_REVERB_EFFECT__
          ^
plutommi\mtkapp\fmschedulerec\fmschedulerecsrc\fmschedulerecsetting.c: 1 warning, 0 errors
Compiling plutommi\mmi\funandgames\funandgamessrc\funandgamessrc.c ... 
"header_temp\gui_typedef.h", line 4033: Warning:  #14-D: extra text after expected end of preprocessing directive
  #endif  /__MMI_AUDIO_REVERB_EFFECT__
          ^
"header_temp\wgui_categories_util.h", line 2972: Warning:  #47-D: incompatible redefinition of macro "wgui_title_change" (declared at line 278 of "header_temp\wgui_title.h")
  #define wgui_title_change(_arg0, _arg1, _arg2, _arg3) wgui_title_change_ex(_arg2, _arg3)
          ^
"header_temp\wgui_categories_util.h", line 3033: Warning:  #47-D: incompatible redefinition of macro "ChangeTitleIcon" (declared at line 281 of "header_temp\wgui_title.h")
  #define ChangeTitleIcon(_arg)
          ^
"header_temp\wgui_categories_util.h", line 3034: Warning:  #47-D: incompatible redefinition of macro "ChangeTitle" (declared at line 283 of "header_temp\wgui_title.h")
  #define ChangeTitle(_arg0, _arg1) ChangeTitle_ex(_arg1)
          ^
"header_temp\btostypes.h", line 146: Warning:  #65-D: expected a ";"
  } bt_addr_rssi_struct;
  ^
"header_temp\BtcmSrvGprot.h", line 2306: Warning:  #66-D: enumeration value is out of "int" range
  	SRV_BT_CM_EVENT_LINK_STATE_IND				= 0x80000000,  /* bond cancel */
  	                              				  ^
"header_temp\BtcmSrvGprot.h", line 2307: Warning:  #66-D: enumeration value is out of "int" range
  	SRV_BT_CM_EVENT_FAIL_CONN_TO				= SRV_BT_CM_EVENT_LINK_STATE_IND
  	                            				  ^
"plutommi\mmi\funandgames\funandgamessrc\funandgamessrc.c", line 1210: Warning:  #223-D: function "mmi_imgview_init_app" declared implicitly
      mmi_imgview_init_app();
      ^
plutommi\mmi\funandgames\funandgamessrc\funandgamessrc.c: 8 warnings, 0 errors
Compiling plutommi\mtkapp\javaagency\javaagencysrc\javaagencyem.c ... 
Compiling plutommi\mtkapp\javaagency\javaagencysrc\javaagencymidsinstall.c ... 
Compiling plutommi\mtkapp\javaagency\javaagencysrc\javaagencysrc.c ... 
Compiling plutommi\mtkapp\javaagency\javaagencysrc\javaagencytaskswitch.c ... 
Compiling plutommi\mtkapp\javaagency\javaagencysrc\javaagencytimealarm.c ... 
"header_temp\gui_typedef.h", line 4033: Warning:  #14-D: extra text after expected end of preprocessing directive
  #endif  /__MMI_AUDIO_REVERB_EFFECT__
          ^
plutommi\mtkapp\javaagency\javaagencysrc\javaagencytimealarm.c: 1 warning, 0 errors
Compiling plutommi\mtkapp\javaagency\javaagencysrc\javaagencyutil.c ... 
Compiling plutommi\mmi\funandgames\funandgamessrc\javagame.c ... 
Compiling plutommi\mmi\funandgames\funandgamessrc\pictureeditor.c ... 
"header_temp\gui_typedef.h", line 4033: Warning:  #14-D: extra text after expected end of preprocessing directive
  #endif  /__MMI_AUDIO_REVERB_EFFECT__
          ^
plutommi\mmi\funandgames\funandgamessrc\pictureeditor.c: 1 warning, 0 errors
Compiling plutommi\mmi\funandgames\funandgamessrc\pictureeditorengine.c ... 
"header_temp\gui_typedef.h", line 4033: Warning:  #14-D: extra text after expected end of preprocessing directive
  #endif  /__MMI_AUDIO_REVERB_EFFECT__
          ^
plutommi\mmi\funandgames\funandgamessrc\pictureeditorengine.c: 1 warning, 0 errors
Compiling plutommi\mmi\funandgames\funandgamessrc\pictureeditorhandler.c ... 
"header_temp\gui_typedef.h", line 4033: Warning:  #14-D: extra text after expected end of preprocessing directive
  #endif  /__MMI_AUDIO_REVERB_EFFECT__
          ^
plutommi\mmi\funandgames\funandgamessrc\pictureeditorhandler.c: 1 warning, 0 errors
Compiling plutommi\mtkapp\swflash\swflashsrc\swflashdlsrc.c ... 
"header_temp\gui_typedef.h", line 4033: Warning:  #14-D: extra text after expected end of preprocessing directive
  #endif  /__MMI_AUDIO_REVERB_EFFECT__
          ^
plutommi\mtkapp\swflash\swflashsrc\swflashdlsrc.c: 1 warning, 0 errors
Compiling plutommi\mtkapp\swflash\swflashsrc\swflashplayer.c ... 
"header_temp\gui_typedef.h", line 4033: Warning:  #14-D: extra text after expected end of preprocessing directive
  #endif  /__MMI_AUDIO_REVERB_EFFECT__
          ^
plutommi\mtkapp\swflash\swflashsrc\swflashplayer.c: 1 warning, 0 errors
make[2]: Entering directory `D:/MTK/MTK2503/MTK2503/11CW1418SP4_03_CORETEK03AE_11C_V1_GPRS_MMI'
CFLAGS = --cpu ARM7EJ-S --littleend -O3 --remove_unneeded_entities -D__RVCT__ -JC:\ARM\RVCT\Data\3.1\569\include\windows --fpmode=ieee_fixed --split_sections --diag_suppress 1,1295,1296,2548 --dwarf2 -D__SERIAL_FLASH_EN__ -D__SERIAL_FLASH_SUPPORT__ --bss_threshold=0
CPLUSFLAGS = --cpp --cpu ARM7EJ-S --littleend -O3 --remove_unneeded_entities -D__RVCT__ -JC:\ARM\RVCT\Data\3.1\569\include\windows --fpmode=ieee_fixed --split_sections --diag_suppress 1,1295,1296,2548 --dwarf2 --bss_threshold=0
AFLAGS = --debug --littleend --cpu ARM7EJ-S --apcs /interwork -16
ADEFS = -pd "MMI_ON_HARDWARE_P SETL {TRUE}" -pd "__EMS__ SETL {TRUE}" -pd "SIM_APP_TOOLKIT SETL {TRUE}" -pd "TETRIS_GAME_APP SETL {TRUE}" -pd "CM_APPLICATION_ENABLE SETL {TRUE}" -pd "MESSAGES_APPLICATION SETL {TRUE}" -pd "__UCS2_ENCODING SETL {TRUE}" -pd "CELLBROADCAST_APP SETL {TRUE}" -pd "__CB__ SETL {TRUE}" -pd "VM_SUPPORT SETL {TRUE}" -pd "SHORTCUTS_APP SETL {TRUE}" -pd "T9LANG_English SETL {TRUE}" -pd "T9LANG_Chinese SETL {TRUE}" -pd "T9LANG_Spanish SETL {TRUE}" -pd "T9LANG_French SETL {TRUE}" -pd "T9LANG_German SETL {TRUE}" -pd "T9LANG_Italian SETL {TRUE}" -pd "EMS_LITTLE_ENDIAN SETL {TRUE}" -pd "EMS_MEM_MANAGEMENT SETL {TRUE}" -pd "T9ALPHABETIC SETL {TRUE}" -pd "T9CHINESE SETL {TRUE}" -pd "MMS_VIRTUAL_FILE_SUPPORT SETL {TRUE}" -pd "COMPILER_SUPPORTS_LONG=1 SETL {TRUE}" -pd "MT2502 SETL {TRUE}" -pd "MT2502_S00 SETL {TRUE}" -pd "__SV5_ENABLED__ SETL {TRUE}" -pd "__EVENT_BASED_TIMER__ SETL {TRUE}" -pd "__PRODUCTION_RELEASE__ SETL {TRUE}" -pd "KAL_ON_NUCLEUS SETL {TRUE}" -pd "__CHIP_VERSION_CHECK__ SETL {TRUE}" -pd "__KEYPAD_DEBUG_TRACE__ SETL {TRUE}" -pd "ESAL_AR_STK_FPU_SUPPORT SETL {FALSE}" -pd "__ARM_FPUV2__ SETL {FALSE}" -pd "__SERIAL_FLASH_EN__ SETL {TRUE}" -pd "__SERIAL_FLASH_SUPPORT__ SETL {TRUE}"
C:\ARM\RVCT\Programs\3.1\569\win_32-pentium\armar.exe -create ./build/CORETEK03AE_11C/gprs/MT2502o/lib/media_app.lib --via .\build\CORETEK03AE_11C\gprs\MT2502o\media_app\media_app_sort.via
Warning: L3910W: Old syntax, please use '--create'.
./build/CORETEK03AE_11C/gprs/MT2502o/lib/media_app.lib is updated

.\build\CORETEK03AE_11C\gprs\MT2502r\media_app_dep\audioplayersingleplayer.det



.\build\CORETEK03AE_11C\gprs\MT2502r\media_app_dep\audioplayerutil.det



.\build\CORETEK03AE_11C\gprs\MT2502r\media_app_dep\avatar.det



.\build\CORETEK03AE_11C\gprs\MT2502r\media_app_dep\CamcorderCui.det



.\build\CORETEK03AE_11C\gprs\MT2502r\media_app_dep\CameraCui.det



.\build\CORETEK03AE_11C\gprs\MT2502r\media_app_dep\fmschedulerec.det



.\build\CORETEK03AE_11C\gprs\MT2502r\media_app_dep\fmschedulerecmsghdlr.det



.\build\CORETEK03AE_11C\gprs\MT2502r\media_app_dep\fmschedulerecscreen.det



.\build\CORETEK03AE_11C\gprs\MT2502r\media_app_dep\fmschedulerecsetting.det



.\build\CORETEK03AE_11C\gprs\MT2502r\media_app_dep\funandgamessrc.det



.\build\CORETEK03AE_11C\gprs\MT2502r\media_app_dep\ImageClipCui.det



.\build\CORETEK03AE_11C\gprs\MT2502r\media_app_dep\ImageClipCuiOSD.det



.\build\CORETEK03AE_11C\gprs\MT2502r\media_app_dep\ImgviewCui.det



.\build\CORETEK03AE_11C\gprs\MT2502r\media_app_dep\ImgviewCuiScrn.det



.\build\CORETEK03AE_11C\gprs\MT2502r\media_app_dep\ImgViewer.det



.\build\CORETEK03AE_11C\gprs\MT2502r\media_app_dep\ImgViewerCacheAdp.det



.\build\CORETEK03AE_11C\gprs\MT2502r\media_app_dep\ImgViewerCacheDB.det



.\build\CORETEK03AE_11C\gprs\MT2502r\media_app_dep\ImgViewerCacheInfc.det



.\build\CORETEK03AE_11C\gprs\MT2502r\media_app_dep\ImgViewerCacheMgr.det



.\build\CORETEK03AE_11C\gprs\MT2502r\media_app_dep\ImgViewerSkin.det



.\build\CORETEK03AE_11C\gprs\MT2502r\media_app_dep\ImgViewUtil.det



.\build\CORETEK03AE_11C\gprs\MT2502r\media_app_dep\javaagencyem.det



.\build\CORETEK03AE_11C\gprs\MT2502r\media_app_dep\JavaAgencyEMPerformance.det



.\build\CORETEK03AE_11C\gprs\MT2502r\media_app_dep\JavaAgencyManager.det



.\build\CORETEK03AE_11C\gprs\MT2502r\media_app_dep\javaagencymidsinstall.det



.\build\CORETEK03AE_11C\gprs\MT2502r\media_app_dep\JavaAgencyNCenter.det



.\build\CORETEK03AE_11C\gprs\MT2502r\media_app_dep\JavaAgencyNetworkProfile.det



.\build\CORETEK03AE_11C\gprs\MT2502r\media_app_dep\JavaAgencySettings.det



.\build\CORETEK03AE_11C\gprs\MT2502r\media_app_dep\javaagencysrc.det



.\build\CORETEK03AE_11C\gprs\MT2502r\media_app_dep\javaagencytaskswitch.det



.\build\CORETEK03AE_11C\gprs\MT2502r\media_app_dep\javaagencytimealarm.det



.\build\CORETEK03AE_11C\gprs\MT2502r\media_app_dep\javaagencyutil.det



.\build\CORETEK03AE_11C\gprs\MT2502r\media_app_dep\javagame.det



.\build\CORETEK03AE_11C\gprs\MT2502r\media_app_dep\MediaAppFrame.det



.\build\CORETEK03AE_11C\gprs\MT2502r\media_app_dep\MediaAppPanel.det



.\build\CORETEK03AE_11C\gprs\MT2502r\media_app_dep\MediaPlayerMain.det



.\build\CORETEK03AE_11C\gprs\MT2502r\media_app_dep\MediaPlayerMsgHandler.det



.\build\CORETEK03AE_11C\gprs\MT2502r\media_app_dep\MediaPlayerSingleApp.det



.\build\CORETEK03AE_11C\gprs\MT2502r\media_app_dep\pictureeditor.det



.\build\CORETEK03AE_11C\gprs\MT2502r\media_app_dep\pictureeditorengine.det



.\build\CORETEK03AE_11C\gprs\MT2502r\media_app_dep\pictureeditorhandler.det



.\build\CORETEK03AE_11C\gprs\MT2502r\media_app_dep\swflashdlsrc.det



.\build\CORETEK03AE_11C\gprs\MT2502r\media_app_dep\swflashplayer.det


Processing audioplayersingleplayer.det audioplayerutil.det avatar.det CamcorderCui.det CameraCui.det fmschedulerec.det fmschedulerecmsghdlr.det fmschedulerecscreen.det fmschedulerecsetting.det funandgamessrc.det ImageClipCui.det ImageClipCuiOSD.det ImgviewCui.det ImgviewCuiScrn.det ImgViewer.det ImgViewerCacheAdp.det ImgViewerCacheDB.det ImgViewerCacheInfc.det ImgViewerCacheMgr.det ImgViewerSkin.det ImgViewUtil.det javaagencyem.det JavaAgencyEMPerformance.det JavaAgencyManager.det javaagencymidsinstall.det JavaAgencyNCenter.det JavaAgencyNetworkProfile.det JavaAgencySettings.det javaagencysrc.det javaagencytaskswitch.det javaagencytimealarm.det javaagencyutil.det javagame.det MediaAppFrame.det MediaAppPanel.det MediaPlayerMain.det MediaPlayerMsgHandler.det MediaPlayerSingleApp.det pictureeditor.det pictureeditorengine.det pictureeditorhandler.det swflashdlsrc.det swflashplayer.det
make[2]: Leaving directory `D:/MTK/MTK2503/MTK2503/11CW1418SP4_03_CORETEK03AE_11C_V1_GPRS_MMI'
