Module media is in DEFALUT mode
Compiling media\metatag\src\ape_parser.c ... 
"header_temp\med_global.h", line 4760: Warning:  #47-D: incompatible redefinition of macro "AUD_VAD_FUNC_ENTRY2" (declared at line 4759)
  #define AUD_VAD_FUNC_ENTRY2(F, x,y,z)
          ^
media\metatag\src\ape_parser.c: 1 warning, 0 errors
Compiling media\audio\src\aud_api.c ... 
"header_temp\med_global.h", line 4760: Warning:  #47-D: incompatible redefinition of macro "AUD_VAD_FUNC_ENTRY2" (declared at line 4759)
  #define AUD_VAD_FUNC_ENTRY2(F, x,y,z)
          ^
media\audio\src\aud_api.c: 1 warning, 0 errors
Compiling media\audio\src\aud_audio.c ... 
"header_temp\med_global.h", line 4760: Warning:  #47-D: incompatible redefinition of macro "AUD_VAD_FUNC_ENTRY2" (declared at line 4759)
  #define AUD_VAD_FUNC_ENTRY2(F, x,y,z)
          ^
media\audio\src\aud_audio.c: 1 warning, 0 errors
Compiling media\audio\src\aud_bt_a2dp.c ... 
"header_temp\med_global.h", line 4760: Warning:  #47-D: incompatible redefinition of macro "AUD_VAD_FUNC_ENTRY2" (declared at line 4759)
  #define AUD_VAD_FUNC_ENTRY2(F, x,y,z)
          ^
"header_temp\btostypes.h", line 146: Warning:  #65-D: expected a ";"
  } bt_addr_rssi_struct;
  ^
media\audio\src\aud_bt_a2dp.c: 2 warnings, 0 errors
Compiling media\audio\src\aud_build_cache.c ... 
"header_temp\med_global.h", line 4760: Warning:  #47-D: incompatible redefinition of macro "AUD_VAD_FUNC_ENTRY2" (declared at line 4759)
  #define AUD_VAD_FUNC_ENTRY2(F, x,y,z)
          ^
media\audio\src\aud_build_cache.c: 1 warning, 0 errors
Compiling media\audio\src\aud_daf_parser.c ... 
"header_temp\med_global.h", line 4760: Warning:  #47-D: incompatible redefinition of macro "AUD_VAD_FUNC_ENTRY2" (declared at line 4759)
  #define AUD_VAD_FUNC_ENTRY2(F, x,y,z)
          ^
media\audio\src\aud_daf_parser.c: 1 warning, 0 errors
Compiling media\audio\src\aud_fmradio.c ... 
"header_temp\med_global.h", line 4760: Warning:  #47-D: incompatible redefinition of macro "AUD_VAD_FUNC_ENTRY2" (declared at line 4759)
  #define AUD_VAD_FUNC_ENTRY2(F, x,y,z)
          ^
media\audio\src\aud_fmradio.c: 1 warning, 0 errors
Compiling media\audio\src\aud_id3_parser.c ... 
"header_temp\med_global.h", line 4760: Warning:  #47-D: incompatible redefinition of macro "AUD_VAD_FUNC_ENTRY2" (declared at line 4759)
  #define AUD_VAD_FUNC_ENTRY2(F, x,y,z)
          ^
media\audio\src\aud_id3_parser.c: 1 warning, 0 errors
Compiling media\audio\src\aud_ilm.c ... 
"header_temp\med_global.h", line 4760: Warning:  #47-D: incompatible redefinition of macro "AUD_VAD_FUNC_ENTRY2" (declared at line 4759)
  #define AUD_VAD_FUNC_ENTRY2(F, x,y,z)
          ^
media\audio\src\aud_ilm.c: 1 warning, 0 errors
Compiling media\audio\src\aud_input_stream.c ... 
"header_temp\med_global.h", line 4760: Warning:  #47-D: incompatible redefinition of macro "AUD_VAD_FUNC_ENTRY2" (declared at line 4759)
  #define AUD_VAD_FUNC_ENTRY2(F, x,y,z)
          ^
media\audio\src\aud_input_stream.c: 1 warning, 0 errors
Compiling media\audio\src\aud_keytone.c ... 
"header_temp\med_global.h", line 4760: Warning:  #47-D: incompatible redefinition of macro "AUD_VAD_FUNC_ENTRY2" (declared at line 4759)
  #define AUD_VAD_FUNC_ENTRY2(F, x,y,z)
          ^
media\audio\src\aud_keytone.c: 1 warning, 0 errors
Compiling media\audio\src\aud_main.c ... 
"header_temp\med_global.h", line 4760: Warning:  #47-D: incompatible redefinition of macro "AUD_VAD_FUNC_ENTRY2" (declared at line 4759)
  #define AUD_VAD_FUNC_ENTRY2(F, x,y,z)
          ^
"media\audio\src\aud_main.c", line 897: Warning:  #223-D: function "aud_get_calibration_hdlr" declared implicitly
              aud_get_calibration_hdlr(ilm_ptr);
              ^
media\audio\src\aud_main.c: 2 warnings, 0 errors
Compiling media\audio\src\aud_media.c ... 
"header_temp\med_global.h", line 4760: Warning:  #47-D: incompatible redefinition of macro "AUD_VAD_FUNC_ENTRY2" (declared at line 4759)
  #define AUD_VAD_FUNC_ENTRY2(F, x,y,z)
          ^
media\audio\src\aud_media.c: 1 warning, 0 errors
Compiling media\audio\src\aud_melody.c ... 
"header_temp\med_global.h", line 4760: Warning:  #47-D: incompatible redefinition of macro "AUD_VAD_FUNC_ENTRY2" (declared at line 4759)
  #define AUD_VAD_FUNC_ENTRY2(F, x,y,z)
          ^
media\audio\src\aud_melody.c: 1 warning, 0 errors
Compiling media\audio\src\aud_mma.c ... 
"header_temp\med_global.h", line 4760: Warning:  #47-D: incompatible redefinition of macro "AUD_VAD_FUNC_ENTRY2" (declared at line 4759)
  #define AUD_VAD_FUNC_ENTRY2(F, x,y,z)
          ^
"media\audio\src\aud_mma.c", line 2520: Warning:  #550-D: variable "app_id" was set but never used
      kal_uint16 app_id;
                 ^
media\audio\src\aud_mma.c: 2 warnings, 0 errors
Compiling media\audio\src\aud_player_media.c ... 
"header_temp\med_global.h", line 4760: Warning:  #47-D: incompatible redefinition of macro "AUD_VAD_FUNC_ENTRY2" (declared at line 4759)
  #define AUD_VAD_FUNC_ENTRY2(F, x,y,z)
          ^
media\audio\src\aud_player_media.c: 1 warning, 0 errors
Compiling media\audio\src\aud_player_mma.c ... 
"header_temp\med_global.h", line 4760: Warning:  #47-D: incompatible redefinition of macro "AUD_VAD_FUNC_ENTRY2" (declared at line 4759)
  #define AUD_VAD_FUNC_ENTRY2(F, x,y,z)
          ^
"media\audio\src\aud_player_mma.c", line 1252: Warning:  #177-D: variable "req_p" was declared but never referenced
              med_aud_player_mma_set_data_t* req_p = (med_aud_player_mma_set_data_t*)data_p;
                                             ^
media\audio\src\aud_player_mma.c: 2 warnings, 0 errors
Compiling media\audio\src\aud_player_mpl.c ... 
"header_temp\med_global.h", line 4760: Warning:  #47-D: incompatible redefinition of macro "AUD_VAD_FUNC_ENTRY2" (declared at line 4759)
  #define AUD_VAD_FUNC_ENTRY2(F, x,y,z)
          ^
media\audio\src\aud_player_mpl.c: 1 warning, 0 errors
Compiling media\audio\src\aud_post_process.c ... 
"header_temp\med_global.h", line 4760: Warning:  #47-D: incompatible redefinition of macro "AUD_VAD_FUNC_ENTRY2" (declared at line 4759)
  #define AUD_VAD_FUNC_ENTRY2(F, x,y,z)
          ^
media\audio\src\aud_post_process.c: 1 warning, 0 errors
Compiling media\audio\src\aud_record.c ... 
"header_temp\med_global.h", line 4760: Warning:  #47-D: incompatible redefinition of macro "AUD_VAD_FUNC_ENTRY2" (declared at line 4759)
  #define AUD_VAD_FUNC_ENTRY2(F, x,y,z)
          ^
media\audio\src\aud_record.c: 1 warning, 0 errors
Compiling media\audio\src\aud_recorder_media.c ... 
"header_temp\med_global.h", line 4760: Warning:  #47-D: incompatible redefinition of macro "AUD_VAD_FUNC_ENTRY2" (declared at line 4759)
  #define AUD_VAD_FUNC_ENTRY2(F, x,y,z)
          ^
media\audio\src\aud_recorder_media.c: 1 warning, 0 errors
Compiling media\audio\src\aud_speech.c ... 
"header_temp\med_global.h", line 4760: Warning:  #47-D: incompatible redefinition of macro "AUD_VAD_FUNC_ENTRY2" (declared at line 4759)
  #define AUD_VAD_FUNC_ENTRY2(F, x,y,z)
          ^
"media\audio\src\aud_speech.c", line 1216: Warning:  #177-D: variable "output_device" was declared but never referenced
  		    kal_uint8 output_device = 0;
  		              ^
media\audio\src\aud_speech.c: 2 warnings, 0 errors
Compiling media\audio\src\aud_tone.c ... 
"header_temp\med_global.h", line 4760: Warning:  #47-D: incompatible redefinition of macro "AUD_VAD_FUNC_ENTRY2" (declared at line 4759)
  #define AUD_VAD_FUNC_ENTRY2(F, x,y,z)
          ^
media\audio\src\aud_tone.c: 1 warning, 0 errors
Compiling media\audio\src\aud_utility.c ... 
"header_temp\med_global.h", line 4760: Warning:  #47-D: incompatible redefinition of macro "AUD_VAD_FUNC_ENTRY2" (declared at line 4759)
  #define AUD_VAD_FUNC_ENTRY2(F, x,y,z)
          ^
media\audio\src\aud_utility.c: 1 warning, 0 errors
Compiling Media\common\src\bytestream_hw.c ... 
Compiling media\metatag\src\id3_v1_parser.c ... 
"header_temp\med_global.h", line 4760: Warning:  #47-D: incompatible redefinition of macro "AUD_VAD_FUNC_ENTRY2" (declared at line 4759)
  #define AUD_VAD_FUNC_ENTRY2(F, x,y,z)
          ^
media\metatag\src\id3_v1_parser.c: 1 warning, 0 errors
Compiling media\metatag\src\id3_v2_parser.c ... 
"header_temp\med_global.h", line 4760: Warning:  #47-D: incompatible redefinition of macro "AUD_VAD_FUNC_ENTRY2" (declared at line 4759)
  #define AUD_VAD_FUNC_ENTRY2(F, x,y,z)
          ^
media\metatag\src\id3_v2_parser.c: 1 warning, 0 errors
Compiling media\image\src\img_api.c ... 
"header_temp\med_global.h", line 4760: Warning:  #47-D: incompatible redefinition of macro "AUD_VAD_FUNC_ENTRY2" (declared at line 4759)
  #define AUD_VAD_FUNC_ENTRY2(F, x,y,z)
          ^
media\image\src\img_api.c: 1 warning, 0 errors
Compiling media\image\src\img_ilm.c ... 
"header_temp\med_global.h", line 4760: Warning:  #47-D: incompatible redefinition of macro "AUD_VAD_FUNC_ENTRY2" (declared at line 4759)
  #define AUD_VAD_FUNC_ENTRY2(F, x,y,z)
          ^
media\image\src\img_ilm.c: 1 warning, 0 errors
Compiling media\image\src\img_main.c ... 
"header_temp\med_global.h", line 4760: Warning:  #47-D: incompatible redefinition of macro "AUD_VAD_FUNC_ENTRY2" (declared at line 4759)
  #define AUD_VAD_FUNC_ENTRY2(F, x,y,z)
          ^
media\image\src\img_main.c: 1 warning, 0 errors
Compiling media\image\src\img_msg_handler.c ... 
"header_temp\med_global.h", line 4760: Warning:  #47-D: incompatible redefinition of macro "AUD_VAD_FUNC_ENTRY2" (declared at line 4759)
  #define AUD_VAD_FUNC_ENTRY2(F, x,y,z)
          ^
media\image\src\img_msg_handler.c: 1 warning, 0 errors
Compiling media\metatag\src\lyrics_parser.c ... 
"header_temp\med_global.h", line 4760: Warning:  #47-D: incompatible redefinition of macro "AUD_VAD_FUNC_ENTRY2" (declared at line 4759)
  #define AUD_VAD_FUNC_ENTRY2(F, x,y,z)
          ^
media\metatag\src\lyrics_parser.c: 1 warning, 0 errors
Compiling media\common\src\med_api.c ... 
"header_temp\med_global.h", line 4760: Warning:  #47-D: incompatible redefinition of macro "AUD_VAD_FUNC_ENTRY2" (declared at line 4759)
  #define AUD_VAD_FUNC_ENTRY2(F, x,y,z)
          ^
media\common\src\med_api.c: 1 warning, 0 errors
Compiling media\common\src\med_ext_smalloc.c ... 
"header_temp\med_global.h", line 4760: Warning:  #47-D: incompatible redefinition of macro "AUD_VAD_FUNC_ENTRY2" (declared at line 4759)
  #define AUD_VAD_FUNC_ENTRY2(F, x,y,z)
          ^
media\common\src\med_ext_smalloc.c: 1 warning, 0 errors
Compiling media\common\src\med_ilm.c ... 
Compiling media\common\src\med_int_smalloc.c ... 
Compiling media\common\src\med_main.c ... 
"header_temp\med_global.h", line 4760: Warning:  #47-D: incompatible redefinition of macro "AUD_VAD_FUNC_ENTRY2" (declared at line 4759)
  #define AUD_VAD_FUNC_ENTRY2(F, x,y,z)
          ^
media\common\src\med_main.c: 1 warning, 0 errors
Compiling media\common\src\med_utility.c ... 
"header_temp\med_global.h", line 4760: Warning:  #47-D: incompatible redefinition of macro "AUD_VAD_FUNC_ENTRY2" (declared at line 4759)
  #define AUD_VAD_FUNC_ENTRY2(F, x,y,z)
          ^
"media\common\src\med_utility.c", line 1673: Warning:  #111-D: statement is unreachable
      return -1;
      ^
"media\common\src\med_utility.c", line 1717: Warning:  #111-D: statement is unreachable
      return -1;
      ^
media\common\src\med_utility.c: 3 warnings, 0 errors
Compiling media\common\src\med_v_main.c ... 
"header_temp\med_global.h", line 4760: Warning:  #47-D: incompatible redefinition of macro "AUD_VAD_FUNC_ENTRY2" (declared at line 4759)
  #define AUD_VAD_FUNC_ENTRY2(F, x,y,z)
          ^
media\common\src\med_v_main.c: 1 warning, 0 errors
Compiling media\metatag\src\meta_tag_api.c ... 
"header_temp\med_global.h", line 4760: Warning:  #47-D: incompatible redefinition of macro "AUD_VAD_FUNC_ENTRY2" (declared at line 4759)
  #define AUD_VAD_FUNC_ENTRY2(F, x,y,z)
          ^
media\metatag\src\meta_tag_api.c: 1 warning, 0 errors
Compiling media\metatag\src\meta_tag_parser.c ... 
"header_temp\med_global.h", line 4760: Warning:  #47-D: incompatible redefinition of macro "AUD_VAD_FUNC_ENTRY2" (declared at line 4759)
  #define AUD_VAD_FUNC_ENTRY2(F, x,y,z)
          ^
media\metatag\src\meta_tag_parser.c: 1 warning, 0 errors
Compiling media\video\src\vid_api.c ... 
"header_temp\med_global.h", line 4760: Warning:  #47-D: incompatible redefinition of macro "AUD_VAD_FUNC_ENTRY2" (declared at line 4759)
  #define AUD_VAD_FUNC_ENTRY2(F, x,y,z)
          ^
media\video\src\vid_api.c: 1 warning, 0 errors
Compiling media\video\src\vid_clipper_msg_handler.c ... 
"header_temp\med_global.h", line 4760: Warning:  #47-D: incompatible redefinition of macro "AUD_VAD_FUNC_ENTRY2" (declared at line 4759)
  #define AUD_VAD_FUNC_ENTRY2(F, x,y,z)
          ^
media\video\src\vid_clipper_msg_handler.c: 1 warning, 0 errors
Compiling media\video\src\vid_ilm.c ... 
"header_temp\med_global.h", line 4760: Warning:  #47-D: incompatible redefinition of macro "AUD_VAD_FUNC_ENTRY2" (declared at line 4759)
  #define AUD_VAD_FUNC_ENTRY2(F, x,y,z)
          ^
media\video\src\vid_ilm.c: 1 warning, 0 errors
Compiling media\video\src\vid_main.c ... 
"header_temp\med_global.h", line 4760: Warning:  #47-D: incompatible redefinition of macro "AUD_VAD_FUNC_ENTRY2" (declared at line 4759)
  #define AUD_VAD_FUNC_ENTRY2(F, x,y,z)
          ^
media\video\src\vid_main.c: 1 warning, 0 errors
Compiling media\video\src\vid_msg_handler.c ... 
"header_temp\med_global.h", line 4760: Warning:  #47-D: incompatible redefinition of macro "AUD_VAD_FUNC_ENTRY2" (declared at line 4759)
  #define AUD_VAD_FUNC_ENTRY2(F, x,y,z)
          ^
media\video\src\vid_msg_handler.c: 1 warning, 0 errors
Compiling media\video\src\vid_msg_handler_modis.c ... 
Compiling media\video\src\vid_recorder_msg_handler.c ... 
"header_temp\med_global.h", line 4760: Warning:  #47-D: incompatible redefinition of macro "AUD_VAD_FUNC_ENTRY2" (declared at line 4759)
  #define AUD_VAD_FUNC_ENTRY2(F, x,y,z)
          ^
media\video\src\vid_recorder_msg_handler.c: 1 warning, 0 errors
Compiling media\webcam\src\webcam_api.c ... 
"header_temp\med_global.h", line 4760: Warning:  #47-D: incompatible redefinition of macro "AUD_VAD_FUNC_ENTRY2" (declared at line 4759)
  #define AUD_VAD_FUNC_ENTRY2(F, x,y,z)
          ^
media\webcam\src\webcam_api.c: 1 warning, 0 errors
Compiling media\webcam\src\webcam_ilm.c ... 
"header_temp\med_global.h", line 4760: Warning:  #47-D: incompatible redefinition of macro "AUD_VAD_FUNC_ENTRY2" (declared at line 4759)
  #define AUD_VAD_FUNC_ENTRY2(F, x,y,z)
          ^
media\webcam\src\webcam_ilm.c: 1 warning, 0 errors
Compiling media\webcam\src\webcam_main.c ... 
"header_temp\med_global.h", line 4760: Warning:  #47-D: incompatible redefinition of macro "AUD_VAD_FUNC_ENTRY2" (declared at line 4759)
  #define AUD_VAD_FUNC_ENTRY2(F, x,y,z)
          ^
media\webcam\src\webcam_main.c: 1 warning, 0 errors
Compiling media\webcam\src\webcam_msg_handler.c ... 
"header_temp\med_global.h", line 4760: Warning:  #47-D: incompatible redefinition of macro "AUD_VAD_FUNC_ENTRY2" (declared at line 4759)
  #define AUD_VAD_FUNC_ENTRY2(F, x,y,z)
          ^
media\webcam\src\webcam_msg_handler.c: 1 warning, 0 errors
make[2]: Entering directory `D:/MTK/MTK2503/MTK2503/11CW1418SP4_03_CORETEK03AE_11C_V1_GPRS_MMI'
CFLAGS = --cpu ARM7EJ-S --littleend -O3 --remove_unneeded_entities -D__RVCT__ -JC:\ARM\RVCT\Data\3.1\569\include\windows --fpmode=ieee_fixed --split_sections --diag_suppress 1,1295,1296,2548 --dwarf2 -D__SERIAL_FLASH_EN__ -D__SERIAL_FLASH_SUPPORT__ --bss_threshold=0
CPLUSFLAGS = --cpp --cpu ARM7EJ-S --littleend -O3 --remove_unneeded_entities -D__RVCT__ -JC:\ARM\RVCT\Data\3.1\569\include\windows --fpmode=ieee_fixed --split_sections --diag_suppress 1,1295,1296,2548 --dwarf2 --bss_threshold=0
AFLAGS = --debug --littleend --cpu ARM7EJ-S --apcs /interwork -16
ADEFS = -pd "VM_SUPPORT SETL {TRUE}" -pd "__ID3_INFO_ENABLE__ SETL {TRUE}" -pd "MMA_AMR_SUPPORT SETL {TRUE}" -pd "MMI_ON_HARDWARE_P SETL {TRUE}" -pd "MT2502 SETL {TRUE}" -pd "MT2502_S00 SETL {TRUE}" -pd "__SV5_ENABLED__ SETL {TRUE}" -pd "__EVENT_BASED_TIMER__ SETL {TRUE}" -pd "__PRODUCTION_RELEASE__ SETL {TRUE}" -pd "KAL_ON_NUCLEUS SETL {TRUE}" -pd "__CHIP_VERSION_CHECK__ SETL {TRUE}" -pd "__KEYPAD_DEBUG_TRACE__ SETL {TRUE}" -pd "ESAL_AR_STK_FPU_SUPPORT SETL {FALSE}" -pd "__ARM_FPUV2__ SETL {FALSE}" -pd "__SERIAL_FLASH_EN__ SETL {TRUE}" -pd "__SERIAL_FLASH_SUPPORT__ SETL {TRUE}"
C:\ARM\RVCT\Programs\3.1\569\win_32-pentium\armar.exe -create ./build/CORETEK03AE_11C/gprs/MT2502o/lib/media.lib --via .\build\CORETEK03AE_11C\gprs\MT2502o\media\media_sort.via
Warning: L3910W: Old syntax, please use '--create'.
./build/CORETEK03AE_11C/gprs/MT2502o/lib/media.lib is updated

.\build\CORETEK03AE_11C\gprs\MT2502r\media_dep\ape_parser.det



.\build\CORETEK03AE_11C\gprs\MT2502r\media_dep\aud_api.det



.\build\CORETEK03AE_11C\gprs\MT2502r\media_dep\aud_audio.det



.\build\CORETEK03AE_11C\gprs\MT2502r\media_dep\aud_bt_a2dp.det



.\build\CORETEK03AE_11C\gprs\MT2502r\media_dep\aud_build_cache.det



.\build\CORETEK03AE_11C\gprs\MT2502r\media_dep\aud_daf_parser.det



.\build\CORETEK03AE_11C\gprs\MT2502r\media_dep\aud_fmradio.det



.\build\CORETEK03AE_11C\gprs\MT2502r\media_dep\aud_id3_parser.det



.\build\CORETEK03AE_11C\gprs\MT2502r\media_dep\aud_ilm.det



.\build\CORETEK03AE_11C\gprs\MT2502r\media_dep\aud_input_stream.det



.\build\CORETEK03AE_11C\gprs\MT2502r\media_dep\aud_keytone.det



.\build\CORETEK03AE_11C\gprs\MT2502r\media_dep\aud_main.det



.\build\CORETEK03AE_11C\gprs\MT2502r\media_dep\aud_media.det



.\build\CORETEK03AE_11C\gprs\MT2502r\media_dep\aud_melody.det



.\build\CORETEK03AE_11C\gprs\MT2502r\media_dep\aud_mma.det



.\build\CORETEK03AE_11C\gprs\MT2502r\media_dep\aud_player_media.det



.\build\CORETEK03AE_11C\gprs\MT2502r\media_dep\aud_player_mma.det



.\build\CORETEK03AE_11C\gprs\MT2502r\media_dep\aud_player_mpl.det



.\build\CORETEK03AE_11C\gprs\MT2502r\media_dep\aud_post_process.det



.\build\CORETEK03AE_11C\gprs\MT2502r\media_dep\aud_record.det



.\build\CORETEK03AE_11C\gprs\MT2502r\media_dep\aud_recorder_media.det



.\build\CORETEK03AE_11C\gprs\MT2502r\media_dep\aud_speech.det



.\build\CORETEK03AE_11C\gprs\MT2502r\media_dep\aud_tone.det



.\build\CORETEK03AE_11C\gprs\MT2502r\media_dep\aud_utility.det



.\build\CORETEK03AE_11C\gprs\MT2502r\media_dep\bytestream_hw.det



.\build\CORETEK03AE_11C\gprs\MT2502r\media_dep\id3_v1_parser.det



.\build\CORETEK03AE_11C\gprs\MT2502r\media_dep\id3_v2_parser.det



.\build\CORETEK03AE_11C\gprs\MT2502r\media_dep\img_api.det



.\build\CORETEK03AE_11C\gprs\MT2502r\media_dep\img_ilm.det



.\build\CORETEK03AE_11C\gprs\MT2502r\media_dep\img_main.det



.\build\CORETEK03AE_11C\gprs\MT2502r\media_dep\img_msg_handler.det



.\build\CORETEK03AE_11C\gprs\MT2502r\media_dep\lyrics_parser.det



.\build\CORETEK03AE_11C\gprs\MT2502r\media_dep\med_api.det



.\build\CORETEK03AE_11C\gprs\MT2502r\media_dep\med_ext_smalloc.det



.\build\CORETEK03AE_11C\gprs\MT2502r\media_dep\med_ilm.det



.\build\CORETEK03AE_11C\gprs\MT2502r\media_dep\med_int_smalloc.det



.\build\CORETEK03AE_11C\gprs\MT2502r\media_dep\med_main.det



.\build\CORETEK03AE_11C\gprs\MT2502r\media_dep\med_utility.det



.\build\CORETEK03AE_11C\gprs\MT2502r\media_dep\med_v_main.det



.\build\CORETEK03AE_11C\gprs\MT2502r\media_dep\meta_tag_api.det



.\build\CORETEK03AE_11C\gprs\MT2502r\media_dep\meta_tag_parser.det



.\build\CORETEK03AE_11C\gprs\MT2502r\media_dep\vid_api.det



.\build\CORETEK03AE_11C\gprs\MT2502r\media_dep\vid_clipper_msg_handler.det



.\build\CORETEK03AE_11C\gprs\MT2502r\media_dep\vid_ilm.det



.\build\CORETEK03AE_11C\gprs\MT2502r\media_dep\vid_main.det



.\build\CORETEK03AE_11C\gprs\MT2502r\media_dep\vid_msg_handler.det



.\build\CORETEK03AE_11C\gprs\MT2502r\media_dep\vid_msg_handler_modis.det



.\build\CORETEK03AE_11C\gprs\MT2502r\media_dep\vid_recorder_msg_handler.det



.\build\CORETEK03AE_11C\gprs\MT2502r\media_dep\webcam_api.det



.\build\CORETEK03AE_11C\gprs\MT2502r\media_dep\webcam_ilm.det



.\build\CORETEK03AE_11C\gprs\MT2502r\media_dep\webcam_main.det



.\build\CORETEK03AE_11C\gprs\MT2502r\media_dep\webcam_msg_handler.det


Processing ape_parser.det aud_api.det aud_audio.det aud_bt_a2dp.det aud_build_cache.det aud_daf_parser.det aud_fmradio.det aud_id3_parser.det aud_ilm.det aud_input_stream.det aud_keytone.det aud_main.det aud_media.det aud_melody.det aud_mma.det aud_player_media.det aud_player_mma.det aud_player_mpl.det aud_post_process.det aud_record.det aud_recorder_media.det aud_speech.det aud_tone.det aud_utility.det bytestream_hw.det id3_v1_parser.det id3_v2_parser.det img_api.det img_ilm.det img_main.det img_msg_handler.det lyrics_parser.det med_api.det med_ext_smalloc.det med_ilm.det med_int_smalloc.det med_main.det med_utility.det med_v_main.det meta_tag_api.det meta_tag_parser.det vid_api.det vid_clipper_msg_handler.det vid_ilm.det vid_main.det vid_msg_handler.det vid_msg_handler_modis.det vid_recorder_msg_handler.det webcam_api.det webcam_ilm.det webcam_main.det webcam_msg_handler.det
make[2]: Leaving directory `D:/MTK/MTK2503/MTK2503/11CW1418SP4_03_CORETEK03AE_11C_V1_GPRS_MMI'
