Module mm_comm is in DEFALUT mode
Compiling hal\mm_comm\src\mm_intmem_mt6253.c ... 
Compiling hal\mm_comm\src\mm_power_ctrl.c ... 
Compiling hal\mm_comm\src\mm_power_ctrl_mt6250.c ... 
Compiling hal\mm_comm\src\mm_power_ctrl_mt6253.c ... 
Compiling hal\mm_comm\src\mm_pq_path_mt6260.c ... 
"hal\mm_comm\src\mm_pq_path_mt6260.c", line 114: Warning:  #550-D: variable "_pq_path" was set but never used
  static kal_uint32 _pq_path = 0;
                    ^
hal\mm_comm\src\mm_pq_path_mt6260.c: 1 warning, 0 errors
Compiling hal\mm_comm\src\mmsys_pwrmgr.c ... 
Compiling hal\mm_comm\src\visual_comm.c ... 
Compiling hal\mm_comm\src\visualhisr.c ... 
make[2]: Entering directory `D:/MTK/MTK2503/MTK2503/11CW1418SP4_03_CORETEK03AE_11C_V1_GPRS_MMI'
CFLAGS = --cpu ARM7EJ-S --littleend -O3 --remove_unneeded_entities -D__RVCT__ -JC:\ARM\RVCT\Data\3.1\569\include\windows --fpmode=ieee_fixed --split_sections --diag_suppress 1,1295,1296,2548 --dwarf2 -D__SERIAL_FLASH_EN__ -D__SERIAL_FLASH_SUPPORT__ --bss_threshold=0
CPLUSFLAGS = --cpp --cpu ARM7EJ-S --littleend -O3 --remove_unneeded_entities -D__RVCT__ -JC:\ARM\RVCT\Data\3.1\569\include\windows --fpmode=ieee_fixed --split_sections --diag_suppress 1,1295,1296,2548 --dwarf2 --bss_threshold=0
AFLAGS = --debug --littleend --cpu ARM7EJ-S --apcs /interwork -16
ADEFS = -pd "MT2502 SETL {TRUE}" -pd "MT2502_S00 SETL {TRUE}" -pd "__SV5_ENABLED__ SETL {TRUE}" -pd "__EVENT_BASED_TIMER__ SETL {TRUE}" -pd "__PRODUCTION_RELEASE__ SETL {TRUE}" -pd "KAL_ON_NUCLEUS SETL {TRUE}" -pd "__CHIP_VERSION_CHECK__ SETL {TRUE}" -pd "__KEYPAD_DEBUG_TRACE__ SETL {TRUE}" -pd "ESAL_AR_STK_FPU_SUPPORT SETL {FALSE}" -pd "__ARM_FPUV2__ SETL {FALSE}" -pd "__SERIAL_FLASH_EN__ SETL {TRUE}" -pd "__SERIAL_FLASH_SUPPORT__ SETL {TRUE}"
C:\ARM\RVCT\Programs\3.1\569\win_32-pentium\armar.exe -create ./build/CORETEK03AE_11C/gprs/MT2502o/lib/mm_comm.lib --via .\build\CORETEK03AE_11C\gprs\MT2502o\mm_comm\mm_comm_sort.via
Warning: L3910W: Old syntax, please use '--create'.
./build/CORETEK03AE_11C/gprs/MT2502o/lib/mm_comm.lib is updated

.\build\CORETEK03AE_11C\gprs\MT2502r\mm_comm_dep\mmsys_pwrmgr.det



.\build\CORETEK03AE_11C\gprs\MT2502r\mm_comm_dep\mm_intmem_mt6253.det



.\build\CORETEK03AE_11C\gprs\MT2502r\mm_comm_dep\mm_power_ctrl.det



.\build\CORETEK03AE_11C\gprs\MT2502r\mm_comm_dep\mm_power_ctrl_mt6250.det



.\build\CORETEK03AE_11C\gprs\MT2502r\mm_comm_dep\mm_power_ctrl_mt6253.det



.\build\CORETEK03AE_11C\gprs\MT2502r\mm_comm_dep\mm_pq_path_mt6260.det



.\build\CORETEK03AE_11C\gprs\MT2502r\mm_comm_dep\visualhisr.det



.\build\CORETEK03AE_11C\gprs\MT2502r\mm_comm_dep\visual_comm.det


Processing mmsys_pwrmgr.det mm_intmem_mt6253.det mm_power_ctrl.det mm_power_ctrl_mt6250.det mm_power_ctrl_mt6253.det mm_pq_path_mt6260.det visualhisr.det visual_comm.det
make[2]: Leaving directory `D:/MTK/MTK2503/MTK2503/11CW1418SP4_03_CORETEK03AE_11C_V1_GPRS_MMI'
