[Time: 1557283342 sec.]

[Warning] can't find *.inc for "plutommi"
[Warning] can't find *.inc for "venusmmi"
[Time: 1557283343 sec.(Diff = 1)]	(get default inc path)

[Time: 1557283343 sec.(Diff = 0)]	(mmi_res_check pre-processing)


start MMI feature check...
get feature list from lcd_sw_inc.h...
get feature list from lcd_sw_inc.h...
generate feature check file...
validate features...
check def/undef features for lcd_sw_inc.h...
[Time: 1557283343 sec.(Diff = 0)]	(lcd_sw_inc.h)


start MMI feature check...
get feature list from globalconstants.h...
get feature list from globalconstants.h...
generate feature check file...
validate features...
check def/undef features for globalconstants.h...
[Time: 1557283345 sec.(Diff = 2)]	(globalconstants.h)


[Time: total = 3 sec.]
