Module mmiresource is in DEFALUT mode
Compiling plutommi\mmi\resource\ABMLoader.c ... 
Compiling plutommi\mmi\resource\CompressResUtil.c ... 
Compiling plutommi\Customer\CustResource\CustAdoMap.c ... 
Compiling plutommi\Customer\CustResource\CustAdoMapExt.c ... 
Compiling plutommi\Customer\CustResource\CustAdoRes.c ... 
Compiling plutommi\Customer\CustResource\CustAdoResExt.c ... 
Compiling plutommi\Customer\CustResource\CustBinaryMap.c ... 
Compiling plutommi\Customer\CustResource\CustBinaryRes.c ... 
Compiling plutommi\Customer\CustResource\CustCoordinates.c ... 
"header_temp\gui_typedef.h", line 4033: Warning:  #14-D: extra text after expected end of preprocessing directive
  #endif  /__MMI_AUDIO_REVERB_EFFECT__
          ^
"header_temp\wgui_categories_util.h", line 2972: Warning:  #47-D: incompatible redefinition of macro "wgui_title_change" (declared at line 278 of "header_temp\wgui_title.h")
  #define wgui_title_change(_arg0, _arg1, _arg2, _arg3) wgui_title_change_ex(_arg2, _arg3)
          ^
"header_temp\wgui_categories_util.h", line 3033: Warning:  #47-D: incompatible redefinition of macro "ChangeTitleIcon" (declared at line 281 of "header_temp\wgui_title.h")
  #define ChangeTitleIcon(_arg)
          ^
"header_temp\wgui_categories_util.h", line 3034: Warning:  #47-D: incompatible redefinition of macro "ChangeTitle" (declared at line 283 of "header_temp\wgui_title.h")
  #define ChangeTitle(_arg0, _arg1) ChangeTitle_ex(_arg1)
          ^
plutommi\Customer\CustResource\CustCoordinates.c: 4 warnings, 0 errors
Compiling plutommi\Customer\CustResource\CustENFBImgMap.c ... 
Compiling plutommi\Customer\CustResource\CustFontMapExt.c ... 
Compiling plutommi\Customer\CustResource\CustFontResExt.c ... 
Compiling plutommi\Customer\CustResource\CustMenuRes.c ... 
Compiling plutommi\Customer\CustResource\CustMiscData.c ... 
Compiling plutommi\Customer\CustResource\CustVenusAppIconData.c ... 
Compiling plutommi\Customer\CustResource\CustVenusThemeData.c ... 
Compiling plutommi\Customer\CustResource\FontData.c ... 
Compiling plutommi\Customer\CustResource\FontRes.c ... 
Compiling plutommi\Customer\CustResource\FontType.c ... 
Compiling plutommi\Customer\CustResource\IMERes.c ... 
Compiling plutommi\mmi\resource\MemoryRes.c ... 
"header_temp\med_global.h", line 4760: Warning:  #47-D: incompatible redefinition of macro "AUD_VAD_FUNC_ENTRY2" (declared at line 4759)
  #define AUD_VAD_FUNC_ENTRY2(F, x,y,z)
          ^
"header_temp\vmappmgr_sdk.h", line 131: Warning:  #66-D: enumeration value is out of "int" range
      VM_APPMGR_APP_AUTH_ALL  = 0x80000000, /* Full authorization */
                                ^
"header_temp\gui_typedef.h", line 4033: Warning:  #14-D: extra text after expected end of preprocessing directive
  #endif  /__MMI_AUDIO_REVERB_EFFECT__
          ^
plutommi\mmi\resource\MemoryRes.c: 3 warnings, 0 errors
Compiling plutommi\mmi\resource\OTFRes.c ... 
Compiling plutommi\mmi\resource\ReadThemeRes.c ... 
"plutommi\mmi\resource\ReadThemeRes.c", line 622: Warning:  #177-D: function "mmi_res_theme_bytestream_init_memory" was declared but never referenced
  static MMI_BOOL mmi_res_theme_bytestream_init_memory (mmi_res_theme_bytestream_struct* bs_handle, U8* data, S32 size)
                  ^
"plutommi\mmi\resource\ReadThemeRes.c", line 734: Warning:  #177-D: function "mmi_res_theme_bytestream_seek_start" was declared but never referenced
  static void mmi_res_theme_bytestream_seek_start (mmi_res_theme_bytestream_struct* bs_handle, S32 offset)
              ^
"plutommi\mmi\resource\ReadThemeRes.c", line 905: Warning:  #177-D: function "mmi_res_theme_bytestream_get_dword" was declared but never referenced
  static U32 mmi_res_theme_bytestream_get_dword (mmi_res_theme_bytestream_struct* bs_handle)
             ^
"plutommi\mmi\resource\ReadThemeRes.c", line 932: Warning:  #177-D: function "mmi_res_theme_bytestream_read" was declared but never referenced
  static size_t mmi_res_theme_bytestream_read (mmi_res_theme_bytestream_struct* bs_handle, U8* buf, size_t len)
                ^
"plutommi\mmi\resource\ReadThemeRes.c", line 989: Warning:  #177-D: function "mmi_res_theme_bytestream_close" was declared but never referenced
  static void mmi_res_theme_bytestream_close (mmi_res_theme_bytestream_struct* bs_handle, MMI_BOOL is_keep_fh)
              ^
"plutommi\mmi\resource\ReadThemeRes.c", line 4048: Warning:  #177-D: function "mmi_res_get_image_size_from_8_byte_header" was declared but never referenced
  static void mmi_res_get_image_size_from_8_byte_header(U8 * _8_byte_header, U16 * width, U16 * height)
              ^
plutommi\mmi\resource\ReadThemeRes.c: 6 warnings, 0 errors
Compiling plutommi\mmi\resource\ResCache.c ... 
Compiling plutommi\mmi\resource\ResCacheUtil.c ... 
Compiling plutommi\MMI\Resource\ResThirdROMUtil.c ... 
Compiling plutommi\MMI\Resource\StandaloneRes.c ... 
"plutommi\MMI\Resource\StandaloneRes.c", line 621: Warning:  #177-D: variable "custpack_header" was declared but never referenced
      void **custpack_header = (void **)GET_ResCUSTPACK_Addr(ENTRY_PREAMBLE);     /* __CUSTPACK_MULTIBIN__ */
             ^
plutommi\MMI\Resource\StandaloneRes.c: 1 warning, 0 errors
Compiling plutommi\Customer\CustResource\ThemeRes.c ... 
Compiling plutommi\Customer\CustResource\gui_wrapper.c ... 
Compiling plutommi\Customer\CustResource\mmi_cache_table.c ... 
Compiling plutommi\Customer\CustResource\mmi_rp_app_data.c ... 
"header_temp\vmappmgr_sdk.h", line 131: Warning:  #66-D: enumeration value is out of "int" range
      VM_APPMGR_APP_AUTH_ALL  = 0x80000000, /* Full authorization */
                                ^
"header_temp\med_global.h", line 4760: Warning:  #47-D: incompatible redefinition of macro "AUD_VAD_FUNC_ENTRY2" (declared at line 4759)
  #define AUD_VAD_FUNC_ENTRY2(F, x,y,z)
          ^
"header_temp\gui_typedef.h", line 4033: Warning:  #14-D: extra text after expected end of preprocessing directive
  #endif  /__MMI_AUDIO_REVERB_EFFECT__
          ^
plutommi\Customer\CustResource\mmi_rp_app_data.c: 3 warnings, 0 errors
Compiling plutommi\Customer\CustResource\mmi_rp_callback_mgr_table.c ... 
"header_temp\gui_typedef.h", line 4033: Warning:  #14-D: extra text after expected end of preprocessing directive
  #endif  /__MMI_AUDIO_REVERB_EFFECT__
          ^
plutommi\Customer\CustResource\mmi_rp_callback_mgr_table.c: 1 warning, 0 errors
Compiling plutommi\Customer\CustResource\mmi_rp_file_type_table.c ... 
Compiling plutommi\Customer\CustResource\mmi_rp_menu_misc_data.c ... 
Compiling plutommi\Customer\CustResource\mmi_rp_native_app_package_data.c ... 
Compiling plutommi\mmi\resource\populateres.c ... 
"plutommi\mmi\resource\populateres.c", line 5919: Warning:  #177-D: variable "buff_pool" was declared but never referenced
      void *buff_pool = 0;
            ^
plutommi\mmi\resource\populateres.c: 1 warning, 0 errors
Compiling plutommi\Customer\CustResource\qwerty_lang_res.c ... 
Compiling plutommi\mmi\resource\readres.c ... 
"header_temp\gui_typedef.h", line 4033: Warning:  #14-D: extra text after expected end of preprocessing directive
  #endif  /__MMI_AUDIO_REVERB_EFFECT__
          ^
"header_temp\vmappmgr_sdk.h", line 131: Warning:  #66-D: enumeration value is out of "int" range
      VM_APPMGR_APP_AUTH_ALL  = 0x80000000, /* Full authorization */
                                ^
"header_temp\med_global.h", line 4760: Warning:  #47-D: incompatible redefinition of macro "AUD_VAD_FUNC_ENTRY2" (declared at line 4759)
  #define AUD_VAD_FUNC_ENTRY2(F, x,y,z)
          ^
"plutommi\mmi\resource\readres.c", line 847: Warning:  #550-D: variable "g_is_switch_language" was set but never used
  static MMI_BOOL g_is_switch_language = MMI_FALSE;
                  ^
plutommi\mmi\resource\readres.c: 4 warnings, 0 errors
Compiling plutommi\customer\CustResource\resource_abrepeat_skins.c ... 
Compiling plutommi\Customer\CustResource\resource_aud_eq_values.c ... 
Compiling plutommi\customer\CustResource\resource_audply_skins.c ... 
Compiling plutommi\customer\CustResource\resource_audply_sub_skins.c ... 
Compiling plutommi\Customer\CustResource\resource_autogen_audio_jtbl.c ... 
Compiling plutommi\Customer\CustResource\resource_barcodereader_skins.c ... 
Compiling plutommi\Customer\CustResource\resource_bcr_skins.c ... 
Compiling plutommi\Customer\CustResource\resource_calc_coordinates.c ... 
Compiling plutommi\Customer\CustResource\resource_camcorder_skins.c ... 
Compiling plutommi\Customer\CustResource\resource_camera_skins.c ... 
Compiling plutommi\Customer\CustResource\resource_ecompass.c ... 
Compiling plutommi\customer\CustResource\resource_fmradio_skins.c ... 
Compiling plutommi\customer\CustResource\resource_fmradio_sub_skins.c ... 
Compiling plutommi\customer\CustResource\resource_fmschedulerec_skins.c ... 
Compiling plutommi\Customer\CustResource\resource_lang_pack_jtbl.c ... 
Compiling plutommi\Customer\CustResource\resource_langln_lk_skins.c ... 
Compiling plutommi\customer\CustResource\resource_mediaplayer_skins.c ... 
Compiling plutommi\Customer\CustResource\resource_sndrec_skins.c ... 
Compiling plutommi\Customer\CustResource\resource_video_skins.c ... 
Compiling plutommi\Customer\CustResource\resource_vt_skins.c ... 
Compiling plutommi\Customer\CustResource\resource_world_clock_city.c ... 
make[2]: Entering directory `D:/MTK/MTK2503/MTK2503/11CW1418SP4_03_CORETEK03AE_11C_V1_GPRS_MMI'
CFLAGS = --cpu ARM7EJ-S --littleend -O3 --remove_unneeded_entities -D__RVCT__ -JC:\ARM\RVCT\Data\3.1\569\include\windows --fpmode=ieee_fixed --split_sections --diag_suppress 1,1295,1296,2548 --dwarf2 -D__SERIAL_FLASH_EN__ -D__SERIAL_FLASH_SUPPORT__ --bss_threshold=0
CPLUSFLAGS = --cpp --cpu ARM7EJ-S --littleend -O3 --remove_unneeded_entities -D__RVCT__ -JC:\ARM\RVCT\Data\3.1\569\include\windows --fpmode=ieee_fixed --split_sections --diag_suppress 1,1295,1296,2548 --dwarf2 --bss_threshold=0
AFLAGS = --debug --littleend --cpu ARM7EJ-S --apcs /interwork -16
ADEFS = -pd "MMI_ON_HARDWARE_P SETL {TRUE}" -pd "__EMS__ SETL {TRUE}" -pd "SIM_APP_TOOLKIT SETL {TRUE}" -pd "TETRIS_GAME_APP SETL {TRUE}" -pd "CM_APPLICATION_ENABLE SETL {TRUE}" -pd "MESSAGES_APPLICATION SETL {TRUE}" -pd "__UCS2_ENCODING SETL {TRUE}" -pd "CELLBROADCAST_APP SETL {TRUE}" -pd "__CB__ SETL {TRUE}" -pd "VM_SUPPORT SETL {TRUE}" -pd "SHORTCUTS_APP SETL {TRUE}" -pd "T9LANG_Chinese SETL {TRUE}" -pd "T9LANG_English SETL {TRUE}" -pd "EMS_LITTLE_ENDIAN SETL {TRUE}" -pd "EMS_MEM_MANAGEMENT SETL {TRUE}" -pd "T9ALPHABETIC SETL {TRUE}" -pd "T9CHINESE SETL {TRUE}" -pd "MT2502 SETL {TRUE}" -pd "MT2502_S00 SETL {TRUE}" -pd "__SV5_ENABLED__ SETL {TRUE}" -pd "__EVENT_BASED_TIMER__ SETL {TRUE}" -pd "__PRODUCTION_RELEASE__ SETL {TRUE}" -pd "KAL_ON_NUCLEUS SETL {TRUE}" -pd "__CHIP_VERSION_CHECK__ SETL {TRUE}" -pd "__KEYPAD_DEBUG_TRACE__ SETL {TRUE}" -pd "ESAL_AR_STK_FPU_SUPPORT SETL {FALSE}" -pd "__ARM_FPUV2__ SETL {FALSE}" -pd "__SERIAL_FLASH_EN__ SETL {TRUE}" -pd "__SERIAL_FLASH_SUPPORT__ SETL {TRUE}"
C:\ARM\RVCT\Programs\3.1\569\win_32-pentium\armar.exe -create ./build/CORETEK03AE_11C/gprs/MT2502o/lib/mmiresource.lib --via .\build\CORETEK03AE_11C\gprs\MT2502o\mmiresource\mmiresource_sort.via
Warning: L3910W: Old syntax, please use '--create'.
./build/CORETEK03AE_11C/gprs/MT2502o/lib/mmiresource.lib is updated

.\build\CORETEK03AE_11C\gprs\MT2502r\mmiresource_dep\ABMLoader.det



.\build\CORETEK03AE_11C\gprs\MT2502r\mmiresource_dep\CompressResUtil.det



.\build\CORETEK03AE_11C\gprs\MT2502r\mmiresource_dep\CustAdoMap.det



.\build\CORETEK03AE_11C\gprs\MT2502r\mmiresource_dep\CustAdoMapExt.det



.\build\CORETEK03AE_11C\gprs\MT2502r\mmiresource_dep\CustAdoRes.det



.\build\CORETEK03AE_11C\gprs\MT2502r\mmiresource_dep\CustAdoResExt.det



.\build\CORETEK03AE_11C\gprs\MT2502r\mmiresource_dep\CustBinaryMap.det



.\build\CORETEK03AE_11C\gprs\MT2502r\mmiresource_dep\CustBinaryRes.det



.\build\CORETEK03AE_11C\gprs\MT2502r\mmiresource_dep\CustCoordinates.det



.\build\CORETEK03AE_11C\gprs\MT2502r\mmiresource_dep\CustENFBImgMap.det



.\build\CORETEK03AE_11C\gprs\MT2502r\mmiresource_dep\CustFontMapExt.det



.\build\CORETEK03AE_11C\gprs\MT2502r\mmiresource_dep\CustFontResExt.det



.\build\CORETEK03AE_11C\gprs\MT2502r\mmiresource_dep\CustMenuRes.det



.\build\CORETEK03AE_11C\gprs\MT2502r\mmiresource_dep\CustMiscData.det



.\build\CORETEK03AE_11C\gprs\MT2502r\mmiresource_dep\CustVenusAppIconData.det



.\build\CORETEK03AE_11C\gprs\MT2502r\mmiresource_dep\CustVenusThemeData.det



.\build\CORETEK03AE_11C\gprs\MT2502r\mmiresource_dep\FontData.det



.\build\CORETEK03AE_11C\gprs\MT2502r\mmiresource_dep\FontRes.det



.\build\CORETEK03AE_11C\gprs\MT2502r\mmiresource_dep\FontType.det



.\build\CORETEK03AE_11C\gprs\MT2502r\mmiresource_dep\gui_wrapper.det



.\build\CORETEK03AE_11C\gprs\MT2502r\mmiresource_dep\IMERes.det



.\build\CORETEK03AE_11C\gprs\MT2502r\mmiresource_dep\MemoryRes.det



.\build\CORETEK03AE_11C\gprs\MT2502r\mmiresource_dep\mmi_cache_table.det



.\build\CORETEK03AE_11C\gprs\MT2502r\mmiresource_dep\mmi_rp_app_data.det



.\build\CORETEK03AE_11C\gprs\MT2502r\mmiresource_dep\mmi_rp_callback_mgr_table.det



.\build\CORETEK03AE_11C\gprs\MT2502r\mmiresource_dep\mmi_rp_file_type_table.det



.\build\CORETEK03AE_11C\gprs\MT2502r\mmiresource_dep\mmi_rp_menu_misc_data.det



.\build\CORETEK03AE_11C\gprs\MT2502r\mmiresource_dep\mmi_rp_native_app_package_data.det



.\build\CORETEK03AE_11C\gprs\MT2502r\mmiresource_dep\OTFRes.det



.\build\CORETEK03AE_11C\gprs\MT2502r\mmiresource_dep\populateres.det



.\build\CORETEK03AE_11C\gprs\MT2502r\mmiresource_dep\qwerty_lang_res.det



.\build\CORETEK03AE_11C\gprs\MT2502r\mmiresource_dep\readres.det



.\build\CORETEK03AE_11C\gprs\MT2502r\mmiresource_dep\ReadThemeRes.det



.\build\CORETEK03AE_11C\gprs\MT2502r\mmiresource_dep\ResCache.det



.\build\CORETEK03AE_11C\gprs\MT2502r\mmiresource_dep\ResCacheUtil.det



.\build\CORETEK03AE_11C\gprs\MT2502r\mmiresource_dep\resource_abrepeat_skins.det



.\build\CORETEK03AE_11C\gprs\MT2502r\mmiresource_dep\resource_audply_skins.det



.\build\CORETEK03AE_11C\gprs\MT2502r\mmiresource_dep\resource_audply_sub_skins.det



.\build\CORETEK03AE_11C\gprs\MT2502r\mmiresource_dep\resource_aud_eq_values.det



.\build\CORETEK03AE_11C\gprs\MT2502r\mmiresource_dep\resource_autogen_audio_jtbl.det



.\build\CORETEK03AE_11C\gprs\MT2502r\mmiresource_dep\resource_barcodereader_skins.det



.\build\CORETEK03AE_11C\gprs\MT2502r\mmiresource_dep\resource_bcr_skins.det



.\build\CORETEK03AE_11C\gprs\MT2502r\mmiresource_dep\resource_calc_coordinates.det



.\build\CORETEK03AE_11C\gprs\MT2502r\mmiresource_dep\resource_camcorder_skins.det



.\build\CORETEK03AE_11C\gprs\MT2502r\mmiresource_dep\resource_camera_skins.det



.\build\CORETEK03AE_11C\gprs\MT2502r\mmiresource_dep\resource_ecompass.det



.\build\CORETEK03AE_11C\gprs\MT2502r\mmiresource_dep\resource_fmradio_skins.det



.\build\CORETEK03AE_11C\gprs\MT2502r\mmiresource_dep\resource_fmradio_sub_skins.det



.\build\CORETEK03AE_11C\gprs\MT2502r\mmiresource_dep\resource_fmschedulerec_skins.det



.\build\CORETEK03AE_11C\gprs\MT2502r\mmiresource_dep\resource_langln_lk_skins.det



.\build\CORETEK03AE_11C\gprs\MT2502r\mmiresource_dep\resource_lang_pack_jtbl.det



.\build\CORETEK03AE_11C\gprs\MT2502r\mmiresource_dep\resource_mediaplayer_skins.det



.\build\CORETEK03AE_11C\gprs\MT2502r\mmiresource_dep\resource_sndrec_skins.det



.\build\CORETEK03AE_11C\gprs\MT2502r\mmiresource_dep\resource_video_skins.det



.\build\CORETEK03AE_11C\gprs\MT2502r\mmiresource_dep\resource_vt_skins.det



.\build\CORETEK03AE_11C\gprs\MT2502r\mmiresource_dep\resource_world_clock_city.det



.\build\CORETEK03AE_11C\gprs\MT2502r\mmiresource_dep\ResThirdROMUtil.det



.\build\CORETEK03AE_11C\gprs\MT2502r\mmiresource_dep\StandaloneRes.det



.\build\CORETEK03AE_11C\gprs\MT2502r\mmiresource_dep\ThemeRes.det


Processing ABMLoader.det CompressResUtil.det CustAdoMap.det CustAdoMapExt.det CustAdoRes.det CustAdoResExt.det CustBinaryMap.det CustBinaryRes.det CustCoordinates.det CustENFBImgMap.det CustFontMapExt.det CustFontResExt.det CustMenuRes.det CustMiscData.det CustVenusAppIconData.det CustVenusThemeData.det FontData.det FontRes.det FontType.det gui_wrapper.det IMERes.det MemoryRes.det mmi_cache_table.det mmi_rp_app_data.det mmi_rp_callback_mgr_table.det mmi_rp_file_type_table.det mmi_rp_menu_misc_data.det mmi_rp_native_app_package_data.det OTFRes.det populateres.det qwerty_lang_res.det readres.det ReadThemeRes.det ResCache.det ResCacheUtil.det resource_abrepeat_skins.det resource_audply_skins.det resource_audply_sub_skins.det resource_aud_eq_values.det resource_autogen_audio_jtbl.det resource_barcodereader_skins.det resource_bcr_skins.det resource_calc_coordinates.det resource_camcorder_skins.det resource_camera_skins.det resource_ecompass.det resource_fmradio_skins.det resource_fmradio_sub_skins.det resource_fmschedulerec_skins.det resource_langln_lk_skins.det resource_lang_pack_jtbl.det resource_mediaplayer_skins.det resource_sndrec_skins.det resource_video_skins.det resource_vt_skins.det resource_world_clock_city.det ResThirdROMUtil.det StandaloneRes.det ThemeRes.det
make[2]: Leaving directory `D:/MTK/MTK2503/MTK2503/11CW1418SP4_03_CORETEK03AE_11C_V1_GPRS_MMI'
