Module mpl is in DEFALUT mode
Compiling hal\video\mpl\src\mpl_parser.c ... 
Compiling hal\video\mpl\src\mpl_session.c ... 
Compiling hal\video\mpl\src\mpl_utility.c ... 
Compiling hal\video\mpl\src\mpl_video_clipper.c ... 
Compiling hal\video\mpl\src\mpl_video_recorder.c ... 
Compiling hal\video\mpl\src\mpl_vt.c ... 
make[2]: Entering directory `D:/MTK/MTK2503/MTK2503/11CW1418SP4_03_CORETEK03AE_11C_V1_GPRS_MMI'
CFLAGS = --cpu ARM7EJ-S --littleend -O3 --remove_unneeded_entities -D__RVCT__ -JC:\ARM\RVCT\Data\3.1\569\include\windows --fpmode=ieee_fixed --split_sections --diag_suppress 1,1295,1296,2548 --dwarf2 -D__SERIAL_FLASH_EN__ -D__SERIAL_FLASH_SUPPORT__ --bss_threshold=0
CPLUSFLAGS = --cpp --cpu ARM7EJ-S --littleend -O3 --remove_unneeded_entities -D__RVCT__ -JC:\ARM\RVCT\Data\3.1\569\include\windows --fpmode=ieee_fixed --split_sections --diag_suppress 1,1295,1296,2548 --dwarf2 --bss_threshold=0
AFLAGS = --debug --littleend --cpu ARM7EJ-S --apcs /interwork -16
ADEFS = -pd "MT2502 SETL {TRUE}" -pd "MT2502_S00 SETL {TRUE}" -pd "__SV5_ENABLED__ SETL {TRUE}" -pd "__EVENT_BASED_TIMER__ SETL {TRUE}" -pd "__PRODUCTION_RELEASE__ SETL {TRUE}" -pd "KAL_ON_NUCLEUS SETL {TRUE}" -pd "__CHIP_VERSION_CHECK__ SETL {TRUE}" -pd "__KEYPAD_DEBUG_TRACE__ SETL {TRUE}" -pd "ESAL_AR_STK_FPU_SUPPORT SETL {FALSE}" -pd "__ARM_FPUV2__ SETL {FALSE}" -pd "__SERIAL_FLASH_EN__ SETL {TRUE}" -pd "__SERIAL_FLASH_SUPPORT__ SETL {TRUE}"
C:\ARM\RVCT\Programs\3.1\569\win_32-pentium\armar.exe -create ./build/CORETEK03AE_11C/gprs/MT2502o/lib/mpl.lib --via .\build\CORETEK03AE_11C\gprs\MT2502o\mpl\mpl_sort.via
Warning: L3910W: Old syntax, please use '--create'.
./build/CORETEK03AE_11C/gprs/MT2502o/lib/mpl.lib is updated

.\build\CORETEK03AE_11C\gprs\MT2502r\mpl_dep\mpl_parser.det



.\build\CORETEK03AE_11C\gprs\MT2502r\mpl_dep\mpl_session.det



.\build\CORETEK03AE_11C\gprs\MT2502r\mpl_dep\mpl_utility.det



.\build\CORETEK03AE_11C\gprs\MT2502r\mpl_dep\mpl_video_clipper.det



.\build\CORETEK03AE_11C\gprs\MT2502r\mpl_dep\mpl_video_recorder.det



.\build\CORETEK03AE_11C\gprs\MT2502r\mpl_dep\mpl_vt.det


Processing mpl_parser.det mpl_session.det mpl_utility.det mpl_video_clipper.det mpl_video_recorder.det mpl_vt.det
make[2]: Leaving directory `D:/MTK/MTK2503/MTK2503/11CW1418SP4_03_CORETEK03AE_11C_V1_GPRS_MMI'
