Module mtd is in DEFALUT mode
Compiling hal\storage\flash\mtd\src\NAND_MTD.c ... 
Compiling hal\storage\flash\mtd\src\SPI_NAND_DAL.c ... 
Compiling hal\storage\flash\mtd\src\SPI_NAND_DevConfig.c ... 
Compiling hal\storage\flash\mtd\src\SPI_NAND_MTD_FDM50.c ... 
Compiling hal\storage\flash\mtd\src\bl_STT_SNAND.c ... 
Compiling hal\storage\flash\mtd\src\flash_cfi.c ... 
Compiling hal\storage\flash\mtd\src\flash_disk.c ... 
"hal\storage\flash\mtd\src\flash_disk.c", line 1043: Warning:  #188-D: enumerated type mixed with another type
     	kal_prompt_trace(0,"Adups_erase_disk result=%d",result);
     	                 ^
"hal\storage\flash\mtd\src\flash_disk.c", line 1075: Warning:  #188-D: enumerated type mixed with another type
     	kal_prompt_trace(0,"Adups_erase_disk result=%d",result);
     	                 ^
"hal\storage\flash\mtd\src\flash_disk.c", line 1099: Warning:  #188-D: enumerated type mixed with another type
     kal_prompt_trace(0,"Adups_write_buffer result=%d,address=%x",result,adups_currW);
                      ^
"hal\storage\flash\mtd\src\flash_disk.c", line 1114: Warning:  #177-D: variable "D" was declared but never referenced
     NOR_FLASH_DISK_Data * D = RAW_DISK0_DRIVER_DATA;
                           ^
"hal\storage\flash\mtd\src\flash_disk.c", line 1154: Warning:  #188-D: enumerated type mixed with another type
   kal_prompt_trace(0,"Adups_erase_backup_region norblocksize=%d, backupblocknum=%d",block_size,backupblocknum);
                    ^
"hal\storage\flash\mtd\src\flash_disk.c", line 1159: Warning:  #188-D: enumerated type mixed with another type
        kal_prompt_trace(0,"Adups_erase_backup_region result=%d",result);
                         ^
"hal\storage\flash\mtd\src\flash_disk.c", line 1190: Warning:  #188-D: enumerated type mixed with another type
     kal_prompt_trace(0,"Adups_write_backup_region result=%d,address=%x",result,adups_writebase);
                      ^
"hal\storage\flash\mtd\src\flash_disk.c", line 1218: Warning:  #188-D: enumerated type mixed with another type
     kal_prompt_trace(0,"Adups_read_backup_region result=%d,address=%x",result,adups_readbase);
                      ^
hal\storage\flash\mtd\src\flash_disk.c: 8 warnings, 0 errors
Compiling hal\storage\flash\mtd\src\flash_mtd.amd.c ... 
Compiling hal\storage\flash\mtd\src\flash_mtd.intel.c ... 
Compiling hal\storage\flash\mtd\src\flash_mtd.c ... 
Compiling hal\storage\flash\mtd\src\flash_mtd.ramdisk.c ... 
Compiling hal\storage\flash\mtd\src\flash_mtd_pf_dal.c ... 
Compiling hal\storage\flash\mtd\src\flash_mtd_sf_common.c ... 
Compiling hal\storage\flash\mtd\src\flash_mtd_sf_dal.c ... 
"hal\storage\flash\mtd\src\flash_mtd_sf_dal.c", line 2614: Warning:  #177-D: variable "i" was declared but never referenced
  	kal_uint8               i;
  	                        ^
hal\storage\flash\mtd\src\flash_mtd_sf_dal.c: 1 warning, 0 errors
Compiling hal\storage\flash\mtd\src\flash_mtd_sf_ut.c ... 
Compiling hal\storage\flash\mtd\src\flash_user.c ... 
"hal\storage\flash\mtd\src\flash_user.c", line 175: Warning:  #177-D: variable "CardDrv" was declared but never referenced
  static FS_Driver *CardDrv = &NORFlashDriver;
                    ^
hal\storage\flash\mtd\src\flash_user.c: 1 warning, 0 errors
make[2]: Entering directory `D:/MTK/MTK2503/MTK2503/11CW1418SP4_03_CORETEK03AE_11C_V1_GPRS_MMI'
CFLAGS = --cpu ARM7EJ-S --littleend -O3 --remove_unneeded_entities -D__RVCT__ -JC:\ARM\RVCT\Data\3.1\569\include\windows --fpmode=ieee_fixed --split_sections --diag_suppress 1,1295,1296,2548 --dwarf2 -D__SERIAL_FLASH_EN__ -D__SERIAL_FLASH_SUPPORT__ --bss_threshold=0
CPLUSFLAGS = --cpp --cpu ARM7EJ-S --littleend -O3 --remove_unneeded_entities -D__RVCT__ -JC:\ARM\RVCT\Data\3.1\569\include\windows --fpmode=ieee_fixed --split_sections --diag_suppress 1,1295,1296,2548 --dwarf2 --bss_threshold=0
AFLAGS = --debug --littleend --cpu ARM7EJ-S --apcs /interwork -16
ADEFS = -pd "MT2502 SETL {TRUE}" -pd "MT2502_S00 SETL {TRUE}" -pd "__SV5_ENABLED__ SETL {TRUE}" -pd "__EVENT_BASED_TIMER__ SETL {TRUE}" -pd "__PRODUCTION_RELEASE__ SETL {TRUE}" -pd "KAL_ON_NUCLEUS SETL {TRUE}" -pd "__CHIP_VERSION_CHECK__ SETL {TRUE}" -pd "__KEYPAD_DEBUG_TRACE__ SETL {TRUE}" -pd "ESAL_AR_STK_FPU_SUPPORT SETL {FALSE}" -pd "__ARM_FPUV2__ SETL {FALSE}" -pd "__SERIAL_FLASH_EN__ SETL {TRUE}" -pd "__SERIAL_FLASH_SUPPORT__ SETL {TRUE}"
C:\ARM\RVCT\Programs\3.1\569\win_32-pentium\armar.exe -create ./build/CORETEK03AE_11C/gprs/MT2502o/lib/mtd.lib --via .\build\CORETEK03AE_11C\gprs\MT2502o\mtd\mtd_sort.via
Warning: L3910W: Old syntax, please use '--create'.
./build/CORETEK03AE_11C/gprs/MT2502o/lib/mtd.lib is updated

.\build\CORETEK03AE_11C\gprs\MT2502r\mtd_dep\bl_STT_SNAND.det



.\build\CORETEK03AE_11C\gprs\MT2502r\mtd_dep\flash_cfi.det



.\build\CORETEK03AE_11C\gprs\MT2502r\mtd_dep\flash_disk.det



.\build\CORETEK03AE_11C\gprs\MT2502r\mtd_dep\flash_mtd.amd.det



.\build\CORETEK03AE_11C\gprs\MT2502r\mtd_dep\flash_mtd.det



.\build\CORETEK03AE_11C\gprs\MT2502r\mtd_dep\flash_mtd.intel.det



.\build\CORETEK03AE_11C\gprs\MT2502r\mtd_dep\flash_mtd.ramdisk.det



.\build\CORETEK03AE_11C\gprs\MT2502r\mtd_dep\flash_mtd_pf_dal.det



.\build\CORETEK03AE_11C\gprs\MT2502r\mtd_dep\flash_mtd_sf_common.det



.\build\CORETEK03AE_11C\gprs\MT2502r\mtd_dep\flash_mtd_sf_dal.det



.\build\CORETEK03AE_11C\gprs\MT2502r\mtd_dep\flash_mtd_sf_ut.det



.\build\CORETEK03AE_11C\gprs\MT2502r\mtd_dep\flash_user.det



.\build\CORETEK03AE_11C\gprs\MT2502r\mtd_dep\NAND_MTD.det



.\build\CORETEK03AE_11C\gprs\MT2502r\mtd_dep\SPI_NAND_DAL.det



.\build\CORETEK03AE_11C\gprs\MT2502r\mtd_dep\SPI_NAND_DevConfig.det



.\build\CORETEK03AE_11C\gprs\MT2502r\mtd_dep\SPI_NAND_MTD_FDM50.det


Processing bl_STT_SNAND.det flash_cfi.det flash_disk.det flash_mtd.amd.det flash_mtd.det flash_mtd.intel.det flash_mtd.ramdisk.det flash_mtd_pf_dal.det flash_mtd_sf_common.det flash_mtd_sf_dal.det flash_mtd_sf_ut.det flash_user.det NAND_MTD.det SPI_NAND_DAL.det SPI_NAND_DevConfig.det SPI_NAND_MTD_FDM50.det
make[2]: Leaving directory `D:/MTK/MTK2503/MTK2503/11CW1418SP4_03_CORETEK03AE_11C_V1_GPRS_MMI'
