Module ntpd is in DEFALUT mode
Compiling inet_ps\ntpd\src\ntpd_hld.c ... 
"inet_ps\ntpd\src\ntpd_hld.c", line 815: Warning:  #177-D: function "ntpd_hdlr_cbm_bearer_info_ind" was declared but never referenced
  static U8 ntpd_hdlr_cbm_bearer_info_ind(void *msg)
            ^
inet_ps\ntpd\src\ntpd_hld.c: 1 warning, 0 errors
Compiling inet_ps\ntpd\src\ntpd_mem.c ... 
Compiling inet_ps\ntpd\src\ntpd_util.c ... 
Compiling inet_ps\ntpd\src\recvbuff.c ... 
make[2]: Entering directory `D:/MTK/MTK2503/MTK2503/11CW1418SP4_03_CORETEK03AE_11C_V1_GPRS_MMI'
CFLAGS = --cpu ARM7EJ-S --littleend -O3 --remove_unneeded_entities -D__RVCT__ -JC:\ARM\RVCT\Data\3.1\569\include\windows --fpmode=ieee_fixed --split_sections --diag_suppress 1,1295,1296,2548 --dwarf2 -D__SERIAL_FLASH_EN__ -D__SERIAL_FLASH_SUPPORT__ --bss_threshold=0
CPLUSFLAGS = --cpp --cpu ARM7EJ-S --littleend -O3 --remove_unneeded_entities -D__RVCT__ -JC:\ARM\RVCT\Data\3.1\569\include\windows --fpmode=ieee_fixed --split_sections --diag_suppress 1,1295,1296,2548 --dwarf2 --bss_threshold=0
AFLAGS = --debug --littleend --cpu ARM7EJ-S --apcs /interwork -16
ADEFS = -pd "MT2502 SETL {TRUE}" -pd "MT2502_S00 SETL {TRUE}" -pd "__SV5_ENABLED__ SETL {TRUE}" -pd "__EVENT_BASED_TIMER__ SETL {TRUE}" -pd "__PRODUCTION_RELEASE__ SETL {TRUE}" -pd "KAL_ON_NUCLEUS SETL {TRUE}" -pd "__CHIP_VERSION_CHECK__ SETL {TRUE}" -pd "__KEYPAD_DEBUG_TRACE__ SETL {TRUE}" -pd "ESAL_AR_STK_FPU_SUPPORT SETL {FALSE}" -pd "__ARM_FPUV2__ SETL {FALSE}" -pd "__SERIAL_FLASH_EN__ SETL {TRUE}" -pd "__SERIAL_FLASH_SUPPORT__ SETL {TRUE}"
C:\ARM\RVCT\Programs\3.1\569\win_32-pentium\armar.exe -create ./build/CORETEK03AE_11C/gprs/MT2502o/lib/ntpd.lib --via .\build\CORETEK03AE_11C\gprs\MT2502o\ntpd\ntpd_sort.via
Warning: L3910W: Old syntax, please use '--create'.
./build/CORETEK03AE_11C/gprs/MT2502o/lib/ntpd.lib is updated

.\build\CORETEK03AE_11C\gprs\MT2502r\ntpd_dep\ntpd_hld.det



.\build\CORETEK03AE_11C\gprs\MT2502r\ntpd_dep\ntpd_mem.det



.\build\CORETEK03AE_11C\gprs\MT2502r\ntpd_dep\ntpd_util.det



.\build\CORETEK03AE_11C\gprs\MT2502r\ntpd_dep\recvbuff.det


Processing ntpd_hld.det ntpd_mem.det ntpd_util.det recvbuff.det
make[2]: Leaving directory `D:/MTK/MTK2503/MTK2503/11CW1418SP4_03_CORETEK03AE_11C_V1_GPRS_MMI'
