Module nvram is in DEBUG mode
Compiling nvram\src\nvram_drval_fat.c ... 
Compiling nvram\src\nvram_ex_io.c ... 
Compiling nvram\src\nvram_factory_config.c ... 
Compiling nvram\src\nvram_handler_read.c ... 
Compiling nvram\src\nvram_handler_reset.c ... 
Compiling nvram\src\nvram_handler_startup.c ... 
Compiling nvram\src\nvram_handler_write.c ... 
Compiling nvram\src\nvram_ilm.c ... 
Compiling nvram\src\nvram_interface.c ... 
Compiling nvram\src\nvram_io.c ... 
Compiling nvram\src\nvram_l1def.c ... 
"nvram\src\nvram_l1def.c", line 377: Warning:  #177-D: variable "j" was declared but never referenced
      kal_uint32 i, j;
                    ^
nvram\src\nvram_l1def.c: 1 warning, 0 errors
Compiling nvram\src\nvram_ltable.c ... 
Compiling nvram\src\nvram_main.c ... 
Compiling nvram\src\nvram_msg_handler.c ... 
Compiling nvram\src\nvram_multi_folder.c ... 
Compiling nvram\src\nvram_pseudo_merge.c ... 
Compiling nvram\src\nvram_util.c ... 
make[2]: Entering directory `D:/MTK/MTK2503/MTK2503/11CW1418SP4_03_CORETEK03AE_11C_V1_GPRS_MMI'
CFLAGS = --cpu ARM7EJ-S --littleend -O3 -D__RVCT__ -JC:\ARM\RVCT\Data\3.1\569\include\windows --fpmode=ieee_fixed --split_sections --diag_suppress 1,1295,1296,2548 --dwarf2 --debug --no_debug_macros -D__SERIAL_FLASH_EN__ -D__SERIAL_FLASH_SUPPORT__ --bss_threshold=0
CPLUSFLAGS = --cpp --cpu ARM7EJ-S --littleend -O3 -D__RVCT__ -JC:\ARM\RVCT\Data\3.1\569\include\windows --fpmode=ieee_fixed --split_sections --diag_suppress 1,1295,1296,2548 --dwarf2 --debug --no_debug_macros --bss_threshold=0
AFLAGS = --debug --littleend --cpu ARM7EJ-S --apcs /interwork -16
ADEFS = -pd "CURR_MODULE=MOD_NVRAM SETL {TRUE}" -pd "MT2502 SETL {TRUE}" -pd "MT2502_S00 SETL {TRUE}" -pd "__SV5_ENABLED__ SETL {TRUE}" -pd "__EVENT_BASED_TIMER__ SETL {TRUE}" -pd "__PRODUCTION_RELEASE__ SETL {TRUE}" -pd "KAL_ON_NUCLEUS SETL {TRUE}" -pd "__CHIP_VERSION_CHECK__ SETL {TRUE}" -pd "__KEYPAD_DEBUG_TRACE__ SETL {TRUE}" -pd "ESAL_AR_STK_FPU_SUPPORT SETL {FALSE}" -pd "__ARM_FPUV2__ SETL {FALSE}" -pd "__SERIAL_FLASH_EN__ SETL {TRUE}" -pd "__SERIAL_FLASH_SUPPORT__ SETL {TRUE}"
C:\ARM\RVCT\Programs\3.1\569\win_32-pentium\armar.exe -create ./build/CORETEK03AE_11C/gprs/MT2502o/lib/nvram.lib --via .\build\CORETEK03AE_11C\gprs\MT2502o\nvram\nvram_sort.via
Warning: L3910W: Old syntax, please use '--create'.
./build/CORETEK03AE_11C/gprs/MT2502o/lib/nvram.lib is updated

.\build\CORETEK03AE_11C\gprs\MT2502r\nvram_dep\nvram_drval_fat.det



.\build\CORETEK03AE_11C\gprs\MT2502r\nvram_dep\nvram_ex_io.det



.\build\CORETEK03AE_11C\gprs\MT2502r\nvram_dep\nvram_factory_config.det



.\build\CORETEK03AE_11C\gprs\MT2502r\nvram_dep\nvram_handler_read.det



.\build\CORETEK03AE_11C\gprs\MT2502r\nvram_dep\nvram_handler_reset.det



.\build\CORETEK03AE_11C\gprs\MT2502r\nvram_dep\nvram_handler_startup.det



.\build\CORETEK03AE_11C\gprs\MT2502r\nvram_dep\nvram_handler_write.det



.\build\CORETEK03AE_11C\gprs\MT2502r\nvram_dep\nvram_ilm.det



.\build\CORETEK03AE_11C\gprs\MT2502r\nvram_dep\nvram_interface.det



.\build\CORETEK03AE_11C\gprs\MT2502r\nvram_dep\nvram_io.det



.\build\CORETEK03AE_11C\gprs\MT2502r\nvram_dep\nvram_l1def.det



.\build\CORETEK03AE_11C\gprs\MT2502r\nvram_dep\nvram_ltable.det



.\build\CORETEK03AE_11C\gprs\MT2502r\nvram_dep\nvram_main.det



.\build\CORETEK03AE_11C\gprs\MT2502r\nvram_dep\nvram_msg_handler.det



.\build\CORETEK03AE_11C\gprs\MT2502r\nvram_dep\nvram_multi_folder.det



.\build\CORETEK03AE_11C\gprs\MT2502r\nvram_dep\nvram_pseudo_merge.det



.\build\CORETEK03AE_11C\gprs\MT2502r\nvram_dep\nvram_util.det


Processing nvram_drval_fat.det nvram_ex_io.det nvram_factory_config.det nvram_handler_read.det nvram_handler_reset.det nvram_handler_startup.det nvram_handler_write.det nvram_ilm.det nvram_interface.det nvram_io.det nvram_l1def.det nvram_ltable.det nvram_main.det nvram_msg_handler.det nvram_multi_folder.det nvram_pseudo_merge.det nvram_util.det
make[2]: Leaving directory `D:/MTK/MTK2503/MTK2503/11CW1418SP4_03_CORETEK03AE_11C_V1_GPRS_MMI'
