[Dependency] D:\MTK\MTK2503\MTK2503\11CW1418SP4_03_CORETEK03AE_11C_V1_GPRS_MMI\.\tools\objListGen.pl
[Dependency] D:\MTK\MTK2503\MTK2503\11CW1418SP4_03_CORETEK03AE_11C_V1_GPRS_MMI\tools\pack_dep_gen.pm
[Dependency] D:\MTK\MTK2503\MTK2503\11CW1418SP4_03_CORETEK03AE_11C_V1_GPRS_MMI\.\tools\\sysGenUtility.pm
[Dependency] D:\MTK\MTK2503\MTK2503\11CW1418SP4_03_CORETEK03AE_11C_V1_GPRS_MMI\.\tools\\objListHelper.pm
[Dependency] D:\MTK\MTK2503\MTK2503\11CW1418SP4_03_CORETEK03AE_11C_V1_GPRS_MMI\.\tools\objListGen.pl
[Dependency] D:\MTK\MTK2503\MTK2503\11CW1418SP4_03_CORETEK03AE_11C_V1_GPRS_MMI\.\tools\\sysgenUtility.pm
[Dependency] D:\MTK\MTK2503\MTK2503\11CW1418SP4_03_CORETEK03AE_11C_V1_GPRS_MMI\tools\pack_dep_gen.pm
[Dependency] D:\MTK\MTK2503\MTK2503\11CW1418SP4_03_CORETEK03AE_11C_V1_GPRS_MMI\.\tools\\FileInfoParser.pm
[Dependency] D:\MTK\MTK2503\MTK2503\11CW1418SP4_03_CORETEK03AE_11C_V1_GPRS_MMI\.\tools\\sysGenUtility.pm
[Dependency] D:\MTK\MTK2503\MTK2503\11CW1418SP4_03_CORETEK03AE_11C_V1_GPRS_MMI\.\tools\\objListHelper.pm
[Dependency] D:\MTK\MTK2503\MTK2503\11CW1418SP4_03_CORETEK03AE_11C_V1_GPRS_MMI\.\tools\objListGen.pl
[Dependency] D:\MTK\MTK2503\MTK2503\11CW1418SP4_03_CORETEK03AE_11C_V1_GPRS_MMI\.\tools\\sysgenUtility.pm
[Dependency] D:\MTK\MTK2503\MTK2503\11CW1418SP4_03_CORETEK03AE_11C_V1_GPRS_MMI\tools\pack_dep_gen.pm
[Dependency] D:\MTK\MTK2503\MTK2503\11CW1418SP4_03_CORETEK03AE_11C_V1_GPRS_MMI\.\tools\\CommonUtility.pm
[Dependency] D:\MTK\MTK2503\MTK2503\11CW1418SP4_03_CORETEK03AE_11C_V1_GPRS_MMI\.\tools\\FileInfoParser.pm
[Dependency] D:\MTK\MTK2503\MTK2503\11CW1418SP4_03_CORETEK03AE_11C_V1_GPRS_MMI\.\tools\\sysGenUtility.pm
[Dependency] D:\MTK\MTK2503\MTK2503\11CW1418SP4_03_CORETEK03AE_11C_V1_GPRS_MMI\.\tools\\objListHelper.pm
[Dependency] D:\MTK\MTK2503\MTK2503\11CW1418SP4_03_CORETEK03AE_11C_V1_GPRS_MMI\.\tools\objListGen.pl
[Dependency] D:\MTK\MTK2503\MTK2503\11CW1418SP4_03_CORETEK03AE_11C_V1_GPRS_MMI\.\tools\\sysgenUtility.pm
[Dependency] D:\MTK\MTK2503\MTK2503\11CW1418SP4_03_CORETEK03AE_11C_V1_GPRS_MMI\tools\pack_dep_gen.pm
[Dependency] D:\MTK\MTK2503\MTK2503\11CW1418SP4_03_CORETEK03AE_11C_V1_GPRS_MMI\.\tools\\CommonUtility.pm
[Dependency] D:\MTK\MTK2503\MTK2503\11CW1418SP4_03_CORETEK03AE_11C_V1_GPRS_MMI\.\tools\\FileInfoParser.pm
[Dependency] D:\MTK\MTK2503\MTK2503\11CW1418SP4_03_CORETEK03AE_11C_V1_GPRS_MMI\.\tools\\sysGenUtility.pm
[Dependency] D:\MTK\MTK2503\MTK2503\11CW1418SP4_03_CORETEK03AE_11C_V1_GPRS_MMI\.\tools\\scatFrame.pm
[Dependency] D:\MTK\MTK2503\MTK2503\11CW1418SP4_03_CORETEK03AE_11C_V1_GPRS_MMI\.\tools\\objListHelper.pm
[Dependency] D:\MTK\MTK2503\MTK2503\11CW1418SP4_03_CORETEK03AE_11C_V1_GPRS_MMI\.\tools\objListGen.pl
[Dependency] D:\MTK\MTK2503\MTK2503\11CW1418SP4_03_CORETEK03AE_11C_V1_GPRS_MMI\.\tools\\sysgenUtility.pm
[Dependency] D:\MTK\MTK2503\MTK2503\11CW1418SP4_03_CORETEK03AE_11C_V1_GPRS_MMI\tools\pack_dep_gen.pm
[Dependency] D:\MTK\MTK2503\MTK2503\11CW1418SP4_03_CORETEK03AE_11C_V1_GPRS_MMI\.\tools\\CommonUtility.pm
[Dependency] D:\MTK\MTK2503\MTK2503\11CW1418SP4_03_CORETEK03AE_11C_V1_GPRS_MMI\.\tools\\FileInfoParser.pm
[Dependency] D:\MTK\MTK2503\MTK2503\11CW1418SP4_03_CORETEK03AE_11C_V1_GPRS_MMI\.\tools\\sysGenUtility.pm
[Dependency] D:\MTK\MTK2503\MTK2503\11CW1418SP4_03_CORETEK03AE_11C_V1_GPRS_MMI\.\tools\\scatFrame.pm
[Dependency] D:\MTK\MTK2503\MTK2503\11CW1418SP4_03_CORETEK03AE_11C_V1_GPRS_MMI\.\tools\\objListHelper.pm
[Dependency] D:\MTK\MTK2503\MTK2503\11CW1418SP4_03_CORETEK03AE_11C_V1_GPRS_MMI\make\CORETEK03AE_11C_gprs.mak
=============================================================
Arguments:
Custom Folder: custom\system\CORETEK03AE_11C_BB
Makefile: make\CORETEK03AE_11C_gprs.mak
Is Inside MTK: 0
Force Dummy Scatter: FALSE
Force Regen Object List: FALSE

=============================================================
[Start initializing stage]
Checking feature set...
	ZIMAGE_CONTENT_POLICY is BEST_PERF
	NAND_FLASH_BOOTING is NONE
Parsing source object lists...
[End initializing stage]

=============================================================
[Start checking conflict stage]
[End checking conflict stage]

=============================================================
[Start removing duplicated objects stage]
[End removing duplicated objects stage]

=============================================================
[Start processing ALICE forbid list stage]
Process skipped
[End processing ALICE forbid list stage]

=============================================================
[Start prcoessing ZIMAGE forbid list stage]
Process skipped
[End prcoessing ZIMAGE fobid list stage]

=============================================================
[Start processing BOOT_ZIMAGE forbid list stage]
Process skipped
[End processing BOOT_ZIMAGE forbid list stage]

=============================================================
[Start processing Wildcard stage]
	Push RO-CODE wildcard to ROM1
	Push RO-DATA wildcard to ROM1
Process completed
[End processing Wildcard stage]

=============================================================
[Start outputing stage]
[End outputing stage]

