Module peripheral is in DEFALUT mode
Compiling hal\peripheral\src\DclH_kbd.c ... 
"hal\peripheral\src\DclH_kbd.c", line 237: Warning:  #177-D: variable "u4KeyReg" was declared but never referenced
     kal_uint16 u4KeyReg = 0;
                ^
"hal\peripheral\src\DclH_kbd.c", line 724: Warning:  #177-D: variable "buffer" was declared but never referenced
  	char buffer[100];
  	     ^
hal\peripheral\src\DclH_kbd.c: 2 warnings, 0 errors
Compiling hal\peripheral\src\DclS_kbd.c ... 
Compiling hal\peripheral\src\Dcl_SeriPortDrv.c ... 
"hal\peripheral\src\Dcl_SeriPortDrv.c", line 155: Warning:  #144-D: a value of type "DCL_STATUS (*)(DCL_HANDLE, DCL_CTRL_CMD, DCL_CTRL_DATA_T *)" cannot be used to initialize an entity of type "DCL_STATUS (*)(DCL_HANDLE, DCL_CTRL_CMD, void *)"
  extern DEV_Operations uart_dev_operations = {DclSerPort_Open,DclSerPort_ReadData,DclSerPort_WriteData,DclSerPort_Control,NULL,NULL,DclSerPort_Close};/* add for dcl common layer */
                                                                                                        ^
"hal\peripheral\src\Dcl_SeriPortDrv.c", line 308: Warning:  #940-D: missing return statement at end of non-void function "DclSerPort_Control"
  }
  ^
"hal\peripheral\src\Dcl_SeriPortDrv.c", line 344: Warning:  #940-D: missing return statement at end of non-void function "DclSerPort_QueryHandleWithMSG"
  }
  ^
"hal\peripheral\src\Dcl_SeriPortDrv.c", line 327: Warning: C3017W: port may be used before being set
	UART_PORT port;
           ^
hal\peripheral\src\Dcl_SeriPortDrv.c: 4 warnings, 0 errors
Compiling hal\peripheral\src\adc.c ... 
"hal\peripheral\src\adc.c", line 520: Warning:  #223-D: function "va_cal_query" declared implicitly
  		cal=((double)1)+((double)va_cal_query()/(double)28000000);
  		                         ^
hal\peripheral\src\adc.c: 1 warning, 0 errors
Compiling hal\peripheral\src\adc_keypad.c ... 
Compiling hal\peripheral\src\adc_msg_handle.c ... 
Compiling hal\peripheral\src\adcmeasure.c ... 
"hal\peripheral\src\adcmeasure.c", line 1317: Warning:  #177-D: variable "result" was declared but never referenced
     kal_bool       result;   
                    ^
hal\peripheral\src\adcmeasure.c: 1 warning, 0 errors
Compiling hal\peripheral\src\adcsche.c ... 
"hal\peripheral\src\adcsche.c", line 659: Warning:  #186-D: pointless comparison of unsigned integer with zero
  	if ( 0<=prCreateObj->u1AdcChannel<=5 || 12<=prCreateObj->u1AdcChannel<=15)
  	      ^
"hal\peripheral\src\adcsche.c", line 1789: Warning:  #177-D: variable "saveMask" was declared but never referenced
  	kal_uint32 saveMask;
  	           ^
hal\peripheral\src\adcsche.c: 2 warnings, 0 errors
Compiling hal\peripheral\src\alerter.c ... 
Compiling hal\peripheral\src\auxmain.c ... 
Compiling hal\peripheral\src\dbgprint.c ... 
"hal\peripheral\src\dbgprint.c", line 541: Warning:  #550-D: variable "len" was set but never used
     unsigned short len;
                    ^
"hal\peripheral\src\dbgprint.c", line 542: Warning:  #177-D: variable "BMTPutBytes" was declared but never referenced
     UART_CTRL_PUT_BYTES_T BMTPutBytes;
                           ^
hal\peripheral\src\dbgprint.c: 2 warnings, 0 errors
Compiling hal\peripheral\src\dcl_adc.c ... 
"hal\peripheral\src\dcl_adc.c", line 242: Warning:  #144-D: a value of type "DCL_STATUS (*)(DCL_HANDLE, DCL_CTRL_CMD, DCL_CTRL_DATA_T *)" cannot be used to initialize an entity of type "DCL_STATUS (*)(DCL_HANDLE, DCL_CTRL_CMD, void *)"
  	DclSADC_Control,
  	^
"hal\peripheral\src\dcl_adc.c", line 260: Warning:  #940-D: missing return statement at end of non-void function "DclAdc_QueryHandleWithMSG"
  }
  ^
"hal\peripheral\src\dcl_adc.c", line 787: Warning:  #223-D: function "adc_set_bypass_ZCV" declared implicitly
  			adc_set_bypass_ZCV(prADCSetBypassZcv->bBypassZcv);
  			^
"hal\peripheral\src\dcl_adc.c", line 795: Warning:  #223-D: function "adc_get_ZCV" declared implicitly
  			prADCGetZcv->u4Volt=adc_get_ZCV();
  			                    ^
"hal\peripheral\src\dcl_adc.c", line 804: Warning:  #223-D: function "adc_imm_getData" declared implicitly
  			adc_imm_getData(prADCGetData);
  			^
"hal\peripheral\src\dcl_adc.c", line 815: Warning:  #223-D: function "adc_sche_set_ignore_by_ts" declared implicitly
  			adc_sche_set_ignore_by_ts(sche_id,prCreateObj->ignore_by_ts);
  			^
"hal\peripheral\src\dcl_adc.c", line 879: Warning:  #223-D: function "adc_sche_check_channel" declared implicitly
  			if(adc_sche_check_channel(prCreateObj)==-1)
  			   ^
"hal\peripheral\src\dcl_adc.c", line 1135: Warning:  #223-D: function "adc_sche_close_object" declared implicitly
  		adc_sche_close_object(scheId);
  		^
hal\peripheral\src\dcl_adc.c: 8 warnings, 0 errors
Compiling hal\peripheral\src\dcl_aux.c ... 
Compiling hal\peripheral\src\dcl_chr_det.c ... 
Compiling hal\peripheral\src\dcl_common.c ... 
"hal\peripheral\src\dcl_common.c", line 574: Warning:  #940-D: missing return statement at end of non-void function "DCL_GetDestinationID"
  }
  ^
"hal\peripheral\src\dcl_common.c", line 86: Warning:  #177-D: variable "mre_callback" was declared but never referenced
  static DCL_CALLBACK mre_callback;
                      ^
hal\peripheral\src\dcl_common.c: 2 warnings, 0 errors
Compiling hal\peripheral\src\dcl_eint.c ... 
"hal\peripheral\src\dcl_eint.c", line 281: Warning:  #513-D: a value of type "DCL_CALLBACK" cannot be assigned to an entity of type "void (*)(kal_uint8)"
  		EINT_FUNC[eint_no].eint_func = callback;
  		                             ^
"hal\peripheral\src\dcl_eint.c", line 261: Warning:  #177-D: variable "savedMask" was declared but never referenced
  	kal_uint32 savedMask;
  	           ^
"hal\peripheral\src\dcl_eint.c", line 347: Warning:  #188-D: enumerated type mixed with another type
  			EINT_Registration(eint_no,rConfig->debounce_en,rConfig->act_polarity,NULL,rConfig->auto_unmask);
  			                          ^
"hal\peripheral\src\dcl_eint.c", line 347: Warning:  #188-D: enumerated type mixed with another type
  			EINT_Registration(eint_no,rConfig->debounce_en,rConfig->act_polarity,NULL,rConfig->auto_unmask);
  			                                               ^
"hal\peripheral\src\dcl_eint.c", line 347: Warning:  #188-D: enumerated type mixed with another type
  			EINT_Registration(eint_no,rConfig->debounce_en,rConfig->act_polarity,NULL,rConfig->auto_unmask);
  			                                                                          ^
"hal\peripheral\src\dcl_eint.c", line 374: Warning:  #188-D: enumerated type mixed with another type
  			EINT_Set_Polarity(eint_no,rPolarityData->ACT_Polarity);
  			                          ^
"hal\peripheral\src\dcl_eint.c", line 398: Warning:  #188-D: enumerated type mixed with another type
  			EINT_Set_Sensitivity(eint_no,rSensData->sensitivity);
  			                             ^
"hal\peripheral\src\dcl_eint.c", line 444: Warning:  #188-D: enumerated type mixed with another type
  			EINT_FUNC[eint_no].autoChangePol = rAutoChangePolarity->autoChangePol;
  			                                 ^
"hal\peripheral\src\dcl_eint.c", line 592: Warning:  #188-D: enumerated type mixed with another type
  	DRV_BuildPrimitive(
  	^
"hal\peripheral\src\dcl_eint.c", line 605: Warning:  #188-D: enumerated type mixed with another type
  		EINT_Set_Polarity(eint_no,!current_polarity);
  		                          ^
"hal\peripheral\src\dcl_eint.c", line 572: Warning:  #177-D: variable "dst_modid" was declared but never referenced
  	DCL_INT32 dst_modid;
  	          ^
hal\peripheral\src\dcl_eint.c: 11 warnings, 0 errors
Compiling hal\peripheral\src\dcl_f32k_clk.c ... 
"hal\peripheral\src\dcl_f32k_clk.c", line 135: Warning:  #223-D: function "F32K_OSC32_Init" declared implicitly
      F32K_OSC32_Init();
      ^
"hal\peripheral\src\dcl_f32k_clk.c", line 304: Warning:  #223-D: function "F32K_OSC32_Init" declared implicitly
              F32K_OSC32_Init();
              ^
"hal\peripheral\src\dcl_f32k_clk.c", line 322: Warning:  #223-D: function "F32K_Set_Emb_OSC32_Mode" declared implicitly
              return_status = F32K_Set_Emb_OSC32_Mode(prSetEmbOsc32Mode->osc32_mode);
                              ^
"hal\peripheral\src\dcl_f32k_clk.c", line 330: Warning:  #223-D: function "F32K_Set_EOSC_CALI_TD" declared implicitly
              return_status = F32K_Set_EOSC_CALI_TD(prSetEoscCaliTd->td);
                              ^
"hal\peripheral\src\dcl_f32k_clk.c", line 338: Warning:  #223-D: function "F32K_Set_EOSC_CALI_Run_Time_En" declared implicitly
              return_status = F32K_Set_EOSC_CALI_Run_Time_En(prSetEoscCaliRunTimeEn->en);
                              ^
"hal\peripheral\src\dcl_f32k_clk.c", line 346: Warning:  #223-D: function "F32K_Measure_EOSC32_Freq" declared implicitly
              return_status = F32K_Measure_EOSC32_Freq(&(prMeasureEosc32Freq->eosc32Freq));
                              ^
hal\peripheral\src\dcl_f32k_clk.c: 6 warnings, 0 errors
Compiling hal\peripheral\src\dcl_gpio.c ... 
"hal\peripheral\src\dcl_gpio.c", line 93: Warning:  #144-D: a value of type "DCL_STATUS (*)(DCL_HANDLE, DCL_CTRL_CMD, DCL_CTRL_DATA_T *)" cannot be used to initialize an entity of type "DCL_STATUS (*)(DCL_HANDLE, DCL_CTRL_CMD, void *)"
  extern DEV_Operations gpio_dev_operations = {DclGPIO_Open,  NULL,    NULL,  DclGPIO_Control,   NULL,      NULL,   DclGPIO_Close};/* add for dcl common layer */
                                                                              ^
"hal\peripheral\src\dcl_gpio.c", line 328: Warning:  #186-D: pointless comparison of unsigned integer with zero
  	if( ((port < GPIO_DDIE_MIN_GPIO_PIN) || (port > GPIO_DDIE_MAX_GPIO_PIN)) )
  	           ^
"hal\peripheral\src\dcl_gpio.c", line 331: Warning:  #117-D: non-void function "DclGPIO_Control" should return a value
  		 return;
  		       ^
hal\peripheral\src\dcl_gpio.c: 3 warnings, 0 errors
Compiling hal\peripheral\src\dcl_gpt.c ... 
Compiling hal\peripheral\src\dcl_gpt_hw.c ... 
"hal\peripheral\src\dcl_gpt_hw.c", line 185: Warning:  #177-D: function "GPT_return_current_count" was declared but never referenced
  static kal_uint16 GPT_return_current_count(void);
                    ^
hal\peripheral\src\dcl_gpt_hw.c: 1 warning, 0 errors
Compiling hal\peripheral\src\dcl_hts.c ... 
Compiling hal\peripheral\src\dcl_i2c.c ... 
"hal\peripheral\src\dcl_i2c.c", line 190: Warning:  #144-D: a value of type "DCL_STATUS (*)(DCL_HANDLE, DCL_CTRL_CMD, DCL_CTRL_DATA_T *)" cannot be used to initialize an entity of type "DCL_STATUS (*)(DCL_HANDLE, DCL_CTRL_CMD, void *)"
                                              DclSI2C_Control,
                                              ^
hal\peripheral\src\dcl_i2c.c: 1 warning, 0 errors
Compiling hal\peripheral\src\dcl_i2c_dual.c ... 
Compiling hal\peripheral\src\dcl_irda.c ... 
Compiling hal\peripheral\src\dcl_pfc.c ... 
Compiling hal\peripheral\src\dcl_pmu.c ... 
"hal\peripheral\src\dcl_pmu.c", line 93: Warning:  #144-D: a value of type "DCL_STATUS (*)(DCL_HANDLE, DCL_CTRL_CMD, DCL_CTRL_DATA_T *)" cannot be used to initialize an entity of type "DCL_STATUS (*)(DCL_HANDLE, DCL_CTRL_CMD, void *)"
  	DclPMU_Control,
  	^
hal\peripheral\src\dcl_pmu.c: 1 warning, 0 errors
Compiling hal\peripheral\src\dcl_pmu6261.c ... 
"hal\peripheral\src\dcl_pmu6261.c", line 1187: Warning: C3017W: ldo_index may be used before being set
	DCL_UINT32 ldo_index,i;
            ^
hal\peripheral\src\dcl_pmu6261.c: 1 warning, 0 errors
Compiling hal\peripheral\src\dcl_pmu6261_init.c ... 
Compiling hal\peripheral\src\dcl_pmu_common.c ... 
Compiling hal\peripheral\src\dcl_pw.c ... 
Compiling hal\peripheral\src\dcl_pwm.c ... 
"custom/codegen/CORETEK03AE_11C_BB/pwm_drv.h", line 35: Warning:  #47-D: incompatible redefinition of macro "DCL_NONE" (declared at line 32)
  #define DCL_NONE   DCL_PWM4
          ^
"hal\peripheral\src\dcl_pwm.c", line 91: Warning:  #144-D: a value of type "DCL_STATUS (*)(DCL_HANDLE, DCL_CTRL_CMD, DCL_CTRL_DATA_T *)" cannot be used to initialize an entity of type "DCL_STATUS (*)(DCL_HANDLE, DCL_CTRL_CMD, void *)"
  											DclPWM_Control,    /*control*/ 
  											^
"hal\peripheral\src\dcl_pwm.c", line 281: Warning:  #111-D: statement is unreachable
  			break;
  			^
"hal\peripheral\src\dcl_pwm.c", line 287: Warning:  #111-D: statement is unreachable
  			break;
  			^
"hal\peripheral\src\dcl_pwm.c", line 292: Warning:  #111-D: statement is unreachable
  			break;
  			^
"hal\peripheral\src\dcl_pwm.c", line 297: Warning:  #111-D: statement is unreachable
  			break;
  			^
"hal\peripheral\src\dcl_pwm.c", line 302: Warning:  #111-D: statement is unreachable
  			break;
  			^
"hal\peripheral\src\dcl_pwm.c", line 309: Warning:  #940-D: missing return statement at end of non-void function "DclPWM_Extra_Open"
  }
  ^
"hal\peripheral\src\dcl_pwm.c", line 417: Warning:  #188-D: enumerated type mixed with another type
          comm_pwm_driver->pwmClkInit( iPWMNum,rPWMConfig->clksrc,rPWMConfig->clkdiv);
                                               ^
"hal\peripheral\src\dcl_pwm.c", line 417: Warning:  #188-D: enumerated type mixed with another type
          comm_pwm_driver->pwmClkInit( iPWMNum,rPWMConfig->clksrc,rPWMConfig->clkdiv);
                                                                  ^
"hal\peripheral\src\dcl_pwm.c", line 589: Warning:  #188-D: enumerated type mixed with another type
              comm_pwm_driver->pwmClkInit(iPWMNum,pdata->source_clk,pdata->source_clk_div);
                                                  ^
"hal\peripheral\src\dcl_pwm.c", line 589: Warning:  #188-D: enumerated type mixed with another type
              comm_pwm_driver->pwmClkInit(iPWMNum,pdata->source_clk,pdata->source_clk_div);
                                                                    ^
"hal\peripheral\src\dcl_pwm.c", line 474: Warning:  #550-D: variable "iPWMMap" was set but never used
     kal_uint32  iPWMMap;
                 ^
hal\peripheral\src\dcl_pwm.c: 13 warnings, 0 errors
Compiling hal\peripheral\src\dcl_pxs.c ... 
Compiling hal\peripheral\src\dcl_rtc.c ... 
Compiling hal\peripheral\src\dcl_spi_slave.c ... 
"hal\peripheral\src\dcl_spi_slave.c", line 60: Warning:  #177-D: variable "handle" was declared but never referenced
     	DCL_HANDLE handle;
     	           ^
"hal\peripheral\src\dcl_spi_slave.c", line 144: Warning:  #9-D: nested comment is not allowed
  			/*case SPISLV_CMD_GET_OWNER_ID:       /* cmd 7*
  			                                      ^
"hal\peripheral\src\dcl_spi_slave.c", line 222: Warning:  #111-D: statement is unreachable
  	         break;	
  	         ^
"hal\peripheral\src\dcl_spi_slave.c", line 233: Warning:  #940-D: missing return statement at end of non-void function "DclSpiSlave_QueryHandleWithMSG"
  }
  ^
"hal\peripheral\src\dcl_spi_slave.c", line 253: Warning:  #144-D: a value of type "DCL_STATUS (*)(DCL_HANDLE, DCL_CTRL_CMD, DCL_CTRL_DATA_T *)" cannot be used to initialize an entity of type "DCL_STATUS (*)(DCL_HANDLE, DCL_CTRL_CMD, void *)"
  extern DEV_Operations spislv_dev_operations = {DclSpiSlave_Open,DclSpiSlave_ReadData,DclSpiSlave_WriteData,DclSpiSlave_Control,NULL,NULL,DclSpiSlave_Close};/* add for dcl common layer */
                                                                                                             ^
"hal\peripheral\src\dcl_spi_slave.c", line 198: Warning: C3017W: port may be used before being set
	DCL_UINT8 port;
           ^
hal\peripheral\src\dcl_spi_slave.c: 6 warnings, 0 errors
Compiling hal\peripheral\src\dcl_sts.c ... 
Compiling hal\peripheral\src\dcl_wdt.c ... 
Compiling hal\peripheral\src\drv_comm.c ... 
"hal\peripheral\src\drv_comm.c", line 2149: Warning:  #223-D: function "DclSpiSlave_Initialize" declared implicitly
     DclSpiSlave_Initialize(DCL_SPI_SLAVE); 
     ^
hal\peripheral\src\drv_comm.c: 1 warning, 0 errors
Compiling hal\peripheral\src\drv_hisr.c ... 
Compiling hal\peripheral\src\f32k_clk.c ... 
"hal\peripheral\src\f32k_clk.c", line 617: Warning:  #177-D: variable "rtc_handler" was declared but never referenced
      DCL_HANDLE rtc_handler;
                 ^
hal\peripheral\src\f32k_clk.c: 1 warning, 0 errors
Compiling hal\peripheral\src\gpio.c ... 
"hal\peripheral\src\gpio.c", line 656: Warning:  #177-D: variable "index" was declared but never referenced
  	  kal_uint32 index;
  	             ^
"hal\peripheral\src\gpio.c", line 722: Warning:  #117-D: non-void function "GPIO_ReturnMode" should return a value
  		return;}
  		      ^
"hal\peripheral\src\gpio.c", line 698: Warning:  #177-D: variable "index" was declared but never referenced
     kal_uint32 index;
                ^
"hal\peripheral\src\gpio.c", line 766: Warning:  #177-D: variable "savedMask" was declared but never referenced
  	        kal_uint32 savedMask;
  	                   ^
"hal\peripheral\src\gpio.c", line 767: Warning:  #177-D: variable "index" was declared but never referenced
  			   kal_uint32 index;
  			              ^
"hal\peripheral\src\gpio.c", line 891: Warning:  #177-D: variable "savedMask" was declared but never referenced
     kal_uint32 savedMask;
                ^
"hal\peripheral\src\gpio.c", line 892: Warning:  #177-D: variable "index" was declared but never referenced
     kal_uint32 index;
                ^
"hal\peripheral\src\gpio.c", line 893: Warning:  #177-D: variable "temp_pull" was declared but never referenced
     kal_uint16 temp_pull;
                ^
"hal\peripheral\src\gpio.c", line 991: Warning:  #177-D: variable "savedMask" was declared but never referenced
     kal_uint32 savedMask; 
                ^
"hal\peripheral\src\gpio.c", line 1216: Warning:  #117-D: non-void function "GPIO_ReadIO" should return a value
  				return;}
  				      ^
"hal\peripheral\src\gpio.c", line 1261: Warning:  #177-D: variable "savedMask" was declared but never referenced
     kal_uint32   savedMask;
                  ^
"hal\peripheral\src\gpio.c", line 1405: Warning:  #117-D: non-void function "GPIO_ReturnDout" should return a value
  			return;}
  			      ^
"hal\peripheral\src\gpio.c", line 1468: Warning:  #117-D: non-void function "GPIO_ReturnDir" should return a value
  		return;}
  		      ^
hal\peripheral\src\gpio.c: 13 warnings, 0 errors
Compiling hal\peripheral\src\gpt_udvt_test.c ... 
"hal\peripheral\src\gpt_udvt_test.c", line 1224: Warning:  #167-D: argument of type "kal_uint8 *" is incompatible with parameter of type "const char *restrict"
      sscanf(str, "%d", value);
             ^
hal\peripheral\src\gpt_udvt_test.c: 1 warning, 0 errors
Compiling hal\peripheral\src\hif_legacy.c ... 
Compiling hal\peripheral\src\hif_v1.c ... 
Compiling hal\peripheral\src\hif_v2.c ... 
Compiling hal\peripheral\src\i2c.c ... 
Compiling hal\peripheral\src\i2c_dual.c ... 
Compiling hal\peripheral\src\i2c_udvt_test.c ... 
"hal\peripheral\src\i2c_udvt_test.c", line 887: Warning:  #167-D: argument of type "kal_uint8 *" is incompatible with parameter of type "const char *restrict"
  	sscanf(str, "%d", value);
  	       ^
hal\peripheral\src\i2c_udvt_test.c: 1 warning, 0 errors
Compiling hal\peripheral\src\kbd_jogball.c ... 
Compiling hal\peripheral\src\kbdmain.c ... 
"hal\peripheral\src\kbdmain.c", line 1449: Warning:  #223-D: function "EINT_Mask" declared implicitly
  	EINT_Mask(SW_KBD_EINT_NO);
  	^
"hal\peripheral\src\kbdmain.c", line 1455: Warning:  #223-D: function "EINT_UnMask" declared implicitly
  	 EINT_UnMask(SW_KBD_EINT_NO);
  	 ^
hal\peripheral\src\kbdmain.c: 2 warnings, 0 errors
Compiling hal\peripheral\src\lpwr.c ... 
Compiling hal\peripheral\src\motion_sensor.c ... 
"hal\peripheral\src\motion_sensor.c", line 1189: Warning:  #940-D: missing return statement at end of non-void function "vsm_driver_deinit"
  kal_int8 vsm_driver_deinit(){}
                               ^
"hal\peripheral\src\motion_sensor.c", line 1190: Warning:  #940-D: missing return statement at end of non-void function "vsm_driver_disable_signal"
  kal_int8 vsm_driver_disable_signal(kal_int32 signal){}
                                                       ^
"hal\peripheral\src\motion_sensor.c", line 1191: Warning:  #940-D: missing return statement at end of non-void function "vsm_driver_enable_signal"
  kal_int8 vsm_driver_enable_signal(kal_int32 signal){}
                                                      ^
"hal\peripheral\src\motion_sensor.c", line 1192: Warning:  #940-D: missing return statement at end of non-void function "vsm_driver_init"
  kal_int8 vsm_driver_init(void){}
                                 ^
"hal\peripheral\src\motion_sensor.c", line 1193: Warning:  #940-D: missing return statement at end of non-void function "vsm_driver_read_register"
  kal_int8 vsm_driver_read_register(bus_data_t *data){}
                                                      ^
"hal\peripheral\src\motion_sensor.c", line 1194: Warning:  #940-D: missing return statement at end of non-void function "vsm_driver_read_sram"
  kal_int8 vsm_driver_read_sram(kal_uint8 sram_type, kal_uint32 *data_buf, kal_int32 *len){}
                                                                                           ^
"hal\peripheral\src\motion_sensor.c", line 1195: Warning:  #940-D: missing return statement at end of non-void function "vsm_driver_reset_PPG_counter"
  kal_int8 vsm_driver_reset_PPG_counter(void){}
                                              ^
"hal\peripheral\src\motion_sensor.c", line 1196: Warning:  #940-D: missing return statement at end of non-void function "vsm_driver_set_ambdac_current"
  kal_int8 vsm_driver_set_ambdac_current(kal_uint8 ambdac_type, kal_uint8 current){}
                                                                                   ^
"hal\peripheral\src\motion_sensor.c", line 1197: Warning:  #940-D: missing return statement at end of non-void function "vsm_driver_set_led_current"
  kal_int8 vsm_driver_set_led_current(kal_uint8 led_type, kal_uint32 input){}
                                                                            ^
"hal\peripheral\src\motion_sensor.c", line 1198: Warning:  #940-D: missing return statement at end of non-void function "vsm_driver_set_led_current_range"
  kal_int8 vsm_driver_set_led_current_range(kal_uint32 cur_range){}
                                                                  ^
"hal\peripheral\src\motion_sensor.c", line 1199: Warning:  #940-D: missing return statement at end of non-void function "vsm_driver_set_signal"
  kal_int8 vsm_driver_set_signal(kal_int32 signal){}
                                                   ^
"hal\peripheral\src\motion_sensor.c", line 1200: Warning:  #940-D: missing return statement at end of non-void function "vsm_driver_set_tia_cf"
  kal_int8 vsm_driver_set_tia_cf(kal_uint8 led_type, kal_uint32 input){}
                                                                       ^
"hal\peripheral\src\motion_sensor.c", line 1201: Warning:  #940-D: missing return statement at end of non-void function "vsm_driver_set_tia_gain"
  kal_int8 vsm_driver_set_tia_gain(kal_int32 ppg_type, kal_uint8 input){}
                                                                        ^
"hal\peripheral\src\motion_sensor.c", line 1202: Warning:  #940-D: missing return statement at end of non-void function "vsm_driver_update_register"
  kal_int8 vsm_driver_update_register(void){}
                                            ^
"hal\peripheral\src\motion_sensor.c", line 1203: Warning:  #940-D: missing return statement at end of non-void function "vsm_driver_write_register"
  kal_int8 vsm_driver_write_register(bus_data_t *data){}
                                                       ^
hal\peripheral\src\motion_sensor.c: 15 warnings, 0 errors
Compiling hal\peripheral\src\nli_arb.c ... 
Compiling hal\peripheral\src\pfc.c ... 
Compiling hal\peripheral\src\pwm.c ... 
"custom/codegen/CORETEK03AE_11C_BB/pwm_drv.h", line 35: Warning:  #47-D: incompatible redefinition of macro "DCL_NONE" (declared at line 32)
  #define DCL_NONE   DCL_PWM4
          ^
"hal\peripheral\src\pwm.c", line 765: Warning:  #177-D: variable "i" was declared but never referenced
  	kal_uint8 i;
  	          ^
"hal\peripheral\src\pwm.c", line 590: Warning: C3017W: tmp_channel may be used before being set
	   volatile  kal_uint16 tmp_channel;
                         ^
"hal\peripheral\src\pwm.c", line 670: Warning: C3017W: reg_channel may be used before being set
   kal_uint16 reg_channel;
              ^
hal\peripheral\src\pwm.c: 4 warnings, 0 errors
Compiling hal\peripheral\src\rtc.c ... 
"hal\peripheral\src\rtc.c", line 2544: Warning:  #177-D: variable "reg_val" was declared but never referenced
      kal_uint16 reg_val = 0xf;
                 ^
"hal\peripheral\src\rtc.c", line 5042: Warning: C3017W: reg_addr may be used before being set
    kal_uint32 reg_addr;
               ^
hal\peripheral\src\rtc.c: 2 warnings, 0 errors
Compiling hal\peripheral\src\rwg.c ... 
Compiling hal\peripheral\src\spi.c ... 
Compiling hal\peripheral\src\spi_hal.c ... 
"hal\peripheral\src\spi_hal.c", line 30: Warning:  #144-D: a value of type "DCL_STATUS (*)(DCL_HANDLE, DCL_CTRL_CMD, DCL_CTRL_DATA_T *)" cannot be used to initialize an entity of type "DCL_STATUS (*)(DCL_HANDLE, DCL_CTRL_CMD, void *)"
  extern DEV_Operations spi_dev_operations = {DclSPI_Open,DclSPI_ReadData,DclSPI_WriteData,DclSPI_Control,NULL,NULL,DclSPI_Close};/* add for dcl common layer */
                                                                                           ^
"hal\peripheral\src\spi_hal.c", line 1056: Warning:  #188-D: enumerated type mixed with another type
  	result=spi_ioctl(spi_inner_handler,cmd,data);
  	                                   ^
hal\peripheral\src\spi_hal.c: 2 warnings, 0 errors
Compiling hal\peripheral\src\spi_slave.c ... 
"hal\peripheral\src\spi_slave.c", line 474: Warning:  #111-D: statement is unreachable
     return KAL_TRUE;
     ^
"hal\peripheral\src\spi_slave.c", line 442: Warning:  #177-D: variable "gpio_handle" was declared but never referenced
      DCL_HANDLE gpio_handle;
                 ^
"hal\peripheral\src\spi_slave.c", line 561: Warning:  #188-D: enumerated type mixed with another type
  	 module_type ownerid=data->u4OwenrId;
  	                     ^
"hal\peripheral\src\spi_slave.c", line 576: Warning:  #188-D: enumerated type mixed with another type
  	module_type ownerid=data->u4OwenrId;
  	                    ^
hal\peripheral\src\spi_slave.c: 4 warnings, 0 errors
Compiling hal\peripheral\src\sw_keypad.c ... 
"hal\peripheral\src\sw_keypad.c", line 642: Warning:  #550-D: variable "prRead" was set but never used
      GPIO_CTRL_READ_T   *prRead;
                          ^
"hal\peripheral\src\sw_keypad.c", line 643: Warning:  #177-D: variable "temp" was declared but never referenced
      kal_uint32 temp =0;
                 ^
"hal\peripheral\src\sw_keypad.c", line 644: Warning:  #177-D: variable "handle" was declared but never referenced
      DCL_HANDLE handle;
                 ^
"hal\peripheral\src\sw_keypad.c", line 905: Warning:  #188-D: enumerated type mixed with another type
       polarity = ~polarity;  /*reverse EINT polarity*/ 
                ^
"hal\peripheral\src\sw_keypad.c", line 862: Warning:  #177-D: variable "sw_kbd_performace_test" was declared but never referenced
  static kal_bool sw_kbd_performace_test = KAL_FALSE;
                  ^
hal\peripheral\src\sw_keypad.c: 5 warnings, 0 errors
Compiling hal\peripheral\src\touch_panel.c ... 
Compiling hal\peripheral\src\touch_panel_main.c ... 
Compiling hal\peripheral\src\ts_drv.c ... 
Compiling hal\peripheral\src\uart.c ... 
"hal\peripheral\src\uart.c", line 3607: Warning:  #223-D: function "INT_QueryExceptionStatus" declared implicitly
     if(INT_QueryExceptionStatus())
        ^
hal\peripheral\src\uart.c: 1 warning, 0 errors
Compiling hal\peripheral\src\uart_handler.c ... 
Compiling hal\peripheral\src\uart_vfifo.c ... 
Compiling hal\peripheral\src\wdt.c ... 
"hal\peripheral\src\wdt.c", line 1047: Warning:  #167-D: argument of type "void (*)()" is incompatible with parameter of type "kal_timer_func_ptr"
  kal_set_timer_ts(wdt_kal_timer,WDT_dummy_cb_timer,NULL,759,759,1); /*759 = 3.5s. use this timer to trigger schedule to restart wdt*/
                                 ^
"hal\peripheral\src\wdt.c", line 1047: Warning:  #188-D: enumerated type mixed with another type
  kal_set_timer_ts(wdt_kal_timer,WDT_dummy_cb_timer,NULL,759,759,1); /*759 = 3.5s. use this timer to trigger schedule to restart wdt*/
                                                                 ^
"hal\peripheral\src\wdt.c", line 831: Warning:  #177-D: variable "caused_source" was declared but never referenced
   static BOOT_UP_SOURCE  caused_source;
                          ^
hal\peripheral\src\wdt.c: 3 warnings, 0 errors
make[2]: Entering directory `D:/MTK/MTK2503/MTK2503/11CW1418SP4_03_CORETEK03AE_11C_V1_GPRS_MMI'
CFLAGS = --cpu ARM7EJ-S --littleend -O3 --remove_unneeded_entities -D__RVCT__ -JC:\ARM\RVCT\Data\3.1\569\include\windows --fpmode=ieee_fixed --split_sections --diag_suppress 1,1295,1296,2548 --dwarf2 -D__SERIAL_FLASH_EN__ -D__SERIAL_FLASH_SUPPORT__ --bss_threshold=0
CPLUSFLAGS = --cpp --cpu ARM7EJ-S --littleend -O3 --remove_unneeded_entities -D__RVCT__ -JC:\ARM\RVCT\Data\3.1\569\include\windows --fpmode=ieee_fixed --split_sections --diag_suppress 1,1295,1296,2548 --dwarf2 --bss_threshold=0
AFLAGS = --debug --littleend --cpu ARM7EJ-S --apcs /interwork -16
ADEFS = -pd "__DRV_COMM_INIT_DEINIT__ SETL {TRUE}" -pd "MT2502 SETL {TRUE}" -pd "MT2502_S00 SETL {TRUE}" -pd "__SV5_ENABLED__ SETL {TRUE}" -pd "__EVENT_BASED_TIMER__ SETL {TRUE}" -pd "__PRODUCTION_RELEASE__ SETL {TRUE}" -pd "KAL_ON_NUCLEUS SETL {TRUE}" -pd "__CHIP_VERSION_CHECK__ SETL {TRUE}" -pd "__KEYPAD_DEBUG_TRACE__ SETL {TRUE}" -pd "ESAL_AR_STK_FPU_SUPPORT SETL {FALSE}" -pd "__ARM_FPUV2__ SETL {FALSE}" -pd "__SERIAL_FLASH_EN__ SETL {TRUE}" -pd "__SERIAL_FLASH_SUPPORT__ SETL {TRUE}"
C:\ARM\RVCT\Programs\3.1\569\win_32-pentium\armar.exe -create ./build/CORETEK03AE_11C/gprs/MT2502o/lib/peripheral.lib --via .\build\CORETEK03AE_11C\gprs\MT2502o\peripheral\peripheral_sort.via
Warning: L3910W: Old syntax, please use '--create'.
./build/CORETEK03AE_11C/gprs/MT2502o/lib/peripheral.lib is updated

.\build\CORETEK03AE_11C\gprs\MT2502r\peripheral_dep\adc.det



.\build\CORETEK03AE_11C\gprs\MT2502r\peripheral_dep\adcmeasure.det



.\build\CORETEK03AE_11C\gprs\MT2502r\peripheral_dep\adcsche.det



.\build\CORETEK03AE_11C\gprs\MT2502r\peripheral_dep\adc_keypad.det



.\build\CORETEK03AE_11C\gprs\MT2502r\peripheral_dep\adc_msg_handle.det



.\build\CORETEK03AE_11C\gprs\MT2502r\peripheral_dep\alerter.det



.\build\CORETEK03AE_11C\gprs\MT2502r\peripheral_dep\auxmain.det



.\build\CORETEK03AE_11C\gprs\MT2502r\peripheral_dep\dbgprint.det



.\build\CORETEK03AE_11C\gprs\MT2502r\peripheral_dep\DclH_kbd.det



.\build\CORETEK03AE_11C\gprs\MT2502r\peripheral_dep\DclS_kbd.det



.\build\CORETEK03AE_11C\gprs\MT2502r\peripheral_dep\dcl_adc.det



.\build\CORETEK03AE_11C\gprs\MT2502r\peripheral_dep\dcl_aux.det



.\build\CORETEK03AE_11C\gprs\MT2502r\peripheral_dep\dcl_chr_det.det



.\build\CORETEK03AE_11C\gprs\MT2502r\peripheral_dep\dcl_common.det



.\build\CORETEK03AE_11C\gprs\MT2502r\peripheral_dep\dcl_eint.det



.\build\CORETEK03AE_11C\gprs\MT2502r\peripheral_dep\dcl_f32k_clk.det



.\build\CORETEK03AE_11C\gprs\MT2502r\peripheral_dep\dcl_gpio.det



.\build\CORETEK03AE_11C\gprs\MT2502r\peripheral_dep\dcl_gpt.det



.\build\CORETEK03AE_11C\gprs\MT2502r\peripheral_dep\dcl_gpt_hw.det



.\build\CORETEK03AE_11C\gprs\MT2502r\peripheral_dep\dcl_hts.det



.\build\CORETEK03AE_11C\gprs\MT2502r\peripheral_dep\dcl_i2c.det



.\build\CORETEK03AE_11C\gprs\MT2502r\peripheral_dep\dcl_i2c_dual.det



.\build\CORETEK03AE_11C\gprs\MT2502r\peripheral_dep\dcl_irda.det



.\build\CORETEK03AE_11C\gprs\MT2502r\peripheral_dep\dcl_pfc.det



.\build\CORETEK03AE_11C\gprs\MT2502r\peripheral_dep\dcl_pmu.det



.\build\CORETEK03AE_11C\gprs\MT2502r\peripheral_dep\dcl_pmu6261.det



.\build\CORETEK03AE_11C\gprs\MT2502r\peripheral_dep\dcl_pmu6261_init.det



.\build\CORETEK03AE_11C\gprs\MT2502r\peripheral_dep\dcl_pmu_common.det



.\build\CORETEK03AE_11C\gprs\MT2502r\peripheral_dep\dcl_pw.det



.\build\CORETEK03AE_11C\gprs\MT2502r\peripheral_dep\dcl_pwm.det



.\build\CORETEK03AE_11C\gprs\MT2502r\peripheral_dep\dcl_pxs.det



.\build\CORETEK03AE_11C\gprs\MT2502r\peripheral_dep\dcl_rtc.det



.\build\CORETEK03AE_11C\gprs\MT2502r\peripheral_dep\Dcl_SeriPortDrv.det



.\build\CORETEK03AE_11C\gprs\MT2502r\peripheral_dep\dcl_spi_slave.det



.\build\CORETEK03AE_11C\gprs\MT2502r\peripheral_dep\dcl_sts.det



.\build\CORETEK03AE_11C\gprs\MT2502r\peripheral_dep\dcl_wdt.det



.\build\CORETEK03AE_11C\gprs\MT2502r\peripheral_dep\drv_comm.det



.\build\CORETEK03AE_11C\gprs\MT2502r\peripheral_dep\drv_hisr.det



.\build\CORETEK03AE_11C\gprs\MT2502r\peripheral_dep\f32k_clk.det



.\build\CORETEK03AE_11C\gprs\MT2502r\peripheral_dep\gpio.det



.\build\CORETEK03AE_11C\gprs\MT2502r\peripheral_dep\gpt_udvt_test.det



.\build\CORETEK03AE_11C\gprs\MT2502r\peripheral_dep\hif_legacy.det



.\build\CORETEK03AE_11C\gprs\MT2502r\peripheral_dep\hif_v1.det



.\build\CORETEK03AE_11C\gprs\MT2502r\peripheral_dep\hif_v2.det



.\build\CORETEK03AE_11C\gprs\MT2502r\peripheral_dep\i2c.det



.\build\CORETEK03AE_11C\gprs\MT2502r\peripheral_dep\i2c_dual.det



.\build\CORETEK03AE_11C\gprs\MT2502r\peripheral_dep\i2c_udvt_test.det



.\build\CORETEK03AE_11C\gprs\MT2502r\peripheral_dep\kbdmain.det



.\build\CORETEK03AE_11C\gprs\MT2502r\peripheral_dep\kbd_jogball.det



.\build\CORETEK03AE_11C\gprs\MT2502r\peripheral_dep\lpwr.det



.\build\CORETEK03AE_11C\gprs\MT2502r\peripheral_dep\motion_sensor.det



.\build\CORETEK03AE_11C\gprs\MT2502r\peripheral_dep\nli_arb.det



.\build\CORETEK03AE_11C\gprs\MT2502r\peripheral_dep\pfc.det



.\build\CORETEK03AE_11C\gprs\MT2502r\peripheral_dep\pwm.det



.\build\CORETEK03AE_11C\gprs\MT2502r\peripheral_dep\rtc.det



.\build\CORETEK03AE_11C\gprs\MT2502r\peripheral_dep\rwg.det



.\build\CORETEK03AE_11C\gprs\MT2502r\peripheral_dep\spi.det



.\build\CORETEK03AE_11C\gprs\MT2502r\peripheral_dep\spi_hal.det



.\build\CORETEK03AE_11C\gprs\MT2502r\peripheral_dep\spi_slave.det



.\build\CORETEK03AE_11C\gprs\MT2502r\peripheral_dep\sw_keypad.det



.\build\CORETEK03AE_11C\gprs\MT2502r\peripheral_dep\touch_panel.det



.\build\CORETEK03AE_11C\gprs\MT2502r\peripheral_dep\touch_panel_main.det



.\build\CORETEK03AE_11C\gprs\MT2502r\peripheral_dep\ts_drv.det



.\build\CORETEK03AE_11C\gprs\MT2502r\peripheral_dep\uart.det



.\build\CORETEK03AE_11C\gprs\MT2502r\peripheral_dep\uart_handler.det



.\build\CORETEK03AE_11C\gprs\MT2502r\peripheral_dep\uart_vfifo.det



.\build\CORETEK03AE_11C\gprs\MT2502r\peripheral_dep\wdt.det


Processing adc.det adcmeasure.det adcsche.det adc_keypad.det adc_msg_handle.det alerter.det auxmain.det dbgprint.det DclH_kbd.det DclS_kbd.det dcl_adc.det dcl_aux.det dcl_chr_det.det dcl_common.det dcl_eint.det dcl_f32k_clk.det dcl_gpio.det dcl_gpt.det dcl_gpt_hw.det dcl_hts.det dcl_i2c.det dcl_i2c_dual.det dcl_irda.det dcl_pfc.det dcl_pmu.det dcl_pmu6261.det dcl_pmu6261_init.det dcl_pmu_common.det dcl_pw.det dcl_pwm.det dcl_pxs.det dcl_rtc.det Dcl_SeriPortDrv.det dcl_spi_slave.det dcl_sts.det dcl_wdt.det drv_comm.det drv_hisr.det f32k_clk.det gpio.det gpt_udvt_test.det hif_legacy.det hif_v1.det hif_v2.det i2c.det i2c_dual.det i2c_udvt_test.det kbdmain.det kbd_jogball.det lpwr.det motion_sensor.det nli_arb.det pfc.det pwm.det rtc.det rwg.det spi.det spi_hal.det spi_slave.det sw_keypad.det touch_panel.det touch_panel_main.det ts_drv.det uart.det uart_handler.det uart_vfifo.det wdt.det
make[2]: Leaving directory `D:/MTK/MTK2503/MTK2503/11CW1418SP4_03_CORETEK03AE_11C_V1_GPRS_MMI'
