Module provider is in DEFALUT mode
Compiling hal\video\demuxer\provider\src\avi_provider.c ... 
Compiling hal\video\demuxer\provider\src\flv_parser.c ... 
Compiling hal\video\demuxer\provider\src\flv_provider.c ... 
Compiling hal\video\demuxer\provider\src\mkv_parser.c ... 
Compiling hal\video\demuxer\provider\src\mkv_provider.c ... 
Compiling hal\video\demuxer\mp4_parser\src\mp4_parser.c ... 
Compiling hal\video\demuxer\mp4_parser\src\mp4_parser_audio.c ... 
Compiling hal\video\demuxer\mp4_parser\src\mp4_parser_stbl.c ... 
Compiling hal\video\demuxer\mp4_parser\src\mp4_parser_udat.c ... 
Compiling hal\video\demuxer\mp4_parser\src\mp4_parser_video.c ... 
Compiling hal\video\demuxer\provider\src\provider_utility.c ... 
Compiling hal\video\demuxer\provider\src\source_provider_component.c ... 
Compiling hal\video\demuxer\provider\src\source_provider_isolation.c ... 
make[2]: Entering directory `D:/MTK/MTK2503/MTK2503/11CW1418SP4_03_CORETEK03AE_11C_V1_GPRS_MMI'
CFLAGS = --cpu ARM7EJ-S --littleend -O3 --remove_unneeded_entities -D__RVCT__ -JC:\ARM\RVCT\Data\3.1\569\include\windows --fpmode=ieee_fixed --split_sections --diag_suppress 1,1295,1296,2548 --dwarf2 -D__SERIAL_FLASH_EN__ -D__SERIAL_FLASH_SUPPORT__ --bss_threshold=0
CPLUSFLAGS = --cpp --cpu ARM7EJ-S --littleend -O3 --remove_unneeded_entities -D__RVCT__ -JC:\ARM\RVCT\Data\3.1\569\include\windows --fpmode=ieee_fixed --split_sections --diag_suppress 1,1295,1296,2548 --dwarf2 --bss_threshold=0
AFLAGS = --debug --littleend --cpu ARM7EJ-S --apcs /interwork -16
ADEFS = -pd "MT2502 SETL {TRUE}" -pd "MT2502_S00 SETL {TRUE}" -pd "__SV5_ENABLED__ SETL {TRUE}" -pd "__EVENT_BASED_TIMER__ SETL {TRUE}" -pd "__PRODUCTION_RELEASE__ SETL {TRUE}" -pd "KAL_ON_NUCLEUS SETL {TRUE}" -pd "__CHIP_VERSION_CHECK__ SETL {TRUE}" -pd "__KEYPAD_DEBUG_TRACE__ SETL {TRUE}" -pd "ESAL_AR_STK_FPU_SUPPORT SETL {FALSE}" -pd "__ARM_FPUV2__ SETL {FALSE}" -pd "__SERIAL_FLASH_EN__ SETL {TRUE}" -pd "__SERIAL_FLASH_SUPPORT__ SETL {TRUE}"
C:\ARM\RVCT\Programs\3.1\569\win_32-pentium\armar.exe -create ./build/CORETEK03AE_11C/gprs/MT2502o/lib/provider.lib --via .\build\CORETEK03AE_11C\gprs\MT2502o\provider\provider_sort.via
Warning: L3910W: Old syntax, please use '--create'.
./build/CORETEK03AE_11C/gprs/MT2502o/lib/provider.lib is updated

.\build\CORETEK03AE_11C\gprs\MT2502r\provider_dep\avi_provider.det



.\build\CORETEK03AE_11C\gprs\MT2502r\provider_dep\flv_parser.det



.\build\CORETEK03AE_11C\gprs\MT2502r\provider_dep\flv_provider.det



.\build\CORETEK03AE_11C\gprs\MT2502r\provider_dep\mkv_parser.det



.\build\CORETEK03AE_11C\gprs\MT2502r\provider_dep\mkv_provider.det



.\build\CORETEK03AE_11C\gprs\MT2502r\provider_dep\mp4_parser.det



.\build\CORETEK03AE_11C\gprs\MT2502r\provider_dep\mp4_parser_audio.det



.\build\CORETEK03AE_11C\gprs\MT2502r\provider_dep\mp4_parser_stbl.det



.\build\CORETEK03AE_11C\gprs\MT2502r\provider_dep\mp4_parser_udat.det



.\build\CORETEK03AE_11C\gprs\MT2502r\provider_dep\mp4_parser_video.det



.\build\CORETEK03AE_11C\gprs\MT2502r\provider_dep\provider_utility.det



.\build\CORETEK03AE_11C\gprs\MT2502r\provider_dep\source_provider_component.det



.\build\CORETEK03AE_11C\gprs\MT2502r\provider_dep\source_provider_isolation.det


Processing avi_provider.det flv_parser.det flv_provider.det mkv_parser.det mkv_provider.det mp4_parser.det mp4_parser_audio.det mp4_parser_stbl.det mp4_parser_udat.det mp4_parser_video.det provider_utility.det source_provider_component.det source_provider_isolation.det
make[2]: Leaving directory `D:/MTK/MTK2503/MTK2503/11CW1418SP4_03_CORETEK03AE_11C_V1_GPRS_MMI'
