bash.exe: warning: could not find /tmp, please create!
bash.exe: warning: could not find /tmp, please create!
bash.exe: warning: could not find /tmp, please create!
bash.exe: warning: could not find /tmp, please create!
bash.exe: warning: could not find /tmp, please create!
bash.exe: warning: could not find /tmp, please create!
bash.exe: warning: could not find /tmp, please create!
bash.exe: warning: could not find /tmp, please create!
bash.exe: warning: could not find /tmp, please create!
bash.exe: warning: could not find /tmp, please create!
bash.exe: warning: could not find /tmp, please create!
temp/res/000_FileMgr.c:446:7: warning: no newline at end of file
temp/res/3DMainMenuRes.c:1067:36: warning: no newline at end of file
temp/res/AM.c:1282:7: warning: no newline at end of file
bash.exe: warning: could not find /tmp, please create!
bash.exe: warning: could not find /tmp, please create!
bash.exe: warning: could not find /tmp, please create!
bash.exe: warning: could not find /tmp, please create!
bash.exe: warning: could not find /tmp, please create!
bash.exe: warning: could not find /tmp, please create!
bash.exe: warning: could not find /tmp, please create!
bash.exe: warning: could not find /tmp, please create!
bash.exe: warning: could not find /tmp, please create!
bash.exe: warning: could not find /tmp, please create!
bash.exe: warning: could not find /tmp, please create!
bash.exe: warning: could not find /tmp, please create!
bash.exe: warning: could not find /tmp, please create!
bash.exe: warning: could not find /tmp, please create!
bash.exe: warning: could not find /tmp, please create!
bash.exe: warning: could not find /tmp, please create!
bash.exe: warning: could not find /tmp, please create!
bash.exe: warning: could not find /tmp, please create!
bash.exe: warning: could not find /tmp, please create!
bash.exe: warning: could not find /tmp, please create!
bash.exe: warning: could not find /tmp, please create!
bash.exe: warning: could not find /tmp, please create!
bash.exe: warning: could not find /tmp, please create!
bash.exe: warning: could not find /tmp, please create!
bash.exe: warning: could not find /tmp, please create!
bash.exe: warning: could not find /tmp, please create!
bash.exe: warning: could not find /tmp, please create!
bash.exe: warning: could not find /tmp, please create!
bash.exe: warning: could not find /tmp, please create!
bash.exe: warning: could not find /tmp, please create!
temp/res/AudioPlayerWalk.c:115:35: warning: no newline at end of file
bash.exe: warning: could not find /tmp, please create!
bash.exe: warning: could not find /tmp, please create!
bash.exe: warning: could not find /tmp, please create!
bash.exe: warning: could not find /tmp, please create!
bash.exe: warning: could not find /tmp, please create!
bash.exe: warning: could not find /tmp, please create!
bash.exe: warning: could not find /tmp, please create!
bash.exe: warning: could not find /tmp, please create!
bash.exe: warning: could not find /tmp, please create!
bash.exe: warning: could not find /tmp, please create!
temp/res/BTUnifiedMessage.c:30:28: warning: no newline at end of file
bash.exe: warning: could not find /tmp, please create!
bash.exe: warning: could not find /tmp, please create!
bash.exe: warning: could not find /tmp, please create!
bash.exe: warning: could not find /tmp, please create!
bash.exe: warning: could not find /tmp, please create!
bash.exe: warning: could not find /tmp, please create!
bash.exe: warning: could not find /tmp, please create!
bash.exe: warning: could not find /tmp, please create!
bash.exe: warning: could not find /tmp, please create!
bash.exe: warning: could not find /tmp, please create!
bash.exe: warning: could not find /tmp, please create!
bash.exe: warning: could not find /tmp, please create!
bash.exe: warning: could not find /tmp, please create!
bash.exe: warning: could not find /tmp, please create!
bash.exe: warning: could not find /tmp, please create!
bash.exe: warning: could not find /tmp, please create!
bash.exe: warning: could not find /tmp, please create!
bash.exe: warning: could not find /tmp, please create!
bash.exe: warning: could not find /tmp, please create!
temp/res/BtCallLog.c:94:80: warning: no newline at end of file
bash.exe: warning: could not find /tmp, please create!
bash.exe: warning: could not find /tmp, please create!
bash.exe: warning: could not find /tmp, please create!
bash.exe: warning: could not find /tmp, please create!
bash.exe: warning: could not find /tmp, please create!
bash.exe: warning: could not find /tmp, please create!
bash.exe: warning: could not find /tmp, please create!
bash.exe: warning: could not find /tmp, please create!
bash.exe: warning: could not find /tmp, please create!
bash.exe: warning: could not find /tmp, please create!
bash.exe: warning: could not find /tmp, please create!
bash.exe: warning: could not find /tmp, please create!
bash.exe: warning: could not find /tmp, please create!
bash.exe: warning: could not find /tmp, please create!
bash.exe: warning: could not find /tmp, please create!
bash.exe: warning: could not find /tmp, please create!
bash.exe: warning: could not find /tmp, please create!
bash.exe: warning: could not find /tmp, please create!
bash.exe: warning: could not find /tmp, please create!
bash.exe: warning: could not find /tmp, please create!
bash.exe: warning: could not find /tmp, please create!
bash.exe: warning: could not find /tmp, please create!
bash.exe: warning: could not find /tmp, please create!
bash.exe: warning: could not find /tmp, please create!
bash.exe: warning: could not find /tmp, please create!
bash.exe: warning: could not find /tmp, please create!
bash.exe: warning: could not find /tmp, please create!
bash.exe: warning: could not find /tmp, please create!
bash.exe: warning: could not find /tmp, please create!
bash.exe: warning: could not find /tmp, please create!
bash.exe: warning: could not find /tmp, please create!
bash.exe: warning: could not find /tmp, please create!
bash.exe: warning: could not find /tmp, please create!
In file included from ../../../hal/drv_def/drv_features_chip_select.h:178,
                 from ../../../interface/hal/drv_sw_def/drv_sw_features_display.h:200,
                 from ../../framework/gdi/gdiinc/gdi_features.h:394,
                 from temp/res/ChargerApp.c:3:
../../../hal/drv_def/drv_features_2502.h:86:1: warning: no newline at end of file
bash.exe: warning: could not find /tmp, please create!
bash.exe: warning: could not find /tmp, please create!
bash.exe: warning: could not find /tmp, please create!
bash.exe: warning: could not find /tmp, please create!
bash.exe: warning: could not find /tmp, please create!
bash.exe: warning: could not find /tmp, please create!
bash.exe: warning: could not find /tmp, please create!
In file included from ../../../hal/drv_def/drv_features_chip_select.h:178,
                 from ../../../hal/drv_def/drv_features_g2d.h:143,
                 from ../../../interface/hal/drv_sw_def/drv_sw_features_g2d.h:91,
                 from ../../../config/include/hal/stack_config.h:1145,
                 from ../../../kal/include/kal_public_defs.h:128,
                 from ../../mmi/phonebook/phonebookinc/PhoneBookAppMem.h:64,
                 from ../../mmi/phonebook/phonebookinc/PhoneBookProt.h:400,
                 from temp/res/BTphonebook.c:69:
../../../hal/drv_def/drv_features_2502.h:86:1: warning: no newline at end of file
In file included from ../../../interface/fs/fs_type.h:464,
                 from ../../../interface/hal/audio/l1audio.h:1610,
                 from ../../../interface/hal/video/mpl_common.h:155,
                 from ../../../interface/hal/video/mpl_player.h:267,
                 from ../../../interface/media/med_struct.h:1881,
                 from ../../../interface/nvram/nvram_data_items.h:472,
                 from ../../../interface/middleware/nvram_editor_data_item.h:477,
                 from ../../../ps/l4/include/smu_common_enums.h:189,
                 from ../../../ps/l4/atci/include/rmmi_common_enum.h:557,
                 from ../../../ps/l4/include/l4c_common_enum.h:680,
                 from ../../service/inc/PhbSrvGprot.h:444,
                 from ../../mmi/phonebook/phonebookinc/PhoneBookAppMem.h:66,
                 from ../../mmi/phonebook/phonebookinc/PhoneBookProt.h:400,
                 from temp/res/BTphonebook.c:69:
../../../interface/fs/fs_gprot.h:1228:1: warning: "ONE_BYTE_ALIGN_ADS" redefined
../../../interface/fs/fs_gprot.h:369:1: warning: this is the location of the previous definition
In file included from ../../../custom/common/hal/aud_common_config.h:134,
                 from ../../../custom/audio/_default_bb/mt2502/nvram_default_audio.h:159,
                 from ../../../interface/media/med_struct.h:1885,
                 from ../../../interface/nvram/nvram_data_items.h:472,
                 from ../../../interface/middleware/nvram_editor_data_item.h:477,
                 from ../../../ps/l4/include/smu_common_enums.h:189,
                 from ../../../ps/l4/atci/include/rmmi_common_enum.h:557,
                 from ../../../ps/l4/include/l4c_common_enum.h:680,
                 from ../../service/inc/PhbSrvGprot.h:444,
                 from ../../mmi/phonebook/phonebookinc/PhoneBookAppMem.h:66,
                 from ../../mmi/phonebook/phonebookinc/PhoneBookProt.h:400,
                 from temp/res/BTphonebook.c:69:
../../../custom/common/hal/audcoeff_default.h:882:71: warning: backslash and newline separated by space
../../../custom/common/hal/audcoeff_default.h:883:71: warning: backslash and newline separated by space
../../../custom/common/hal/audcoeff_default.h:884:71: warning: backslash and newline separated by space
../../../custom/common/hal/audcoeff_default.h:885:71: warning: backslash and newline separated by space
../../../custom/common/hal/audcoeff_default.h:902:80: warning: backslash and newline separated by space
temp/res/BTphonebook.c:98:80: warning: no newline at end of file
bash.exe: warning: could not find /tmp, please create!
bash.exe: warning: could not find /tmp, please create!
bash.exe: warning: could not find /tmp, please create!
bash.exe: warning: could not find /tmp, please create!
bash.exe: warning: could not find /tmp, please create!
bash.exe: warning: could not find /tmp, please create!
bash.exe: warning: could not find /tmp, please create!
bash.exe: warning: could not find /tmp, please create!
bash.exe: warning: could not find /tmp, please create!
bash.exe: warning: could not find /tmp, please create!
bash.exe: warning: could not find /tmp, please create!
bash.exe: warning: could not find /tmp, please create!
bash.exe: warning: could not find /tmp, please create!
bash.exe: warning: could not find /tmp, please create!
bash.exe: warning: could not find /tmp, please create!
bash.exe: warning: could not find /tmp, please create!
bash.exe: warning: could not find /tmp, please create!
bash.exe: warning: could not find /tmp, please create!
bash.exe: warning: could not find /tmp, please create!
bash.exe: warning: could not find /tmp, please create!
bash.exe: warning: could not find /tmp, please create!
bash.exe: warning: could not find /tmp, please create!
bash.exe: warning: could not find /tmp, please create!
bash.exe: warning: could not find /tmp, please create!
bash.exe: warning: could not find /tmp, please create!
bash.exe: warning: could not find /tmp, please create!
bash.exe: warning: could not find /tmp, please create!
bash.exe: warning: could not find /tmp, please create!
bash.exe: warning: could not find /tmp, please create!
bash.exe: warning: could not find /tmp, please create!
bash.exe: warning: could not find /tmp, please create!
bash.exe: warning: could not find /tmp, please create!
bash.exe: warning: could not find /tmp, please create!
bash.exe: warning: could not find /tmp, please create!
bash.exe: warning: could not find /tmp, please create!
bash.exe: warning: could not find /tmp, please create!
bash.exe: warning: could not find /tmp, please create!
bash.exe: warning: could not find /tmp, please create!
bash.exe: warning: could not find /tmp, please create!
bash.exe: warning: could not find /tmp, please create!
bash.exe: warning: could not find /tmp, please create!
temp/res/DownloadAgentApp.c:331:32: warning: no newline at end of file
bash.exe: warning: could not find /tmp, please create!
bash.exe: warning: could not find /tmp, please create!
bash.exe: warning: could not find /tmp, please create!
bash.exe: warning: could not find /tmp, please create!
bash.exe: warning: could not find /tmp, please create!
bash.exe: warning: could not find /tmp, please create!
bash.exe: warning: could not find /tmp, please create!
bash.exe: warning: could not find /tmp, please create!
bash.exe: warning: could not find /tmp, please create!
bash.exe: warning: could not find /tmp, please create!
bash.exe: warning: could not find /tmp, please create!
bash.exe: warning: could not find /tmp, please create!
bash.exe: warning: could not find /tmp, please create!
bash.exe: warning: could not find /tmp, please create!
bash.exe: warning: could not find /tmp, please create!
bash.exe: warning: could not find /tmp, please create!
bash.exe: warning: could not find /tmp, please create!
bash.exe: warning: could not find /tmp, please create!
bash.exe: warning: could not find /tmp, please create!
bash.exe: warning: could not find /tmp, please create!
bash.exe: warning: could not find /tmp, please create!
bash.exe: warning: could not find /tmp, please create!
bash.exe: warning: could not find /tmp, please create!
bash.exe: warning: could not find /tmp, please create!
bash.exe: warning: could not find /tmp, please create!
bash.exe: warning: could not find /tmp, please create!
bash.exe: warning: could not find /tmp, please create!
bash.exe: warning: could not find /tmp, please create!
In file included from ../../../hal/drv_def/drv_features_chip_select.h:178,
                 from ../../../interface/hal/drv_sw_def/drv_sw_features_display.h:200,
                 from ../../framework/gdi/gdiinc/GDI_features.h:394,
                 from temp/res/FileTypes.c:2:
../../../hal/drv_def/drv_features_2502.h:86:1: warning: no newline at end of file
bash.exe: warning: could not find /tmp, please create!
bash.exe: warning: could not find /tmp, please create!
bash.exe: warning: could not find /tmp, please create!
bash.exe: warning: could not find /tmp, please create!
bash.exe: warning: could not find /tmp, please create!
bash.exe: warning: could not find /tmp, please create!
bash.exe: warning: could not find /tmp, please create!
bash.exe: warning: could not find /tmp, please create!
bash.exe: warning: could not find /tmp, please create!
bash.exe: warning: could not find /tmp, please create!
bash.exe: warning: could not find /tmp, please create!
bash.exe: warning: could not find /tmp, please create!
bash.exe: warning: could not find /tmp, please create!
bash.exe: warning: could not find /tmp, please create!
bash.exe: warning: could not find /tmp, please create!
bash.exe: warning: could not find /tmp, please create!
bash.exe: warning: could not find /tmp, please create!
bash.exe: warning: could not find /tmp, please create!
bash.exe: warning: could not find /tmp, please create!
bash.exe: warning: could not find /tmp, please create!
bash.exe: warning: could not find /tmp, please create!
bash.exe: warning: could not find /tmp, please create!
In file included from ../../../hal/drv_def/drv_features_chip_select.h:178,
                 from ../../../interface/hal/drv_sw_def/drv_sw_features_display.h:200,
                 from ../../framework/gdi/gdiinc/gdi_features.h:394,
                 from temp/res/Gui.c:13:
../../../hal/drv_def/drv_features_2502.h:86:1: warning: no newline at end of file
bash.exe: warning: could not find /tmp, please create!
bash.exe: warning: could not find /tmp, please create!
bash.exe: warning: could not find /tmp, please create!
bash.exe: warning: could not find /tmp, please create!
bash.exe: warning: could not find /tmp, please create!
bash.exe: warning: could not find /tmp, please create!
bash.exe: warning: could not find /tmp, please create!
bash.exe: warning: could not find /tmp, please create!
bash.exe: warning: could not find /tmp, please create!
bash.exe: warning: could not find /tmp, please create!
bash.exe: warning: could not find /tmp, please create!
bash.exe: warning: could not find /tmp, please create!
bash.exe: warning: could not find /tmp, please create!
bash.exe: warning: could not find /tmp, please create!
bash.exe: warning: could not find /tmp, please create!
bash.exe: warning: could not find /tmp, please create!
bash.exe: warning: could not find /tmp, please create!
bash.exe: warning: could not find /tmp, please create!
bash.exe: warning: could not find /tmp, please create!
bash.exe: warning: could not find /tmp, please create!
bash.exe: warning: could not find /tmp, please create!
bash.exe: warning: could not find /tmp, please create!
bash.exe: warning: could not find /tmp, please create!
bash.exe: warning: could not find /tmp, please create!
bash.exe: warning: could not find /tmp, please create!
bash.exe: warning: could not find /tmp, please create!
bash.exe: warning: could not find /tmp, please create!
bash.exe: warning: could not find /tmp, please create!
bash.exe: warning: could not find /tmp, please create!
bash.exe: warning: could not find /tmp, please create!
bash.exe: warning: could not find /tmp, please create!
temp/res/MainMenuRes.c:3415:8: warning: extra tokens at end of #endif directive
bash.exe: warning: could not find /tmp, please create!
temp/res/MediaSinglePlayer.c:14:7: warning: no newline at end of file
bash.exe: warning: could not find /tmp, please create!
bash.exe: warning: could not find /tmp, please create!
bash.exe: warning: could not find /tmp, please create!
bash.exe: warning: could not find /tmp, please create!
bash.exe: warning: could not find /tmp, please create!
bash.exe: warning: could not find /tmp, please create!
bash.exe: warning: could not find /tmp, please create!
bash.exe: warning: could not find /tmp, please create!
bash.exe: warning: could not find /tmp, please create!
bash.exe: warning: could not find /tmp, please create!
bash.exe: warning: could not find /tmp, please create!
bash.exe: warning: could not find /tmp, please create!
bash.exe: warning: could not find /tmp, please create!
bash.exe: warning: could not find /tmp, please create!
bash.exe: warning: could not find /tmp, please create!
bash.exe: warning: could not find /tmp, please create!
bash.exe: warning: could not find /tmp, please create!
bash.exe: warning: could not find /tmp, please create!
bash.exe: warning: could not find /tmp, please create!
bash.exe: warning: could not find /tmp, please create!
bash.exe: warning: could not find /tmp, please create!
bash.exe: warning: could not find /tmp, please create!
bash.exe: warning: could not find /tmp, please create!
bash.exe: warning: could not find /tmp, please create!
bash.exe: warning: could not find /tmp, please create!
bash.exe: warning: could not find /tmp, please create!
bash.exe: warning: could not find /tmp, please create!
bash.exe: warning: could not find /tmp, please create!
bash.exe: warning: could not find /tmp, please create!
bash.exe: warning: could not find /tmp, please create!
bash.exe: warning: could not find /tmp, please create!
bash.exe: warning: could not find /tmp, please create!
bash.exe: warning: could not find /tmp, please create!
bash.exe: warning: could not find /tmp, please create!
bash.exe: warning: could not find /tmp, please create!
bash.exe: warning: could not find /tmp, please create!
bash.exe: warning: could not find /tmp, please create!
bash.exe: warning: could not find /tmp, please create!
bash.exe: warning: could not find /tmp, please create!
bash.exe: warning: could not find /tmp, please create!
bash.exe: warning: could not find /tmp, please create!
bash.exe: warning: could not find /tmp, please create!
bash.exe: warning: could not find /tmp, please create!
bash.exe: warning: could not find /tmp, please create!
bash.exe: warning: could not find /tmp, please create!
bash.exe: warning: could not find /tmp, please create!
bash.exe: warning: could not find /tmp, please create!
bash.exe: warning: could not find /tmp, please create!
bash.exe: warning: could not find /tmp, please create!
bash.exe: warning: could not find /tmp, please create!
bash.exe: warning: could not find /tmp, please create!
bash.exe: warning: could not find /tmp, please create!
bash.exe: warning: could not find /tmp, please create!
bash.exe: warning: could not find /tmp, please create!
bash.exe: warning: could not find /tmp, please create!
bash.exe: warning: could not find /tmp, please create!
bash.exe: warning: could not find /tmp, please create!
bash.exe: warning: could not find /tmp, please create!
bash.exe: warning: could not find /tmp, please create!
bash.exe: warning: could not find /tmp, please create!
bash.exe: warning: could not find /tmp, please create!
In file included from ../../../hal/drv_def/drv_features_chip_select.h:178,
                 from ../../../hal/drv_def/drv_features_usb.h:144,
                 from ../../../hal/drv_def/drv_features.h:111,
                 from temp/res/PhotoEditor.c:142:
../../../hal/drv_def/drv_features_2502.h:86:1: warning: no newline at end of file
bash.exe: warning: could not find /tmp, please create!
bash.exe: warning: could not find /tmp, please create!
bash.exe: warning: could not find /tmp, please create!
bash.exe: warning: could not find /tmp, please create!
bash.exe: warning: could not find /tmp, please create!
bash.exe: warning: could not find /tmp, please create!
bash.exe: warning: could not find /tmp, please create!
bash.exe: warning: could not find /tmp, please create!
bash.exe: warning: could not find /tmp, please create!
bash.exe: warning: could not find /tmp, please create!
bash.exe: warning: could not find /tmp, please create!
bash.exe: warning: could not find /tmp, please create!
bash.exe: warning: could not find /tmp, please create!
bash.exe: warning: could not find /tmp, please create!
bash.exe: warning: could not find /tmp, please create!
bash.exe: warning: could not find /tmp, please create!
bash.exe: warning: could not find /tmp, please create!
bash.exe: warning: could not find /tmp, please create!
bash.exe: warning: could not find /tmp, please create!
bash.exe: warning: could not find /tmp, please create!
bash.exe: warning: could not find /tmp, please create!
bash.exe: warning: could not find /tmp, please create!
bash.exe: warning: could not find /tmp, please create!
bash.exe: warning: could not find /tmp, please create!
bash.exe: warning: could not find /tmp, please create!
bash.exe: warning: could not find /tmp, please create!
bash.exe: warning: could not find /tmp, please create!
bash.exe: warning: could not find /tmp, please create!
bash.exe: warning: could not find /tmp, please create!
bash.exe: warning: could not find /tmp, please create!
bash.exe: warning: could not find /tmp, please create!
bash.exe: warning: could not find /tmp, please create!
bash.exe: warning: could not find /tmp, please create!
bash.exe: warning: could not find /tmp, please create!
bash.exe: warning: could not find /tmp, please create!
bash.exe: warning: could not find /tmp, please create!
bash.exe: warning: could not find /tmp, please create!
bash.exe: warning: could not find /tmp, please create!
bash.exe: warning: could not find /tmp, please create!
bash.exe: warning: could not find /tmp, please create!
bash.exe: warning: could not find /tmp, please create!
bash.exe: warning: could not find /tmp, please create!
bash.exe: warning: could not find /tmp, please create!
bash.exe: warning: could not find /tmp, please create!
bash.exe: warning: could not find /tmp, please create!
bash.exe: warning: could not find /tmp, please create!
bash.exe: warning: could not find /tmp, please create!
temp/res/SecSetSrv.c:21:7: warning: no newline at end of file
In file included from ../../../hal/drv_def/drv_features_chip_select.h:178,
                 from ../../../hal/drv_def/drv_features_g2d.h:143,
                 from ../../../interface/hal/drv_sw_def/drv_sw_features_g2d.h:91,
                 from ../../../config/include/hal/stack_config.h:1145,
                 from ../../framework/commonfiles/commoninc/mmi_frm_utility_gprot.h:102,
                 from ../../service/inc/SimCtrlSrvGprot.h:200,
                 from ../../mmi/securitysetting/secsetinc/SecSetProt.h:110,
                 from temp/res/SecSet.c:4:
../../../hal/drv_def/drv_features_2502.h:86:1: warning: no newline at end of file
bash.exe: warning: could not find /tmp, please create!
temp/res/Service.c:109:37: warning: extra tokens at end of #ifdef directive
temp/res/Service.c:125:36: warning: extra tokens at end of #ifdef directive
bash.exe: warning: could not find /tmp, please create!
bash.exe: warning: could not find /tmp, please create!
bash.exe: warning: could not find /tmp, please create!
bash.exe: warning: could not find /tmp, please create!
bash.exe: warning: could not find /tmp, please create!
bash.exe: warning: could not find /tmp, please create!
bash.exe: warning: could not find /tmp, please create!
bash.exe: warning: could not find /tmp, please create!
bash.exe: warning: could not find /tmp, please create!
bash.exe: warning: could not find /tmp, please create!
bash.exe: warning: could not find /tmp, please create!
bash.exe: warning: could not find /tmp, please create!
bash.exe: warning: could not find /tmp, please create!
bash.exe: warning: could not find /tmp, please create!
bash.exe: warning: could not find /tmp, please create!
In file included from ../../../hal/drv_def/drv_features_chip_select.h:178,
                 from ../../../hal/drv_def/drv_features_g2d.h:143,
                 from ../../../interface/hal/drv_sw_def/drv_sw_features_g2d.h:91,
                 from ../../../config/include/hal/stack_config.h:1145,
                 from ../../../kal/include/kal_public_defs.h:128,
                 from ../../../kal/include/kal_release.h:88,
                 from ../../framework/commonfiles/commoninc/mmi_frm_input_gprot.h:324,
                 from ../../mmi/scrlocker/scrlockerinc/ScrLockerGprot.h:140,
                 from temp/res/ScrLocker.c:187:
../../../hal/drv_def/drv_features_2502.h:86:1: warning: no newline at end of file
bash.exe: warning: could not find /tmp, please create!
bash.exe: warning: could not find /tmp, please create!
bash.exe: warning: could not find /tmp, please create!
bash.exe: warning: could not find /tmp, please create!
bash.exe: warning: could not find /tmp, please create!
bash.exe: warning: could not find /tmp, please create!
bash.exe: warning: could not find /tmp, please create!
temp/res/SmsUmBT.c:237:7: warning: no newline at end of file
bash.exe: warning: could not find /tmp, please create!
bash.exe: warning: could not find /tmp, please create!
bash.exe: warning: could not find /tmp, please create!
bash.exe: warning: could not find /tmp, please create!
temp/res/SnsSrv.c:75:40: warning: no newline at end of file
In file included from ../../../hal/drv_def/drv_features_chip_select.h:178,
                 from ../../../interface/hal/drv_sw_def/drv_sw_features_display.h:200,
                 from ../../framework/gdi/gdiinc/gdi_features.h:394,
                 from temp/res/SmsAppRes.c:3:
../../../hal/drv_def/drv_features_2502.h:86:1: warning: no newline at end of file
bash.exe: warning: could not find /tmp, please create!
bash.exe: warning: could not find /tmp, please create!
bash.exe: warning: could not find /tmp, please create!
bash.exe: warning: could not find /tmp, please create!
bash.exe: warning: could not find /tmp, please create!
bash.exe: warning: could not find /tmp, please create!
bash.exe: warning: could not find /tmp, please create!
bash.exe: warning: could not find /tmp, please create!
bash.exe: warning: could not find /tmp, please create!
bash.exe: warning: could not find /tmp, please create!
bash.exe: warning: could not find /tmp, please create!
bash.exe: warning: could not find /tmp, please create!
temp/res/SsoSrv.c:48:25: warning: no newline at end of file
bash.exe: warning: could not find /tmp, please create!
bash.exe: warning: could not find /tmp, please create!
bash.exe: warning: could not find /tmp, please create!
bash.exe: warning: could not find /tmp, please create!
bash.exe: warning: could not find /tmp, please create!
bash.exe: warning: could not find /tmp, please create!
bash.exe: warning: could not find /tmp, please create!
bash.exe: warning: could not find /tmp, please create!
bash.exe: warning: could not find /tmp, please create!
bash.exe: warning: could not find /tmp, please create!
bash.exe: warning: could not find /tmp, please create!
bash.exe: warning: could not find /tmp, please create!
bash.exe: warning: could not find /tmp, please create!
bash.exe: warning: could not find /tmp, please create!
bash.exe: warning: could not find /tmp, please create!
bash.exe: warning: could not find /tmp, please create!
bash.exe: warning: could not find /tmp, please create!
bash.exe: warning: could not find /tmp, please create!
bash.exe: warning: could not find /tmp, please create!
bash.exe: warning: could not find /tmp, please create!
temp/res/ToneSelectorCui.c:12:7: warning: no newline at end of file
bash.exe: warning: could not find /tmp, please create!
bash.exe: warning: could not find /tmp, please create!
bash.exe: warning: could not find /tmp, please create!
bash.exe: warning: could not find /tmp, please create!
bash.exe: warning: could not find /tmp, please create!
bash.exe: warning: could not find /tmp, please create!
temp/res/UnifiedMessage.c:722:28: warning: no newline at end of file
temp/res/UmSrv.c:36:28: warning: no newline at end of file
bash.exe: warning: could not find /tmp, please create!
bash.exe: warning: could not find /tmp, please create!
bash.exe: warning: could not find /tmp, please create!
bash.exe: warning: could not find /tmp, please create!
bash.exe: warning: could not find /tmp, please create!
bash.exe: warning: could not find /tmp, please create!
bash.exe: warning: could not find /tmp, please create!
bash.exe: warning: could not find /tmp, please create!
bash.exe: warning: could not find /tmp, please create!
bash.exe: warning: could not find /tmp, please create!
bash.exe: warning: could not find /tmp, please create!
bash.exe: warning: could not find /tmp, please create!
bash.exe: warning: could not find /tmp, please create!
bash.exe: warning: could not find /tmp, please create!
bash.exe: warning: could not find /tmp, please create!
bash.exe: warning: could not find /tmp, please create!
bash.exe: warning: could not find /tmp, please create!
bash.exe: warning: could not find /tmp, please create!
bash.exe: warning: could not find /tmp, please create!
bash.exe: warning: could not find /tmp, please create!
bash.exe: warning: could not find /tmp, please create!
bash.exe: warning: could not find /tmp, please create!
bash.exe: warning: could not find /tmp, please create!
bash.exe: warning: could not find /tmp, please create!
bash.exe: warning: could not find /tmp, please create!
bash.exe: warning: could not find /tmp, please create!
bash.exe: warning: could not find /tmp, please create!
bash.exe: warning: could not find /tmp, please create!
bash.exe: warning: could not find /tmp, please create!
bash.exe: warning: could not find /tmp, please create!
bash.exe: warning: could not find /tmp, please create!
bash.exe: warning: could not find /tmp, please create!
bash.exe: warning: could not find /tmp, please create!
bash.exe: warning: could not find /tmp, please create!
bash.exe: warning: could not find /tmp, please create!
bash.exe: warning: could not find /tmp, please create!
bash.exe: warning: could not find /tmp, please create!
bash.exe: warning: could not find /tmp, please create!
bash.exe: warning: could not find /tmp, please create!
In file included from ../../../hal/drv_def/drv_features_chip_select.h:178,
                 from ../../../hal/drv_def/drv_features_g2d.h:143,
                 from ../../../interface/hal/drv_sw_def/drv_sw_features_g2d.h:91,
                 from ../../../config/include/hal/stack_config.h:1145,
                 from ../../../interface/fs/fs_gprot.h:249,
                 from ../../mmi/resource/inc/ThemeResProt.h:94,
                 from temp/res/VenusTheme.c:3:
../../../hal/drv_def/drv_features_2502.h:86:1: warning: no newline at end of file
In file included from ../../mmi/resource/inc/ThemeResProt.h:94,
                 from temp/res/VenusTheme.c:3:
../../../interface/fs/fs_gprot.h:1228:1: warning: "ONE_BYTE_ALIGN_ADS" redefined
../../../interface/fs/fs_gprot.h:369:1: warning: this is the location of the previous definition
bash.exe: warning: could not find /tmp, please create!
temp/res/avk_pluto_mem.c:25:7: warning: no newline at end of file
bash.exe: warning: could not find /tmp, please create!
temp/res/avk_cui_menu.c:85:7: warning: no newline at end of file
bash.exe: warning: could not find /tmp, please create!
temp/res/avk_multimedia.c:361:7: warning: no newline at end of file
bash.exe: warning: could not find /tmp, please create!
bash.exe: warning: could not find /tmp, please create!
temp/res/avk_pluto_res.c:51:7: warning: no newline at end of file
bash.exe: warning: could not find /tmp, please create!
bash.exe: warning: could not find /tmp, please create!
bash.exe: warning: could not find /tmp, please create!
bash.exe: warning: could not find /tmp, please create!
bash.exe: warning: could not find /tmp, please create!
temp/res/avk_sdk_test.c:49:7: warning: no newline at end of file
bash.exe: warning: could not find /tmp, please create!
bash.exe: warning: could not find /tmp, please create!
bash.exe: warning: could not find /tmp, please create!
bash.exe: warning: could not find /tmp, please create!
bash.exe: warning: could not find /tmp, please create!
bash.exe: warning: could not find /tmp, please create!
bash.exe: warning: could not find /tmp, please create!
bash.exe: warning: could not find /tmp, please create!
bash.exe: warning: could not find /tmp, please create!
bash.exe: warning: could not find /tmp, please create!
bash.exe: warning: could not find /tmp, please create!
bash.exe: warning: could not find /tmp, please create!
bash.exe: warning: could not find /tmp, please create!
bash.exe: warning: could not find /tmp, please create!
bash.exe: warning: could not find /tmp, please create!
bash.exe: warning: could not find /tmp, please create!
bash.exe: warning: could not find /tmp, please create!
bash.exe: warning: could not find /tmp, please create!
bash.exe: warning: could not find /tmp, please create!
bash.exe: warning: could not find /tmp, please create!
bash.exe: warning: could not find /tmp, please create!
temp/res/global.c:448:7: warning: no newline at end of file
bash.exe: warning: could not find /tmp, please create!
bash.exe: warning: could not find /tmp, please create!
bash.exe: warning: could not find /tmp, please create!
bash.exe: warning: could not find /tmp, please create!
bash.exe: warning: could not find /tmp, please create!
bash.exe: warning: could not find /tmp, please create!
bash.exe: warning: could not find /tmp, please create!
bash.exe: warning: could not find /tmp, please create!
bash.exe: warning: could not find /tmp, please create!
bash.exe: warning: could not find /tmp, please create!
bash.exe: warning: could not find /tmp, please create!
bash.exe: warning: could not find /tmp, please create!
bash.exe: warning: could not find /tmp, please create!
bash.exe: warning: could not find /tmp, please create!
bash.exe: warning: could not find /tmp, please create!
bash.exe: warning: could not find /tmp, please create!
bash.exe: warning: could not find /tmp, please create!
bash.exe: warning: could not find /tmp, please create!
bash.exe: warning: could not find /tmp, please create!
bash.exe: warning: could not find /tmp, please create!
bash.exe: warning: could not find /tmp, please create!
bash.exe: warning: could not find /tmp, please create!
bash.exe: warning: could not find /tmp, please create!
bash.exe: warning: could not find /tmp, please create!
bash.exe: warning: could not find /tmp, please create!
bash.exe: warning: could not find /tmp, please create!
bash.exe: warning: could not find /tmp, please create!
bash.exe: warning: could not find /tmp, please create!
bash.exe: warning: could not find /tmp, please create!
bash.exe: warning: could not find /tmp, please create!
bash.exe: warning: could not find /tmp, please create!
bash.exe: warning: could not find /tmp, please create!
temp/res/plstslimsrv.c:32:7: warning: no newline at end of file
bash.exe: warning: could not find /tmp, please create!
bash.exe: warning: could not find /tmp, please create!
bash.exe: warning: could not find /tmp, please create!
bash.exe: warning: could not find /tmp, please create!
bash.exe: warning: could not find /tmp, please create!
bash.exe: warning: could not find /tmp, please create!
bash.exe: warning: could not find /tmp, please create!
bash.exe: warning: could not find /tmp, please create!
In file included from ../../../hal/drv_def/drv_features_chip_select.h:178,
                 from ../../../hal/drv_def/drv_features_g2d.h:143,
                 from ../../../interface/hal/drv_sw_def/drv_sw_features_g2d.h:91,
                 from ../../../config/include/hal/stack_config.h:1145,
                 from ../../../kal/include/kal_public_defs.h:128,
                 from ../../../kal/include/kal_release.h:88,
                 from ../../framework/commonfiles/commoninc/mmi_frm_gprot.h:253,
                 from ../../framework/gui/gui_inc/wgui.h:1071,
                 from ../../mtkapp/imageview/imageviewinc/ImgViewerConfig.h:233,
                 from temp/res/imgview.c:65:
../../../hal/drv_def/drv_features_2502.h:86:1: warning: no newline at end of file
In file included from ../../../interface/fs/fs_type.h:464,
                 from ../../framework/commonfiles/commoninc/mmi_clipboard_gprot.h:100,
                 from ../../framework/commonfiles/commoninc/mmi_frm_gprot.h:292,
                 from ../../framework/gui/gui_inc/wgui.h:1071,
                 from ../../mtkapp/imageview/imageviewinc/ImgViewerConfig.h:233,
                 from temp/res/imgview.c:65:
../../../interface/fs/fs_gprot.h:1228:1: warning: "ONE_BYTE_ALIGN_ADS" redefined
../../../interface/fs/fs_gprot.h:369:1: warning: this is the location of the previous definition
temp/res/imgview.c:356:81: warning: no newline at end of file
In file included from ../../../hal/drv_def/drv_features_chip_select.h:178,
                 from ../../../hal/drv_def/drv_features_g2d.h:143,
                 from ../../../interface/hal/drv_sw_def/drv_sw_features_g2d.h:91,
                 from ../../../config/include/hal/stack_config.h:1145,
                 from ../../../kal/include/kal_public_defs.h:128,
                 from ../../../kal/include/kal_release.h:88,
                 from ../../framework/commonfiles/commoninc/mmi_frm_input_gprot.h:324,
                 from ../../framework/gui/gui_inc/gui_calendar.h:446,
                 from temp/res/calendar.c:5:
../../../hal/drv_def/drv_features_2502.h:86:1: warning: no newline at end of file
In file included from ../../../interface/fs/fs_type.h:464,
                 from ../../framework/commonfiles/commoninc/mmi_clipboard_gprot.h:100,
                 from ../../framework/commonfiles/commoninc/mmi_frm_gprot.h:292,
                 from ../../framework/gui/gui_inc/Wgui.h:1071,
                 from ../../framework/gui/gui_inc/gui_calendar.h:454,
                 from temp/res/calendar.c:5:
../../../interface/fs/fs_gprot.h:1228:1: warning: "ONE_BYTE_ALIGN_ADS" redefined
../../../interface/fs/fs_gprot.h:369:1: warning: this is the location of the previous definition
In file included from ../../framework/gui/gui_inc/gui_calendar.h:455,
                 from temp/res/calendar.c:5:
../../framework/gui/gui_inc/gui_typedef.h:4033:9: warning: extra tokens at end of #endif directive
bash.exe: warning: could not find /tmp, please create!
bash.exe: warning: could not find /tmp, please create!
bash.exe: warning: could not find /tmp, please create!
bash.exe: warning: could not find /tmp, please create!
bash.exe: warning: could not find /tmp, please create!
In file included from ../../../hal/drv_def/drv_features_chip_select.h:178,
                 from ../../../hal/drv_def/drv_features_g2d.h:143,
                 from ../../../interface/hal/drv_sw_def/drv_sw_features_g2d.h:91,
                 from ../../../config/include/hal/stack_config.h:1145,
                 from ../../../kal/include/kal_public_defs.h:128,
                 from ../../../kal/include/kal_release.h:88,
                 from ../../framework/commonfiles/commoninc/mmi_frm_gprot.h:253,
                 from ../../framework/gui/gui_inc/wgui.h:1071,
                 from ../../mtkapp/imageview/imageviewinc/ImgViewerConfig.h:233,
                 from temp/res/imgviewcui.c:57:
../../../hal/drv_def/drv_features_2502.h:86:1: warning: no newline at end of file
In file included from ../../../interface/fs/fs_type.h:464,
                 from ../../framework/commonfiles/commoninc/mmi_clipboard_gprot.h:100,
                 from ../../framework/commonfiles/commoninc/mmi_frm_gprot.h:292,
                 from ../../framework/gui/gui_inc/wgui.h:1071,
                 from ../../mtkapp/imageview/imageviewinc/ImgViewerConfig.h:233,
                 from temp/res/imgviewcui.c:57:
../../../interface/fs/fs_gprot.h:1228:1: warning: "ONE_BYTE_ALIGN_ADS" redefined
../../../interface/fs/fs_gprot.h:369:1: warning: this is the location of the previous definition
bash.exe: warning: could not find /tmp, please create!
bash.exe: warning: could not find /tmp, please create!
bash.exe: warning: could not find /tmp, please create!
bash.exe: warning: could not find /tmp, please create!
bash.exe: warning: could not find /tmp, please create!
bash.exe: warning: could not find /tmp, please create!
bash.exe: warning: could not find /tmp, please create!
bash.exe: warning: could not find /tmp, please create!
bash.exe: warning: could not find /tmp, please create!
bash.exe: warning: could not find /tmp, please create!
bash.exe: warning: could not find /tmp, please create!
bash.exe: warning: could not find /tmp, please create!
bash.exe: warning: could not find /tmp, please create!
bash.exe: warning: could not find /tmp, please create!
bash.exe: warning: could not find /tmp, please create!
bash.exe: warning: could not find /tmp, please create!
bash.exe: warning: could not find /tmp, please create!
bash.exe: warning: could not find /tmp, please create!
bash.exe: warning: could not find /tmp, please create!
bash.exe: warning: could not find /tmp, please create!
bash.exe: warning: could not find /tmp, please create!
bash.exe: warning: could not find /tmp, please create!
bash.exe: warning: could not find /tmp, please create!
bash.exe: warning: could not find /tmp, please create!
bash.exe: warning: could not find /tmp, please create!
bash.exe: warning: could not find /tmp, please create!
bash.exe: warning: could not find /tmp, please create!
bash.exe: warning: could not find /tmp, please create!
bash.exe: warning: could not find /tmp, please create!
bash.exe: warning: could not find /tmp, please create!
bash.exe: warning: could not find /tmp, please create!
bash.exe: warning: could not find /tmp, please create!
bash.exe: warning: could not find /tmp, please create!
bash.exe: warning: could not find /tmp, please create!
bash.exe: warning: could not find /tmp, please create!
bash.exe: warning: could not find /tmp, please create!
In file included from ../../../hal/drv_def/drv_features_chip_select.h:178,
                 from ../../../hal/drv_def/drv_features_g2d.h:143,
                 from ../../../interface/hal/drv_sw_def/drv_sw_features_g2d.h:91,
                 from ../../../config/include/hal/stack_config.h:1145,
                 from ../../../kal/include/kal_public_defs.h:128,
                 from ../../mmi/phonebook/phonebookinc/PhoneBookAppMem.h:64,
                 from ../../mmi/phonebook/phonebookinc/PhoneBookProt.h:400,
                 from temp/res/phonebook.c:631:
../../../hal/drv_def/drv_features_2502.h:86:1: warning: no newline at end of file
In file included from ../../../interface/fs/fs_type.h:464,
                 from ../../../interface/hal/audio/l1audio.h:1610,
                 from ../../../interface/hal/video/mpl_common.h:155,
                 from ../../../interface/hal/video/mpl_player.h:267,
                 from ../../../interface/media/med_struct.h:1881,
                 from ../../../interface/nvram/nvram_data_items.h:472,
                 from ../../../interface/middleware/nvram_editor_data_item.h:477,
                 from ../../../ps/l4/include/smu_common_enums.h:189,
                 from ../../../ps/l4/atci/include/rmmi_common_enum.h:557,
                 from ../../../ps/l4/include/l4c_common_enum.h:680,
                 from ../../service/inc/PhbSrvGprot.h:444,
                 from ../../mmi/phonebook/phonebookinc/PhoneBookAppMem.h:66,
                 from ../../mmi/phonebook/phonebookinc/PhoneBookProt.h:400,
                 from temp/res/phonebook.c:631:
../../../interface/fs/fs_gprot.h:1228:1: warning: "ONE_BYTE_ALIGN_ADS" redefined
../../../interface/fs/fs_gprot.h:369:1: warning: this is the location of the previous definition
In file included from ../../../custom/common/hal/aud_common_config.h:134,
                 from ../../../custom/audio/_default_bb/mt2502/nvram_default_audio.h:159,
                 from ../../../interface/media/med_struct.h:1885,
                 from ../../../interface/nvram/nvram_data_items.h:472,
                 from ../../../interface/middleware/nvram_editor_data_item.h:477,
                 from ../../../ps/l4/include/smu_common_enums.h:189,
                 from ../../../ps/l4/atci/include/rmmi_common_enum.h:557,
                 from ../../../ps/l4/include/l4c_common_enum.h:680,
                 from ../../service/inc/PhbSrvGprot.h:444,
                 from ../../mmi/phonebook/phonebookinc/PhoneBookAppMem.h:66,
                 from ../../mmi/phonebook/phonebookinc/PhoneBookProt.h:400,
                 from temp/res/phonebook.c:631:
../../../custom/common/hal/audcoeff_default.h:882:71: warning: backslash and newline separated by space
../../../custom/common/hal/audcoeff_default.h:883:71: warning: backslash and newline separated by space
../../../custom/common/hal/audcoeff_default.h:884:71: warning: backslash and newline separated by space
../../../custom/common/hal/audcoeff_default.h:885:71: warning: backslash and newline separated by space
../../../custom/common/hal/audcoeff_default.h:902:80: warning: backslash and newline separated by space
bash.exe: warning: could not find /tmp, please create!
bash.exe: warning: could not find /tmp, please create!
bash.exe: warning: could not find /tmp, please create!
bash.exe: warning: could not find /tmp, please create!
bash.exe: warning: could not find /tmp, please create!
bash.exe: warning: could not find /tmp, please create!
bash.exe: warning: could not find /tmp, please create!
bash.exe: warning: could not find /tmp, please create!
bash.exe: warning: could not find /tmp, please create!
bash.exe: warning: could not find /tmp, please create!
bash.exe: warning: could not find /tmp, please create!
bash.exe: warning: could not find /tmp, please create!
bash.exe: warning: could not find /tmp, please create!
bash.exe: warning: could not find /tmp, please create!
bash.exe: warning: could not find /tmp, please create!
bash.exe: warning: could not find /tmp, please create!
bash.exe: warning: could not find /tmp, please create!
bash.exe: warning: could not find /tmp, please create!
bash.exe: warning: could not find /tmp, please create!
bash.exe: warning: could not find /tmp, please create!
bash.exe: warning: could not find /tmp, please create!
bash.exe: warning: could not find /tmp, please create!
bash.exe: warning: could not find /tmp, please create!
bash.exe: warning: could not find /tmp, please create!
bash.exe: warning: could not find /tmp, please create!
bash.exe: warning: could not find /tmp, please create!
bash.exe: warning: could not find /tmp, please create!
bash.exe: warning: could not find /tmp, please create!
bash.exe: warning: could not find /tmp, please create!
bash.exe: warning: could not find /tmp, please create!
bash.exe: warning: could not find /tmp, please create!
bash.exe: warning: could not find /tmp, please create!
bash.exe: warning: could not find /tmp, please create!
bash.exe: warning: could not find /tmp, please create!
bash.exe: warning: could not find /tmp, please create!
bash.exe: warning: could not find /tmp, please create!
bash.exe: warning: could not find /tmp, please create!
bash.exe: warning: could not find /tmp, please create!
bash.exe: warning: could not find /tmp, please create!
bash.exe: warning: could not find /tmp, please create!
bash.exe: warning: could not find /tmp, please create!
bash.exe: warning: could not find /tmp, please create!
bash.exe: warning: could not find /tmp, please create!
bash.exe: warning: could not find /tmp, please create!
bash.exe: warning: could not find /tmp, please create!
bash.exe: warning: could not find /tmp, please create!
bash.exe: warning: could not find /tmp, please create!
bash.exe: warning: could not find /tmp, please create!
temp/res/video_call.c:14:7: warning: no newline at end of file
bash.exe: warning: could not find /tmp, please create!
