bash.exe: warning: could not find /tmp, please create!
bash.exe: warning: could not find /tmp, please create!
bash.exe: warning: could not find /tmp, please create!
bash.exe: warning: could not find /tmp, please create!
bash.exe: warning: could not find /tmp, please create!
bash.exe: warning: could not find /tmp, please create!
bash.exe: warning: could not find /tmp, please create!
bash.exe: warning: could not find /tmp, please create!
bash.exe: warning: could not find /tmp, please create!
bash.exe: warning: could not find /tmp, please create!
bash.exe: warning: could not find /tmp, please create!
bash.exe: warning: could not find /tmp, please create!
In file included from ../../mmi/inc/vector_font_lang_memory_card_config.h:65,
                 from ../CustResource/FontRes.c:3:
../../mmi/inc/MMI_features_lang_memory_card_config.h:494:39: warning: no newline at end of file
In file included from str_merge.c:296:
inc/str_merge_public.h:18:32: warning: no newline at end of file
str_merge.c: In function `hash_search':
str_merge.c:932: warning: passing arg 1 of `DJBHash' discards qualifiers from pointer target type
str_merge.c: In function `get_language_in_ssc_index':
str_merge.c:1263: warning: assignment makes pointer from integer without a cast
str_merge.c:1296: warning: comparison between pointer and integer
str_merge.c:1301: warning: assignment makes pointer from integer without a cast
str_merge.c: In function `filter_raw_string':
str_merge.c:1345: warning: passing arg 1 of `GetItem' discards qualifiers from pointer target type
str_merge.c:1362: warning: passing arg 1 of `GetItem' discards qualifiers from pointer target type
str_merge.c: In function `load_ref_list_to_mem':
str_merge.c:1525: warning: initialization from incompatible pointer type
bash.exe: warning: could not find /tmp, please create!
str_merge.c: In function `MergeStrRes':
str_merge.c:1771: warning: passing arg 3 of `generate_enum_hash' from incompatible pointer type
str_merge.c:1919: warning: passing arg 2 of `get_language_in_ssc_index' from incompatible pointer type
str_merge.c: In function `generate_fixed_str':
str_merge.c:5113: warning: passing arg 2 of `hash_search' from incompatible pointer type
str_merge.c:5122: warning: assignment from incompatible pointer type
str_merge.c: In function `write_fixed_string_log':
str_merge.c:5584: warning: comparison is always false due to limited range of data type
str_merge.c: In function `AddRefListItem':
str_merge.c:5696: warning: initialization from incompatible pointer type
bash.exe: warning: could not find /tmp, please create!
bash.exe: warning: could not find /tmp, please create!
bash.exe: warning: could not find /tmp, please create!
bash.exe: warning: could not find /tmp, please create!
bash.exe: warning: could not find /tmp, please create!
bash.exe: warning: could not find /tmp, please create!
bash.exe: warning: could not find /tmp, please create!
bash.exe: warning: could not find /tmp, please create!
bash.exe: warning: could not find /tmp, please create!
bash.exe: warning: could not find /tmp, please create!
bash.exe: warning: could not find /tmp, please create!
In file included from ../../../hal/drv_def/drv_features_chip_select.h:178,
                 from ../../../interface/hal/drv_sw_def/drv_sw_features_display.h:200,
                 from ../../framework/gdi/gdiinc/gdi_features.h:394,
                 from ../../framework/gdi/gdiinc/gdi_const.h:372,
                 from ../../framework/gui/gui_inc/gui_resource_type.h:117,
                 from ../../mmi/resource/inc/WriteResUtil.h:112,
                 from ../../mmi/resource/inc/ABMLoader.h:128,
                 from ../../MMI/Resource/PopulateRes.c:1818:
../../../hal/drv_def/drv_features_2502.h:86:1: warning: no newline at end of file
In file included from ../../MMI/Resource/PopulateRes.c:1835:
../../mmi/resource/inc/LegacyResPopService.h:119:38: warning: no newline at end of file
../../MMI/Resource/PopulateRes.c:1912:1: warning: "MYFCLOSE" redefined
In file included from ../../mmi/resource/inc/ABMLoader.h:128,
                 from ../../MMI/Resource/PopulateRes.c:1818:
../../mmi/resource/inc/WriteResUtil.h:114:1: warning: this is the location of the previous definition
bash.exe: warning: could not find /tmp, please create!
bash.exe: warning: could not find /tmp, please create!
In file included from ../../../hal/drv_def/drv_features_chip_select.h:178,
                 from ../../../interface/hal/drv_sw_def/drv_sw_features_display.h:200,
                 from ../../framework/gdi/gdiinc/gdi_features.h:394,
                 from ../../framework/gdi/gdiinc/gdi_const.h:372,
                 from ../../framework/gui/gui_inc/gui_resource_type.h:117,
                 from ../../MMI/Resource/WriteImgRes.c:13:
../../../hal/drv_def/drv_features_2502.h:86:1: warning: no newline at end of file
../../MMI/Resource/WriteImgRes.c: In function `Load_Image_Data_Tool':
../../MMI/Resource/WriteImgRes.c:2057: warning: passing arg 3 of `mmi_rg_write_9slice_header' from incompatible pointer type
bash.exe: warning: could not find /tmp, please create!
bash.exe: warning: could not find /tmp, please create!
bash.exe: warning: could not find /tmp, please create!
bash.exe: warning: could not find /tmp, please create!
In file included from ../../../hal/drv_def/drv_features_chip_select.h:178,
                 from ../../../interface/hal/drv_sw_def/drv_sw_features_display.h:200,
                 from ../../framework/gdi/gdiinc/gdi_features.h:394,
                 from ../../framework/gdi/gdiinc/gdi_const.h:372,
                 from ../../framework/gui/gui_inc/gui_resource_type.h:117,
                 from ../../MMI/Resource/WriteRes.c:634:
../../../hal/drv_def/drv_features_2502.h:86:1: warning: no newline at end of file
bash.exe: warning: could not find /tmp, please create!
bash.exe: warning: could not find /tmp, please create!
In file included from ../../MMI/Resource/BMPLoader.c:151:
../../framework/gui/gui_inc/gui_config.h:570:1: warning: "DEVICE_COLOR_DEPTH" redefined
In file included from ../../MMI/Resource/BMPLoader.c:149:
../../mmi/resource/inc/ImgDecoderDef.h:87:1: warning: this is the location of the previous definition
In file included from ../../../hal/drv_def/drv_features_chip_select.h:178,
                 from ../../../interface/hal/drv_sw_def/drv_sw_features_display.h:200,
                 from ../../framework/gdi/gdiinc/gdi_features.h:394,
                 from ../../framework/gdi/gdiinc/gdi_const.h:372,
                 from ../../framework/gui/gui_inc/gui_resource_type.h:117,
                 from ../../MMI/Resource/BMPLoader.c:153:
../../../hal/drv_def/drv_features_2502.h:86:1: warning: no newline at end of file
../../MMI/Resource/BMPLoader.c: In function `BMPLoader':
../../MMI/Resource/BMPLoader.c:712: warning: assignment from incompatible pointer type
../../MMI/Resource/BMPLoader.c:787: warning: passing arg 3 of `mmi_rg_write_9slice_header' from incompatible pointer type
bash.exe: warning: could not find /tmp, please create!
bash.exe: warning: could not find /tmp, please create!
bash.exe: warning: could not find /tmp, please create!
In file included from ../../../hal/drv_def/drv_features_chip_select.h:178,
                 from ../../../interface/hal/drv_sw_def/drv_sw_features_display.h:200,
                 from ../../framework/gdi/gdiinc/gdi_features.h:394,
                 from ../../framework/gdi/gdiinc/gdi_const.h:372,
                 from ../../framework/gui/gui_inc/gui_resource_type.h:117,
                 from ../../mmi/resource/inc/WriteResUtil.h:112,
                 from ../../mmi/resource/inc/ABMLoader.h:128,
                 from ../../MMI/Resource/ABMLoader.c:337:
../../../hal/drv_def/drv_features_2502.h:86:1: warning: no newline at end of file
In file included from ../../../hal/drv_def/drv_features_chip_select.h:178,
                 from ../../../interface/hal/drv_sw_def/drv_sw_features_display.h:200,
                 from ../../framework/gdi/gdiinc/gdi_features.h:394,
                 from ../../framework/gdi/gdiinc/gdi_const.h:372,
                 from ../../framework/gui/gui_inc/gui_resource_type.h:117,
                 from ../../mmi/resource/inc/WriteResUtil.h:112,
                 from mtk_resgenerator.cpp:448:
../../../hal/drv_def/drv_features_2502.h:86:1: warning: no newline at end of file
In file included from mtk_resgenerator.cpp:449:
../../mmi/resource/inc/LegacyResPopService.h:119:38: warning: no newline at end of file
In file included from mtk_resgenerator.cpp:450:
inc/str_merge_public.h:18:32: warning: no newline at end of file
In file included from mtk_resgenerator.cpp:475:
resgencore/inc/ImageGroupCreator.h:56:8: warning: extra tokens at end of #endif directive
mtk_resgenerator.cpp: In function `void PopulateSearchMap_Ext(CUSTOM_ID_MAP*, 
   CUSTOM_ID_SEARCH_MAP*, short unsigned int*, short unsigned int*, short 
   unsigned int)':
mtk_resgenerator.cpp:1115: warning: assignment of negative value `-1' to `U16'
mtk_resgenerator.cpp:1115: warning: argument of negative value `-1' to `short 
   unsigned int'
mtk_resgenerator.cpp:1297:32: warning: unknown escape sequence '\/'
mtk_resgenerator.cpp:1297:32: warning: unknown escape sequence '\/'
mtk_resgenerator.cpp:1312:32: warning: unknown escape sequence '\/'
mtk_resgenerator.cpp:1312:32: warning: unknown escape sequence '\/'
mtk_resgenerator.cpp: In function `int main(int, char**)':
mtk_resgenerator.cpp:3726: warning: comparison between `enum _GLOBALMENUITEMSID
   ' and `enum RESOURCE_BASE_ENUM'
bash.exe: warning: could not find /tmp, please create!
In file included from ../../../hal/drv_def/drv_features_chip_select.h:178,
                 from ../../../interface/hal/drv_sw_def/drv_sw_features_display.h:200,
                 from ../../framework/gdi/gdiinc/gdi_features.h:394,
                 from ../../framework/gdi/gdiinc/gdi_const.h:372,
                 from ../../framework/gui/gui_inc/gui_resource_type.h:117,
                 from ../../MMI/Resource/WriteResUtil.c:13:
../../../hal/drv_def/drv_features_2502.h:86:1: warning: no newline at end of file
../../MMI/Resource/WriteResUtil.c: In function `ExtractExtension':
../../MMI/Resource/WriteResUtil.c:179: warning: assignment discards qualifiers from pointer target type
../../MMI/Resource/WriteResUtil.c:185: warning: assignment discards qualifiers from pointer target type
../../MMI/Resource/WriteResUtil.c:192: warning: assignment discards qualifiers from pointer target type
../../MMI/Resource/WriteResUtil.c: In function `ChangeExtension':
../../MMI/Resource/WriteResUtil.c:261: warning: assignment discards qualifiers from pointer target type
../../MMI/Resource/WriteResUtil.c:267: warning: assignment discards qualifiers from pointer target type
../../MMI/Resource/WriteResUtil.c:274: warning: assignment discards qualifiers from pointer target type
bash.exe: warning: could not find /tmp, please create!
bash.exe: warning: could not find /tmp, please create!
bash.exe: warning: could not find /tmp, please create!
bash.exe: warning: could not find /tmp, please create!
In file included from ../../../hal/drv_def/drv_features_chip_select.h:178,
                 from ../../../interface/hal/drv_sw_def/drv_sw_features_display.h:200,
                 from ../../framework/gdi/gdiinc/gdi_features.h:394,
                 from ../../framework/gdi/gdiinc/gdi_const.h:372,
                 from ../../framework/gui/gui_inc/gui_resource_type.h:117,
                 from ../../mmi/resource/inc/WriteResUtil.h:112,
                 from ../../MMI/Resource/bmp2ems.c:136:
../../../hal/drv_def/drv_features_2502.h:86:1: warning: no newline at end of file
../../MMI/Resource/bmp2ems.c: In function `EMS_load':
../../MMI/Resource/bmp2ems.c:255: warning: passing arg 1 of `bytestream_initialize' from incompatible pointer type
../../MMI/Resource/bmp2ems.c:268: warning: passing arg 1 of `bytestream_fgetbyte' from incompatible pointer type
../../MMI/Resource/bmp2ems.c:268: warning: passing arg 1 of `bytestream_fgetbyte' from incompatible pointer type
../../MMI/Resource/bmp2ems.c:269: warning: passing arg 1 of `bytestream_fgetbyte' from incompatible pointer type
../../MMI/Resource/bmp2ems.c:270: warning: comparison is always true due to limited range of data type
../../MMI/Resource/bmp2ems.c:290: warning: passing arg 1 of `bytestream_fgetbyte' from incompatible pointer type
../../MMI/Resource/bmp2ems.c:290: warning: passing arg 1 of `bytestream_fgetbyte' from incompatible pointer type
../../MMI/Resource/bmp2ems.c:291: warning: passing arg 1 of `bytestream_fgetbyte' from incompatible pointer type
../../MMI/Resource/bmp2ems.c:292: warning: comparison is always true due to limited range of data type
../../MMI/Resource/bmp2ems.c:319: warning: passing arg 1 of `bytestream_fgetbyte' from incompatible pointer type
../../MMI/Resource/bmp2ems.c:320: warning: comparison is always true due to limited range of data type
../../MMI/Resource/bmp2ems.c:451: warning: passing arg 1 of `bytestream_fgetbyte' from incompatible pointer type
../../MMI/Resource/bmp2ems.c:451: warning: passing arg 1 of `bytestream_fgetbyte' from incompatible pointer type
../../MMI/Resource/bmp2ems.c:452: warning: passing arg 1 of `bytestream_fgetbyte' from incompatible pointer type
../../MMI/Resource/bmp2ems.c:453: warning: comparison is always true due to limited range of data type
../../MMI/Resource/bmp2ems.c:473: warning: passing arg 1 of `bytestream_fgetbyte' from incompatible pointer type
../../MMI/Resource/bmp2ems.c:473: warning: passing arg 1 of `bytestream_fgetbyte' from incompatible pointer type
../../MMI/Resource/bmp2ems.c:474: warning: passing arg 1 of `bytestream_fgetbyte' from incompatible pointer type
../../MMI/Resource/bmp2ems.c:475: warning: comparison is always true due to limited range of data type
../../MMI/Resource/bmp2ems.c:502: warning: passing arg 1 of `bytestream_fgetbyte' from incompatible pointer type
../../MMI/Resource/bmp2ems.c:503: warning: comparison is always true due to limited range of data type
bash.exe: warning: could not find /tmp, please create!
bash.exe: warning: could not find /tmp, please create!
bash.exe: warning: could not find /tmp, please create!
bash.exe: warning: could not find /tmp, please create!
bash.exe: warning: could not find /tmp, please create!
bash.exe: warning: could not find /tmp, please create!
bash.exe: warning: could not find /tmp, please create!
bash.exe: warning: could not find /tmp, please create!
bash.exe: warning: could not find /tmp, please create!
bash.exe: warning: could not find /tmp, please create!
bash.exe: warning: could not find /tmp, please create!
bash.exe: warning: could not find /tmp, please create!
bash.exe: warning: could not find /tmp, please create!
bash.exe: warning: could not find /tmp, please create!
bash.exe: warning: could not find /tmp, please create!
bash.exe: warning: could not find /tmp, please create!
bash.exe: warning: could not find /tmp, please create!
bash.exe: warning: could not find /tmp, please create!
bash.exe: warning: could not find /tmp, please create!
bash.exe: warning: could not find /tmp, please create!
bash.exe: warning: could not find /tmp, please create!
bash.exe: warning: could not find /tmp, please create!
bash.exe: warning: could not find /tmp, please create!
bash.exe: warning: could not find /tmp, please create!
bash.exe: warning: could not find /tmp, please create!
In file included from ../../../hal/drv_def/drv_features_chip_select.h:178,
                 from ../../../interface/hal/drv_sw_def/drv_sw_features_display.h:200,
                 from ../../framework/gdi/gdiinc/gdi_features.h:394,
                 from ../../framework/gdi/gdiinc/gdi_const.h:372,
                 from ../../framework/gui/gui_inc/gui_resource_type.h:117,
                 from ../../mmi/resource/inc/WriteResUtil.h:112,
                 from ../../MMI/Resource/WriteProcess.cpp:202:
../../../hal/drv_def/drv_features_2502.h:86:1: warning: no newline at end of file
In file included from ../../MMI/Resource/WriteProcess.cpp:217:
../../mmi/resource/inc/ThreadPool.h:1:9: warning: #pragma once is obsolete
In file included from ../../MMI/Resource/WriteProcess.cpp:220:
resgencore/inc/ImageGroupCreator.h:56:8: warning: extra tokens at end of #endif directive
../../MMI/Resource/WriteProcess.cpp: In function `void 
   ProcessResgenPngImagesMapIds(ProcessImageData&)':
../../MMI/Resource/WriteProcess.cpp:662: warning: assignment of negative value 
   `-1' to `U16'
../../MMI/Resource/WriteProcess.cpp:662: warning: argument of negative value `
   -1' to `short unsigned int'
bash.exe: warning: could not find /tmp, please create!
bash.exe: warning: could not find /tmp, please create!
bash.exe: warning: could not find /tmp, please create!
bash.exe: warning: could not find /tmp, please create!
In file included from ../../MMI/Resource/ThreadPool.cpp:2:
../../mmi/resource/inc/ThreadPool.h:1:9: warning: #pragma once is obsolete
bash.exe: warning: could not find /tmp, please create!
bash.exe: warning: could not find /tmp, please create!
bash.exe: warning: could not find /tmp, please create!
bash.exe: warning: could not find /tmp, please create!
bash.exe: warning: could not find /tmp, please create!
bash.exe: warning: could not find /tmp, please create!
bash.exe: warning: could not find /tmp, please create!
bash.exe: warning: could not find /tmp, please create!
bash.exe: warning: could not find /tmp, please create!
bash.exe: warning: could not find /tmp, please create!
bash.exe: warning: could not find /tmp, please create!
bash.exe: warning: could not find /tmp, please create!
bash.exe: warning: could not find /tmp, please create!
bash.exe: warning: could not find /tmp, please create!
bash.exe: warning: could not find /tmp, please create!
bash.exe: warning: could not find /tmp, please create!
bash.exe: warning: could not find /tmp, please create!
bash.exe: warning: could not find /tmp, please create!
bash.exe: warning: could not find /tmp, please create!
bash.exe: warning: could not find /tmp, please create!
bash.exe: warning: could not find /tmp, please create!
bash.exe: warning: could not find /tmp, please create!
bash.exe: warning: could not find /tmp, please create!
bash.exe: warning: could not find /tmp, please create!
bash.exe: warning: could not find /tmp, please create!
bash.exe: warning: could not find /tmp, please create!
bash.exe: warning: could not find /tmp, please create!
bash.exe: warning: could not find /tmp, please create!
bash.exe: warning: could not find /tmp, please create!
bash.exe: warning: could not find /tmp, please create!
bash.exe: warning: could not find /tmp, please create!
bash.exe: warning: could not find /tmp, please create!
bash.exe: warning: could not find /tmp, please create!
bash.exe: warning: could not find /tmp, please create!
bash.exe: warning: could not find /tmp, please create!
bash.exe: warning: could not find /tmp, please create!
bash.exe: warning: could not find /tmp, please create!
bash.exe: warning: could not find /tmp, please create!
bash.exe: warning: could not find /tmp, please create!
bash.exe: warning: could not find /tmp, please create!
bash.exe: warning: could not find /tmp, please create!
bash.exe: warning: could not find /tmp, please create!
bash.exe: warning: could not find /tmp, please create!
bash.exe: warning: could not find /tmp, please create!
bash.exe: warning: could not find /tmp, please create!
bash.exe: warning: could not find /tmp, please create!
bash.exe: warning: could not find /tmp, please create!
bash.exe: warning: could not find /tmp, please create!
bash.exe: warning: could not find /tmp, please create!
bash.exe: warning: could not find /tmp, please create!
bash.exe: warning: could not find /tmp, please create!
bash.exe: warning: could not find /tmp, please create!
bash.exe: warning: could not find /tmp, please create!
bash.exe: warning: could not find /tmp, please create!
bash.exe: warning: could not find /tmp, please create!
bash.exe: warning: could not find /tmp, please create!
bash.exe: warning: could not find /tmp, please create!
bash.exe: warning: could not find /tmp, please create!
bash.exe: warning: could not find /tmp, please create!
bash.exe: warning: could not find /tmp, please create!
bash.exe: warning: could not find /tmp, please create!
bash.exe: warning: could not find /tmp, please create!
bash.exe: warning: could not find /tmp, please create!
bash.exe: warning: could not find /tmp, please create!
bash.exe: warning: could not find /tmp, please create!
bash.exe: warning: could not find /tmp, please create!
bash.exe: warning: could not find /tmp, please create!
bash.exe: warning: could not find /tmp, please create!
bash.exe: warning: could not find /tmp, please create!
bash.exe: warning: could not find /tmp, please create!
bash.exe: warning: could not find /tmp, please create!
bash.exe: warning: could not find /tmp, please create!
bash.exe: warning: could not find /tmp, please create!
bash.exe: warning: could not find /tmp, please create!
bash.exe: warning: could not find /tmp, please create!
bash.exe: warning: could not find /tmp, please create!
bash.exe: warning: could not find /tmp, please create!
bash.exe: warning: could not find /tmp, please create!
bash.exe: warning: could not find /tmp, please create!
bash.exe: warning: could not find /tmp, please create!
bash.exe: warning: could not find /tmp, please create!
bash.exe: warning: could not find /tmp, please create!
bash.exe: warning: could not find /tmp, please create!
bash.exe: warning: could not find /tmp, please create!
bash.exe: warning: could not find /tmp, please create!
bash.exe: warning: could not find /tmp, please create!
bash.exe: warning: could not find /tmp, please create!
bash.exe: warning: could not find /tmp, please create!
bash.exe: warning: could not find /tmp, please create!
bash.exe: warning: could not find /tmp, please create!
bash.exe: warning: could not find /tmp, please create!
bash.exe: warning: could not find /tmp, please create!
bash.exe: warning: could not find /tmp, please create!
bash.exe: warning: could not find /tmp, please create!
bash.exe: warning: could not find /tmp, please create!
bash.exe: warning: could not find /tmp, please create!
bash.exe: warning: could not find /tmp, please create!
bash.exe: warning: could not find /tmp, please create!
bash.exe: warning: could not find /tmp, please create!
bash.exe: warning: could not find /tmp, please create!
bash.exe: warning: could not find /tmp, please create!
bash.exe: warning: could not find /tmp, please create!
bash.exe: warning: could not find /tmp, please create!
bash.exe: warning: could not find /tmp, please create!
bash.exe: warning: could not find /tmp, please create!
bash.exe: warning: could not find /tmp, please create!
bash.exe: warning: could not find /tmp, please create!
bash.exe: warning: could not find /tmp, please create!
bash.exe: warning: could not find /tmp, please create!
bash.exe: warning: could not find /tmp, please create!
bash.exe: warning: could not find /tmp, please create!
bash.exe: warning: could not find /tmp, please create!
bash.exe: warning: could not find /tmp, please create!
bash.exe: warning: could not find /tmp, please create!
bash.exe: warning: could not find /tmp, please create!
bash.exe: warning: could not find /tmp, please create!
bash.exe: warning: could not find /tmp, please create!
bash.exe: warning: could not find /tmp, please create!
bash.exe: warning: could not find /tmp, please create!
bash.exe: warning: could not find /tmp, please create!
bash.exe: warning: could not find /tmp, please create!
bash.exe: warning: could not find /tmp, please create!
bash.exe: warning: could not find /tmp, please create!
bash.exe: warning: could not find /tmp, please create!
bash.exe: warning: could not find /tmp, please create!
bash.exe: warning: could not find /tmp, please create!
bash.exe: warning: could not find /tmp, please create!
bash.exe: warning: could not find /tmp, please create!
bash.exe: warning: could not find /tmp, please create!
bash.exe: warning: could not find /tmp, please create!
bash.exe: warning: could not find /tmp, please create!
bash.exe: warning: could not find /tmp, please create!
bash.exe: warning: could not find /tmp, please create!
bash.exe: warning: could not find /tmp, please create!
bash.exe: warning: could not find /tmp, please create!
bash.exe: warning: could not find /tmp, please create!
bash.exe: warning: could not find /tmp, please create!
bash.exe: warning: could not find /tmp, please create!
bash.exe: warning: could not find /tmp, please create!
bash.exe: warning: could not find /tmp, please create!
bash.exe: warning: could not find /tmp, please create!
bash.exe: warning: could not find /tmp, please create!
bash.exe: warning: could not find /tmp, please create!
