******************************************************************************** 
**RESGEN_ERROR_NOTIFY_SKIP** 
******************************************************************************** 
[05/08/2019 Wed] 
[10:41:37.64] Resgen [XML] start 
 
*************************************************************************** 
[10:41:42.05] make resgen_xml.exe 
Succeed. [0][10:41:51.54] 
 
*************************************************************************** 
[10:41:51.56] copy *.res 
Succeed. [1][10:42:22.85] 
 
*************************************************************************** 
[10:42:22.86] mmi_res_check 
Succeed. 
 
*************************************************************************** 
[10:42:25.64] venus_app_icon_cfg_generator 
 
*************************************************************************** 
[10:42:25.93] pre-process *.res 
Succeed. [0][10:44:00.90] 
 
*************************************************************************** 
[10:44:00.93] parse *.res 
Succeed. [1][10:44:33.90] 
 
******************************************************************************** 
[10:44:34.53] Resgen [XML] end 
 
-----------------ResGenerator_XML Succeed!!----------------- 
 
 
 
 
 
******************************************************************************** 
[05/08/2019 Wed] 
[10:46:59.25] Resgen [HW] start 
 
=========================================================================== 
[10:46:59.31] make font_gen.exe 
Succeed. [0][10:47:05.53] 
 
=========================================================================== 
[10:47:05.86] make plmncreate.exe 
Succeed. [0][10:47:06.88] 
 
=========================================================================== 
[10:47:06.91] run plmncreate.exe 
Succeed. [1][10:47:07.13] 
 
=========================================================================== 
[10:47:07.16] make mtk_resgenerator.exe 
Succeed. [0][10:47:51.28] 
 
=========================================================================== 
[10:47:51.30] run mtk_resgenerator.exe 
Succeed. [1][10:48:10.66] 
 
=========================================================================== 
[10:48:11.07] run venus_theme_generator.bat 
Succeed. [1][10:48:11.96] 
 
******************************************************************************** 
[10:48:12.34] Resgen [HW] end 
 
-----------------ResGenerator_HW Succeed!!----------------- 
 
 
 
 
 
