[Dependency] D:\MTK\MTK2503\MTK2503\11CW1418SP4_03_CORETEK03AE_11C_V1_GPRS_MMI\plutommi\Customer\ResGenerator\resgen_xml_copy.py
Run command:[xcopy ..\..\..\plutommi\..\Plutommi\Framework\GDI\GDIRes\*.res .\temp\res\*.c /y/D > nul]
Run command:[xcopy ..\..\..\plutommi\..\Plutommi\Framework\GUI\GUI_Res\*.res .\temp\res\*.c /y/D > nul]
Run command:[xcopy ..\..\..\plutommi\..\Plutommi\MMI\Resource\Res\*.res .\temp\res\*.c /y/D > nul]
Run command:[xcopy ..\..\..\plutommi\..\adups\res\*.res .\temp\res\*.c /y/D > nul]
Run command:[xcopy ..\..\..\plutommi\..\custom\common\CharsetRes\*.res .\temp\res\*.c /y/D > nul]
Run command:[xcopy ..\..\..\plutommi\..\iotlock\res\*.res .\temp\res\*.c /y/D > nul]
Run command:[xcopy ..\..\..\plutommi\..\mre\res\*.res .\temp\res\*.c /y/D > nul]
Run command:[xcopy ..\..\..\plutommi\..\plutommi\Framework\InputMethod\res\*.res .\temp\res\*.c /y/D > nul]
Run command:[xcopy ..\..\..\plutommi\..\vendor\alipay\res\*.res .\temp\res\*.c /y/D > nul]
Run command:[xcopy ..\..\..\plutommi\..\vendor\mobilevideo\adaption\MobileVideoRes\*.res .\temp\res\*.c /y/D > nul]
Run command:[xcopy ..\..\..\plutommi\..\vendor\nmc\adaption\nmc_res\*.res .\temp\res\*.c /y/D > nul]
Run command:[xcopy ..\..\..\plutommi\..\vendor\opera\browser\adaptation\res\*.res .\temp\res\*.c /y/D > nul]
Run command:[xcopy ..\..\..\plutommi\..\vendor\pushmail\mail139\PushMailRes\*.res .\temp\res\*.c /y/D > nul]
no res found.
Run command:[xcopy ..\..\..\plutommi\..\venusmmi\app\Cosmos\SNS\Widget\res\*.res .\temp\res\*.c /y/D > nul]
Run command:[xcopy ..\..\..\plutommi\..\venusmmi\app\Cosmos\SNS\res\*.res .\temp\res\*.c /y/D > nul]
Run command:[xcopy ..\..\..\plutommi\..\venusmmi\app\Cosmos\WidgetGoogleSearch\res\*.res .\temp\res\*.c /y/D > nul]
Run command:[xcopy ..\..\..\plutommi\..\venusmmi\app\common\cp\res\*.res .\temp\res\*.c /y/D > nul]
Run command:[xcopy ..\..\..\plutommi\..\venusmmi\app\pluto_variation\ImageFlow\res\*.res .\temp\res\*.c /y/D > nul]
Run command:[xcopy ..\..\..\plutommi\..\venusmmi\app\pluto_variation\MediaWall\res\*.res .\temp\res\*.c /y/D > nul]
Run command:[xcopy ..\..\..\plutommi\..\venusmmi\app\pluto_variation\MultiTouchTest\res\*.res .\temp\res\*.c /y/D > nul]
Run command:[xcopy ..\..\..\plutommi\..\venusmmi\app\pluto_variation\ShellApp\base\res\*.res .\temp\res\*.c /y/D > nul]
Run command:[xcopy ..\..\..\plutommi\..\venusmmi\app\pluto_variation\ShellApp\panel\FavoriteContacts\res\*.res .\temp\res\*.c /y/D > nul]
Run command:[xcopy ..\..\..\plutommi\..\venusmmi\app\pluto_variation\ShellApp\panel\HomeScreen\res\*.res .\temp\res\*.c /y/D > nul]
Run command:[xcopy ..\..\..\plutommi\..\venusmmi\app\pluto_variation\ShellApp\panel\ImageViewer\res\*.res .\temp\res\*.c /y/D > nul]
Run command:[xcopy ..\..\..\plutommi\..\venusmmi\app\pluto_variation\ShellApp\panel\MediaPlayer\*.res .\temp\res\*.c /y/D > nul]
Run command:[xcopy ..\..\..\plutommi\..\venusmmi\app\pluto_variation\ShellApp\panel\MsgViewer\res\*.res .\temp\res\*.c /y/D > nul]
Run command:[xcopy ..\..\..\plutommi\..\venusmmi\app\pluto_variation\ShellApp\panel\RecentCalls\*.res .\temp\res\*.c /y/D > nul]
Run command:[xcopy ..\..\..\plutommi\..\venusmmi\app\pluto_variation\ShellApp\panel\Settings\*.res .\temp\res\*.c /y/D > nul]
Run command:[xcopy ..\..\..\plutommi\..\venusmmi\visual\cp\res\*.res .\temp\res\*.c /y/D > nul]
Run command:[xcopy ..\..\..\plutommi\.\AppCore\Ucm\res\*.res .\temp\res\*.c /y/D > nul]
Run command:[xcopy ..\..\..\plutommi\.\CUI\BookmarkCui\res\*.res .\temp\res\*.c /y/D > nul]
Run command:[xcopy ..\..\..\plutommi\.\CUI\CameraCui\CameraCuiRes\*.res .\temp\res\*.c /y/D > nul]
Run command:[xcopy ..\..\..\plutommi\.\CUI\DialerCui\res\*.res .\temp\res\*.c /y/D > nul]
Run command:[xcopy ..\..\..\plutommi\.\CUI\FSEditorCui\FSEditorCui_Res\*.res .\temp\res\*.c /y/D > nul]
Run command:[xcopy ..\..\..\plutommi\.\CUI\ImageClipCui\ImageClipCuiRes\*.res .\temp\res\*.c /y/D > nul]
Run command:[xcopy ..\..\..\plutommi\.\CUI\ImageViewCui\res\*.res .\temp\res\*.c /y/D > nul]
Run command:[xcopy ..\..\..\plutommi\.\CUI\InlineCUI\InlineCui_Res\*.res .\temp\res\*.c /y/D > nul]
Run command:[xcopy ..\..\..\plutommi\.\CUI\PasswordCui\res\*.res .\temp\res\*.c /y/D > nul]
Run command:[xcopy ..\..\..\plutommi\.\CUI\SecSetCui\SecSetCuiRes\*.res .\temp\res\*.c /y/D > nul]
Run command:[xcopy ..\..\..\plutommi\.\CUI\SimSelCui\res\*.res .\temp\res\*.c /y/D > nul]
Run command:[xcopy ..\..\..\plutommi\.\CUI\ToneSelectorCui\res\*.res .\temp\res\*.c /y/D > nul]
Run command:[xcopy ..\..\..\plutommi\.\CUI\UseDetailCui\res\*.res .\temp\res\*.c /y/D > nul]
Run command:[xcopy ..\..\..\plutommi\.\Framework\CSBrowser\CSBrowserRes\*.res .\temp\res\*.c /y/D > nul]
Run command:[xcopy ..\..\..\plutommi\.\Framework\CallbackManager\CallbackManagerRes\*.res .\temp\res\*.c /y/D > nul]
Run command:[xcopy ..\..\..\plutommi\.\Framework\CommonScreens\CommonScreensRes\*.res .\temp\res\*.c /y/D > nul]
Run command:[xcopy ..\..\..\plutommi\.\Framework\MemManager\MemManagerRes\*.res .\temp\res\*.c /y/D > nul]
Run command:[xcopy ..\..\..\plutommi\.\Framework\NVRAMManager\NVRAMManagerRes\*.res .\temp\res\*.c /y/D > nul]
Run command:[xcopy ..\..\..\plutommi\.\Framework\Notification\NotificationRes\*.res .\temp\res\*.c /y/D > nul]
Run command:[xcopy ..\..\..\plutommi\.\MMI\AppList\AppListRes\*.res .\temp\res\*.c /y/D > nul]
Run command:[xcopy ..\..\..\plutommi\.\MMI\BT_UCM\UcmBTRes\*.res .\temp\res\*.c /y/D > nul]
Run command:[xcopy ..\..\..\plutommi\.\MMI\Bootup\BootupRes\*.res .\temp\res\*.c /y/D > nul]
Run command:[xcopy ..\..\..\plutommi\.\MMI\CallSetting\CallSettingRes\*.res .\temp\res\*.c /y/D > nul]
Run command:[xcopy ..\..\..\plutommi\.\MMI\IdleScreen\IdleScreenRes\*.res .\temp\res\*.c /y/D > nul]
Run command:[xcopy ..\..\..\plutommi\.\MMI\Idle\IdleRes\*.res .\temp\res\*.c /y/D > nul]
Run command:[xcopy ..\..\..\plutommi\.\MMI\MainMenu\MainMenuRes\*.res .\temp\res\*.c /y/D > nul]
Run command:[xcopy ..\..\..\plutommi\.\MMI\NWInfo\NWInfoRes\*.res .\temp\res\*.c /y/D > nul]
Run command:[xcopy ..\..\..\plutommi\.\MMI\ScrLocker\ScrLockerRes\*.res .\temp\res\*.c /y/D > nul]
Run command:[xcopy ..\..\..\plutommi\.\MMI\SecuritySetting\SecSetRes\*.res .\temp\res\*.c /y/D > nul]
Run command:[xcopy ..\..\..\plutommi\.\MMI\Shutdown\ShutdownRes\*.res .\temp\res\*.c /y/D > nul]
Run command:[xcopy ..\..\..\plutommi\.\MMI\SimCtrl\SimCtrlRes\*.res .\temp\res\*.c /y/D > nul]
Run command:[xcopy ..\..\..\plutommi\.\MMI\SimSpace\SimSpaceRes\*.res .\temp\res\*.c /y/D > nul]
Run command:[xcopy ..\..\..\plutommi\.\MMI\SmsbtmapcApp\SmsbtmapcAppSrc\*.res .\temp\res\*.c /y/D > nul]
Run command:[xcopy ..\..\..\plutommi\.\MMI\SupplementaryService\SsRes\*.res .\temp\res\*.c /y/D > nul]
Run command:[xcopy ..\..\..\plutommi\.\MMI\UCM\UcmRes\*.res .\temp\res\*.c /y/D > nul]
Run command:[xcopy ..\..\..\plutommi\.\MMI\UnifiedMessage\UnifiedMessageRes\*.res .\temp\res\*.c /y/D > nul]
Run command:[xcopy ..\..\..\plutommi\.\Mmi\Ctm\CtmRes\*.res .\temp\res\*.c /y/D > nul]
Run command:[xcopy ..\..\..\plutommi\.\MtkApp\BTdialer\BTdialerRes\*.res .\temp\res\*.c /y/D > nul]
Run command:[xcopy ..\..\..\plutommi\.\MtkApp\Connectivity\ConnectivityRes\*.res .\temp\res\*.c /y/D > nul]
Run command:[xcopy ..\..\..\plutommi\.\MtkApp\Connectivity\ConnectivityRes\NFC\*.res .\temp\res\*.c /y/D > nul]
Run command:[xcopy ..\..\..\plutommi\.\MtkApp\DCD\DCDRes\*.res .\temp\res\*.c /y/D > nul]
Run command:[xcopy ..\..\..\plutommi\.\MtkApp\DLAgent\DLAgentRes\*.res .\temp\res\*.c /y/D > nul]
Run command:[xcopy ..\..\..\plutommi\.\MtkApp\DTVPlayer\DTVPlayerRes\*.res .\temp\res\*.c /y/D > nul]
Run command:[xcopy ..\..\..\plutommi\.\MtkApp\FileMgr\FileMgrRes\*.res .\temp\res\*.c /y/D > nul]
Run command:[xcopy ..\..\..\plutommi\.\MtkApp\MREAPP\MREAPPRes\*.res .\temp\res\*.c /y/D > nul]
Run command:[xcopy ..\..\..\plutommi\.\MtkApp\MobileTVPlayer\MobileTVPlayerRes\*.res .\temp\res\*.c /y/D > nul]
Run command:[xcopy ..\..\..\plutommi\.\MtkApp\SearchWeb\SearchWebRes\*.res .\temp\res\*.c /y/D > nul]
Run command:[xcopy ..\..\..\plutommi\.\Mtkapp\GPS\GPSRes\*.res .\temp\res\*.c /y/D > nul]
Run command:[xcopy ..\..\..\plutommi\.\Service\AlarmSrv\Res\*.res .\temp\res\*.c /y/D > nul]
Run command:[xcopy ..\..\..\plutommi\.\Service\BlecmSrv\res\*.res .\temp\res\*.c /y/D > nul]
Run command:[xcopy ..\..\..\plutommi\.\Service\BootupSrv\BootupSrvRes\*.res .\temp\res\*.c /y/D > nul]
Run command:[xcopy ..\..\..\plutommi\.\Service\BtcmSrv\res\*.res .\temp\res\*.c /y/D > nul]
Run command:[xcopy ..\..\..\plutommi\.\Service\CallLogSrv\CallLogSrvRes\*.res .\temp\res\*.c /y/D > nul]
Run command:[xcopy ..\..\..\plutommi\.\Service\CallSetSrv\*.res .\temp\res\*.c /y/D > nul]
Run command:[xcopy ..\..\..\plutommi\.\Service\CbmSrv\res\*.res .\temp\res\*.c /y/D > nul]
Run command:[xcopy ..\..\..\plutommi\.\Service\CharBatSrv\*.res .\temp\res\*.c /y/D > nul]
Run command:[xcopy ..\..\..\plutommi\.\Service\CloudSrv\res\*.res .\temp\res\*.c /y/D > nul]
Run command:[xcopy ..\..\..\plutommi\.\Service\CphsSrv\*.res .\temp\res\*.c /y/D > nul]
Run command:[xcopy ..\..\..\plutommi\.\Service\CtmSrv\*.res .\temp\res\*.c /y/D > nul]
Run command:[xcopy ..\..\..\plutommi\.\Service\DLAgentSrv\res\*.res .\temp\res\*.c /y/D > nul]
Run command:[xcopy ..\..\..\plutommi\.\Service\DateTimeSrv\res\*.res .\temp\res\*.c /y/D > nul]
Run command:[xcopy ..\..\..\plutommi\.\Service\DtcntSrv\DtcntSrvRes\*.res .\temp\res\*.c /y/D > nul]
Run command:[xcopy ..\..\..\plutommi\.\Service\FileMgrSrv\FileMgrSrvRes\*.res .\temp\res\*.c /y/D > nul]
Run command:[xcopy ..\..\..\plutommi\.\Service\GattSrv\*.res .\temp\res\*.c /y/D > nul]
Run command:[xcopy ..\..\..\plutommi\.\Service\GattSrv\fmp\res\*.res .\temp\res\*.c /y/D > nul]
Run command:[xcopy ..\..\..\plutommi\.\Service\GattSrv\pxp\res\*.res .\temp\res\*.c /y/D > nul]
Run command:[xcopy ..\..\..\plutommi\.\Service\GattSrv\sogp\res\*.res .\temp\res\*.c /y/D > nul]
Run command:[xcopy ..\..\..\plutommi\.\Service\GpioSrv\*.res .\temp\res\*.c /y/D > nul]
Run command:[xcopy ..\..\..\plutommi\.\Service\Gsm3gCallSrv\*.res .\temp\res\*.c /y/D > nul]
Run command:[xcopy ..\..\..\plutommi\.\Service\ImpsSrv\*.res .\temp\res\*.c /y/D > nul]
Run command:[xcopy ..\..\..\plutommi\.\Service\MDI\MDIRes\*.res .\temp\res\*.c /y/D > nul]
Run command:[xcopy ..\..\..\plutommi\.\Service\MREAppMgrSrv\MREAppMgrSrvRes\*.res .\temp\res\*.c /y/D > nul]
Run command:[xcopy ..\..\..\plutommi\.\Service\ModeSwitchSrv\res\*.res .\temp\res\*.c /y/D > nul]
Run command:[xcopy ..\..\..\plutommi\.\Service\NativeAppFactorySrv\NativeAppFactorySrvRes\*.res .\temp\res\*.c /y/D > nul]
Run command:[xcopy ..\..\..\plutommi\.\Service\NtpSrv\res\*.res .\temp\res\*.c /y/D > nul]
Run command:[xcopy ..\..\..\plutommi\.\Service\NwInfoSrv\NwInfoSrvRes\*.res .\temp\res\*.c /y/D > nul]
Run command:[xcopy ..\..\..\plutommi\.\Service\NwNameSrv\res\*.res .\temp\res\*.c /y/D > nul]
Run command:[xcopy ..\..\..\plutommi\.\Service\PhbSrv\PhbSrvRes\*.res .\temp\res\*.c /y/D > nul]
Run command:[xcopy ..\..\..\plutommi\.\Service\PlstSlimSrv\res\*.res .\temp\res\*.c /y/D > nul]
Run command:[xcopy ..\..\..\plutommi\.\Service\PlstSrv\res\*.res .\temp\res\*.c /y/D > nul]
Run command:[xcopy ..\..\..\plutommi\.\Service\ProfilesSrv\ProfilesSrvRes\*.res .\temp\res\*.c /y/D > nul]
Run command:[xcopy ..\..\..\plutommi\.\Service\PushSwitchSrv\PushSwitchSrvRes\*.res .\temp\res\*.c /y/D > nul]
Run command:[xcopy ..\..\..\plutommi\.\Service\ReminderSrv\ReminderSrvRes\*.res .\temp\res\*.c /y/D > nul]
Run command:[xcopy ..\..\..\plutommi\.\Service\SafeModeSrv\res\*.res .\temp\res\*.c /y/D > nul]
Run command:[xcopy ..\..\..\plutommi\.\Service\SatSrv\*.res .\temp\res\*.c /y/D > nul]
Run command:[xcopy ..\..\..\plutommi\.\Service\SecSetSrv\SecSetSrvRes\*.res .\temp\res\*.c /y/D > nul]
Run command:[xcopy ..\..\..\plutommi\.\Service\SensorSrv\*.res .\temp\res\*.c /y/D > nul]
Run command:[xcopy ..\..\..\plutommi\.\Service\SettingSrv\res\*.res .\temp\res\*.c /y/D > nul]
Run command:[xcopy ..\..\..\plutommi\.\Service\ShutdownSrv\ShutdownSrvRes\*.res .\temp\res\*.c /y/D > nul]
Run command:[xcopy ..\..\..\plutommi\.\Service\SimCtrlSrv\SimCtrlSrvRes\*.res .\temp\res\*.c /y/D > nul]
Run command:[xcopy ..\..\..\plutommi\.\Service\SmsSrv\*.res .\temp\res\*.c /y/D > nul]
Run command:[xcopy ..\..\..\plutommi\.\Service\SnsSrv\*.res .\temp\res\*.c /y/D > nul]
Run command:[xcopy ..\..\..\plutommi\.\Service\SoundRecSrv\res\*.res .\temp\res\*.c /y/D > nul]
Run command:[xcopy ..\..\..\plutommi\.\Service\SsSrv\*.res .\temp\res\*.c /y/D > nul]
Run command:[xcopy ..\..\..\plutommi\.\Service\SsoSrv\*.res .\temp\res\*.c /y/D > nul]
Run command:[xcopy ..\..\..\plutommi\.\Service\TetheringSrv\TetheringSrvRes\*.res .\temp\res\*.c /y/D > nul]
Run command:[xcopy ..\..\..\plutommi\.\Service\TodoSrv\res\*.res .\temp\res\*.c /y/D > nul]
Run command:[xcopy ..\..\..\plutommi\.\Service\UcmSrv\UcmSrvRes\*.res .\temp\res\*.c /y/D > nul]
Run command:[xcopy ..\..\..\plutommi\.\Service\UmSrv\UmSrvRes\*.res .\temp\res\*.c /y/D > nul]
Run command:[xcopy ..\..\..\plutommi\.\Service\WapPushSrv\res\*.res .\temp\res\*.c /y/D > nul]
Run command:[xcopy ..\..\..\plutommi\.\Service\WgtMgrSrv\WgtMgrSrvRes\*.res .\temp\res\*.c /y/D > nul]
Run command:[xcopy ..\..\..\plutommi\.\VendorApp\AVK\AVKRes\*.res .\temp\res\*.c /y/D > nul]
no res found.
Run command:[xcopy ..\..\..\plutommi\.\VendorApp\DevApp\DevAppRes\*.res .\temp\res\*.c /y/D > nul]
Run command:[xcopy ..\..\..\plutommi\.\cui\SsoCui\SSOCuiRes\*.res .\temp\res\*.c /y/D > nul]
Run command:[xcopy ..\..\..\plutommi\.\mmi\CallLog\CallLogRes\*.res .\temp\res\*.c /y/D > nul]
Run command:[xcopy ..\..\..\plutommi\.\mmi\Cbm\CbmRes\*.res .\temp\res\*.c /y/D > nul]
Run command:[xcopy ..\..\..\plutommi\.\mmi\CertificateManager\CertificateManagerRes\*.res .\temp\res\*.c /y/D > nul]
Run command:[xcopy ..\..\..\plutommi\.\mmi\ConnectManagement\ConnectManagementRes\*.res .\temp\res\*.c /y/D > nul]
Run command:[xcopy ..\..\..\plutommi\.\mmi\CustomerService\CustomerServiceRes\*.res .\temp\res\*.c /y/D > nul]
Run command:[xcopy ..\..\..\plutommi\.\mmi\DataAccount\DataAccountRes\*.res .\temp\res\*.c /y/D > nul]
Run command:[xcopy ..\..\..\plutommi\.\mmi\DateTime\Res\*.res .\temp\res\*.c /y/D > nul]
Run command:[xcopy ..\..\..\plutommi\.\mmi\Dialer\DialerRes\*.res .\temp\res\*.c /y/D > nul]
Run command:[xcopy ..\..\..\plutommi\.\mmi\Dictionary\Dict_Res\*.res .\temp\res\*.c /y/D > nul]
Run command:[xcopy ..\..\..\plutommi\.\mmi\Extra\ExtraRes\*.res .\temp\res\*.c /y/D > nul]
Run command:[xcopy ..\..\..\plutommi\.\mmi\FunAndGames\FunAndGamesRes\*.res .\temp\res\*.c /y/D > nul]
Run command:[xcopy ..\..\..\plutommi\.\mmi\IdleScreen\IdleScreenRes\*.res .\temp\res\*.c /y/D > nul]
Run command:[xcopy ..\..\..\plutommi\.\mmi\Messages\MessagesRes\*.res .\temp\res\*.c /y/D > nul]
Run command:[xcopy ..\..\..\plutommi\.\mmi\MiscFramework\MiscFrameworkRes\*.res .\temp\res\*.c /y/D > nul]
Run command:[xcopy ..\..\..\plutommi\.\mmi\MobileService\MobileServiceRes\*.res .\temp\res\*.c /y/D > nul]
Run command:[xcopy ..\..\..\plutommi\.\mmi\NITZHandler\NITZRes\*.res .\temp\res\*.c /y/D > nul]
Run command:[xcopy ..\..\..\plutommi\.\mmi\Organizer\HijriCalendar\HijriCalendar_res\*.res .\temp\res\*.c /y/D > nul]
Run command:[xcopy ..\..\..\plutommi\.\mmi\Organizer\IndianCalendar\IndianCalendar_res\*.res .\temp\res\*.c /y/D > nul]
Run command:[xcopy ..\..\..\plutommi\.\mmi\Organizer\OrganizerRes\*.res .\temp\res\*.c /y/D > nul]
Run command:[xcopy ..\..\..\plutommi\.\mmi\Organizer\OrganizerRes\AlarmRes\*.res .\temp\res\*.c /y/D > nul]
Run command:[xcopy ..\..\..\plutommi\.\mmi\Organizer\OrganizerRes\WorldClock\*.res .\temp\res\*.c /y/D > nul]
Run command:[xcopy ..\..\..\plutommi\.\mmi\Organizer\Reminder\Res\*.res .\temp\res\*.c /y/D > nul]
Run command:[xcopy ..\..\..\plutommi\.\mmi\PROFILES\Profiles_Res\*.res .\temp\res\*.c /y/D > nul]
Run command:[xcopy ..\..\..\plutommi\.\mmi\PhoneBook\PhoneBookRes\*.res .\temp\res\*.c /y/D > nul]
Run command:[xcopy ..\..\..\plutommi\.\mmi\SAT\SATRes\*.res .\temp\res\*.c /y/D > nul]
Run command:[xcopy ..\..\..\plutommi\.\mmi\SSOAPP\SSOAPPRes\*.res .\temp\res\*.c /y/D > nul]
Run command:[xcopy ..\..\..\plutommi\.\mmi\Setting\SettingRes\*.res .\temp\res\*.c /y/D > nul]
Run command:[xcopy ..\..\..\plutommi\.\mmi\Setting\SettingRes\PenCalibration\*.res .\temp\res\*.c /y/D > nul]
Run command:[xcopy ..\..\..\plutommi\.\mmi\Setting\SettingRes\SoundEffect\*.res .\temp\res\*.c /y/D > nul]
Run command:[xcopy ..\..\..\plutommi\.\mmi\Tethering\TetheringRes\*.res .\temp\res\*.c /y/D > nul]
Run command:[xcopy ..\..\..\plutommi\.\mmi\UDX\UDXRes\*.res .\temp\res\*.c /y/D > nul]
Run command:[xcopy ..\..\..\plutommi\.\mmi\ebookreader\ebookres\*.res .\temp\res\*.c /y/D > nul]
Run command:[xcopy ..\..\..\plutommi\.\mmi\gpio\gpiores\*.res .\temp\res\*.c /y/D > nul]
Run command:[xcopy ..\..\..\plutommi\.\mmi\inc\*.res .\temp\res\*.c /y/D > nul]
Run command:[xcopy ..\..\..\plutommi\.\mmi\messages\messagesres\*.res .\temp\res\*.c /y/D > nul]
Run command:[xcopy ..\..\..\plutommi\.\mmi\ucm\UcmRes\*.res .\temp\res\*.c /y/D > nul]
Run command:[xcopy ..\..\..\plutommi\.\mtkapp\AudioPlayer\AudioPlayerRes\*.res .\temp\res\*.c /y/D > nul]
Run command:[xcopy ..\..\..\plutommi\.\mtkapp\BGSound\BGSound_Res\*.res .\temp\res\*.c /y/D > nul]
Run command:[xcopy ..\..\..\plutommi\.\mtkapp\Camcorder\CamcorderRes\*.res .\temp\res\*.c /y/D > nul]
Run command:[xcopy ..\..\..\plutommi\.\mtkapp\Connectivity\ConnectivityRes\*.res .\temp\res\*.c /y/D > nul]
Run command:[xcopy ..\..\..\plutommi\.\mtkapp\Connectivity\ConnectivityRes\Bluetooth\*.res .\temp\res\*.c /y/D > nul]
Run command:[xcopy ..\..\..\plutommi\.\mtkapp\Connectivity\ConnectivityRes\USB\*.res .\temp\res\*.c /y/D > nul]
Run command:[xcopy ..\..\..\plutommi\.\mtkapp\DataService\DataServiceRes\*.res .\temp\res\*.c /y/D > nul]
Run command:[xcopy ..\..\..\plutommi\.\mtkapp\ImageView\ImageViewRes\*.res .\temp\res\*.c /y/D > nul]
Run command:[xcopy ..\..\..\plutommi\.\mtkapp\JavaAgency\JavaAgencyRes\*.res .\temp\res\*.c /y/D > nul]
Run command:[xcopy ..\..\..\plutommi\.\mtkapp\MREAPP\MREAPPRes\*.res .\temp\res\*.c /y/D > nul]
Run command:[xcopy ..\..\..\plutommi\.\mtkapp\MSpace\MSpaceRes\*.res .\temp\res\*.c /y/D > nul]
Run command:[xcopy ..\..\..\plutommi\.\mtkapp\MediaPlayer\MediaPlayerRes\*.res .\temp\res\*.c /y/D > nul]
Run command:[xcopy ..\..\..\plutommi\.\mtkapp\MyFavorite\MyFavoriteRes\*.res .\temp\res\*.c /y/D > nul]
Run command:[xcopy ..\..\..\plutommi\.\mtkapp\PhotoEditor\PhotoEditorRes\*.res .\temp\res\*.c /y/D > nul]
Run command:[xcopy ..\..\..\plutommi\.\mtkapp\Pictbridge\PictBridgeRes\*.res .\temp\res\*.c /y/D > nul]
Run command:[xcopy ..\..\..\plutommi\.\mtkapp\PushSwitch\PushSwitchRes\*.res .\temp\res\*.c /y/D > nul]
Run command:[xcopy ..\..\..\plutommi\.\mtkapp\SyncML\SyncMLRes\*.res .\temp\res\*.c /y/D > nul]
Run command:[xcopy ..\..\..\plutommi\.\mtkapp\sdk\sdkres\*.res .\temp\res\*.c /y/D > nul]
Run command:[xcopy ..\..\..\plutommi\.\mtkapp\vObjects\vObjectRes\*.res .\temp\res\*.c /y/D > nul]
Run command:[xcopy ..\..\..\plutommi\.\service\AppMgrSrv\AppMgrSrvRes\*.res .\temp\res\*.c /y/D > nul]
Run command:[xcopy ..\..\..\plutommi\.\service\BrowserSrv\res\*.res .\temp\res\*.c /y/D > nul]
Run command:[xcopy ..\..\..\plutommi\.\service\CnmgrSrv\CnmgrSrvRes\*.res .\temp\res\*.c /y/D > nul]
Run command:[xcopy ..\..\..\plutommi\.\service\DmSRsrv\*.res .\temp\res\*.c /y/D > nul]
Run command:[xcopy ..\..\..\plutommi\.\service\DmSrv\DmSrvRes\*.res .\temp\res\*.c /y/D > nul]
Run command:[xcopy ..\..\..\plutommi\.\service\NetSetSrv\res\*.res .\temp\res\*.c /y/D > nul]
Run command:[xcopy ..\..\..\plutommi\.\service\datalocksrv\res\*.res .\temp\res\*.c /y/D > nul]
Run command:[xcopy ..\..\..\plutommi\.\service\nitzsrv\res\*.res .\temp\res\*.c /y/D > nul]
Run command:[xcopy ..\..\..\plutommi\.\service\settingsrv\res\*.res .\temp\res\*.c /y/D > nul]
Run command:[xcopy ..\..\..\plutommi\.\service\usbsrv\UsbSrvRes\*.res .\temp\res\*.c /y/D > nul]
Res:Plutommi\Framework\GDI\GDIRes\GDI_Mem.res
Res:Plutommi\Framework\GDI\GDIRes\GDI_Timer.res
Res:Plutommi\Framework\GUI\GUI_Res\BTBox_Categories.res
Res:Plutommi\Framework\GUI\GUI_Res\Dialer_Pad.res
Res:Plutommi\Framework\GUI\GUI_Res\Gui.res
Res:Plutommi\Framework\GUI\GUI_Res\Picker.res
Res:Plutommi\Framework\GUI\GUI_Res\Status_icon_bar.res
Res:Plutommi\Framework\GUI\GUI_Res\virtual_keyboard_misc.res
Res:Plutommi\MMI\Resource\Res\global.res
Res:Plutommi\MMI\Resource\Res\VenusTheme.res
Res:adups\res\FotaSrv.res
Res:custom\common\CharsetRes\Charset.res
Res:iotlock\res\iotlock.res
Res:mre\res\mre.res
Res:mre\res\mre_bg.res
Res:plutommi\Framework\InputMethod\res\input_method.res
Res:vendor\alipay\res\alipay.res
Res:vendor\mobilevideo\adaption\MobileVideoRes\MobileVideo.res
Res:vendor\nmc\adaption\nmc_res\nmc.res
Res:vendor\opera\browser\adaptation\res\opera_adp.res
Res:venusmmi\app\Cosmos\SNS\Widget\res\vapp_widget_sns.res
Res:venusmmi\app\Cosmos\SNS\Widget\res\vapp_widget_sns_dummy_app.res
Res:venusmmi\app\Cosmos\SNS\res\vapp_sns.res
Res:venusmmi\app\Cosmos\SNS\res\vcui_sns.res
Res:venusmmi\app\Cosmos\WidgetGoogleSearch\res\vapp_widget_google_search.res
Res:venusmmi\app\common\cp\res\vapp_video_player_cp.res
Res:venusmmi\app\common\cp\res\vcp_page_menu_transition.res
Res:venusmmi\app\pluto_variation\ImageFlow\res\ImageFlow.res
Res:venusmmi\app\pluto_variation\MediaWall\res\MediaWall.res
Res:venusmmi\app\pluto_variation\MultiTouchTest\res\vapp_multi_touch_test.res
Res:venusmmi\app\pluto_variation\ShellApp\base\res\shellAppBase.res
Res:venusmmi\app\pluto_variation\ShellApp\base\res\shellAppScrlock.res
Res:venusmmi\app\pluto_variation\ShellApp\panel\FavoriteContacts\res\vapp_shell_fc.res
Res:venusmmi\app\pluto_variation\ShellApp\panel\HomeScreen\res\vapp_hs.res
Res:venusmmi\app\pluto_variation\ShellApp\panel\HomeScreen\res\vapp_hs_widget_audplayer.res
Res:venusmmi\app\pluto_variation\ShellApp\panel\HomeScreen\res\vapp_hs_widget_baidu.res
Res:venusmmi\app\pluto_variation\ShellApp\panel\HomeScreen\res\vapp_hs_widget_bookmark.res
Res:venusmmi\app\pluto_variation\ShellApp\panel\HomeScreen\res\vapp_hs_widget_calendar.res
Res:venusmmi\app\pluto_variation\ShellApp\panel\HomeScreen\res\vapp_hs_widget_clock.res
Res:venusmmi\app\pluto_variation\ShellApp\panel\HomeScreen\res\vapp_hs_widget_date.res
Res:venusmmi\app\pluto_variation\ShellApp\panel\HomeScreen\res\vapp_hs_widget_event_inbox.res
Res:venusmmi\app\pluto_variation\ShellApp\panel\HomeScreen\res\vapp_hs_widget_fmradio.res
Res:venusmmi\app\pluto_variation\ShellApp\panel\HomeScreen\res\vapp_hs_widget_memo.res
Res:venusmmi\app\pluto_variation\ShellApp\panel\HomeScreen\res\vapp_hs_widget_mre.res
Res:venusmmi\app\pluto_variation\ShellApp\panel\HomeScreen\res\vapp_hs_widget_next_alarm.res
Res:venusmmi\app\pluto_variation\ShellApp\panel\HomeScreen\res\vapp_hs_widget_op02.res
Res:venusmmi\app\pluto_variation\ShellApp\panel\HomeScreen\res\vapp_hs_widget_operator_name.res
Res:venusmmi\app\pluto_variation\ShellApp\panel\HomeScreen\res\vapp_hs_widget_pet.res
Res:venusmmi\app\pluto_variation\ShellApp\panel\HomeScreen\res\vapp_hs_widget_photo.res
Res:venusmmi\app\pluto_variation\ShellApp\panel\HomeScreen\res\vapp_hs_widget_profile.res
Res:venusmmi\app\pluto_variation\ShellApp\panel\HomeScreen\res\vapp_hs_widget_snow.res
Res:venusmmi\app\pluto_variation\ShellApp\panel\HomeScreen\res\vapp_hs_widget_todo.res
Res:venusmmi\app\pluto_variation\ShellApp\panel\ImageViewer\res\ShellImageViewer.res
Res:venusmmi\app\pluto_variation\ShellApp\panel\MediaPlayer\vapp_shell_mediaplayer.res
Res:venusmmi\app\pluto_variation\ShellApp\panel\MsgViewer\res\vapp_notepaper.res
Res:venusmmi\app\pluto_variation\ShellApp\panel\MsgViewer\res\vapp_shell_msg_viewer.res
Res:venusmmi\app\pluto_variation\ShellApp\panel\RecentCalls\vapp_shell_recent_calls.res
Res:venusmmi\app\pluto_variation\ShellApp\panel\Settings\vapp_shell_settings.res
Res:venusmmi\visual\cp\res\vcp_normal_mode_menu.res
Res:plutommi\AppCore\Ucm\res\UcmCore.res
Res:plutommi\CUI\BookmarkCui\res\BookmarkCui.res
Res:plutommi\CUI\CameraCui\CameraCuiRes\CameraCui.res
Res:plutommi\CUI\DialerCui\res\DialerCui.res
Res:plutommi\CUI\FSEditorCui\FSEditorCui_Res\FSEditorCui.res
Res:plutommi\CUI\ImageClipCui\ImageClipCuiRes\ImageClipCui.res
Res:plutommi\CUI\ImageViewCui\res\imgviewcui.res
Res:plutommi\CUI\InlineCUI\InlineCui_Res\InlineCui.res
Res:plutommi\CUI\PasswordCui\res\PasswordCui.res
Res:plutommi\CUI\SecSetCui\SecSetCuiRes\SecSetCui.res
Res:plutommi\CUI\SimSelCui\res\SimSelCui.res
Res:plutommi\CUI\ToneSelectorCui\res\ToneSelectorCui.res
Res:plutommi\CUI\UseDetailCui\res\UseDetailCui.res
Res:plutommi\Framework\CSBrowser\CSBrowserRes\csbrowser.res
Res:plutommi\Framework\CallbackManager\CallbackManagerRes\callback_mgr.res
Res:plutommi\Framework\CommonScreens\CommonScreensRes\000_editor.res
Res:plutommi\Framework\CommonScreens\CommonScreensRes\alert.res
Res:plutommi\Framework\CommonScreens\CommonScreensRes\editor.res
Res:plutommi\Framework\MemManager\MemManagerRes\framework_asm.res
Res:plutommi\Framework\NVRAMManager\NVRAMManagerRes\nvram_mgr.res
Res:plutommi\Framework\Notification\NotificationRes\nmgr.res
Res:plutommi\MMI\AppList\AppListRes\AppList.res
Res:plutommi\MMI\AppList\AppListRes\AppListBarrel.res
Res:plutommi\MMI\BT_UCM\UcmBTRes\ucmbt.res
Res:plutommi\MMI\Bootup\BootupRes\Bootup.res
Res:plutommi\MMI\CallSetting\CallSettingRes\CallSet.res
Res:plutommi\MMI\IdleScreen\IdleScreenRes\IdleHomescreen.res
Res:plutommi\MMI\IdleScreen\IdleScreenRes\IdleNotificationManager.res
Res:plutommi\MMI\IdleScreen\IdleScreenRes\OP11_HS32.res
Res:plutommi\MMI\Idle\IdleRes\Idle.res
Res:plutommi\MMI\MainMenu\MainMenuRes\3DMainMenuRes.res
Res:plutommi\MMI\MainMenu\MainMenuRes\MainMenuRes.res
Res:plutommi\MMI\NWInfo\NWInfoRes\NwInfo.res
Res:plutommi\MMI\ScrLocker\ScrLockerRes\ScrLocker.res
Res:plutommi\MMI\SecuritySetting\SecSetRes\SecSet.res
Res:plutommi\MMI\Shutdown\ShutdownRes\Shutdown.res
Res:plutommi\MMI\SimCtrl\SimCtrlRes\SimCtrl.res
Res:plutommi\MMI\SimSpace\SimSpaceRes\SimSpace.res
Res:plutommi\MMI\SmsbtmapcApp\SmsbtmapcAppSrc\SmsUmBT.res
Res:plutommi\MMI\SupplementaryService\SsRes\Ss.res
Res:plutommi\MMI\UCM\UcmRes\ucm.res
Res:plutommi\MMI\UCM\UcmRes\video_call.res
Res:plutommi\MMI\UnifiedMessage\UnifiedMessageRes\BTUnifiedMessage.res
Res:plutommi\MMI\UnifiedMessage\UnifiedMessageRes\UnifiedMessage.res
Res:plutommi\Mmi\Ctm\CtmRes\Ctm.res
Res:plutommi\MtkApp\BTdialer\BTdialerRes\BTdialer.res
Res:plutommi\MtkApp\Connectivity\ConnectivityRes\AVBT.res
Res:plutommi\MtkApp\Connectivity\ConnectivityRes\ConnectivityMainmenu.res
Res:plutommi\MtkApp\Connectivity\ConnectivityRes\webcam.res
Res:plutommi\MtkApp\Connectivity\ConnectivityRes\NFC\NFC.res
Res:plutommi\MtkApp\DCD\DCDRes\DCD.res
Res:plutommi\MtkApp\DCD\DCDRes\DCDV30.res
Res:plutommi\MtkApp\DLAgent\DLAgentRes\DownloadAgentApp.res
Res:plutommi\MtkApp\DTVPlayer\DTVPlayerRes\DTVPlayer.res
Res:plutommi\MtkApp\FileMgr\FileMgrRes\000_FileMgr.res
Res:plutommi\MtkApp\MREAPP\MREAPPRes\AM.res
Res:plutommi\MtkApp\MREAPP\MREAPPRes\AM_int.res
Res:plutommi\MtkApp\MREAPP\MREAPPRes\DLS.res
Res:plutommi\MtkApp\MobileTVPlayer\MobileTVPlayerRes\MobileTVPlayer.res
Res:plutommi\MtkApp\SearchWeb\SearchWebRes\SearchWeb.res
Res:plutommi\Mtkapp\GPS\GPSRes\GPSRes.res
Res:plutommi\Service\AlarmSrv\Res\AlarmSrv.res
Res:plutommi\Service\BlecmSrv\res\BLEcmSrv.res
Res:plutommi\Service\BootupSrv\BootupSrvRes\BootupSrv.res
Res:plutommi\Service\BtcmSrv\res\BtcmSrv.res
Res:plutommi\Service\CallLogSrv\CallLogSrvRes\CallLogSrv.res
Res:plutommi\Service\CallSetSrv\CallSetSrv.res
Res:plutommi\Service\CbmSrv\res\CbmSrv.res
Res:plutommi\Service\CharBatSrv\ChargerSrv.res
Res:plutommi\Service\CloudSrv\res\BackupRestoreSrv.res
Res:plutommi\Service\CphsSrv\CphsSrv.res
Res:plutommi\Service\CtmSrv\CtmSrv.res
Res:plutommi\Service\DLAgentSrv\res\DownloadAgentSrv.res
Res:plutommi\Service\DateTimeSrv\res\DateTimeSrv.res
Res:plutommi\Service\DtcntSrv\DtcntSrvRes\DtcntSrv.res
Res:plutommi\Service\FileMgrSrv\FileMgrSrvRes\FileMgrSrv.res
Res:plutommi\Service\FileMgrSrv\FileMgrSrvRes\FileTypes.res
Res:plutommi\Service\GattSrv\GattSrv.res
Res:plutommi\Service\GattSrv\sogp\res\SogpsSrv.res
Res:plutommi\Service\GpioSrv\gpiosrv.res
Res:plutommi\Service\Gsm3gCallSrv\GCallSrv.res
Res:plutommi\Service\MDI\MDIRes\MDI.res
Res:plutommi\Service\MDI\MDIRes\MDI_Mem.res
Res:plutommi\Service\MREAppMgrSrv\MREAppMgrSrvRes\MREAppMgrSrv.res
Res:plutommi\Service\ModeSwitchSrv\res\ModeSwitchSrv.res
Res:plutommi\Service\NativeAppFactorySrv\NativeAppFactorySrvRes\app_appmgr_test_1.res
Res:plutommi\Service\NativeAppFactorySrv\NativeAppFactorySrvRes\app_appmgr_test_2.res
Res:plutommi\Service\NativeAppFactorySrv\NativeAppFactorySrvRes\app_appmgr_test_3.res
Res:plutommi\Service\NativeAppFactorySrv\NativeAppFactorySrvRes\app_appmgr_test_4.res
Res:plutommi\Service\NtpSrv\res\NtpSrv.res
Res:plutommi\Service\NwInfoSrv\NwInfoSrvRes\NwInfoSrv.res
Res:plutommi\Service\NwNameSrv\res\NwNameSrv.res
Res:plutommi\Service\PhbSrv\PhbSrvRes\PhbSrv.res
Res:plutommi\Service\PlstSlimSrv\res\plstslimsrv.res
Res:plutommi\Service\PlstSrv\res\Plstsrv.res
Res:plutommi\Service\ProfilesSrv\ProfilesSrvRes\ProfilesSrv.res
Res:plutommi\Service\PushSwitchSrv\PushSwitchSrvRes\PushSwitchSrv.res
Res:plutommi\Service\ReminderSrv\ReminderSrvRes\ReminderSrv.res
Res:plutommi\Service\SafeModeSrv\res\SafeModeSrv.res
Res:plutommi\Service\SatSrv\Sat.res
Res:plutommi\Service\SecSetSrv\SecSetSrvRes\SecSetSrv.res
Res:plutommi\Service\SensorSrv\SensorSrv.res
Res:plutommi\Service\SettingSrv\res\GeneralSettingSrv.res
Res:plutommi\Service\SettingSrv\res\PenCalibrationSrv.res
Res:plutommi\Service\SettingSrv\res\RestoreSrv.res
Res:plutommi\Service\ShutdownSrv\ShutdownSrvRes\ShutdownSrv.res
Res:plutommi\Service\SimCtrlSrv\SimCtrlSrvRes\SimCtrlSrv.res
Res:plutommi\Service\SmsSrv\CbsSrv.res
Res:plutommi\Service\SmsSrv\SmsSrv.res
Res:plutommi\Service\SnsSrv\SnsSrv.res
Res:plutommi\Service\SoundRecSrv\res\SoundRecSrv.res
Res:plutommi\Service\SsSrv\SsSrv.res
Res:plutommi\Service\SsoSrv\SsoSrv.res
Res:plutommi\Service\TetheringSrv\TetheringSrvRes\TetheringSrv.res
Res:plutommi\Service\TodoSrv\res\TodolistSrv.res
Res:plutommi\Service\UcmSrv\UcmSrvRes\UcmSrv.res
Res:plutommi\Service\UmSrv\UmSrvRes\UmSrv.res
Res:plutommi\Service\WapPushSrv\res\WapPushSrv.res
Res:plutommi\Service\WgtMgrSrv\WgtMgrSrvRes\WgtMgrSrv.res
Res:plutommi\VendorApp\DevApp\DevAppRes\devapp.res
Res:plutommi\cui\SsoCui\SSOCuiRes\SsoCui.res
Res:plutommi\mmi\CallLog\CallLogRes\BtCallLog.res
Res:plutommi\mmi\CallLog\CallLogRes\CallLog.res
Res:plutommi\mmi\Cbm\CbmRes\Cbm.res
Res:plutommi\mmi\CertificateManager\CertificateManagerRes\CertificateManager.res
Res:plutommi\mmi\ConnectManagement\ConnectManagementRes\ConnectManage.res
Res:plutommi\mmi\CustomerService\CustomerServiceRes\CustomerService.res
Res:plutommi\mmi\DataAccount\DataAccountRes\Dataaccount.res
Res:plutommi\mmi\DateTime\Res\DateTime.res
Res:plutommi\mmi\Dialer\DialerRes\Dialer.res
Res:plutommi\mmi\Dictionary\Dict_Res\Dict.res
Res:plutommi\mmi\Extra\ExtraRes\bmi.res
Res:plutommi\mmi\Extra\ExtraRes\Calculator.res
Res:plutommi\mmi\Extra\ExtraRes\currencyconvertor.res
Res:plutommi\mmi\Extra\ExtraRes\Ecompass.res
Res:plutommi\mmi\Extra\ExtraRes\Ecompass_Country_city.res
Res:plutommi\mmi\Extra\ExtraRes\extra.res
Res:plutommi\mmi\Extra\ExtraRes\health.res
Res:plutommi\mmi\Extra\ExtraRes\healthmenstrual.res
Res:plutommi\mmi\Extra\ExtraRes\shortcuts.res
Res:plutommi\mmi\Extra\ExtraRes\stopwatch.res
Res:plutommi\mmi\Extra\ExtraRes\unitconvertor.res
Res:plutommi\mmi\Extra\ExtraRes\Zakat.res
Res:plutommi\mmi\FunAndGames\FunAndGamesRes\FanAndGame.res
Res:plutommi\mmi\FunAndGames\FunAndGamesRes\Game.res
Res:plutommi\mmi\FunAndGames\FunAndGamesRes\IG3DGame.res
Res:plutommi\mmi\FunAndGames\FunAndGamesRes\RNGC.res
Res:plutommi\mmi\IdleScreen\IdleScreenRes\IdleHomescreen.res
Res:plutommi\mmi\IdleScreen\IdleScreenRes\IdleNotificationManager.res
Res:plutommi\mmi\IdleScreen\IdleScreenRes\OP11_HS32.res
Res:plutommi\mmi\Messages\MessagesRes\CbsApp.res
Res:plutommi\mmi\Messages\MessagesRes\SmsAppRes.res
Res:plutommi\mmi\MiscFramework\MiscFrameworkRes\ChargerApp.res
Res:plutommi\mmi\MiscFramework\MiscFrameworkRes\FontEffects.res
Res:plutommi\mmi\MiscFramework\MiscFrameworkRes\FontManager.res
Res:plutommi\mmi\MiscFramework\MiscFrameworkRes\ScreenRotation.res
Res:plutommi\mmi\MiscFramework\MiscFrameworkRes\SmlMenu.res
Res:plutommi\mmi\MobileService\MobileServiceRes\MobileService.res
Res:plutommi\mmi\NITZHandler\NITZRes\NITZ.res
Res:plutommi\mmi\Organizer\HijriCalendar\HijriCalendar_res\AzaanAlarm.res
Res:plutommi\mmi\Organizer\HijriCalendar\HijriCalendar_res\HijriCalendar.res
Res:plutommi\mmi\Organizer\IndianCalendar\IndianCalendar_res\IndianCalendar.res
Res:plutommi\mmi\Organizer\OrganizerRes\calendar.res
Res:plutommi\mmi\Organizer\OrganizerRes\Lunarquery.res
Res:plutommi\mmi\Organizer\OrganizerRes\Note.res
Res:plutommi\mmi\Organizer\OrganizerRes\Organizer.res
Res:plutommi\mmi\Organizer\OrganizerRes\todolist.res
Res:plutommi\mmi\Organizer\OrganizerRes\AlarmRes\Alarm.res
Res:plutommi\mmi\Organizer\OrganizerRes\WorldClock\WorldClock.res
Res:plutommi\mmi\Organizer\Reminder\Res\Reminder.res
Res:plutommi\mmi\PROFILES\Profiles_Res\Profiles.res
Res:plutommi\mmi\PhoneBook\PhoneBookRes\BTphonebook.res
Res:plutommi\mmi\PhoneBook\PhoneBookRes\phonebook.res
Res:plutommi\mmi\SAT\SATRes\SatApp.res
Res:plutommi\mmi\SAT\SATRes\Service.res
Res:plutommi\mmi\SSOAPP\SSOAPPRes\SSOAPP.res
Res:plutommi\mmi\Setting\SettingRes\ApnControl.res
Res:plutommi\mmi\Setting\SettingRes\Appicon.res
Res:plutommi\mmi\Setting\SettingRes\AppSetting.res
Res:plutommi\mmi\Setting\SettingRes\DownloadCalData.res
Res:plutommi\mmi\Setting\SettingRes\FlightMode.res
Res:plutommi\mmi\Setting\SettingRes\MenuEffect.res
Res:plutommi\mmi\Setting\SettingRes\MMIThemes.res
Res:plutommi\mmi\Setting\SettingRes\ModeSwitch.res
Res:plutommi\mmi\Setting\SettingRes\MotionSensor.res
Res:plutommi\mmi\Setting\SettingRes\MreApps.res
Res:plutommi\mmi\Setting\SettingRes\NetSetApp.res
Res:plutommi\mmi\Setting\SettingRes\NSSApp.res
Res:plutommi\mmi\Setting\SettingRes\NtpApp.res
Res:plutommi\mmi\Setting\SettingRes\PhoneSetting.res
Res:plutommi\mmi\Setting\SettingRes\PowerOnOffDisplay.res
Res:plutommi\mmi\Setting\SettingRes\restore.res
Res:plutommi\mmi\Setting\SettingRes\SchedulePowerOnOff.res
Res:plutommi\mmi\Setting\SettingRes\ScreenLockKeyImageSetting.res
Res:plutommi\mmi\Setting\SettingRes\ScreenSaver.res
Res:plutommi\mmi\Setting\SettingRes\TTSSetting.res
Res:plutommi\mmi\Setting\SettingRes\version.res
Res:plutommi\mmi\Setting\SettingRes\ViewSetting.res
Res:plutommi\mmi\Setting\SettingRes\Wallpaper.res
Res:plutommi\mmi\Setting\SettingRes\PenCalibration\calibration.res
Res:plutommi\mmi\Setting\SettingRes\SoundEffect\SoundEffect.res
Res:plutommi\mmi\Tethering\TetheringRes\TetheringApp.res
Res:plutommi\mmi\UDX\UDXRes\Udx.res
Res:plutommi\mmi\ebookreader\ebookres\Ebook.res
Res:plutommi\mmi\gpio\gpiores\PhnsetGpio.res
Res:plutommi\mmi\inc\app_package_concurrent.res
Res:plutommi\mmi\messages\messagesres\CbsApp.res
Res:plutommi\mmi\messages\messagesres\SmsAppRes.res
Res:plutommi\mmi\ucm\UcmRes\ucm.res
Res:plutommi\mmi\ucm\UcmRes\video_call.res
Res:plutommi\mtkapp\AudioPlayer\AudioPlayerRes\AudioPlayer.res
Res:plutommi\mtkapp\AudioPlayer\AudioPlayerRes\AudioPlayerBT.res
Res:plutommi\mtkapp\AudioPlayer\AudioPlayerRes\AudioPlayerWalk.res
Res:plutommi\mtkapp\AudioPlayer\AudioPlayerRes\BTMusic_NoLCD.res
Res:plutommi\mtkapp\BGSound\BGSound_Res\BGSound.res
Res:plutommi\mtkapp\Camcorder\CamcorderRes\Camcorder.res
Res:plutommi\mtkapp\Connectivity\ConnectivityRes\AVBT.res
Res:plutommi\mtkapp\Connectivity\ConnectivityRes\ConnectivityMainmenu.res
Res:plutommi\mtkapp\Connectivity\ConnectivityRes\webcam.res
Res:plutommi\mtkapp\Connectivity\ConnectivityRes\Bluetooth\Bluetooth.res
Res:plutommi\mtkapp\Connectivity\ConnectivityRes\Bluetooth\BTB.res
Res:plutommi\mtkapp\Connectivity\ConnectivityRes\USB\USBMMI.res
Res:plutommi\mtkapp\DataService\DataServiceRes\DataService.res
Res:plutommi\mtkapp\ImageView\ImageViewRes\imgview.res
Res:plutommi\mtkapp\JavaAgency\JavaAgencyRes\Java.res
Res:plutommi\mtkapp\MREAPP\MREAPPRes\AM.res
Res:plutommi\mtkapp\MREAPP\MREAPPRes\AM_int.res
Res:plutommi\mtkapp\MREAPP\MREAPPRes\DLS.res
Res:plutommi\mtkapp\MSpace\MSpaceRes\MSpace.res
Res:plutommi\mtkapp\MediaPlayer\MediaPlayerRes\MediaPlayer.res
Res:plutommi\mtkapp\MediaPlayer\MediaPlayerRes\MediaSinglePlayer.res
Res:plutommi\mtkapp\MyFavorite\MyFavoriteRes\MyFavorite.res
Res:plutommi\mtkapp\PhotoEditor\PhotoEditorRes\PhotoEditor.res
Res:plutommi\mtkapp\PhotoEditor\PhotoEditorRes\slideshow.res
Res:plutommi\mtkapp\Pictbridge\PictBridgeRes\pictbridge.res
Res:plutommi\mtkapp\PushSwitch\PushSwitchRes\PushSwitch.res
Res:plutommi\mtkapp\SyncML\SyncMLRes\SyncML.res
Res:plutommi\mtkapp\SyncML\SyncMLRes\SyncMLDevice.res
Res:plutommi\mtkapp\sdk\sdkres\avk_cui_menu.res
Res:plutommi\mtkapp\sdk\sdkres\avk_fw_graphic.res
Res:plutommi\mtkapp\sdk\sdkres\avk_multimedia.res
Res:plutommi\mtkapp\sdk\sdkres\avk_pluto_mem.res
Res:plutommi\mtkapp\sdk\sdkres\avk_pluto_res.res
Res:plutommi\mtkapp\sdk\sdkres\avk_sdk_test.res
Res:plutommi\mtkapp\vObjects\vObjectRes\vBookmark.res
Res:plutommi\mtkapp\vObjects\vObjectRes\vCalendar.res
Res:plutommi\mtkapp\vObjects\vObjectRes\vCard.res
Res:plutommi\mtkapp\vObjects\vObjectRes\vObjects.res
Res:plutommi\service\AppMgrSrv\AppMgrSrvRes\AppMgrSrv.res
Res:plutommi\service\BrowserSrv\res\BrowserSrv.res
Res:plutommi\service\CnmgrSrv\CnmgrSrvRes\CnmgrSrv.res
Res:plutommi\service\DmSRsrv\DM_SR.res
Res:plutommi\service\DmSrv\DmSrvRes\DmSrv.res
Res:plutommi\service\NetSetSrv\res\NetSetSrv.res
Res:plutommi\service\datalocksrv\res\DataLockSrv.res
Res:plutommi\service\nitzsrv\res\NITZSrv.res
Res:plutommi\service\settingsrv\res\GeneralSettingSrv.res
Res:plutommi\service\settingsrv\res\PenCalibrationSrv.res
Res:plutommi\service\settingsrv\res\RestoreSrv.res
Res:plutommi\service\usbsrv\UsbSrvRes\UsbSrv.res
output resource_base_table.txt done.
Copy APP's res file to specify folder. 
