Module sim_driver is in DEFALUT mode
Compiling hal\storage\sim\src\MT6302_SPI.c ... 
Compiling hal\storage\sim\src\dcl_sim.c ... 
"hal\storage\sim\src\dcl_sim.c", line 267: Warning:  #188-D: enumerated type mixed with another type
  	simInterface = sim_get_logicalNum_from_app(SIM_index);
  	                                           ^
"hal\storage\sim\src\dcl_sim.c", line 289: Warning:  #188-D: enumerated type mixed with another type
  			configure.rSimConfig.apType = SIM_index | LOCAL_MODE_MAGIC; //SIM_index start from 0, SIM_ICC_APPLICATION_PHONE1 also start from 0
  			                            ^
"hal\storage\sim\src\dcl_sim.c", line 304: Warning:  #188-D: enumerated type mixed with another type
  			return 1;
  			       ^
"hal\storage\sim\src\dcl_sim.c", line 310: Warning:  #188-D: enumerated type mixed with another type
  			return 0;
  			       ^
"hal\storage\sim\src\dcl_sim.c", line 322: Warning:  #188-D: enumerated type mixed with another type
  	simInterface = sim_get_logicalNum_from_app(SIM_index);
  	                                           ^
"hal\storage\sim\src\dcl_sim.c", line 344: Warning:  #188-D: enumerated type mixed with another type
  			configure.rSimConfig.apType = SIM_index | LOCAL_MODE_MAGIC; //SIM_index start from 0, SIM_ICC_APPLICATION_PHONE1 also start from 0
  			                            ^
hal\storage\sim\src\dcl_sim.c: 6 warnings, 0 errors
Compiling hal\storage\sim\src\icc_sim_common_mtk.c ... 
"hal\storage\sim\src\icc_sim_common_mtk.c", line 160: Warning:  #111-D: statement is unreachable
  	return 0;
  	^
hal\storage\sim\src\icc_sim_common_mtk.c: 1 warning, 0 errors
Compiling hal\storage\sim\src\icc_switchControl0.c ... 
"hal\storage\sim\src\icc_switchControl0.c", line 1026: Warning:  #223-D: function "DRV_ICC_PMU_setVolt2" declared implicitly
  	DRV_ICC_PMU_setVolt2(0, CLASS_B_30V);
  	^
"hal\storage\sim\src\icc_switchControl0.c", line 1031: Warning:  #223-D: function "DRV_ICC_PMU_setVolt2" declared implicitly
     	DRV_ICC_PMU_setVolt2(1, CLASS_B_30V);
     	^
hal\storage\sim\src\icc_switchControl0.c: 2 warnings, 0 errors
Compiling hal\storage\sim\src\icc_switchControl1.c ... 
"hal\storage\sim\src\icc_switchControl1.c", line 1595: Warning:  #223-D: function "DRV_ICC_PMU_setVolt2" declared implicitly
  	DRV_ICC_PMU_setVolt2(0, CLASS_B_30V);
  	^
"hal\storage\sim\src\icc_switchControl1.c", line 1600: Warning:  #223-D: function "DRV_ICC_PMU_setVolt2" declared implicitly
     	DRV_ICC_PMU_setVolt2(1, CLASS_B_30V);
     	^
hal\storage\sim\src\icc_switchControl1.c: 2 warnings, 0 errors
Compiling hal\storage\sim\src\icc_switchControl2.c ... 
Compiling hal\storage\sim\src\icc_switchControl_al.c ... 
"hal\storage\sim\src\icc_switchControl_al.c", line 377: Warning:  #188-D: enumerated type mixed with another type
  			application = (~LOCAL_MODE_MAGIC) & application;
  			            ^
"hal\storage\sim\src\icc_switchControl_al.c", line 384: Warning:  #188-D: enumerated type mixed with another type
  			return SIM_NO_INSERT;
  			       ^
hal\storage\sim\src\icc_switchControl_al.c: 2 warnings, 0 errors
Compiling hal\storage\sim\src\icc_switchControl_mtk_0.c ... 
"hal\storage\sim\src\icc_switchControl_mtk_0.c", line 876: Warning:  #223-D: function "DRV_ICC_PMU_setVolt2" declared implicitly
  	DRV_ICC_PMU_setVolt2(0, CLASS_B_30V);
  	^
"hal\storage\sim\src\icc_switchControl_mtk_0.c", line 881: Warning:  #223-D: function "DRV_ICC_PMU_setVolt2" declared implicitly
     	DRV_ICC_PMU_setVolt2(1, CLASS_B_30V);
     	^
"hal\storage\sim\src\icc_switchControl_mtk_0.c", line 912: Warning:  #223-D: function "DRV_ICC_PMU_setVolt2" declared implicitly
  	DRV_ICC_PMU_setVolt2(0, CLASS_C_18V);
  	^
"hal\storage\sim\src\icc_switchControl_mtk_0.c", line 917: Warning:  #223-D: function "DRV_ICC_PMU_setVolt2" declared implicitly
     	DRV_ICC_PMU_setVolt2(1, CLASS_C_18V);
     	^
hal\storage\sim\src\icc_switchControl_mtk_0.c: 4 warnings, 0 errors
Compiling hal\storage\sim\src\icc_switchControl_mtk_1.c ... 
"hal\storage\sim\src\icc_switchControl_mtk_1.c", line 1499: Warning:  #223-D: function "DRV_ICC_PMU_setVolt2" declared implicitly
   	DRV_ICC_PMU_setVolt2(0, CLASS_B_30V);
   	^
"hal\storage\sim\src\icc_switchControl_mtk_1.c", line 1504: Warning:  #223-D: function "DRV_ICC_PMU_setVolt2" declared implicitly
  	DRV_ICC_PMU_setVolt2(1, CLASS_B_30V);
  	^
"hal\storage\sim\src\icc_switchControl_mtk_1.c", line 1534: Warning:  #223-D: function "DRV_ICC_PMU_setVolt2" declared implicitly
  	DRV_ICC_PMU_setVolt2(0, CLASS_C_18V);
  	^
"hal\storage\sim\src\icc_switchControl_mtk_1.c", line 1539: Warning:  #223-D: function "DRV_ICC_PMU_setVolt2" declared implicitly
     	DRV_ICC_PMU_setVolt2(1, CLASS_C_18V);
     	^
hal\storage\sim\src\icc_switchControl_mtk_1.c: 4 warnings, 0 errors
make[2]: Entering directory `D:/MTK/MTK2503/MTK2503/11CW1418SP4_03_CORETEK03AE_11C_V1_GPRS_MMI'
CFLAGS = --cpu ARM7EJ-S --littleend -O3 --remove_unneeded_entities -D__RVCT__ -JC:\ARM\RVCT\Data\3.1\569\include\windows --fpmode=ieee_fixed --split_sections --diag_suppress 1,1295,1296,2548 --dwarf2 -D__SERIAL_FLASH_EN__ -D__SERIAL_FLASH_SUPPORT__ --bss_threshold=0
CPLUSFLAGS = --cpp --cpu ARM7EJ-S --littleend -O3 --remove_unneeded_entities -D__RVCT__ -JC:\ARM\RVCT\Data\3.1\569\include\windows --fpmode=ieee_fixed --split_sections --diag_suppress 1,1295,1296,2548 --dwarf2 --bss_threshold=0
AFLAGS = --debug --littleend --cpu ARM7EJ-S --apcs /interwork -16
ADEFS = -pd "MT2502 SETL {TRUE}" -pd "MT2502_S00 SETL {TRUE}" -pd "__SV5_ENABLED__ SETL {TRUE}" -pd "__EVENT_BASED_TIMER__ SETL {TRUE}" -pd "__PRODUCTION_RELEASE__ SETL {TRUE}" -pd "KAL_ON_NUCLEUS SETL {TRUE}" -pd "__CHIP_VERSION_CHECK__ SETL {TRUE}" -pd "__KEYPAD_DEBUG_TRACE__ SETL {TRUE}" -pd "ESAL_AR_STK_FPU_SUPPORT SETL {FALSE}" -pd "__ARM_FPUV2__ SETL {FALSE}" -pd "__SERIAL_FLASH_EN__ SETL {TRUE}" -pd "__SERIAL_FLASH_SUPPORT__ SETL {TRUE}"
C:\ARM\RVCT\Programs\3.1\569\win_32-pentium\armar.exe -create ./build/CORETEK03AE_11C/gprs/MT2502o/lib/sim_driver.lib --via .\build\CORETEK03AE_11C\gprs\MT2502o\sim_driver\sim_driver_sort.via
Warning: L3910W: Old syntax, please use '--create'.
./build/CORETEK03AE_11C/gprs/MT2502o/lib/sim_driver.lib is updated

.\build\CORETEK03AE_11C\gprs\MT2502r\sim_driver_dep\dcl_sim.det



.\build\CORETEK03AE_11C\gprs\MT2502r\sim_driver_dep\icc_sim_common_mtk.det



.\build\CORETEK03AE_11C\gprs\MT2502r\sim_driver_dep\icc_switchControl0.det



.\build\CORETEK03AE_11C\gprs\MT2502r\sim_driver_dep\icc_switchControl1.det



.\build\CORETEK03AE_11C\gprs\MT2502r\sim_driver_dep\icc_switchControl2.det



.\build\CORETEK03AE_11C\gprs\MT2502r\sim_driver_dep\icc_switchControl_al.det



.\build\CORETEK03AE_11C\gprs\MT2502r\sim_driver_dep\icc_switchControl_mtk_0.det



.\build\CORETEK03AE_11C\gprs\MT2502r\sim_driver_dep\icc_switchControl_mtk_1.det



.\build\CORETEK03AE_11C\gprs\MT2502r\sim_driver_dep\MT6302_SPI.det


Processing dcl_sim.det icc_sim_common_mtk.det icc_switchControl0.det icc_switchControl1.det icc_switchControl2.det icc_switchControl_al.det icc_switchControl_mtk_0.det icc_switchControl_mtk_1.det MT6302_SPI.det
make[2]: Leaving directory `D:/MTK/MTK2503/MTK2503/11CW1418SP4_03_CORETEK03AE_11C_V1_GPRS_MMI'
