internal ram defined:1
total created task number = 46 
Task of index   1 consumes 2724. stack 2048 align stack 4096 ext_q  25 int_ram? 0 boot mode:NORMAL USB FACTORY mode
Task of index   2 consumes 1284. stack 1088 align stack 4096 ext_q   0 int_ram? 0 boot mode:NORMAL USB FACTORY mode
Task of index   3 consumes 1788. stack 1352 align stack 4096 ext_q  10 int_ram? 0 boot mode:NORMAL USB FACTORY mode
Task of index   5 consumes 2804. stack 2048 align stack 4096 ext_q  30 int_ram? 0 boot mode:NORMAL             mode
Task of index   6 consumes 2244. stack 2048 align stack 4096 ext_q   0 int_ram? 0 boot mode:NORMAL             mode
Task of index   9 consumes 3336. stack 2560 align stack 4096 ext_q  20 int_ram? 0 boot mode:NORMAL             mode
Task of index  10 consumes 1412. stack  656 align stack 4096 ext_q  30 int_ram? 0 boot mode:NORMAL             mode
Task of index  11 consumes 1460. stack  704 align stack 4096 ext_q  30 int_ram? 0 boot mode:NORMAL             mode
Task of index  12 consumes 1924. stack 1328 align stack 4096 ext_q  20 int_ram? 0 boot mode:NORMAL             mode
Task of index  13 consumes 1568. stack 1180 align stack 4096 ext_q   7 int_ram? 0 boot mode:NORMAL             mode
Task of index  14 consumes 1380. stack 1024 align stack 4096 ext_q   5 int_ram? 0 boot mode:NORMAL             mode
Task of index  15 consumes 1556. stack 1152 align stack 4096 ext_q   8 int_ram? 0 boot mode:NORMAL             mode
Task of index  16 consumes 2760. stack 2096 align stack 4096 ext_q  20 int_ram? 0 boot mode:NORMAL USB FACTORY mode
Task of index  17 consumes 5032. stack 4096 align stack 4096 ext_q  25 int_ram? 0 boot mode:NORMAL USB FACTORY mode
Task of index  18 consumes 2896. stack 1800 align stack 4096 ext_q  35 int_ram? 0 boot mode:NORMAL             mode
Task of index  19 consumes 1716. stack 1280 align stack 4096 ext_q  10 int_ram? 0 boot mode:NORMAL             mode
Task of index  20 consumes 1852. stack  856 align stack 4096 ext_q  45 int_ram? 0 boot mode:NORMAL             mode
Task of index  21 consumes 1220. stack  784 align stack 4096 ext_q  10 int_ram? 0 boot mode:NORMAL             mode
Task of index  22 consumes 2796. stack 1480 align stack 4096 ext_q  65 int_ram? 0 boot mode:NORMAL             mode
Task of index  24 consumes 1460. stack 1024 align stack 4096 ext_q  10 int_ram? 0 boot mode:NORMAL USB         mode
Task of index  25 consumes 1452. stack  856 align stack 4096 ext_q  20 int_ram? 0 boot mode:NORMAL     FACTORY mode
Task of index  28 consumes 1076. stack  880 align stack 4096 ext_q   0 int_ram? 0 boot mode:NORMAL USB         mode
Task of index  29 consumes 1460. stack  944 align stack 4096 ext_q  15 int_ram? 0 boot mode:NORMAL USB         mode
Task of index  32 consumes 3116. stack 2680 align stack 4096 ext_q  10 int_ram? 0 boot mode:NORMAL USB FACTORY mode
Task of index  33 consumes 1508. stack  912 align stack 4096 ext_q  20 int_ram? 0 boot mode:NORMAL USB FACTORY mode
Task of index  40 consumes 2188. stack 1992 align stack 4096 ext_q   0 int_ram? 0 boot mode:NORMAL USB FACTORY mode
Task of index  41 consumes 1244. stack  808 align stack 4096 ext_q  10 int_ram? 0 boot mode:NORMAL USB FACTORY mode
Task of index  45 consumes 4348. stack 3672 align stack 4096 ext_q  25 int_ram? 0 boot mode:NORMAL             mode
Task of index  46 consumes 3508. stack 3072 align stack 4096 ext_q  10 int_ram? 0 boot mode:           FACTORY mode
Task of index  47 consumes 3508. stack 3072 align stack 4096 ext_q  10 int_ram? 0 boot mode:           FACTORY mode
Task of index  51 consumes 2768. stack 2332 align stack 4096 ext_q  10 int_ram? 0 boot mode:NORMAL             mode
Task of index  53 consumes 1108. stack  784 align stack 4096 ext_q   3 int_ram? 0 boot mode:NORMAL USB         mode
Task of index  54 consumes 12116. stack 10240 align stack 12288 ext_q 100 int_ram? 0 boot mode:NORMAL USB         mode
Task of index  55 consumes 1956. stack 1360 align stack 4096 ext_q  20 int_ram? 0 boot mode:NORMAL             mode
Task of index  56 consumes 2740. stack 1536 align stack 4096 ext_q  58 int_ram? 0 boot mode:NORMAL             mode
Task of index  57 consumes 2740. stack 1536 align stack 4096 ext_q  58 int_ram? 0 boot mode:NORMAL             mode
Task of index  65 consumes 3172. stack 2976 align stack 4096 ext_q   0 int_ram? 0 boot mode:NORMAL USB         mode
Task of index  66 consumes 1324. stack  888 align stack 4096 ext_q  10 int_ram? 0 boot mode:NORMAL USB         mode
Task of index  74 consumes 4692. stack 4096 align stack 4096 ext_q  20 int_ram? 0 boot mode:NORMAL             mode
Task of index  75 consumes 4692. stack 4096 align stack 4096 ext_q  20 int_ram? 0 boot mode:NORMAL             mode
Task of index  96 consumes 4148. stack 3072 align stack 4096 ext_q  50 int_ram? 0 boot mode:NORMAL USB FACTORY mode
Task of index  97 consumes 3508. stack 3072 align stack 4096 ext_q  10 int_ram? 0 boot mode:NORMAL USB         mode
Task of index  99 consumes 8788. stack 8192 align stack 8192 ext_q  20 int_ram? 0 boot mode:NORMAL     FACTORY mode
Task of index 101 consumes  196. stack  512 align stack    0 ext_q   0 int_ram? 1 boot mode:NORMAL USB         mode
Task of index 104 consumes 7220. stack 6144 align stack 8192 ext_q  50 int_ram? 0 boot mode:NORMAL USB FACTORY mode
Task of index 106 consumes 3636. stack 3200 align stack 4096 ext_q  10 int_ram? 0 boot mode:NORMAL             mode
Task of index 108 consumes 9268. stack 8192 align stack 8192 ext_q  50 int_ram? 0 boot mode:NORMAL             mode
No consider stack isolation All task consumes 133676 in NORMAL mode
No consider stack isolation All task consumes 58432 in USB mode
No consider stack isolation All task consumes 50268 in FACTORY mode
priority  0 hisr max shared size iram    0 eram  768 
priority  1 hisr max shared size iram 1024 eram 1024 
priority  2 hisr max shared size iram 1024 eram    0 
hisr shared stack total iram size  2048 
HISR of index   1 priority   1 consumes   96. stack 1024 aligned stack    0 ext_ram? 0
HISR of index   2 priority   1 consumes   96. stack 1024 aligned stack    0 ext_ram? 1
HISR of index   8 priority   1 consumes   96. stack  768 aligned stack    0 ext_ram? 1
HISR of index  10 priority   0 consumes   96. stack  768 aligned stack    0 ext_ram? 1
HISR of index  11 priority   1 consumes   96. stack 1024 aligned stack    0 ext_ram? 0
HISR of index  19 priority   2 consumes   96. stack 1024 aligned stack    0 ext_ram? 0
No consider stack isolation. All HISRs consume ext mem: 1344  int mem: 2048
control buffer size(=    32) num(= 149)
control buffer size(=    64) num(= 120)
control buffer size(=   128) num(=  80)
control buffer size(=   256) num(=  33)
control buffer size(=   512) num(=  20)
control buffer size(=  1024) num(=  16)
control buffer size(=  2048) num(=   8)
control buffer size(=  4096) num(=   0)
control buffer consumes sys_mem + dbg_mem = 83240 + 40992
data buffer consumes 9048
event pool consumes 3840
93 task_info_g sys_mem 4836
No consider stack isolation sys_mem_size = 235984 + 21736 in NORMAL mode
No consider stack isolation sys_mem_size = 160740 + 9452 in USB mode
No consider stack isolation sys_mem_size = 152576 + 7088 in FACTORY mode
In stack isolation sys_mem_size: 315188
small obj size: 42748
align stack size: 200704
actual stack size: 105064
big object size: 109140
stack sharing defined: 1
sys_mem:235984	estimate sys mem:21736	debug_mem_size:43188	int ram size:2560
