[Dependency] D:\MTK\MTK2503\MTK2503\11CW1418SP4_03_CORETEK03AE_11C_V1_GPRS_MMI\.\tools\sys_auto_gen.pl
[Dependency] D:\MTK\MTK2503\MTK2503\11CW1418SP4_03_CORETEK03AE_11C_V1_GPRS_MMI\tools\pack_dep_gen.pm
[Dependency] D:\MTK\MTK2503\MTK2503\11CW1418SP4_03_CORETEK03AE_11C_V1_GPRS_MMI\.\tools\\sysGenUtility.pm
[Dependency] D:\MTK\MTK2503\MTK2503\11CW1418SP4_03_CORETEK03AE_11C_V1_GPRS_MMI\.\tools\sys_auto_gen.pl
[Dependency] D:\MTK\MTK2503\MTK2503\11CW1418SP4_03_CORETEK03AE_11C_V1_GPRS_MMI\.\tools\\sysgenUtility.pm
[Dependency] D:\MTK\MTK2503\MTK2503\11CW1418SP4_03_CORETEK03AE_11C_V1_GPRS_MMI\tools\pack_dep_gen.pm
[Dependency] D:\MTK\MTK2503\MTK2503\11CW1418SP4_03_CORETEK03AE_11C_V1_GPRS_MMI\.\tools\\FileInfoParser.pm
[Dependency] D:\MTK\MTK2503\MTK2503\11CW1418SP4_03_CORETEK03AE_11C_V1_GPRS_MMI\.\tools\\sysGenUtility.pm
[Dependency] D:\MTK\MTK2503\MTK2503\11CW1418SP4_03_CORETEK03AE_11C_V1_GPRS_MMI\.\tools\sys_auto_gen.pl
[Dependency] D:\MTK\MTK2503\MTK2503\11CW1418SP4_03_CORETEK03AE_11C_V1_GPRS_MMI\.\tools\\sysgenUtility.pm
[Dependency] D:\MTK\MTK2503\MTK2503\11CW1418SP4_03_CORETEK03AE_11C_V1_GPRS_MMI\tools\pack_dep_gen.pm
[Dependency] D:\MTK\MTK2503\MTK2503\11CW1418SP4_03_CORETEK03AE_11C_V1_GPRS_MMI\.\tools\\CommonUtility.pm
[Dependency] D:\MTK\MTK2503\MTK2503\11CW1418SP4_03_CORETEK03AE_11C_V1_GPRS_MMI\.\tools\\FileInfoParser.pm
[Dependency] D:\MTK\MTK2503\MTK2503\11CW1418SP4_03_CORETEK03AE_11C_V1_GPRS_MMI\.\tools\\sysGenUtility.pm
[Dependency] D:\MTK\MTK2503\MTK2503\11CW1418SP4_03_CORETEK03AE_11C_V1_GPRS_MMI\.\tools\sys_auto_gen.pl
[Dependency] D:\MTK\MTK2503\MTK2503\11CW1418SP4_03_CORETEK03AE_11C_V1_GPRS_MMI\.\tools\\sysgenUtility.pm
[Dependency] D:\MTK\MTK2503\MTK2503\11CW1418SP4_03_CORETEK03AE_11C_V1_GPRS_MMI\tools\pack_dep_gen.pm
[Dependency] D:\MTK\MTK2503\MTK2503\11CW1418SP4_03_CORETEK03AE_11C_V1_GPRS_MMI\.\tools\\CommonUtility.pm
[Dependency] D:\MTK\MTK2503\MTK2503\11CW1418SP4_03_CORETEK03AE_11C_V1_GPRS_MMI\.\tools\\FileInfoParser.pm
[Dependency] D:\MTK\MTK2503\MTK2503\11CW1418SP4_03_CORETEK03AE_11C_V1_GPRS_MMI\.\tools\\sysGenUtility.pm
[Dependency] D:\MTK\MTK2503\MTK2503\11CW1418SP4_03_CORETEK03AE_11C_V1_GPRS_MMI\tools\sysgen1.pl
[Dependency] D:\MTK\MTK2503\MTK2503\11CW1418SP4_03_CORETEK03AE_11C_V1_GPRS_MMI\tools\pack_dep_gen.pm
[Dependency] D:\MTK\MTK2503\MTK2503\11CW1418SP4_03_CORETEK03AE_11C_V1_GPRS_MMI\.\tools\\sysGenUtility.pm
[Dependency] D:\MTK\MTK2503\MTK2503\11CW1418SP4_03_CORETEK03AE_11C_V1_GPRS_MMI\tools\sysgen1.pl
[Dependency] D:\MTK\MTK2503\MTK2503\11CW1418SP4_03_CORETEK03AE_11C_V1_GPRS_MMI\.\tools\\sysgenUtility.pm
[Dependency] D:\MTK\MTK2503\MTK2503\11CW1418SP4_03_CORETEK03AE_11C_V1_GPRS_MMI\tools\pack_dep_gen.pm
[Dependency] D:\MTK\MTK2503\MTK2503\11CW1418SP4_03_CORETEK03AE_11C_V1_GPRS_MMI\.\tools\\FileInfoParser.pm
[Dependency] D:\MTK\MTK2503\MTK2503\11CW1418SP4_03_CORETEK03AE_11C_V1_GPRS_MMI\.\tools\\sysGenUtility.pm
[Dependency] D:\MTK\MTK2503\MTK2503\11CW1418SP4_03_CORETEK03AE_11C_V1_GPRS_MMI\tools\sysgen1.pl
[Dependency] D:\MTK\MTK2503\MTK2503\11CW1418SP4_03_CORETEK03AE_11C_V1_GPRS_MMI\.\tools\\sysgenUtility.pm
[Dependency] D:\MTK\MTK2503\MTK2503\11CW1418SP4_03_CORETEK03AE_11C_V1_GPRS_MMI\tools\pack_dep_gen.pm
[Dependency] D:\MTK\MTK2503\MTK2503\11CW1418SP4_03_CORETEK03AE_11C_V1_GPRS_MMI\.\tools\\CommonUtility.pm
[Dependency] D:\MTK\MTK2503\MTK2503\11CW1418SP4_03_CORETEK03AE_11C_V1_GPRS_MMI\.\tools\\FileInfoParser.pm
[Dependency] D:\MTK\MTK2503\MTK2503\11CW1418SP4_03_CORETEK03AE_11C_V1_GPRS_MMI\.\tools\\sysGenUtility.pm
[Dependency] D:\MTK\MTK2503\MTK2503\11CW1418SP4_03_CORETEK03AE_11C_V1_GPRS_MMI\tools\sysgen1.pl
[Dependency] D:\MTK\MTK2503\MTK2503\11CW1418SP4_03_CORETEK03AE_11C_V1_GPRS_MMI\.\tools\\sysgenUtility.pm
[Dependency] D:\MTK\MTK2503\MTK2503\11CW1418SP4_03_CORETEK03AE_11C_V1_GPRS_MMI\tools\pack_dep_gen.pm
[Dependency] D:\MTK\MTK2503\MTK2503\11CW1418SP4_03_CORETEK03AE_11C_V1_GPRS_MMI\.\tools\\CommonUtility.pm
[Dependency] D:\MTK\MTK2503\MTK2503\11CW1418SP4_03_CORETEK03AE_11C_V1_GPRS_MMI\.\tools\\FileInfoParser.pm
[Dependency] D:\MTK\MTK2503\MTK2503\11CW1418SP4_03_CORETEK03AE_11C_V1_GPRS_MMI\.\tools\\sysGenUtility.pm
[Dependency] D:\MTK\MTK2503\MTK2503\11CW1418SP4_03_CORETEK03AE_11C_V1_GPRS_MMI\custom\system\Template\custom_blconfig.c.template
[Dependency] D:\MTK\MTK2503\MTK2503\11CW1418SP4_03_CORETEK03AE_11C_V1_GPRS_MMI\custom\system\Template\custom_config.c
[Dependency] D:\MTK\MTK2503\MTK2503\11CW1418SP4_03_CORETEK03AE_11C_V1_GPRS_MMI\custom\system\Template\custom_config.h
[Dependency] D:\MTK\MTK2503\MTK2503\11CW1418SP4_03_CORETEK03AE_11C_V1_GPRS_MMI\custom\system\Template\custom_demp.c
[Dependency] D:\MTK\MTK2503\MTK2503\11CW1418SP4_03_CORETEK03AE_11C_V1_GPRS_MMI\custom\system\Template\custom_demp.h.template
[Dependency] D:\MTK\MTK2503\MTK2503\11CW1418SP4_03_CORETEK03AE_11C_V1_GPRS_MMI\custom\system\Template\custom_fota.c
[Dependency] D:\MTK\MTK2503\MTK2503\11CW1418SP4_03_CORETEK03AE_11C_V1_GPRS_MMI\custom\system\Template\custom_fota.h
[Dependency] D:\MTK\MTK2503\MTK2503\11CW1418SP4_03_CORETEK03AE_11C_V1_GPRS_MMI\custom\system\Template\custom_img_config.c
[Dependency] D:\MTK\MTK2503\MTK2503\11CW1418SP4_03_CORETEK03AE_11C_V1_GPRS_MMI\custom\system\Template\custom_jump_tbl.c
[Dependency] D:\MTK\MTK2503\MTK2503\11CW1418SP4_03_CORETEK03AE_11C_V1_GPRS_MMI\custom\system\Template\custom_jump_tbl.h
[Dependency] D:\MTK\MTK2503\MTK2503\11CW1418SP4_03_CORETEK03AE_11C_V1_GPRS_MMI\custom\system\Template\custom_scatstruct.c.template
[Dependency] D:\MTK\MTK2503\MTK2503\11CW1418SP4_03_CORETEK03AE_11C_V1_GPRS_MMI\custom\system\Template\custom_scatstruct.h.template
[Dependency] D:\MTK\MTK2503\MTK2503\11CW1418SP4_03_CORETEK03AE_11C_V1_GPRS_MMI\custom\system\Template\custom_scatstruct_fota.c.template
[Dependency] D:\MTK\MTK2503\MTK2503\11CW1418SP4_03_CORETEK03AE_11C_V1_GPRS_MMI\custom\system\Template\custom_scatstruct_fota.h
[Dependency] D:\MTK\MTK2503\MTK2503\11CW1418SP4_03_CORETEK03AE_11C_V1_GPRS_MMI\custom\system\Template\custom_sds_dp.c
[Dependency] D:\MTK\MTK2503\MTK2503\11CW1418SP4_03_CORETEK03AE_11C_V1_GPRS_MMI\custom\system\Template\custom_sds_dp.h
[Dependency] D:\MTK\MTK2503\MTK2503\11CW1418SP4_03_CORETEK03AE_11C_V1_GPRS_MMI\custom\system\Template\custom_sds_type.h
[Dependency] D:\MTK\MTK2503\MTK2503\11CW1418SP4_03_CORETEK03AE_11C_V1_GPRS_MMI\custom\system\Template\custom_tsconfig.c.template
[Dependency] D:\MTK\MTK2503\MTK2503\11CW1418SP4_03_CORETEK03AE_11C_V1_GPRS_MMI\custom\system\Template\custom_tsconfig.h.template
[Dependency] D:\MTK\MTK2503\MTK2503\11CW1418SP4_03_CORETEK03AE_11C_V1_GPRS_MMI\custom\system\Template\custom_ubconfig.c.template
[Dependency] D:\MTK\MTK2503\MTK2503\11CW1418SP4_03_CORETEK03AE_11C_V1_GPRS_MMI\custom\system\Template\custom_ubconfig.h.template
[Dependency] D:\MTK\MTK2503\MTK2503\11CW1418SP4_03_CORETEK03AE_11C_V1_GPRS_MMI\custom\system\Template\custom_ubin_irt.h
[Dependency] D:\MTK\MTK2503\MTK2503\11CW1418SP4_03_CORETEK03AE_11C_V1_GPRS_MMI\custom\system\Template\custom_util.c
[Dependency] D:\MTK\MTK2503\MTK2503\11CW1418SP4_03_CORETEK03AE_11C_V1_GPRS_MMI\custom\system\Template\custom_util.h
[Dependency] D:\MTK\MTK2503\MTK2503\11CW1418SP4_03_CORETEK03AE_11C_V1_GPRS_MMI\custom\system\Template\fs_config.c
[Dependency] D:\MTK\MTK2503\MTK2503\11CW1418SP4_03_CORETEK03AE_11C_V1_GPRS_MMI\custom\system\Template\maui_MBA_info.c
[Dependency] D:\MTK\MTK2503\MTK2503\11CW1418SP4_03_CORETEK03AE_11C_V1_GPRS_MMI\custom\system\Template\resource_custpack_preamble.c
[Dependency] D:\MTK\MTK2503\MTK2503\11CW1418SP4_03_CORETEK03AE_11C_V1_GPRS_MMI\custom\system\Template\resource_lang_pack_preamble.c
[Dependency] D:\MTK\MTK2503\MTK2503\11CW1418SP4_03_CORETEK03AE_11C_V1_GPRS_MMI\custom\system\Template\scatBL_BB.txt.template
[Dependency] D:\MTK\MTK2503\MTK2503\11CW1418SP4_03_CORETEK03AE_11C_V1_GPRS_MMI\custom\system\Template\scatBL_BB_ext.txt.template
[Dependency] D:\MTK\MTK2503\MTK2503\11CW1418SP4_03_CORETEK03AE_11C_V1_GPRS_MMI\custom\system\Template\scatTS_BB.txt.template
SYSGEN1: Copy custom_blconfig.c.template from custom\system\Template to custom\system\CORETEK03AE_11C_BB
SYSGEN1: Copy custom_config.c from custom\system\Template to custom\system\CORETEK03AE_11C_BB
SYSGEN1: Copy custom_config.h from custom\system\Template to custom\system\CORETEK03AE_11C_BB
SYSGEN1: Copy custom_demp.c from custom\system\Template to custom\system\CORETEK03AE_11C_BB
SYSGEN1: Copy custom_demp.h.template from custom\system\Template to custom\system\CORETEK03AE_11C_BB
SYSGEN1: Copy custom_fota.c from custom\system\Template to custom\system\CORETEK03AE_11C_BB
SYSGEN1: Copy custom_fota.h from custom\system\Template to custom\system\CORETEK03AE_11C_BB
SYSGEN1: Copy custom_img_config.c from custom\system\Template to custom\system\CORETEK03AE_11C_BB
SYSGEN1: Copy custom_jump_tbl.c from custom\system\Template to custom\system\CORETEK03AE_11C_BB
SYSGEN1: Copy custom_jump_tbl.h from custom\system\Template to custom\system\CORETEK03AE_11C_BB
SYSGEN1: Copy custom_scatstruct.c.template from custom\system\Template to custom\system\CORETEK03AE_11C_BB
SYSGEN1: Copy custom_scatstruct.h.template from custom\system\Template to custom\system\CORETEK03AE_11C_BB
SYSGEN1: Copy custom_scatstruct_fota.c.template from custom\system\Template to custom\system\CORETEK03AE_11C_BB
SYSGEN1: Copy custom_scatstruct_fota.h from custom\system\Template to custom\system\CORETEK03AE_11C_BB
SYSGEN1: Copy custom_sds_dp.c from custom\system\Template to custom\system\CORETEK03AE_11C_BB
SYSGEN1: Copy custom_sds_dp.h from custom\system\Template to custom\system\CORETEK03AE_11C_BB
SYSGEN1: Copy custom_sds_type.h from custom\system\Template to custom\system\CORETEK03AE_11C_BB
SYSGEN1: Copy custom_tsconfig.c.template from custom\system\Template to custom\system\CORETEK03AE_11C_BB
SYSGEN1: Copy custom_tsconfig.h.template from custom\system\Template to custom\system\CORETEK03AE_11C_BB
SYSGEN1: Copy custom_ubconfig.c.template from custom\system\Template to custom\system\CORETEK03AE_11C_BB
SYSGEN1: Copy custom_ubconfig.h.template from custom\system\Template to custom\system\CORETEK03AE_11C_BB
SYSGEN1: Copy custom_ubin_irt.h from custom\system\Template to custom\system\CORETEK03AE_11C_BB
SYSGEN1: Copy custom_util.c from custom\system\Template to custom\system\CORETEK03AE_11C_BB
SYSGEN1: Copy custom_util.h from custom\system\Template to custom\system\CORETEK03AE_11C_BB
SYSGEN1: Copy fs_config.c from custom\system\Template to custom\system\CORETEK03AE_11C_BB
SYSGEN1: Copy maui_MBA_info.c from custom\system\Template to custom\system\CORETEK03AE_11C_BB
SYSGEN1: Copy resource_custpack_preamble.c from custom\system\Template to custom\system\CORETEK03AE_11C_BB
SYSGEN1: Copy resource_lang_pack_preamble.c from custom\system\Template to custom\system\CORETEK03AE_11C_BB
SYSGEN1: Copy scatBL_BB.txt.template from custom\system\Template to custom\system\CORETEK03AE_11C_BB
SYSGEN1: Copy scatBL_BB_ext.txt.template from custom\system\Template to custom\system\CORETEK03AE_11C_BB
SYSGEN1: Copy scatTS_BB.txt.template from custom\system\Template to custom\system\CORETEK03AE_11C_BB
[Dependency] D:\MTK\MTK2503\MTK2503\11CW1418SP4_03_CORETEK03AE_11C_V1_GPRS_MMI\tools\scatGen.pl
[Dependency] D:\MTK\MTK2503\MTK2503\11CW1418SP4_03_CORETEK03AE_11C_V1_GPRS_MMI\tools\pack_dep_gen.pm
[Dependency] D:\MTK\MTK2503\MTK2503\11CW1418SP4_03_CORETEK03AE_11C_V1_GPRS_MMI\.\tools\\sysGenUtility.pm
[Dependency] D:\MTK\MTK2503\MTK2503\11CW1418SP4_03_CORETEK03AE_11C_V1_GPRS_MMI\tools\scatGen.pl
[Dependency] D:\MTK\MTK2503\MTK2503\11CW1418SP4_03_CORETEK03AE_11C_V1_GPRS_MMI\.\tools\\sysgenUtility.pm
[Dependency] D:\MTK\MTK2503\MTK2503\11CW1418SP4_03_CORETEK03AE_11C_V1_GPRS_MMI\tools\pack_dep_gen.pm
[Dependency] D:\MTK\MTK2503\MTK2503\11CW1418SP4_03_CORETEK03AE_11C_V1_GPRS_MMI\.\tools\\FileInfoParser.pm
[Dependency] D:\MTK\MTK2503\MTK2503\11CW1418SP4_03_CORETEK03AE_11C_V1_GPRS_MMI\.\tools\\sysGenUtility.pm
[Dependency] D:\MTK\MTK2503\MTK2503\11CW1418SP4_03_CORETEK03AE_11C_V1_GPRS_MMI\tools\scatGen.pl
[Dependency] D:\MTK\MTK2503\MTK2503\11CW1418SP4_03_CORETEK03AE_11C_V1_GPRS_MMI\.\tools\\sysgenUtility.pm
[Dependency] D:\MTK\MTK2503\MTK2503\11CW1418SP4_03_CORETEK03AE_11C_V1_GPRS_MMI\tools\pack_dep_gen.pm
[Dependency] D:\MTK\MTK2503\MTK2503\11CW1418SP4_03_CORETEK03AE_11C_V1_GPRS_MMI\.\tools\\CommonUtility.pm
[Dependency] D:\MTK\MTK2503\MTK2503\11CW1418SP4_03_CORETEK03AE_11C_V1_GPRS_MMI\.\tools\\FileInfoParser.pm
[Dependency] D:\MTK\MTK2503\MTK2503\11CW1418SP4_03_CORETEK03AE_11C_V1_GPRS_MMI\.\tools\\sysGenUtility.pm
[Dependency] D:\MTK\MTK2503\MTK2503\11CW1418SP4_03_CORETEK03AE_11C_V1_GPRS_MMI\tools\scatGen.pl
[Dependency] D:\MTK\MTK2503\MTK2503\11CW1418SP4_03_CORETEK03AE_11C_V1_GPRS_MMI\.\tools\\config_MemSegment.pm
[Dependency] D:\MTK\MTK2503\MTK2503\11CW1418SP4_03_CORETEK03AE_11C_V1_GPRS_MMI\.\tools\\sysgenUtility.pm
[Dependency] D:\MTK\MTK2503\MTK2503\11CW1418SP4_03_CORETEK03AE_11C_V1_GPRS_MMI\tools\pack_dep_gen.pm
[Dependency] D:\MTK\MTK2503\MTK2503\11CW1418SP4_03_CORETEK03AE_11C_V1_GPRS_MMI\.\tools\\CommonUtility.pm
[Dependency] D:\MTK\MTK2503\MTK2503\11CW1418SP4_03_CORETEK03AE_11C_V1_GPRS_MMI\.\tools\\FileInfoParser.pm
[Dependency] D:\MTK\MTK2503\MTK2503\11CW1418SP4_03_CORETEK03AE_11C_V1_GPRS_MMI\.\tools\\sysGenUtility.pm
[Dependency] D:\MTK\MTK2503\MTK2503\11CW1418SP4_03_CORETEK03AE_11C_V1_GPRS_MMI\tools\scatGen.pl
[Dependency] D:\MTK\MTK2503\MTK2503\11CW1418SP4_03_CORETEK03AE_11C_V1_GPRS_MMI\.\tools\\config_MemSegment.pm
[Dependency] D:\MTK\MTK2503\MTK2503\11CW1418SP4_03_CORETEK03AE_11C_V1_GPRS_MMI\.\tools\\sysgenUtility.pm
[Dependency] D:\MTK\MTK2503\MTK2503\11CW1418SP4_03_CORETEK03AE_11C_V1_GPRS_MMI\tools\pack_dep_gen.pm
[Dependency] D:\MTK\MTK2503\MTK2503\11CW1418SP4_03_CORETEK03AE_11C_V1_GPRS_MMI\.\tools\\CommonUtility.pm
[Dependency] D:\MTK\MTK2503\MTK2503\11CW1418SP4_03_CORETEK03AE_11C_V1_GPRS_MMI\.\tools\\FileInfoParser.pm
[Dependency] D:\MTK\MTK2503\MTK2503\11CW1418SP4_03_CORETEK03AE_11C_V1_GPRS_MMI\.\tools\\sysGenUtility.pm
[Dependency] D:\MTK\MTK2503\MTK2503\11CW1418SP4_03_CORETEK03AE_11C_V1_GPRS_MMI\.\custom\system\CORETEK03AE_11C_BB\custom_MemoryDevice.h
[Dependency] D:\MTK\MTK2503\MTK2503\11CW1418SP4_03_CORETEK03AE_11C_V1_GPRS_MMI\.\custom\system\CORETEK03AE_11C_BB\custom_FeatureConfig.h
[Dependency] D:\MTK\MTK2503\MTK2503\11CW1418SP4_03_CORETEK03AE_11C_V1_GPRS_MMI\.\custom\system\CORETEK03AE_11C_BB\custom_EMI_release.h
[Dependency] D:\MTK\MTK2503\MTK2503\11CW1418SP4_03_CORETEK03AE_11C_V1_GPRS_MMI\.\custom\system\CORETEK03AE_11C_BB\flash_opt_gen.h
[Dependency] D:\MTK\MTK2503\MTK2503\11CW1418SP4_03_CORETEK03AE_11C_V1_GPRS_MMI\.\custom\system\CORETEK03AE_11C_BB\custom_secure_config.h
[Dependency] D:\MTK\MTK2503\MTK2503\11CW1418SP4_03_CORETEK03AE_11C_V1_GPRS_MMI\tools\scatGen.pl
[Dependency] D:\MTK\MTK2503\MTK2503\11CW1418SP4_03_CORETEK03AE_11C_V1_GPRS_MMI\.\tools\\config_MemSegment.pm
[Dependency] D:\MTK\MTK2503\MTK2503\11CW1418SP4_03_CORETEK03AE_11C_V1_GPRS_MMI\.\tools\\sysgenUtility.pm
[Dependency] D:\MTK\MTK2503\MTK2503\11CW1418SP4_03_CORETEK03AE_11C_V1_GPRS_MMI\tools\pack_dep_gen.pm
[Dependency] D:\MTK\MTK2503\MTK2503\11CW1418SP4_03_CORETEK03AE_11C_V1_GPRS_MMI\.\tools\\CommonUtility.pm
[Dependency] D:\MTK\MTK2503\MTK2503\11CW1418SP4_03_CORETEK03AE_11C_V1_GPRS_MMI\.\tools\\FileInfoParser.pm
[Dependency] D:\MTK\MTK2503\MTK2503\11CW1418SP4_03_CORETEK03AE_11C_V1_GPRS_MMI\.\tools\\sysGenUtility.pm
[Dependency] D:\MTK\MTK2503\MTK2503\11CW1418SP4_03_CORETEK03AE_11C_V1_GPRS_MMI\.\tools\\scatFrame.pm
[Dependency] D:\MTK\MTK2503\MTK2503\11CW1418SP4_03_CORETEK03AE_11C_V1_GPRS_MMI\tools\scatGenLib.pl
[Dependency] D:\MTK\MTK2503\MTK2503\11CW1418SP4_03_CORETEK03AE_11C_V1_GPRS_MMI\tools\scatGen.pl
[Dependency] D:\MTK\MTK2503\MTK2503\11CW1418SP4_03_CORETEK03AE_11C_V1_GPRS_MMI\.\tools\\config_MemSegment.pm
[Dependency] D:\MTK\MTK2503\MTK2503\11CW1418SP4_03_CORETEK03AE_11C_V1_GPRS_MMI\.\tools\\sysgenUtility.pm
[Dependency] D:\MTK\MTK2503\MTK2503\11CW1418SP4_03_CORETEK03AE_11C_V1_GPRS_MMI\tools\pack_dep_gen.pm
[Dependency] D:\MTK\MTK2503\MTK2503\11CW1418SP4_03_CORETEK03AE_11C_V1_GPRS_MMI\.\tools\\CommonUtility.pm
[Dependency] D:\MTK\MTK2503\MTK2503\11CW1418SP4_03_CORETEK03AE_11C_V1_GPRS_MMI\.\tools\\FileInfoParser.pm
[Dependency] D:\MTK\MTK2503\MTK2503\11CW1418SP4_03_CORETEK03AE_11C_V1_GPRS_MMI\.\tools\\sysGenUtility.pm
[Dependency] D:\MTK\MTK2503\MTK2503\11CW1418SP4_03_CORETEK03AE_11C_V1_GPRS_MMI\.\tools\\scatFrame.pm
[Dependency] D:\MTK\MTK2503\MTK2503\11CW1418SP4_03_CORETEK03AE_11C_V1_GPRS_MMI\tools\scatGenLib.pl
[Dependency] D:\MTK\MTK2503\MTK2503\11CW1418SP4_03_CORETEK03AE_11C_V1_GPRS_MMI\tools\scatGen.pl
[Dependency] D:\MTK\MTK2503\MTK2503\11CW1418SP4_03_CORETEK03AE_11C_V1_GPRS_MMI\.\tools\\config_MemSegment.pm
[Dependency] D:\MTK\MTK2503\MTK2503\11CW1418SP4_03_CORETEK03AE_11C_V1_GPRS_MMI\.\tools\\sysgenUtility.pm
[Dependency] D:\MTK\MTK2503\MTK2503\11CW1418SP4_03_CORETEK03AE_11C_V1_GPRS_MMI\tools\pack_dep_gen.pm
[Dependency] D:\MTK\MTK2503\MTK2503\11CW1418SP4_03_CORETEK03AE_11C_V1_GPRS_MMI\.\tools\\CommonUtility.pm
[Dependency] D:\MTK\MTK2503\MTK2503\11CW1418SP4_03_CORETEK03AE_11C_V1_GPRS_MMI\.\tools\\FileInfoParser.pm
[Dependency] D:\MTK\MTK2503\MTK2503\11CW1418SP4_03_CORETEK03AE_11C_V1_GPRS_MMI\.\tools\\sysGenUtility.pm
[Dependency] D:\MTK\MTK2503\MTK2503\11CW1418SP4_03_CORETEK03AE_11C_V1_GPRS_MMI\.\tools\\scatFrame.pm
[Dependency] D:\MTK\MTK2503\MTK2503\11CW1418SP4_03_CORETEK03AE_11C_V1_GPRS_MMI\tools\scatGenLib.pl
[Dependency] D:\MTK\MTK2503\MTK2503\11CW1418SP4_03_CORETEK03AE_11C_V1_GPRS_MMI\.\custom\system\CORETEK03AE_11C_BB\custom_img_config.h
[Dependency] D:\MTK\MTK2503\MTK2503\11CW1418SP4_03_CORETEK03AE_11C_V1_GPRS_MMI\tools\scatGen.pl
[Dependency] D:\MTK\MTK2503\MTK2503\11CW1418SP4_03_CORETEK03AE_11C_V1_GPRS_MMI\.\tools\\config_MemSegment.pm
[Dependency] D:\MTK\MTK2503\MTK2503\11CW1418SP4_03_CORETEK03AE_11C_V1_GPRS_MMI\.\tools\\sysgenUtility.pm
[Dependency] D:\MTK\MTK2503\MTK2503\11CW1418SP4_03_CORETEK03AE_11C_V1_GPRS_MMI\tools\pack_dep_gen.pm
[Dependency] D:\MTK\MTK2503\MTK2503\11CW1418SP4_03_CORETEK03AE_11C_V1_GPRS_MMI\.\tools\\CommonUtility.pm
[Dependency] D:\MTK\MTK2503\MTK2503\11CW1418SP4_03_CORETEK03AE_11C_V1_GPRS_MMI\.\tools\\FileInfoParser.pm
[Dependency] D:\MTK\MTK2503\MTK2503\11CW1418SP4_03_CORETEK03AE_11C_V1_GPRS_MMI\.\tools\\sysGenUtility.pm
[Dependency] D:\MTK\MTK2503\MTK2503\11CW1418SP4_03_CORETEK03AE_11C_V1_GPRS_MMI\.\tools\\scatFrame.pm
[Dependency] D:\MTK\MTK2503\MTK2503\11CW1418SP4_03_CORETEK03AE_11C_V1_GPRS_MMI\tools\scatGenLib.pl
[Dependency] D:\MTK\MTK2503\MTK2503\11CW1418SP4_03_CORETEK03AE_11C_V1_GPRS_MMI\.\custom\system\CORETEK03AE_11C_BB\custom_img_config.h
[Dependency] D:\MTK\MTK2503\MTK2503\11CW1418SP4_03_CORETEK03AE_11C_V1_GPRS_MMI\tools\scatGen.pl
[Dependency] D:\MTK\MTK2503\MTK2503\11CW1418SP4_03_CORETEK03AE_11C_V1_GPRS_MMI\.\tools\\config_MemSegment.pm
[Dependency] D:\MTK\MTK2503\MTK2503\11CW1418SP4_03_CORETEK03AE_11C_V1_GPRS_MMI\.\tools\\sysgenUtility.pm
[Dependency] D:\MTK\MTK2503\MTK2503\11CW1418SP4_03_CORETEK03AE_11C_V1_GPRS_MMI\tools\pack_dep_gen.pm
[Dependency] D:\MTK\MTK2503\MTK2503\11CW1418SP4_03_CORETEK03AE_11C_V1_GPRS_MMI\.\tools\\CommonUtility.pm
[Dependency] D:\MTK\MTK2503\MTK2503\11CW1418SP4_03_CORETEK03AE_11C_V1_GPRS_MMI\.\tools\\FileInfoParser.pm
[Dependency] D:\MTK\MTK2503\MTK2503\11CW1418SP4_03_CORETEK03AE_11C_V1_GPRS_MMI\.\tools\\sysGenUtility.pm
[Dependency] D:\MTK\MTK2503\MTK2503\11CW1418SP4_03_CORETEK03AE_11C_V1_GPRS_MMI\.\tools\\scatFrame.pm
[Dependency] D:\MTK\MTK2503\MTK2503\11CW1418SP4_03_CORETEK03AE_11C_V1_GPRS_MMI\tools\scatGenLib.pl
[Dependency] D:\MTK\MTK2503\MTK2503\11CW1418SP4_03_CORETEK03AE_11C_V1_GPRS_MMI\tools\scatGen.pl
[Dependency] D:\MTK\MTK2503\MTK2503\11CW1418SP4_03_CORETEK03AE_11C_V1_GPRS_MMI\.\tools\\config_MemSegment.pm
[Dependency] D:\MTK\MTK2503\MTK2503\11CW1418SP4_03_CORETEK03AE_11C_V1_GPRS_MMI\.\tools\\sysgenUtility.pm
[Dependency] D:\MTK\MTK2503\MTK2503\11CW1418SP4_03_CORETEK03AE_11C_V1_GPRS_MMI\tools\scatGenBL.pl
[Dependency] D:\MTK\MTK2503\MTK2503\11CW1418SP4_03_CORETEK03AE_11C_V1_GPRS_MMI\tools\pack_dep_gen.pm
[Dependency] D:\MTK\MTK2503\MTK2503\11CW1418SP4_03_CORETEK03AE_11C_V1_GPRS_MMI\.\tools\\CommonUtility.pm
[Dependency] D:\MTK\MTK2503\MTK2503\11CW1418SP4_03_CORETEK03AE_11C_V1_GPRS_MMI\.\tools\\FileInfoParser.pm
[Dependency] D:\MTK\MTK2503\MTK2503\11CW1418SP4_03_CORETEK03AE_11C_V1_GPRS_MMI\.\tools\\sysGenUtility.pm
[Dependency] D:\MTK\MTK2503\MTK2503\11CW1418SP4_03_CORETEK03AE_11C_V1_GPRS_MMI\.\tools\\scatFrame.pm
[Dependency] D:\MTK\MTK2503\MTK2503\11CW1418SP4_03_CORETEK03AE_11C_V1_GPRS_MMI\tools\scatGenLib.pl
[check_user_setting]FLASH_BASE_ADDRESS = 0x00f00000,
[check_user_setting]ALLOCATED_FAT_SPACE = 0x00100000
[comp_flash_size]ROM size limit: 0x00F00000
[comp_ram_size]RAM size limit: 0x00400000
[comp_physical_ram_size]RAM size: 0x00400000
custom_EMI.h:
EXTSRAM_SIZE = 32)

custom_MemoryDevice.h:
NOR_BOOTING_NOR_FS_BASE_ADDRESS = 0x00F00000
NOR_BOOTING_NOR_FS_SIZE = 0x00100000
NOR_BOOTING_NOR_FS_FIRST_DRIVE_SECTORS = 0
NOR_BOOTING_NAND_FS_BASE_ADDRESS = 0x00000000
NOR_BOOTING_NAND_FS_SIZE = 0x08000000
NOR_BOOTING_NAND_FS_FIRST_DRIVE_SECTORS = 220000
NOR_BOOTING_NAND_BLOCK_SIZE = 
NAND_BOOTING_NAND_FS_BASE_ADDRESS = 0x02000000
NAND_BOOTING_NAND_FS_SIZE = 0x06000000
NAND_BOOTING_NAND_FS_FIRST_DRIVE_SECTORS = 160000
PROJECT_EXPECTED_RAM_LIMIT = 
PROJECT_EXPECTED_CODE_LIMIT = 

custom_flash.h:
BlockTBLTxt = {
    {0x0, 0x10000},
    EndBlockInfo

RegionInfoTxt = {
   {0x10000, 16},
   EndoriRegionInfo

BankInfoTxt = {
   {0x1000000, 1}, \
   EndBankInfo

NOR_FLASH_DENSITY = 0x01000000

BOARD_PARAMTERS:
FLASH = 0xf00000
EXTSRAM = 0x400000
EXTSRAM_ORIGINAL = 0x400000

.\custom\system\CORETEK03AE_11C_BB\custom_secure_config.h is generated
[custom_img_config_h]bl_base=0x1000,bl_size=0x2400
[custom_img_config_h]root_cert_base=0x3400,root_cert_size=0x0
[custom_img_config_h]ext_bl_base=0x3400,ext_bl_size=0x1c400
[custom_img_config_h]ext_bl_bak_base=0x1f800,ext_bl_bak_size=0x0
[custom_img_config_h]cbr_base=0x20000,cbr_size=0x0
[custom_img_config_h]rom_begin_addr_on_flash=0x10020000
[comp_physical_ram_size]RAM size: 0x00400000
.\custom\system\CORETEK03AE_11C_BB\custom_img_config.h is generated
[layout13]bl_base=0x10001000,bl_size=0x00002400
[layout13]root_cert_base=0x10003400,root_cert_size=0x00000000
[layout13]ext_bl_base=0x10003400,ext_bl_size=0x0001c400
[layout13]ext_bl_bak_base=0x1001f800,ext_bl_bak_size=0x00000000
[layout13]cbr_base=0x10020000,cbr_size=0x00000000
cached_dummy_end_start_address_val=4108288
custom\system\CORETEK03AE_11C_BB\scatCORETEK03AE_11C.txt is generated
[scatGenBL_main]Input patameters:CODE(0x33ea630), MT2502, 4194304, custom\system\CORETEK03AE_11C_BB, custom\system\CORETEK03AE_11C_BB\scatCORETEK03AE_11C.txt,custom\system\CORETEK03AE_11C_BB\scatBL_MT2502.txt
MT6261_Family
MT6261_Family
MT6261_Family
MT6261_Family
MT6261_Family
MT6261_Family
MT6261_Family
MT6261_Family
MT6261_Family
MT6261_Family
MT6261_Family
MT6261_Family
MT6261_Family
MT6261_Family
MT6261_Family
MT6261_Family
custom\system\CORETEK03AE_11C_BB\scatBL_MT2502.txt is generated
custom\system\CORETEK03AE_11C_BB\scatBL_MT2502_ext.txt is generated
[Dependency] D:\MTK\MTK2503\MTK2503\11CW1418SP4_03_CORETEK03AE_11C_V1_GPRS_MMI\tools\sysgen2.pl
[Dependency] D:\MTK\MTK2503\MTK2503\11CW1418SP4_03_CORETEK03AE_11C_V1_GPRS_MMI\.\tools\\sysgenUtility.pm
[Dependency] D:\MTK\MTK2503\MTK2503\11CW1418SP4_03_CORETEK03AE_11C_V1_GPRS_MMI\tools\pack_dep_gen.pm
[Dependency] D:\MTK\MTK2503\MTK2503\11CW1418SP4_03_CORETEK03AE_11C_V1_GPRS_MMI\tools\sysgen2.pl
[Dependency] D:\MTK\MTK2503\MTK2503\11CW1418SP4_03_CORETEK03AE_11C_V1_GPRS_MMI\.\tools\\sysgenUtility.pm
[Dependency] D:\MTK\MTK2503\MTK2503\11CW1418SP4_03_CORETEK03AE_11C_V1_GPRS_MMI\.\tools\\scatInfo.pm
[Dependency] D:\MTK\MTK2503\MTK2503\11CW1418SP4_03_CORETEK03AE_11C_V1_GPRS_MMI\tools\pack_dep_gen.pm
[Dependency] D:\MTK\MTK2503\MTK2503\11CW1418SP4_03_CORETEK03AE_11C_V1_GPRS_MMI\.\tools\\CommonUtility.pm
[Dependency] D:\MTK\MTK2503\MTK2503\11CW1418SP4_03_CORETEK03AE_11C_V1_GPRS_MMI\.\tools\\FileInfoParser.pm
[Dependency] D:\MTK\MTK2503\MTK2503\11CW1418SP4_03_CORETEK03AE_11C_V1_GPRS_MMI\tools\sysgen2.pl
[Dependency] D:\MTK\MTK2503\MTK2503\11CW1418SP4_03_CORETEK03AE_11C_V1_GPRS_MMI\.\tools\\sysgenUtility.pm
[Dependency] D:\MTK\MTK2503\MTK2503\11CW1418SP4_03_CORETEK03AE_11C_V1_GPRS_MMI\.\tools\\scatInfo.pm
[Dependency] D:\MTK\MTK2503\MTK2503\11CW1418SP4_03_CORETEK03AE_11C_V1_GPRS_MMI\tools\pack_dep_gen.pm
[Dependency] D:\MTK\MTK2503\MTK2503\11CW1418SP4_03_CORETEK03AE_11C_V1_GPRS_MMI\.\tools\\CommonUtility.pm
[Dependency] D:\MTK\MTK2503\MTK2503\11CW1418SP4_03_CORETEK03AE_11C_V1_GPRS_MMI\.\tools\\FileInfoParser.pm
[Dependency] D:\MTK\MTK2503\MTK2503\11CW1418SP4_03_CORETEK03AE_11C_V1_GPRS_MMI\tools\sysgen2.pl
[Dependency] D:\MTK\MTK2503\MTK2503\11CW1418SP4_03_CORETEK03AE_11C_V1_GPRS_MMI\.\tools\\config_MemSegment.pm
[Dependency] D:\MTK\MTK2503\MTK2503\11CW1418SP4_03_CORETEK03AE_11C_V1_GPRS_MMI\.\tools\\sysgenUtility.pm
[Dependency] D:\MTK\MTK2503\MTK2503\11CW1418SP4_03_CORETEK03AE_11C_V1_GPRS_MMI\.\tools\\scatInfo.pm
[Dependency] D:\MTK\MTK2503\MTK2503\11CW1418SP4_03_CORETEK03AE_11C_V1_GPRS_MMI\tools\pack_dep_gen.pm
[Dependency] D:\MTK\MTK2503\MTK2503\11CW1418SP4_03_CORETEK03AE_11C_V1_GPRS_MMI\.\tools\\CommonUtility.pm
[Dependency] D:\MTK\MTK2503\MTK2503\11CW1418SP4_03_CORETEK03AE_11C_V1_GPRS_MMI\.\tools\\FileInfoParser.pm
[Dependency] D:\MTK\MTK2503\MTK2503\11CW1418SP4_03_CORETEK03AE_11C_V1_GPRS_MMI\tools\sysgen2.pl
[Dependency] D:\MTK\MTK2503\MTK2503\11CW1418SP4_03_CORETEK03AE_11C_V1_GPRS_MMI\.\tools\\config_MemSegment.pm
[Dependency] D:\MTK\MTK2503\MTK2503\11CW1418SP4_03_CORETEK03AE_11C_V1_GPRS_MMI\.\tools\\sysgenUtility.pm
[Dependency] D:\MTK\MTK2503\MTK2503\11CW1418SP4_03_CORETEK03AE_11C_V1_GPRS_MMI\.\tools\\scatInfo.pm
[Dependency] D:\MTK\MTK2503\MTK2503\11CW1418SP4_03_CORETEK03AE_11C_V1_GPRS_MMI\tools\pack_dep_gen.pm
[Dependency] D:\MTK\MTK2503\MTK2503\11CW1418SP4_03_CORETEK03AE_11C_V1_GPRS_MMI\.\tools\\CommonUtility.pm
[Dependency] D:\MTK\MTK2503\MTK2503\11CW1418SP4_03_CORETEK03AE_11C_V1_GPRS_MMI\.\tools\\FileInfoParser.pm
[Dependency] D:\MTK\MTK2503\MTK2503\11CW1418SP4_03_CORETEK03AE_11C_V1_GPRS_MMI\tools\sysgen2.pl
[Dependency] D:\MTK\MTK2503\MTK2503\11CW1418SP4_03_CORETEK03AE_11C_V1_GPRS_MMI\.\tools\\config_MemSegment.pm
[Dependency] D:\MTK\MTK2503\MTK2503\11CW1418SP4_03_CORETEK03AE_11C_V1_GPRS_MMI\.\tools\\sysgenUtility.pm
[Dependency] D:\MTK\MTK2503\MTK2503\11CW1418SP4_03_CORETEK03AE_11C_V1_GPRS_MMI\tools\scatGenFOTA.pl
[Dependency] D:\MTK\MTK2503\MTK2503\11CW1418SP4_03_CORETEK03AE_11C_V1_GPRS_MMI\.\tools\\scatInfo.pm
[Dependency] D:\MTK\MTK2503\MTK2503\11CW1418SP4_03_CORETEK03AE_11C_V1_GPRS_MMI\tools\pack_dep_gen.pm
[Dependency] D:\MTK\MTK2503\MTK2503\11CW1418SP4_03_CORETEK03AE_11C_V1_GPRS_MMI\.\tools\\CommonUtility.pm
[Dependency] D:\MTK\MTK2503\MTK2503\11CW1418SP4_03_CORETEK03AE_11C_V1_GPRS_MMI\.\tools\\FileInfoParser.pm
[Dependency] D:\MTK\MTK2503\MTK2503\11CW1418SP4_03_CORETEK03AE_11C_V1_GPRS_MMI\tools\sysgen2.pl
[Dependency] D:\MTK\MTK2503\MTK2503\11CW1418SP4_03_CORETEK03AE_11C_V1_GPRS_MMI\.\tools\\config_MemSegment.pm
[Dependency] D:\MTK\MTK2503\MTK2503\11CW1418SP4_03_CORETEK03AE_11C_V1_GPRS_MMI\.\tools\\sysgenUtility.pm
[Dependency] D:\MTK\MTK2503\MTK2503\11CW1418SP4_03_CORETEK03AE_11C_V1_GPRS_MMI\tools\scatGenFOTA.pl
[Dependency] D:\MTK\MTK2503\MTK2503\11CW1418SP4_03_CORETEK03AE_11C_V1_GPRS_MMI\.\tools\\scatInfo.pm
[Dependency] D:\MTK\MTK2503\MTK2503\11CW1418SP4_03_CORETEK03AE_11C_V1_GPRS_MMI\tools\pack_dep_gen.pm
[Dependency] D:\MTK\MTK2503\MTK2503\11CW1418SP4_03_CORETEK03AE_11C_V1_GPRS_MMI\.\tools\\CommonUtility.pm
[Dependency] D:\MTK\MTK2503\MTK2503\11CW1418SP4_03_CORETEK03AE_11C_V1_GPRS_MMI\.\tools\\FileInfoParser.pm
[Dependency] D:\MTK\MTK2503\MTK2503\11CW1418SP4_03_CORETEK03AE_11C_V1_GPRS_MMI\tools\sysgen2.pl
[Dependency] D:\MTK\MTK2503\MTK2503\11CW1418SP4_03_CORETEK03AE_11C_V1_GPRS_MMI\.\tools\\config_MemSegment.pm
[Dependency] D:\MTK\MTK2503\MTK2503\11CW1418SP4_03_CORETEK03AE_11C_V1_GPRS_MMI\.\tools\\sysgenUtility.pm
[Dependency] D:\MTK\MTK2503\MTK2503\11CW1418SP4_03_CORETEK03AE_11C_V1_GPRS_MMI\tools\scatGenFOTA.pl
[Dependency] D:\MTK\MTK2503\MTK2503\11CW1418SP4_03_CORETEK03AE_11C_V1_GPRS_MMI\.\tools\\scatInfo.pm
[Dependency] D:\MTK\MTK2503\MTK2503\11CW1418SP4_03_CORETEK03AE_11C_V1_GPRS_MMI\tools\pack_dep_gen.pm
[Dependency] D:\MTK\MTK2503\MTK2503\11CW1418SP4_03_CORETEK03AE_11C_V1_GPRS_MMI\.\tools\\CommonUtility.pm
[Dependency] D:\MTK\MTK2503\MTK2503\11CW1418SP4_03_CORETEK03AE_11C_V1_GPRS_MMI\.\tools\\FileInfoParser.pm
[Dependency] D:\MTK\MTK2503\MTK2503\11CW1418SP4_03_CORETEK03AE_11C_V1_GPRS_MMI\tools\sysgen2.pl
[Dependency] D:\MTK\MTK2503\MTK2503\11CW1418SP4_03_CORETEK03AE_11C_V1_GPRS_MMI\.\tools\\config_MemSegment.pm
[Dependency] D:\MTK\MTK2503\MTK2503\11CW1418SP4_03_CORETEK03AE_11C_V1_GPRS_MMI\.\tools\\sysgenUtility.pm
[Dependency] D:\MTK\MTK2503\MTK2503\11CW1418SP4_03_CORETEK03AE_11C_V1_GPRS_MMI\tools\scatGenFOTA.pl
[Dependency] D:\MTK\MTK2503\MTK2503\11CW1418SP4_03_CORETEK03AE_11C_V1_GPRS_MMI\.\tools\\scatInfo.pm
[Dependency] D:\MTK\MTK2503\MTK2503\11CW1418SP4_03_CORETEK03AE_11C_V1_GPRS_MMI\tools\pack_dep_gen.pm
[Dependency] D:\MTK\MTK2503\MTK2503\11CW1418SP4_03_CORETEK03AE_11C_V1_GPRS_MMI\.\tools\\CommonUtility.pm
[Dependency] D:\MTK\MTK2503\MTK2503\11CW1418SP4_03_CORETEK03AE_11C_V1_GPRS_MMI\.\tools\\FileInfoParser.pm

[DYNAMIC_DNC]DYNAMIC_CACHEABLE_EXTSRAM_DEFAULT_NONCACHEABLE_ZI_MMIPOOL DYNAMIC_CACHEABLE_EXTSRAM_DEFAULT_NONCACHEABLE_ZI DYNAMIC_CACHEABLE_EXTSRAM_DEFAULT_NONCACHEABLE_RW
[VECTOR_TABLE]DUMP_VECTOR_TABLE
[CACHED_RW]CACHED_EXTSRAM CACHED_EXTSRAM_NVRAM_LTABLE EXTSRAM_GADGET
[DYNAMIC_DNC_VA]DYNAMIC_CACHEABLE_EXTSRAM_DEFAULT_NONCACHEABLE_ZI_MMIPOOL DYNAMIC_CACHEABLE_EXTSRAM_DEFAULT_NONCACHEABLE_ZI DYNAMIC_CACHEABLE_EXTSRAM_DEFAULT_NONCACHEABLE_RW
[NONCACHED_RW]SINGLE_BANK_CODE EXTSRAM
[NONCACHED_RW]EXTSRAM_DSP_TX
[NONCACHED_RW]EXTSRAM_DSP_RX
[DYNAMIC_DC]DYNAMIC_CACHEABLE_EXTSRAM_DEFAULT_CACHEABLE_RW DYNAMIC_CACHEABLE_EXTSRAM_DEFAULT_CACHEABLE_ZI_MMIPOOL DYNAMIC_CACHEABLE_EXTSRAM_DEFAULT_CACHEABLE_ZI
[INTSRAM]INTSRAM_CODE
[INTSRAM]INTSRAM_DATA
[DYNAMIC_DC_PA]DYNAMIC_CACHEABLE_EXTSRAM_DEFAULT_CACHEABLE_RW DYNAMIC_CACHEABLE_EXTSRAM_DEFAULT_CACHEABLE_ZI_MMIPOOL DYNAMIC_CACHEABLE_EXTSRAM_DEFAULT_CACHEABLE_ZI


[DYNAMIC_DNC]DYNAMIC_CACHEABLE_EXTSRAM_DEFAULT_NONCACHEABLE_ZI_MMIPOOL DYNAMIC_CACHEABLE_EXTSRAM_DEFAULT_NONCACHEABLE_ZI DYNAMIC_CACHEABLE_EXTSRAM_DEFAULT_NONCACHEABLE_RW
[VECTOR_TABLE]DUMP_VECTOR_TABLE
[CACHED_RW]CACHED_EXTSRAM CACHED_EXTSRAM_NVRAM_LTABLE EXTSRAM_GADGET
[DYNAMIC_DNC_VA]DYNAMIC_CACHEABLE_EXTSRAM_DEFAULT_NONCACHEABLE_ZI_MMIPOOL DYNAMIC_CACHEABLE_EXTSRAM_DEFAULT_NONCACHEABLE_ZI DYNAMIC_CACHEABLE_EXTSRAM_DEFAULT_NONCACHEABLE_RW
[NONCACHED_RW]SINGLE_BANK_CODE EXTSRAM
[NONCACHED_RW]EXTSRAM_DSP_TX
[NONCACHED_RW]EXTSRAM_DSP_RX
[DYNAMIC_DC]DYNAMIC_CACHEABLE_EXTSRAM_DEFAULT_CACHEABLE_RW DYNAMIC_CACHEABLE_EXTSRAM_DEFAULT_CACHEABLE_ZI_MMIPOOL DYNAMIC_CACHEABLE_EXTSRAM_DEFAULT_CACHEABLE_ZI
[INTSRAM]INTSRAM_CODE
[INTSRAM]INTSRAM_DATA
[DYNAMIC_DC_PA]DYNAMIC_CACHEABLE_EXTSRAM_DEFAULT_CACHEABLE_RW DYNAMIC_CACHEABLE_EXTSRAM_DEFAULT_CACHEABLE_ZI_MMIPOOL DYNAMIC_CACHEABLE_EXTSRAM_DEFAULT_CACHEABLE_ZI

