Module system is in DEBUG mode
Compiling hal\system\cirq\src\ADIE_Eint.c ... 
"hal\system\cirq\src\ADIE_Eint.c", line 438: Warning:  #177-D: variable "count" was declared but never referenced
  	kal_uint16 count;
  	           ^
"hal\system\cirq\src\ADIE_Eint.c", line 965: Warning:  #177-D: variable "RTC_Count1" was declared but never referenced
      kal_uint32 RTC_Count1, RTC_Count2;
                 ^
"hal\system\cirq\src\ADIE_Eint.c", line 965: Warning:  #177-D: variable "RTC_Count2" was declared but never referenced
      kal_uint32 RTC_Count1, RTC_Count2;
                             ^
hal\system\cirq\src\ADIE_Eint.c: 3 warnings, 0 errors
Compiling hal\system\cirq\src\ADIE_intrCtrl.c ... 
"hal\system\cirq\src\ADIE_intrCtrl.c", line 386: Warning:  #177-D: variable "activated_mask" was declared but never referenced
      kal_uint32 irqx, activated_mask, i;
                       ^
"hal\system\cirq\src\ADIE_intrCtrl.c", line 386: Warning:  #177-D: variable "i" was declared but never referenced
      kal_uint32 irqx, activated_mask, i;
                                       ^
"hal\system\cirq\src\ADIE_intrCtrl.c", line 164: Warning:  #550-D: variable "ADIE_processing_lisr" was set but never used
  static void      *ADIE_processing_lisr = NULL;
                    ^
hal\system\cirq\src\ADIE_intrCtrl.c: 3 warnings, 0 errors
Compiling hal\system\AP_BtSS\src\AP_BtSS_callbacks.c ... 
Compiling hal\system\cirq\src\Eint.c ... 
"hal\system\cirq\src\Eint.c", line 763: Warning:  #513-D: a value of type "void (*)(void)" cannot be assigned to an entity of type "void (*)(kal_uint8)"
           EINT_FUNC[eintno].eint_func = reg_hisr;
                                       ^
"hal\system\cirq\src\Eint.c", line 852: Warning:  #513-D: a value of type "void (*)(void)" cannot be assigned to an entity of type "void (*)(kal_uint8)"
        EINT_FUNC[eintno].eint_func = reg_hisr;
                                    ^
"hal\system\cirq\src\Eint.c", line 1897: Warning:  #177-D: variable "count" was declared but never referenced
     kal_uint16 count;
                ^
"hal\system\cirq\src\Eint.c", line 2216: Warning:  #223-D: function "ADIE_EINT_Set_Sensitivity_internal" declared implicitly
  		 return ADIE_EINT_Set_Sensitivity_internal(EINT_GLB_TO_ADIE(eintno), sens);
  		        ^
"hal\system\cirq\src\Eint.c", line 2258: Warning:  #223-D: function "ADIE_EINT_Get_Sensitivity" declared implicitly
  		return ADIE_EINT_Get_Sensitivity(EINT_GLB_TO_ADIE(eintno));
  		       ^
"hal\system\cirq\src\Eint.c", line 2282: Warning:  #223-D: function "ADIE_EINT_Get_Polarity" declared implicitly
  		return ADIE_EINT_Get_Polarity(EINT_GLB_TO_ADIE(eintno));
  		       ^
"hal\system\cirq\src\Eint.c", line 2703: Warning:  #177-D: variable "RTC_Count1" was declared but never referenced
     kal_uint32 RTC_Count1, RTC_Count2;
                ^
"hal\system\cirq\src\Eint.c", line 2703: Warning:  #177-D: variable "RTC_Count2" was declared but never referenced
     kal_uint32 RTC_Count1, RTC_Count2;
                            ^
hal\system\cirq\src\Eint.c: 8 warnings, 0 errors
Compiling hal\system\FTL\src\FTL.c ... 
"hal\system\FTL\src\FTL.c", line 512: Warning:  #177-D: variable "status" was declared but never referenced
     kal_int32 status;
               ^
"hal\system\FTL\src\FTL.c", line 540: Warning:  #177-D: variable "status" was declared but never referenced
     kal_int32 status;
               ^
hal\system\FTL\src\FTL.c: 2 warnings, 0 errors
Compiling hal\system\pmu\src\arm11_pmu_montr.c ... 
Compiling hal\system\init\src\arm_unaligned.s ... 
Warning: A3910W: Old syntax, please use '--16'.
Warning: A3910W: Old syntax, please use '--pd'.
Warning: A3910W: Old syntax, please use '--pd'.
Warning: A3910W: Old syntax, please use '--pd'.
Warning: A3910W: Old syntax, please use '--pd'.
Warning: A3910W: Old syntax, please use '--pd'.
Warning: A3910W: Old syntax, please use '--pd'.
Warning: A3910W: Old syntax, please use '--pd'.
Warning: A3910W: Old syntax, please use '--pd'.
Warning: A3910W: Old syntax, please use '--pd'.
Warning: A3910W: Old syntax, please use '--pd'.
Warning: A3910W: Old syntax, please use '--pd'.
Warning: A3910W: Old syntax, please use '--pd'.
Warning: A3910W: Old syntax, please use '--pd'.
Warning: A3910W: Old syntax, please use '--pd'.
Warning: A3910W: Old syntax, please use '--pd'.
Warning: A3910W: Old syntax, please use '--pd'.
Warning: A3910W: Old syntax, please use '--pd'.
Warning: A3910W: Old syntax, please use '--pd'.
"hal\system\init\src\arm_unaligned.s", line 474: Warning: A1488W: PROC/FUNC at line 183 in 'hal\system\init\src\arm_unaligned.s' without matching ENDP/ENDFUNC
  474 000001a0     END
0 Errors, 20 Warnings
Compiling hal\system\init\src\armlibc_rt.c ... 
Compiling hal\system\init\src\armlibc_rt_heap.c ... 
Compiling hal\system\init\src\armlibc_rt_io.c ... 
Compiling hal\system\init\src\boot_cert_pattern.c ... 
Pre-compiling hal\system\init\src\bootarm.s ... 
Compiling hal\system\init\src\bootarm.s ... 
Warning: A3910W: Old syntax, please use '--16'.
Warning: A3910W: Old syntax, please use '--pd'.
Warning: A3910W: Old syntax, please use '--pd'.
Warning: A3910W: Old syntax, please use '--pd'.
Warning: A3910W: Old syntax, please use '--pd'.
Warning: A3910W: Old syntax, please use '--pd'.
Warning: A3910W: Old syntax, please use '--pd'.
Warning: A3910W: Old syntax, please use '--pd'.
Warning: A3910W: Old syntax, please use '--pd'.
Warning: A3910W: Old syntax, please use '--pd'.
Warning: A3910W: Old syntax, please use '--pd'.
Warning: A3910W: Old syntax, please use '--pd'.
Warning: A3910W: Old syntax, please use '--pd'.
Warning: A3910W: Old syntax, please use '--pd'.
Warning: A3910W: Old syntax, please use '--pd'.
Warning: A3910W: Old syntax, please use '--pd'.
Warning: A3910W: Old syntax, please use '--pd'.
Warning: A3910W: Old syntax, please use '--pd'.
Warning: A3910W: Old syntax, please use '--pd'.
0 Errors, 19 Warnings
Compiling hal\system\GFH\public\br_GFH_file_info.c ... 
Compiling hal\system\GFH\public\br_GFH_parser.c ... 
Compiling hal\system\cache\src\cache.c ... 
"hal\system\cache\src\cache.c", line 2637: Warning:  #177-D: variable "size" was declared but never referenced
     kal_uint32     size;
                    ^
"hal\system\cache\src\cache.c", line 3335: Warning:  #177-D: variable "j" was declared but never referenced
      kal_uint32 i = 0, j=0;
                        ^
"hal\system\cache\src\cache.c", line 3336: Warning:  #177-D: variable "lock_counter" was declared but never referenced
      kal_uint32 lock_counter=0;
                 ^
"hal\system\cache\src\cache.c", line 3337: Warning:  #177-D: variable "irq_mask" was declared but never referenced
      kal_uint32 irq_mask;
                 ^
"hal\system\cache\src\cache.c", line 4157: Warning:  #177-D: variable "region_temp" was declared but never referenced
      EXTSRAM_REGION_INFO_T region_temp;
                            ^
hal\system\cache\src\cache.c: 5 warnings, 0 errors
Compiling hal\system\CBR\src\cbr.c ... 
Compiling hal\system\CBR\src\cbr_util.c ... 
"hal\system\CBR\src\cbr_util.c", line 204: Warning:  #223-D: function "kal_tmp_mem_alloc" declared implicitly
     stackBuffer = (kal_uint32*)kal_tmp_mem_alloc(CBR_WORKING_STACK_SIZE);
                                ^
"hal\system\CBR\src\cbr_util.c", line 206: Warning:  #167-D: argument of type "kal_int32 (*)(kal_uint32, kal_uint32)" is incompatible with parameter of type "kal_func_ptr"
     status = INT_SwitchStackToRun(stackBuffer, CBR_WORKING_STACK_SIZE, CBR_Init, 2, E_CBR_IDX_CBR, cbrStartBlock);
                                                                        ^
"hal\system\CBR\src\cbr_util.c", line 208: Warning:  #223-D: function "kal_tmp_mem_free" declared implicitly
     kal_tmp_mem_free(stackBuffer);
     ^
"hal\system\CBR\src\cbr_util.c", line 180: Warning:  #177-D: variable "mainRegionStart" was declared but never referenced
     kal_uint32 mainRegionStart;
                ^
hal\system\CBR\src\cbr_util.c: 4 warnings, 0 errors
Compiling hal\system\compression\src\code_decompression_hal.c ... 
Compiling hal\system\cache\src\cp15.s ... 
Warning: A3910W: Old syntax, please use '--16'.
Warning: A3910W: Old syntax, please use '--pd'.
Warning: A3910W: Old syntax, please use '--pd'.
Warning: A3910W: Old syntax, please use '--pd'.
Warning: A3910W: Old syntax, please use '--pd'.
Warning: A3910W: Old syntax, please use '--pd'.
Warning: A3910W: Old syntax, please use '--pd'.
Warning: A3910W: Old syntax, please use '--pd'.
Warning: A3910W: Old syntax, please use '--pd'.
Warning: A3910W: Old syntax, please use '--pd'.
Warning: A3910W: Old syntax, please use '--pd'.
Warning: A3910W: Old syntax, please use '--pd'.
Warning: A3910W: Old syntax, please use '--pd'.
Warning: A3910W: Old syntax, please use '--pd'.
Warning: A3910W: Old syntax, please use '--pd'.
Warning: A3910W: Old syntax, please use '--pd'.
Warning: A3910W: Old syntax, please use '--pd'.
Warning: A3910W: Old syntax, please use '--pd'.
Warning: A3910W: Old syntax, please use '--pd'.
0 Errors, 19 Warnings
Compiling hal\system\dcm\src\dcm.c ... 
"hal\system\dcm\src\dcm.c", line 219: Warning:  #68-D: integer conversion resulted in a change of sign
  volatile static kal_uint32 dcm_state = -1;
                                         ^
"hal\system\dcm\src\dcm.c", line 288: Warning:  #68-D: integer conversion resulted in a change of sign
     if(0 == dcm.dcmDisable && dcm_state != -1)
                                            ^
"hal\system\dcm\src\dcm.c", line 311: Warning:  #68-D: integer conversion resulted in a change of sign
     if(0 == dcm.dcmDisable && dcm_state != -1)
                                            ^
"hal\system\dcm\src\dcm.c", line 520: Warning:  #177-D: variable "_savedMask" was declared but never referenced
      kal_uint32 _savedMask;
                 ^
"hal\system\dcm\src\dcm.c", line 611: Warning:  #550-D: variable "duration" was set but never used
                  register kal_uint32 start, end, duration;
                                                  ^
hal\system\dcm\src\dcm.c: 5 warnings, 0 errors
Compiling hal\system\dcm\src\dcm_service.c ... 
"hal\system\dcm\src\dcm_service.c", line 9: Warning:  #177-D: variable "dropVoltageCount" was declared but never referenced
  static kal_uint32 dropVoltageCount = 0;
                    ^
hal\system\dcm\src\dcm_service.c: 1 warning, 0 errors
Compiling hal\system\dcmgr\src\dcmgr_pl.c ... 
"hal\system\dcmgr\src\dcmgr_pl.c", line 2425: Warning:  #940-D: missing return statement at end of non-void function "DCM_Isloaded"
  kal_bool DCM_Isloaded( kal_int32 dynamic_code_id ) { }
                                                       ^
"hal\system\dcmgr\src\dcmgr_pl.c", line 2427: Warning:  #940-D: missing return statement at end of non-void function "DCM_IsAvailable"
  kal_bool DCM_IsAvailable( kal_int32 dynamic_code_id ) { }
                                                          ^
hal\system\dcmgr\src\dcmgr_pl.c: 2 warnings, 0 errors
Compiling hal\system\dma\src\dma.c ... 
Compiling hal\system\emi\src\emi.c ... 
Compiling hal\system\timer\src\event_timer.c ... 
Compiling hal\system\excep_hdlr\src\excep_hdlr.c ... 
Compiling hal\system\DP\src\fault.c ... 
Compiling hal\system\init\src\idle_task.c ... 
Compiling hal\system\init\src\info.c ... 
Compiling hal\system\init\src\init.c ... 
"hal\system\init\src\init.c", line 3043: Warning:  #177-D: variable "p_mmi_symblo_addr" was declared but never referenced
      unsigned int* p_mmi_symblo_addr = NULL;
                    ^
hal\system\init\src\init.c: 1 warning, 0 errors
Compiling hal\system\init\src\init_comm.c ... 
"hal\system\init\src\init_comm.c", line 1206: Warning:  #111-D: statement is unreachable
      		sprintf(tempStr, "Chip check: %02d", val_2503e);
      		^
hal\system\init\src\init_comm.c: 1 warning, 0 errors
Compiling hal\system\region\src\init_memory_stack.c ... 
"hal\system\region\src\init_memory_stack.c", line 977: Warning:  #223-D: function "AliceGetRawDataAddress" declared implicitly
     return AliceGetRawDataAddress(INT_RetrieveRemappedFlashBaseAddr());
            ^
hal\system\region\src\init_memory_stack.c: 1 warning, 0 errors
Compiling hal\system\init\src\init_trc.c ... 
Compiling hal\system\cirq\src\intrCtrl.c ... 
"hal\system\cirq\src\intrCtrl.c", line 2488: Warning:  #223-D: function "ADIE_IRQSensitivity_internal" declared implicitly
  		  ADIE_IRQSensitivity_internal(IRQ_CODE_GLB_TO_ADIE(code), edge);
  		  ^
"hal\system\cirq\src\intrCtrl.c", line 2521: Warning:  #223-D: function "ADIE_IRQ_Get_Sensitivity" declared implicitly
         return ADIE_IRQ_Get_Sensitivity(IRQ_CODE_GLB_TO_ADIE(code));
                ^
hal\system\cirq\src\intrCtrl.c: 2 warnings, 0 errors
Compiling hal\system\cirq\src\irq.s ... 
Warning: A3910W: Old syntax, please use '--16'.
Warning: A3910W: Old syntax, please use '--pd'.
Warning: A3910W: Old syntax, please use '--pd'.
Warning: A3910W: Old syntax, please use '--pd'.
Warning: A3910W: Old syntax, please use '--pd'.
Warning: A3910W: Old syntax, please use '--pd'.
Warning: A3910W: Old syntax, please use '--pd'.
Warning: A3910W: Old syntax, please use '--pd'.
Warning: A3910W: Old syntax, please use '--pd'.
Warning: A3910W: Old syntax, please use '--pd'.
Warning: A3910W: Old syntax, please use '--pd'.
Warning: A3910W: Old syntax, please use '--pd'.
Warning: A3910W: Old syntax, please use '--pd'.
Warning: A3910W: Old syntax, please use '--pd'.
Warning: A3910W: Old syntax, please use '--pd'.
Warning: A3910W: Old syntax, please use '--pd'.
Warning: A3910W: Old syntax, please use '--pd'.
Warning: A3910W: Old syntax, please use '--pd'.
Warning: A3910W: Old syntax, please use '--pd'.
0 Errors, 19 Warnings
Compiling hal\system\cirq\src\isrentry.c ... 
Compiling hal\system\GFH\public\maui_GFH_body.c ... 
Compiling hal\system\init\src\misc.s ... 
Warning: A3910W: Old syntax, please use '--16'.
Warning: A3910W: Old syntax, please use '--pd'.
Warning: A3910W: Old syntax, please use '--pd'.
Warning: A3910W: Old syntax, please use '--pd'.
Warning: A3910W: Old syntax, please use '--pd'.
Warning: A3910W: Old syntax, please use '--pd'.
Warning: A3910W: Old syntax, please use '--pd'.
Warning: A3910W: Old syntax, please use '--pd'.
Warning: A3910W: Old syntax, please use '--pd'.
Warning: A3910W: Old syntax, please use '--pd'.
Warning: A3910W: Old syntax, please use '--pd'.
Warning: A3910W: Old syntax, please use '--pd'.
Warning: A3910W: Old syntax, please use '--pd'.
Warning: A3910W: Old syntax, please use '--pd'.
Warning: A3910W: Old syntax, please use '--pd'.
Warning: A3910W: Old syntax, please use '--pd'.
Warning: A3910W: Old syntax, please use '--pd'.
Warning: A3910W: Old syntax, please use '--pd'.
Warning: A3910W: Old syntax, please use '--pd'.
0 Errors, 19 Warnings
Compiling hal\system\init\src\nfb_loader.c ... 
Compiling hal\system\pdn\src\pdn.c ... 
Compiling hal\system\pdn\src\pdnoldarch.c ... 
Compiling hal\system\pll\src\pll.c ... 
Compiling hal\system\region\src\regioninit_ads.s ... 
Warning: A3910W: Old syntax, please use '--16'.
Warning: A3910W: Old syntax, please use '--pd'.
Warning: A3910W: Old syntax, please use '--pd'.
Warning: A3910W: Old syntax, please use '--pd'.
Warning: A3910W: Old syntax, please use '--pd'.
Warning: A3910W: Old syntax, please use '--pd'.
Warning: A3910W: Old syntax, please use '--pd'.
Warning: A3910W: Old syntax, please use '--pd'.
Warning: A3910W: Old syntax, please use '--pd'.
Warning: A3910W: Old syntax, please use '--pd'.
Warning: A3910W: Old syntax, please use '--pd'.
Warning: A3910W: Old syntax, please use '--pd'.
Warning: A3910W: Old syntax, please use '--pd'.
Warning: A3910W: Old syntax, please use '--pd'.
Warning: A3910W: Old syntax, please use '--pd'.
Warning: A3910W: Old syntax, please use '--pd'.
Warning: A3910W: Old syntax, please use '--pd'.
Warning: A3910W: Old syntax, please use '--pd'.
Warning: A3910W: Old syntax, please use '--pd'.
"hal\system\region\src\regioninit_ads.s", line 748: Warning: A1757W: Symbol attributes must be within square brackets; Any other syntax is deprecated
    at line 522 in macro macro_RegionInit in 'hal\system\region\src\regioninit_ads.s'

  522 00000004         IMPORT |Load$$EMIINIT_CODE$$Base|, WEAK
"hal\system\region\src\regioninit_ads.s", line 748: Warning: A1757W: Symbol attributes must be within square brackets; Any other syntax is deprecated
    at line 523 in macro macro_RegionInit in 'hal\system\region\src\regioninit_ads.s'

  523 00000004         IMPORT |Image$$EMIINIT_CODE$$Base|, WEAK
"hal\system\region\src\regioninit_ads.s", line 748: Warning: A1757W: Symbol attributes must be within square brackets; Any other syntax is deprecated
    at line 524 in macro macro_RegionInit in 'hal\system\region\src\regioninit_ads.s'

  524 00000004         IMPORT |Image$$EMIINIT_CODE$$Length|, WEAK
"hal\system\region\src\regioninit_ads.s", line 748: Warning: A1757W: Symbol attributes must be within square brackets; Any other syntax is deprecated
    at line 525 in macro macro_RegionInit in 'hal\system\region\src\regioninit_ads.s'

  525 00000004         IMPORT |Image$$EMIINIT_CODE$$ZI$$Base|, WEAK
"hal\system\region\src\regioninit_ads.s", line 748: Warning: A1757W: Symbol attributes must be within square brackets; Any other syntax is deprecated
    at line 526 in macro macro_RegionInit in 'hal\system\region\src\regioninit_ads.s'

  526 00000004         IMPORT |Image$$EMIINIT_CODE$$ZI$$Length|, WEAK
"hal\system\region\src\regioninit_ads.s", line 751: Warning: A1757W: Symbol attributes must be within square brackets; Any other syntax is deprecated
    at line 522 in macro macro_RegionInit in 'hal\system\region\src\regioninit_ads.s'

  522 00000030         IMPORT |Load$$INTSRAM_DATA_PREINIT$$Base|, WEAK
"hal\system\region\src\regioninit_ads.s", line 751: Warning: A1757W: Symbol attributes must be within square brackets; Any other syntax is deprecated
    at line 523 in macro macro_RegionInit in 'hal\system\region\src\regioninit_ads.s'

  523 00000030         IMPORT |Image$$INTSRAM_DATA_PREINIT$$Base|, WEAK
"hal\system\region\src\regioninit_ads.s", line 751: Warning: A1757W: Symbol attributes must be within square brackets; Any other syntax is deprecated
    at line 524 in macro macro_RegionInit in 'hal\system\region\src\regioninit_ads.s'

  524 00000030         IMPORT |Image$$INTSRAM_DATA_PREINIT$$Length|, WEAK
"hal\system\region\src\regioninit_ads.s", line 751: Warning: A1757W: Symbol attributes must be within square brackets; Any other syntax is deprecated
    at line 525 in macro macro_RegionInit in 'hal\system\region\src\regioninit_ads.s'

  525 00000030         IMPORT |Image$$INTSRAM_DATA_PREINIT$$ZI$$Base|, WEAK
"hal\system\region\src\regioninit_ads.s", line 751: Warning: A1757W: Symbol attributes must be within square brackets; Any other syntax is deprecated
    at line 526 in macro macro_RegionInit in 'hal\system\region\src\regioninit_ads.s'

  526 00000030         IMPORT |Image$$INTSRAM_DATA_PREINIT$$ZI$$Length|, WEAK
"hal\system\region\src\regioninit_ads.s", line 754: Warning: A1757W: Symbol attributes must be within square brackets; Any other syntax is deprecated
    at line 522 in macro macro_RegionInit in 'hal\system\region\src\regioninit_ads.s'

  522 0000005c         IMPORT |Load$$SINGLE_BANK_CODE$$Base|, WEAK
"hal\system\region\src\regioninit_ads.s", line 754: Warning: A1757W: Symbol attributes must be within square brackets; Any other syntax is deprecated
    at line 523 in macro macro_RegionInit in 'hal\system\region\src\regioninit_ads.s'

  523 0000005c         IMPORT |Image$$SINGLE_BANK_CODE$$Base|, WEAK
"hal\system\region\src\regioninit_ads.s", line 754: Warning: A1757W: Symbol attributes must be within square brackets; Any other syntax is deprecated
    at line 524 in macro macro_RegionInit in 'hal\system\region\src\regioninit_ads.s'

  524 0000005c         IMPORT |Image$$SINGLE_BANK_CODE$$Length|, WEAK
"hal\system\region\src\regioninit_ads.s", line 754: Warning: A1757W: Symbol attributes must be within square brackets; Any other syntax is deprecated
    at line 525 in macro macro_RegionInit in 'hal\system\region\src\regioninit_ads.s'

  525 0000005c         IMPORT |Image$$SINGLE_BANK_CODE$$ZI$$Base|, WEAK
"hal\system\region\src\regioninit_ads.s", line 754: Warning: A1757W: Symbol attributes must be within square brackets; Any other syntax is deprecated
    at line 526 in macro macro_RegionInit in 'hal\system\region\src\regioninit_ads.s'

  526 0000005c         IMPORT |Image$$SINGLE_BANK_CODE$$ZI$$Length|, WEAK
"hal\system\region\src\regioninit_ads.s", line 851: Warning: A1757W: Symbol attributes must be within square brackets; Any other syntax is deprecated
    at line 522 in macro macro_RegionInit in 'hal\system\region\src\regioninit_ads.s'

  522 000000a0         IMPORT |Load$$EXTSRAM_DSP_TX$$Base|, WEAK
"hal\system\region\src\regioninit_ads.s", line 851: Warning: A1757W: Symbol attributes must be within square brackets; Any other syntax is deprecated
    at line 523 in macro macro_RegionInit in 'hal\system\region\src\regioninit_ads.s'

  523 000000a0         IMPORT |Image$$EXTSRAM_DSP_TX$$Base|, WEAK
"hal\system\region\src\regioninit_ads.s", line 851: Warning: A1757W: Symbol attributes must be within square brackets; Any other syntax is deprecated
    at line 524 in macro macro_RegionInit in 'hal\system\region\src\regioninit_ads.s'

  524 000000a0         IMPORT |Image$$EXTSRAM_DSP_TX$$Length|, WEAK
"hal\system\region\src\regioninit_ads.s", line 851: Warning: A1757W: Symbol attributes must be within square brackets; Any other syntax is deprecated
    at line 525 in macro macro_RegionInit in 'hal\system\region\src\regioninit_ads.s'

  525 000000a0         IMPORT |Image$$EXTSRAM_DSP_TX$$ZI$$Base|, WEAK
"hal\system\region\src\regioninit_ads.s", line 851: Warning: A1757W: Symbol attributes must be within square brackets; Any other syntax is deprecated
    at line 526 in macro macro_RegionInit in 'hal\system\region\src\regioninit_ads.s'

  526 000000a0         IMPORT |Image$$EXTSRAM_DSP_TX$$ZI$$Length|, WEAK
"hal\system\region\src\regioninit_ads.s", line 852: Warning: A1757W: Symbol attributes must be within square brackets; Any other syntax is deprecated
    at line 522 in macro macro_RegionInit in 'hal\system\region\src\regioninit_ads.s'

  522 000000cc         IMPORT |Load$$EXTSRAM_DSP_RX$$Base|, WEAK
"hal\system\region\src\regioninit_ads.s", line 852: Warning: A1757W: Symbol attributes must be within square brackets; Any other syntax is deprecated
    at line 523 in macro macro_RegionInit in 'hal\system\region\src\regioninit_ads.s'

  523 000000cc         IMPORT |Image$$EXTSRAM_DSP_RX$$Base|, WEAK
"hal\system\region\src\regioninit_ads.s", line 852: Warning: A1757W: Symbol attributes must be within square brackets; Any other syntax is deprecated
    at line 524 in macro macro_RegionInit in 'hal\system\region\src\regioninit_ads.s'

  524 000000cc         IMPORT |Image$$EXTSRAM_DSP_RX$$Length|, WEAK
"hal\system\region\src\regioninit_ads.s", line 852: Warning: A1757W: Symbol attributes must be within square brackets; Any other syntax is deprecated
    at line 525 in macro macro_RegionInit in 'hal\system\region\src\regioninit_ads.s'

  525 000000cc         IMPORT |Image$$EXTSRAM_DSP_RX$$ZI$$Base|, WEAK
"hal\system\region\src\regioninit_ads.s", line 852: Warning: A1757W: Symbol attributes must be within square brackets; Any other syntax is deprecated
    at line 526 in macro macro_RegionInit in 'hal\system\region\src\regioninit_ads.s'

  526 000000cc         IMPORT |Image$$EXTSRAM_DSP_RX$$ZI$$Length|, WEAK
"hal\system\region\src\regioninit_ads.s", line 972: Warning: A1757W: Symbol attributes must be within square brackets; Any other syntax is deprecated
    at line 522 in macro macro_RegionInit in 'hal\system\region\src\regioninit_ads.s'

  522 00000108         IMPORT |Load$$PAGE_TABLE$$Base|, WEAK
"hal\system\region\src\regioninit_ads.s", line 972: Warning: A1757W: Symbol attributes must be within square brackets; Any other syntax is deprecated
    at line 523 in macro macro_RegionInit in 'hal\system\region\src\regioninit_ads.s'

  523 00000108         IMPORT |Image$$PAGE_TABLE$$Base|, WEAK
"hal\system\region\src\regioninit_ads.s", line 972: Warning: A1757W: Symbol attributes must be within square brackets; Any other syntax is deprecated
    at line 524 in macro macro_RegionInit in 'hal\system\region\src\regioninit_ads.s'

  524 00000108         IMPORT |Image$$PAGE_TABLE$$Length|, WEAK
"hal\system\region\src\regioninit_ads.s", line 972: Warning: A1757W: Symbol attributes must be within square brackets; Any other syntax is deprecated
    at line 525 in macro macro_RegionInit in 'hal\system\region\src\regioninit_ads.s'

  525 00000108         IMPORT |Image$$PAGE_TABLE$$ZI$$Base|, WEAK
"hal\system\region\src\regioninit_ads.s", line 972: Warning: A1757W: Symbol attributes must be within square brackets; Any other syntax is deprecated
    at line 526 in macro macro_RegionInit in 'hal\system\region\src\regioninit_ads.s'

  526 00000108         IMPORT |Image$$PAGE_TABLE$$ZI$$Length|, WEAK
"hal\system\region\src\regioninit_ads.s", line 973: Warning: A1757W: Symbol attributes must be within square brackets; Any other syntax is deprecated
    at line 522 in macro macro_RegionInit in 'hal\system\region\src\regioninit_ads.s'

  522 00000134         IMPORT |Load$$CACHED_EXTSRAM$$Base|, WEAK
"hal\system\region\src\regioninit_ads.s", line 973: Warning: A1757W: Symbol attributes must be within square brackets; Any other syntax is deprecated
    at line 523 in macro macro_RegionInit in 'hal\system\region\src\regioninit_ads.s'

  523 00000134         IMPORT |Image$$CACHED_EXTSRAM$$Base|, WEAK
"hal\system\region\src\regioninit_ads.s", line 973: Warning: A1757W: Symbol attributes must be within square brackets; Any other syntax is deprecated
    at line 524 in macro macro_RegionInit in 'hal\system\region\src\regioninit_ads.s'

  524 00000134         IMPORT |Image$$CACHED_EXTSRAM$$Length|, WEAK
"hal\system\region\src\regioninit_ads.s", line 973: Warning: A1757W: Symbol attributes must be within square brackets; Any other syntax is deprecated
    at line 525 in macro macro_RegionInit in 'hal\system\region\src\regioninit_ads.s'

  525 00000134         IMPORT |Image$$CACHED_EXTSRAM$$ZI$$Base|, WEAK
"hal\system\region\src\regioninit_ads.s", line 973: Warning: A1757W: Symbol attributes must be within square brackets; Any other syntax is deprecated
    at line 526 in macro macro_RegionInit in 'hal\system\region\src\regioninit_ads.s'

  526 00000134         IMPORT |Image$$CACHED_EXTSRAM$$ZI$$Length|, WEAK
"hal\system\region\src\regioninit_ads.s", line 974: Warning: A1757W: Symbol attributes must be within square brackets; Any other syntax is deprecated
    at line 522 in macro macro_RegionInit in 'hal\system\region\src\regioninit_ads.s'

  522 00000160         IMPORT |Load$$CACHED_EXTSRAM_PROTECTED_RES$$Base|, WEAK
"hal\system\region\src\regioninit_ads.s", line 974: Warning: A1757W: Symbol attributes must be within square brackets; Any other syntax is deprecated
    at line 523 in macro macro_RegionInit in 'hal\system\region\src\regioninit_ads.s'

  523 00000160         IMPORT |Image$$CACHED_EXTSRAM_PROTECTED_RES$$Base|, WEAK
"hal\system\region\src\regioninit_ads.s", line 974: Warning: A1757W: Symbol attributes must be within square brackets; Any other syntax is deprecated
    at line 524 in macro macro_RegionInit in 'hal\system\region\src\regioninit_ads.s'

  524 00000160         IMPORT |Image$$CACHED_EXTSRAM_PROTECTED_RES$$Length|, WEAK
"hal\system\region\src\regioninit_ads.s", line 974: Warning: A1757W: Symbol attributes must be within square brackets; Any other syntax is deprecated
    at line 525 in macro macro_RegionInit in 'hal\system\region\src\regioninit_ads.s'

  525 00000160         IMPORT |Image$$CACHED_EXTSRAM_PROTECTED_RES$$ZI$$Base|, WEAK
"hal\system\region\src\regioninit_ads.s", line 974: Warning: A1757W: Symbol attributes must be within square brackets; Any other syntax is deprecated
    at line 526 in macro macro_RegionInit in 'hal\system\region\src\regioninit_ads.s'

  526 00000160         IMPORT |Image$$CACHED_EXTSRAM_PROTECTED_RES$$ZI$$Length|, WEAK
"hal\system\region\src\regioninit_ads.s", line 975: Warning: A1757W: Symbol attributes must be within square brackets; Any other syntax is deprecated
    at line 522 in macro macro_RegionInit in 'hal\system\region\src\regioninit_ads.s'

  522 0000018c         IMPORT |Load$$CACHED_EXTSRAM_NVRAM_LTABLE$$Base|, WEAK
"hal\system\region\src\regioninit_ads.s", line 975: Warning: A1757W: Symbol attributes must be within square brackets; Any other syntax is deprecated
    at line 523 in macro macro_RegionInit in 'hal\system\region\src\regioninit_ads.s'

  523 0000018c         IMPORT |Image$$CACHED_EXTSRAM_NVRAM_LTABLE$$Base|, WEAK
"hal\system\region\src\regioninit_ads.s", line 975: Warning: A1757W: Symbol attributes must be within square brackets; Any other syntax is deprecated
    at line 524 in macro macro_RegionInit in 'hal\system\region\src\regioninit_ads.s'

  524 0000018c         IMPORT |Image$$CACHED_EXTSRAM_NVRAM_LTABLE$$Length|, WEAK
"hal\system\region\src\regioninit_ads.s", line 975: Warning: A1757W: Symbol attributes must be within square brackets; Any other syntax is deprecated
    at line 525 in macro macro_RegionInit in 'hal\system\region\src\regioninit_ads.s'

  525 0000018c         IMPORT |Image$$CACHED_EXTSRAM_NVRAM_LTABLE$$ZI$$Base|, WEAK
"hal\system\region\src\regioninit_ads.s", line 975: Warning: A1757W: Symbol attributes must be within square brackets; Any other syntax is deprecated
    at line 526 in macro macro_RegionInit in 'hal\system\region\src\regioninit_ads.s'

  526 0000018c         IMPORT |Image$$CACHED_EXTSRAM_NVRAM_LTABLE$$ZI$$Length|, WEAK
"hal\system\region\src\regioninit_ads.s", line 976: Warning: A1757W: Symbol attributes must be within square brackets; Any other syntax is deprecated
    at line 699 in macro macro_BackwardCopyRW in 'hal\system\region\src\regioninit_ads.s'

  699 000001b8         IMPORT |Load$$DYNAMIC_CACHEABLE_EXTSRAM_DEFAULT_CACHEABLE_RW$$Base|, WEAK
"hal\system\region\src\regioninit_ads.s", line 976: Warning: A1757W: Symbol attributes must be within square brackets; Any other syntax is deprecated
    at line 700 in macro macro_BackwardCopyRW in 'hal\system\region\src\regioninit_ads.s'

  700 000001b8         IMPORT |Image$$DYNAMIC_CACHEABLE_EXTSRAM_DEFAULT_CACHEABLE_RW$$Base|, WEAK
"hal\system\region\src\regioninit_ads.s", line 976: Warning: A1757W: Symbol attributes must be within square brackets; Any other syntax is deprecated
    at line 701 in macro macro_BackwardCopyRW in 'hal\system\region\src\regioninit_ads.s'

  701 000001b8         IMPORT |Image$$DYNAMIC_CACHEABLE_EXTSRAM_DEFAULT_CACHEABLE_RW$$Length|, WEAK
"hal\system\region\src\regioninit_ads.s", line 976: Warning: A1757W: Symbol attributes must be within square brackets; Any other syntax is deprecated
    at line 702 in macro macro_BackwardCopyRW in 'hal\system\region\src\regioninit_ads.s'

  702 000001b8         IMPORT |Image$$DYNAMIC_CACHEABLE_EXTSRAM_DEFAULT_CACHEABLE_RW$$ZI$$Base|, WEAK
"hal\system\region\src\regioninit_ads.s", line 976: Warning: A1757W: Symbol attributes must be within square brackets; Any other syntax is deprecated
    at line 703 in macro macro_BackwardCopyRW in 'hal\system\region\src\regioninit_ads.s'

  703 000001b8         IMPORT |Image$$DYNAMIC_CACHEABLE_EXTSRAM_DEFAULT_CACHEABLE_RW$$ZI$$Length|, WEAK
"hal\system\region\src\regioninit_ads.s", line 977: Warning: A1757W: Symbol attributes must be within square brackets; Any other syntax is deprecated
    at line 522 in macro macro_RegionInit in 'hal\system\region\src\regioninit_ads.s'

  522 000001d8         IMPORT |Load$$CACHED_EXTSRAM_CODE$$Base|, WEAK
"hal\system\region\src\regioninit_ads.s", line 977: Warning: A1757W: Symbol attributes must be within square brackets; Any other syntax is deprecated
    at line 523 in macro macro_RegionInit in 'hal\system\region\src\regioninit_ads.s'

  523 000001d8         IMPORT |Image$$CACHED_EXTSRAM_CODE$$Base|, WEAK
"hal\system\region\src\regioninit_ads.s", line 977: Warning: A1757W: Symbol attributes must be within square brackets; Any other syntax is deprecated
    at line 524 in macro macro_RegionInit in 'hal\system\region\src\regioninit_ads.s'

  524 000001d8         IMPORT |Image$$CACHED_EXTSRAM_CODE$$Length|, WEAK
"hal\system\region\src\regioninit_ads.s", line 977: Warning: A1757W: Symbol attributes must be within square brackets; Any other syntax is deprecated
    at line 525 in macro macro_RegionInit in 'hal\system\region\src\regioninit_ads.s'

  525 000001d8         IMPORT |Image$$CACHED_EXTSRAM_CODE$$ZI$$Base|, WEAK
"hal\system\region\src\regioninit_ads.s", line 977: Warning: A1757W: Symbol attributes must be within square brackets; Any other syntax is deprecated
    at line 526 in macro macro_RegionInit in 'hal\system\region\src\regioninit_ads.s'

  526 000001d8         IMPORT |Image$$CACHED_EXTSRAM_CODE$$ZI$$Length|, WEAK
"hal\system\region\src\regioninit_ads.s", line 978: Warning: A1757W: Symbol attributes must be within square brackets; Any other syntax is deprecated
    at line 699 in macro macro_BackwardCopyRW in 'hal\system\region\src\regioninit_ads.s'

  699 00000204         IMPORT |Load$$DYNAMIC_CACHEABLE_EXTSRAM_DEFAULT_NONCACHEABLE_RW$$Base|, WEAK
"hal\system\region\src\regioninit_ads.s", line 978: Warning: A1757W: Symbol attributes must be within square brackets; Any other syntax is deprecated
    at line 700 in macro macro_BackwardCopyRW in 'hal\system\region\src\regioninit_ads.s'

  700 00000204         IMPORT |Image$$DYNAMIC_CACHEABLE_EXTSRAM_DEFAULT_NONCACHEABLE_RW$$Base|, WEAK
"hal\system\region\src\regioninit_ads.s", line 978: Warning: A1757W: Symbol attributes must be within square brackets; Any other syntax is deprecated
    at line 701 in macro macro_BackwardCopyRW in 'hal\system\region\src\regioninit_ads.s'

  701 00000204         IMPORT |Image$$DYNAMIC_CACHEABLE_EXTSRAM_DEFAULT_NONCACHEABLE_RW$$Length|, WEAK
"hal\system\region\src\regioninit_ads.s", line 978: Warning: A1757W: Symbol attributes must be within square brackets; Any other syntax is deprecated
    at line 702 in macro macro_BackwardCopyRW in 'hal\system\region\src\regioninit_ads.s'

  702 00000204         IMPORT |Image$$DYNAMIC_CACHEABLE_EXTSRAM_DEFAULT_NONCACHEABLE_RW$$ZI$$Base|, WEAK
"hal\system\region\src\regioninit_ads.s", line 978: Warning: A1757W: Symbol attributes must be within square brackets; Any other syntax is deprecated
    at line 703 in macro macro_BackwardCopyRW in 'hal\system\region\src\regioninit_ads.s'

  703 00000204         IMPORT |Image$$DYNAMIC_CACHEABLE_EXTSRAM_DEFAULT_NONCACHEABLE_RW$$ZI$$Length|, WEAK
"hal\system\region\src\regioninit_ads.s", line 979: Warning: A1757W: Symbol attributes must be within square brackets; Any other syntax is deprecated
    at line 583 in macro macro_ZeroInit in 'hal\system\region\src\regioninit_ads.s'

  583 00000224         IMPORT |Load$$DYNAMIC_CACHEABLE_EXTSRAM_DEFAULT_NONCACHEABLE_ZI$$Base|, WEAK
"hal\system\region\src\regioninit_ads.s", line 979: Warning: A1757W: Symbol attributes must be within square brackets; Any other syntax is deprecated
    at line 584 in macro macro_ZeroInit in 'hal\system\region\src\regioninit_ads.s'

  584 00000224         IMPORT |Image$$DYNAMIC_CACHEABLE_EXTSRAM_DEFAULT_NONCACHEABLE_ZI$$Base|, WEAK
"hal\system\region\src\regioninit_ads.s", line 979: Warning: A1757W: Symbol attributes must be within square brackets; Any other syntax is deprecated
    at line 585 in macro macro_ZeroInit in 'hal\system\region\src\regioninit_ads.s'

  585 00000224         IMPORT |Image$$DYNAMIC_CACHEABLE_EXTSRAM_DEFAULT_NONCACHEABLE_ZI$$Length|, WEAK
"hal\system\region\src\regioninit_ads.s", line 979: Warning: A1757W: Symbol attributes must be within square brackets; Any other syntax is deprecated
    at line 586 in macro macro_ZeroInit in 'hal\system\region\src\regioninit_ads.s'

  586 00000224         IMPORT |Image$$DYNAMIC_CACHEABLE_EXTSRAM_DEFAULT_NONCACHEABLE_ZI$$ZI$$Base|, WEAK
"hal\system\region\src\regioninit_ads.s", line 979: Warning: A1757W: Symbol attributes must be within square brackets; Any other syntax is deprecated
    at line 587 in macro macro_ZeroInit in 'hal\system\region\src\regioninit_ads.s'

  587 00000224         IMPORT |Image$$DYNAMIC_CACHEABLE_EXTSRAM_DEFAULT_NONCACHEABLE_ZI$$ZI$$Length|, WEAK        
"hal\system\region\src\regioninit_ads.s", line 980: Warning: A1757W: Symbol attributes must be within square brackets; Any other syntax is deprecated
    at line 583 in macro macro_ZeroInit in 'hal\system\region\src\regioninit_ads.s'

  583 00000238         IMPORT |Load$$DYNAMIC_CACHEABLE_EXTSRAM_DEFAULT_NONCACHEABLE_ZI_MMIPOOL$$Base|, WEAK
"hal\system\region\src\regioninit_ads.s", line 980: Warning: A1757W: Symbol attributes must be within square brackets; Any other syntax is deprecated
    at line 584 in macro macro_ZeroInit in 'hal\system\region\src\regioninit_ads.s'

  584 00000238         IMPORT |Image$$DYNAMIC_CACHEABLE_EXTSRAM_DEFAULT_NONCACHEABLE_ZI_MMIPOOL$$Base|, WEAK
"hal\system\region\src\regioninit_ads.s", line 980: Warning: A1757W: Symbol attributes must be within square brackets; Any other syntax is deprecated
    at line 585 in macro macro_ZeroInit in 'hal\system\region\src\regioninit_ads.s'

  585 00000238         IMPORT |Image$$DYNAMIC_CACHEABLE_EXTSRAM_DEFAULT_NONCACHEABLE_ZI_MMIPOOL$$Length|, WEAK
"hal\system\region\src\regioninit_ads.s", line 980: Warning: A1757W: Symbol attributes must be within square brackets; Any other syntax is deprecated
    at line 586 in macro macro_ZeroInit in 'hal\system\region\src\regioninit_ads.s'

  586 00000238         IMPORT |Image$$DYNAMIC_CACHEABLE_EXTSRAM_DEFAULT_NONCACHEABLE_ZI_MMIPOOL$$ZI$$Base|, WEAK
"hal\system\region\src\regioninit_ads.s", line 980: Warning: A1757W: Symbol attributes must be within square brackets; Any other syntax is deprecated
    at line 587 in macro macro_ZeroInit in 'hal\system\region\src\regioninit_ads.s'

  587 00000238         IMPORT |Image$$DYNAMIC_CACHEABLE_EXTSRAM_DEFAULT_NONCACHEABLE_ZI_MMIPOOL$$ZI$$Length|, WEAK        
"hal\system\region\src\regioninit_ads.s", line 981: Warning: A1757W: Symbol attributes must be within square brackets; Any other syntax is deprecated
    at line 583 in macro macro_ZeroInit in 'hal\system\region\src\regioninit_ads.s'

  583 0000024c         IMPORT |Load$$DYNAMIC_CACHEABLE_EXTSRAM_DEFAULT_CACHEABLE_ZI$$Base|, WEAK
"hal\system\region\src\regioninit_ads.s", line 981: Warning: A1757W: Symbol attributes must be within square brackets; Any other syntax is deprecated
    at line 584 in macro macro_ZeroInit in 'hal\system\region\src\regioninit_ads.s'

  584 0000024c         IMPORT |Image$$DYNAMIC_CACHEABLE_EXTSRAM_DEFAULT_CACHEABLE_ZI$$Base|, WEAK
"hal\system\region\src\regioninit_ads.s", line 981: Warning: A1757W: Symbol attributes must be within square brackets; Any other syntax is deprecated
    at line 585 in macro macro_ZeroInit in 'hal\system\region\src\regioninit_ads.s'

  585 0000024c         IMPORT |Image$$DYNAMIC_CACHEABLE_EXTSRAM_DEFAULT_CACHEABLE_ZI$$Length|, WEAK
"hal\system\region\src\regioninit_ads.s", line 981: Warning: A1757W: Symbol attributes must be within square brackets; Any other syntax is deprecated
    at line 586 in macro macro_ZeroInit in 'hal\system\region\src\regioninit_ads.s'

  586 0000024c         IMPORT |Image$$DYNAMIC_CACHEABLE_EXTSRAM_DEFAULT_CACHEABLE_ZI$$ZI$$Base|, WEAK
"hal\system\region\src\regioninit_ads.s", line 981: Warning: A1757W: Symbol attributes must be within square brackets; Any other syntax is deprecated
    at line 587 in macro macro_ZeroInit in 'hal\system\region\src\regioninit_ads.s'

  587 0000024c         IMPORT |Image$$DYNAMIC_CACHEABLE_EXTSRAM_DEFAULT_CACHEABLE_ZI$$ZI$$Length|, WEAK        
"hal\system\region\src\regioninit_ads.s", line 986: Warning: A1757W: Symbol attributes must be within square brackets; Any other syntax is deprecated
    at line 583 in macro macro_ZeroInit in 'hal\system\region\src\regioninit_ads.s'

  583 00000260         IMPORT |Load$$DYNAMIC_CACHEABLE_EXTSRAM_DEFAULT_CACHEABLE_ZI_MMIPOOL$$Base|, WEAK
"hal\system\region\src\regioninit_ads.s", line 986: Warning: A1757W: Symbol attributes must be within square brackets; Any other syntax is deprecated
    at line 584 in macro macro_ZeroInit in 'hal\system\region\src\regioninit_ads.s'

  584 00000260         IMPORT |Image$$DYNAMIC_CACHEABLE_EXTSRAM_DEFAULT_CACHEABLE_ZI_MMIPOOL$$Base|, WEAK
"hal\system\region\src\regioninit_ads.s", line 986: Warning: A1757W: Symbol attributes must be within square brackets; Any other syntax is deprecated
    at line 585 in macro macro_ZeroInit in 'hal\system\region\src\regioninit_ads.s'

  585 00000260         IMPORT |Image$$DYNAMIC_CACHEABLE_EXTSRAM_DEFAULT_CACHEABLE_ZI_MMIPOOL$$Length|, WEAK
"hal\system\region\src\regioninit_ads.s", line 986: Warning: A1757W: Symbol attributes must be within square brackets; Any other syntax is deprecated
    at line 586 in macro macro_ZeroInit in 'hal\system\region\src\regioninit_ads.s'

  586 00000260         IMPORT |Image$$DYNAMIC_CACHEABLE_EXTSRAM_DEFAULT_CACHEABLE_ZI_MMIPOOL$$ZI$$Base|, WEAK
"hal\system\region\src\regioninit_ads.s", line 986: Warning: A1757W: Symbol attributes must be within square brackets; Any other syntax is deprecated
    at line 587 in macro macro_ZeroInit in 'hal\system\region\src\regioninit_ads.s'

  587 00000260         IMPORT |Image$$DYNAMIC_CACHEABLE_EXTSRAM_DEFAULT_CACHEABLE_ZI_MMIPOOL$$ZI$$Length|, WEAK        
"hal\system\region\src\regioninit_ads.s", line 989: Warning: A1757W: Symbol attributes must be within square brackets; Any other syntax is deprecated
    at line 583 in macro macro_ZeroInit in 'hal\system\region\src\regioninit_ads.s'

  583 00000274         IMPORT |Load$$DYNAMIC_CACHEABLE_EXTSRAM_DEFAULT_CACHEABLE_ZI_VIDEOPOOL$$Base|, WEAK
"hal\system\region\src\regioninit_ads.s", line 989: Warning: A1757W: Symbol attributes must be within square brackets; Any other syntax is deprecated
    at line 584 in macro macro_ZeroInit in 'hal\system\region\src\regioninit_ads.s'

  584 00000274         IMPORT |Image$$DYNAMIC_CACHEABLE_EXTSRAM_DEFAULT_CACHEABLE_ZI_VIDEOPOOL$$Base|, WEAK
"hal\system\region\src\regioninit_ads.s", line 989: Warning: A1757W: Symbol attributes must be within square brackets; Any other syntax is deprecated
    at line 585 in macro macro_ZeroInit in 'hal\system\region\src\regioninit_ads.s'

  585 00000274         IMPORT |Image$$DYNAMIC_CACHEABLE_EXTSRAM_DEFAULT_CACHEABLE_ZI_VIDEOPOOL$$Length|, WEAK
"hal\system\region\src\regioninit_ads.s", line 989: Warning: A1757W: Symbol attributes must be within square brackets; Any other syntax is deprecated
    at line 586 in macro macro_ZeroInit in 'hal\system\region\src\regioninit_ads.s'

  586 00000274         IMPORT |Image$$DYNAMIC_CACHEABLE_EXTSRAM_DEFAULT_CACHEABLE_ZI_VIDEOPOOL$$ZI$$Base|, WEAK
"hal\system\region\src\regioninit_ads.s", line 989: Warning: A1757W: Symbol attributes must be within square brackets; Any other syntax is deprecated
    at line 587 in macro macro_ZeroInit in 'hal\system\region\src\regioninit_ads.s'

  587 00000274         IMPORT |Image$$DYNAMIC_CACHEABLE_EXTSRAM_DEFAULT_CACHEABLE_ZI_VIDEOPOOL$$ZI$$Length|, WEAK        
"hal\system\region\src\regioninit_ads.s", line 992: Warning: A1757W: Symbol attributes must be within square brackets; Any other syntax is deprecated
    at line 522 in macro macro_RegionInit in 'hal\system\region\src\regioninit_ads.s'

  522 00000288         IMPORT |Load$$EXTSRAM$$Base|, WEAK
"hal\system\region\src\regioninit_ads.s", line 992: Warning: A1757W: Symbol attributes must be within square brackets; Any other syntax is deprecated
    at line 523 in macro macro_RegionInit in 'hal\system\region\src\regioninit_ads.s'

  523 00000288         IMPORT |Image$$EXTSRAM$$Base|, WEAK
"hal\system\region\src\regioninit_ads.s", line 992: Warning: A1757W: Symbol attributes must be within square brackets; Any other syntax is deprecated
    at line 524 in macro macro_RegionInit in 'hal\system\region\src\regioninit_ads.s'

  524 00000288         IMPORT |Image$$EXTSRAM$$Length|, WEAK
"hal\system\region\src\regioninit_ads.s", line 992: Warning: A1757W: Symbol attributes must be within square brackets; Any other syntax is deprecated
    at line 525 in macro macro_RegionInit in 'hal\system\region\src\regioninit_ads.s'

  525 00000288         IMPORT |Image$$EXTSRAM$$ZI$$Base|, WEAK
"hal\system\region\src\regioninit_ads.s", line 992: Warning: A1757W: Symbol attributes must be within square brackets; Any other syntax is deprecated
    at line 526 in macro macro_RegionInit in 'hal\system\region\src\regioninit_ads.s'

  526 00000288         IMPORT |Image$$EXTSRAM$$ZI$$Length|, WEAK
"hal\system\region\src\regioninit_ads.s", line 993: Warning: A1757W: Symbol attributes must be within square brackets; Any other syntax is deprecated
    at line 522 in macro macro_RegionInit in 'hal\system\region\src\regioninit_ads.s'

  522 000002b4         IMPORT |Load$$EXTSRAM_PROTECTED_RES$$Base|, WEAK
"hal\system\region\src\regioninit_ads.s", line 993: Warning: A1757W: Symbol attributes must be within square brackets; Any other syntax is deprecated
    at line 523 in macro macro_RegionInit in 'hal\system\region\src\regioninit_ads.s'

  523 000002b4         IMPORT |Image$$EXTSRAM_PROTECTED_RES$$Base|, WEAK
"hal\system\region\src\regioninit_ads.s", line 993: Warning: A1757W: Symbol attributes must be within square brackets; Any other syntax is deprecated
    at line 524 in macro macro_RegionInit in 'hal\system\region\src\regioninit_ads.s'

  524 000002b4         IMPORT |Image$$EXTSRAM_PROTECTED_RES$$Length|, WEAK
"hal\system\region\src\regioninit_ads.s", line 993: Warning: A1757W: Symbol attributes must be within square brackets; Any other syntax is deprecated
    at line 525 in macro macro_RegionInit in 'hal\system\region\src\regioninit_ads.s'

  525 000002b4         IMPORT |Image$$EXTSRAM_PROTECTED_RES$$ZI$$Base|, WEAK
"hal\system\region\src\regioninit_ads.s", line 993: Warning: A1757W: Symbol attributes must be within square brackets; Any other syntax is deprecated
    at line 526 in macro macro_RegionInit in 'hal\system\region\src\regioninit_ads.s'

  526 000002b4         IMPORT |Image$$EXTSRAM_PROTECTED_RES$$ZI$$Length|, WEAK
"hal\system\region\src\regioninit_ads.s", line 994: Warning: A1757W: Symbol attributes must be within square brackets; Any other syntax is deprecated
    at line 522 in macro macro_RegionInit in 'hal\system\region\src\regioninit_ads.s'

  522 000002e0         IMPORT |Load$$EXTSRAM_NVRAM_LTABLE$$Base|, WEAK
"hal\system\region\src\regioninit_ads.s", line 994: Warning: A1757W: Symbol attributes must be within square brackets; Any other syntax is deprecated
    at line 523 in macro macro_RegionInit in 'hal\system\region\src\regioninit_ads.s'

  523 000002e0         IMPORT |Image$$EXTSRAM_NVRAM_LTABLE$$Base|, WEAK
"hal\system\region\src\regioninit_ads.s", line 994: Warning: A1757W: Symbol attributes must be within square brackets; Any other syntax is deprecated
    at line 524 in macro macro_RegionInit in 'hal\system\region\src\regioninit_ads.s'

  524 000002e0         IMPORT |Image$$EXTSRAM_NVRAM_LTABLE$$Length|, WEAK
"hal\system\region\src\regioninit_ads.s", line 994: Warning: A1757W: Symbol attributes must be within square brackets; Any other syntax is deprecated
    at line 525 in macro macro_RegionInit in 'hal\system\region\src\regioninit_ads.s'

  525 000002e0         IMPORT |Image$$EXTSRAM_NVRAM_LTABLE$$ZI$$Base|, WEAK
"hal\system\region\src\regioninit_ads.s", line 994: Warning: A1757W: Symbol attributes must be within square brackets; Any other syntax is deprecated
    at line 526 in macro macro_RegionInit in 'hal\system\region\src\regioninit_ads.s'

  526 000002e0         IMPORT |Image$$EXTSRAM_NVRAM_LTABLE$$ZI$$Length|, WEAK
"hal\system\region\src\regioninit_ads.s", line 1003: Warning: A1757W: Symbol attributes must be within square brackets; Any other syntax is deprecated
    at line 522 in macro macro_RegionInit in 'hal\system\region\src\regioninit_ads.s'

  522 0000030c         IMPORT |Load$$INTSRAM_CODE$$Base|, WEAK
"hal\system\region\src\regioninit_ads.s", line 1003: Warning: A1757W: Symbol attributes must be within square brackets; Any other syntax is deprecated
    at line 523 in macro macro_RegionInit in 'hal\system\region\src\regioninit_ads.s'

  523 0000030c         IMPORT |Image$$INTSRAM_CODE$$Base|, WEAK
"hal\system\region\src\regioninit_ads.s", line 1003: Warning: A1757W: Symbol attributes must be within square brackets; Any other syntax is deprecated
    at line 524 in macro macro_RegionInit in 'hal\system\region\src\regioninit_ads.s'

  524 0000030c         IMPORT |Image$$INTSRAM_CODE$$Length|, WEAK
"hal\system\region\src\regioninit_ads.s", line 1003: Warning: A1757W: Symbol attributes must be within square brackets; Any other syntax is deprecated
    at line 525 in macro macro_RegionInit in 'hal\system\region\src\regioninit_ads.s'

  525 0000030c         IMPORT |Image$$INTSRAM_CODE$$ZI$$Base|, WEAK
"hal\system\region\src\regioninit_ads.s", line 1003: Warning: A1757W: Symbol attributes must be within square brackets; Any other syntax is deprecated
    at line 526 in macro macro_RegionInit in 'hal\system\region\src\regioninit_ads.s'

  526 0000030c         IMPORT |Image$$INTSRAM_CODE$$ZI$$Length|, WEAK
"hal\system\region\src\regioninit_ads.s", line 1007: Warning: A1757W: Symbol attributes must be within square brackets; Any other syntax is deprecated
    at line 522 in macro macro_RegionInit in 'hal\system\region\src\regioninit_ads.s'

  522 00000338         IMPORT |Load$$INTSRAM_DATA$$Base|, WEAK
"hal\system\region\src\regioninit_ads.s", line 1007: Warning: A1757W: Symbol attributes must be within square brackets; Any other syntax is deprecated
    at line 523 in macro macro_RegionInit in 'hal\system\region\src\regioninit_ads.s'

  523 00000338         IMPORT |Image$$INTSRAM_DATA$$Base|, WEAK
"hal\system\region\src\regioninit_ads.s", line 1007: Warning: A1757W: Symbol attributes must be within square brackets; Any other syntax is deprecated
    at line 524 in macro macro_RegionInit in 'hal\system\region\src\regioninit_ads.s'

  524 00000338         IMPORT |Image$$INTSRAM_DATA$$Length|, WEAK
"hal\system\region\src\regioninit_ads.s", line 1007: Warning: A1757W: Symbol attributes must be within square brackets; Any other syntax is deprecated
    at line 525 in macro macro_RegionInit in 'hal\system\region\src\regioninit_ads.s'

  525 00000338         IMPORT |Image$$INTSRAM_DATA$$ZI$$Base|, WEAK
"hal\system\region\src\regioninit_ads.s", line 1007: Warning: A1757W: Symbol attributes must be within square brackets; Any other syntax is deprecated
    at line 526 in macro macro_RegionInit in 'hal\system\region\src\regioninit_ads.s'

  526 00000338         IMPORT |Image$$INTSRAM_DATA$$ZI$$Length|, WEAK
"hal\system\region\src\regioninit_ads.s", line 1018: Warning: A1757W: Symbol attributes must be within square brackets; Any other syntax is deprecated
    at line 522 in macro macro_RegionInit in 'hal\system\region\src\regioninit_ads.s'

  522 00000364         IMPORT |Load$$SINGLE_BANK_CODE$$Base|, WEAK
"hal\system\region\src\regioninit_ads.s", line 1018: Warning: A1757W: Symbol attributes must be within square brackets; Any other syntax is deprecated
    at line 523 in macro macro_RegionInit in 'hal\system\region\src\regioninit_ads.s'

  523 00000364         IMPORT |Image$$SINGLE_BANK_CODE$$Base|, WEAK
"hal\system\region\src\regioninit_ads.s", line 1018: Warning: A1757W: Symbol attributes must be within square brackets; Any other syntax is deprecated
    at line 524 in macro macro_RegionInit in 'hal\system\region\src\regioninit_ads.s'

  524 00000364         IMPORT |Image$$SINGLE_BANK_CODE$$Length|, WEAK
"hal\system\region\src\regioninit_ads.s", line 1018: Warning: A1757W: Symbol attributes must be within square brackets; Any other syntax is deprecated
    at line 525 in macro macro_RegionInit in 'hal\system\region\src\regioninit_ads.s'

  525 00000364         IMPORT |Image$$SINGLE_BANK_CODE$$ZI$$Base|, WEAK
"hal\system\region\src\regioninit_ads.s", line 1018: Warning: A1757W: Symbol attributes must be within square brackets; Any other syntax is deprecated
    at line 526 in macro macro_RegionInit in 'hal\system\region\src\regioninit_ads.s'

  526 00000364         IMPORT |Image$$SINGLE_BANK_CODE$$ZI$$Length|, WEAK
"hal\system\region\src\regioninit_ads.s", line 1130: Warning: A1608W: MOV pc,<rn> instruction used, but BX <rn> is preferred
 1130 000003b8         MOV     pc, lr                 ; return from subroutine copy
"hal\system\region\src\regioninit_ads.s", line 1140: Warning: A1608W: MOV pc,<rn> instruction used, but BX <rn> is preferred
 1140 000003cc         MOV     pc, lr                 ; return from subroutine copy
"hal\system\region\src\regioninit_ads.s", line 1150: Warning: A1608W: MOV pc,<rn> instruction used, but BX <rn> is preferred
 1150 000003e0         MOV     pc, lr                 ; return from subroutine zi_init
"hal\system\region\src\regioninit_ads.s", line 1171: Warning: A1608W: MOV pc,<rn> instruction used, but BX <rn> is preferred
 1171 00000414         MOV     pc, lr                 ; return from subroutine zi_init
0 Errors, 138 Warnings
Compiling hal\system\dcm\src\sleep.c ... 
"hal\system\dcm\src\sleep.c", line 176: Warning:  #223-D: function "LockIRQ" declared implicitly
          _savedMask = LockIRQ();
                       ^
"hal\system\dcm\src\sleep.c", line 180: Warning:  #223-D: function "RestoreIRQ" declared implicitly
                  RestoreIRQ(_savedMask);
                  ^
"hal\system\dcm\src\sleep.c", line 182: Warning:  #167-D: argument of type "volatile Sleep_Time *" is incompatible with parameter of type "Sleep_Time *"
                  kal_get_sleep_time(&allow_sleep_dur);
                                     ^
"hal\system\dcm\src\sleep.c", line 190: Warning:  #167-D: argument of type "volatile Sleep_Time *" is incompatible with parameter of type "Sleep_Time *"
                  if(kal_is_valid_sleep_time(&allow_sleep_dur) != 0) 
                                             ^
"hal\system\dcm\src\sleep.c", line 209: Warning:  #223-D: function "RestoreIRQ" declared implicitly
                  RestoreIRQ(_savedMask);
                  ^
"hal\system\dcm\src\sleep.c", line 255: Warning:  #223-D: function "arm_enter_standby_mode" declared implicitly
          arm_enter_standby_mode(OST_ReadyToSlept);      
          ^
"hal\system\dcm\src\sleep.c", line 285: Warning:  #223-D: function "RestoreIRQ" declared implicitly
          RestoreIRQ(_savedMask);
          ^
hal\system\dcm\src\sleep.c: 7 warnings, 0 errors
Compiling hal\system\region\src\stack.s ... 
Warning: A3910W: Old syntax, please use '--16'.
Warning: A3910W: Old syntax, please use '--pd'.
Warning: A3910W: Old syntax, please use '--pd'.
Warning: A3910W: Old syntax, please use '--pd'.
Warning: A3910W: Old syntax, please use '--pd'.
Warning: A3910W: Old syntax, please use '--pd'.
Warning: A3910W: Old syntax, please use '--pd'.
Warning: A3910W: Old syntax, please use '--pd'.
Warning: A3910W: Old syntax, please use '--pd'.
Warning: A3910W: Old syntax, please use '--pd'.
Warning: A3910W: Old syntax, please use '--pd'.
Warning: A3910W: Old syntax, please use '--pd'.
Warning: A3910W: Old syntax, please use '--pd'.
Warning: A3910W: Old syntax, please use '--pd'.
Warning: A3910W: Old syntax, please use '--pd'.
Warning: A3910W: Old syntax, please use '--pd'.
Warning: A3910W: Old syntax, please use '--pd'.
Warning: A3910W: Old syntax, please use '--pd'.
Warning: A3910W: Old syntax, please use '--pd'.
0 Errors, 19 Warnings
Compiling hal\system\init\src\third_rom_res.c ... 
Compiling hal\system\counter\src\uscounter.c ... 
make[2]: Entering directory `D:/MTK/MTK2503/MTK2503/11CW1418SP4_03_CORETEK03AE_11C_V1_GPRS_MMI'
CFLAGS = --cpu ARM7EJ-S --littleend -O3 -D__RVCT__ -JC:\ARM\RVCT\Data\3.1\569\include\windows --fpmode=ieee_fixed --split_sections --diag_suppress 1,1295,1296,2548 --dwarf2 --debug --no_debug_macros -D__SERIAL_FLASH_EN__ -D__SERIAL_FLASH_SUPPORT__ --bss_threshold=0
CPLUSFLAGS = --cpp --cpu ARM7EJ-S --littleend -O3 -D__RVCT__ -JC:\ARM\RVCT\Data\3.1\569\include\windows --fpmode=ieee_fixed --split_sections --diag_suppress 1,1295,1296,2548 --dwarf2 --debug --no_debug_macros --bss_threshold=0
AFLAGS = --debug --littleend --cpu ARM7EJ-S --apcs /interwork -16
ADEFS = -pd "APCS_INTWORK SETL {TRUE}" -pd "MT2502 SETL {TRUE}" -pd "__BL_ENABLE__ SETL {TRUE}" -pd "__BL_ENABLE__ SETL {TRUE}" -pd "DCM_ENABLE SETL {TRUE}" -pd "SINGLE_BANK_SUPPORT SETL {TRUE}" -pd "MT2502 SETL {TRUE}" -pd "MT2502_S00 SETL {TRUE}" -pd "__SV5_ENABLED__ SETL {TRUE}" -pd "__EVENT_BASED_TIMER__ SETL {TRUE}" -pd "__PRODUCTION_RELEASE__ SETL {TRUE}" -pd "KAL_ON_NUCLEUS SETL {TRUE}" -pd "__CHIP_VERSION_CHECK__ SETL {TRUE}" -pd "__KEYPAD_DEBUG_TRACE__ SETL {TRUE}" -pd "ESAL_AR_STK_FPU_SUPPORT SETL {FALSE}" -pd "__ARM_FPUV2__ SETL {FALSE}" -pd "__SERIAL_FLASH_EN__ SETL {TRUE}" -pd "__SERIAL_FLASH_SUPPORT__ SETL {TRUE}"
C:\ARM\RVCT\Programs\3.1\569\win_32-pentium\armar.exe -create ./build/CORETEK03AE_11C/gprs/MT2502o/lib/system.lib --via .\build\CORETEK03AE_11C\gprs\MT2502o\system\system_sort.via
Warning: L3910W: Old syntax, please use '--create'.
./build/CORETEK03AE_11C/gprs/MT2502o/lib/system.lib is updated

.\build\CORETEK03AE_11C\gprs\MT2502r\system_dep\ADIE_Eint.det



.\build\CORETEK03AE_11C\gprs\MT2502r\system_dep\ADIE_intrCtrl.det



.\build\CORETEK03AE_11C\gprs\MT2502r\system_dep\AP_BtSS_callbacks.det



.\build\CORETEK03AE_11C\gprs\MT2502r\system_dep\arm11_pmu_montr.det



.\build\CORETEK03AE_11C\gprs\MT2502r\system_dep\armlibc_rt.det



.\build\CORETEK03AE_11C\gprs\MT2502r\system_dep\armlibc_rt_heap.det



.\build\CORETEK03AE_11C\gprs\MT2502r\system_dep\armlibc_rt_io.det



.\build\CORETEK03AE_11C\gprs\MT2502r\system_dep\arm_unaligned.det



.\build\CORETEK03AE_11C\gprs\MT2502r\system_dep\bootarm.det



.\build\CORETEK03AE_11C\gprs\MT2502r\system_dep\boot_cert_pattern.det



.\build\CORETEK03AE_11C\gprs\MT2502r\system_dep\br_GFH_file_info.det



.\build\CORETEK03AE_11C\gprs\MT2502r\system_dep\br_GFH_parser.det



.\build\CORETEK03AE_11C\gprs\MT2502r\system_dep\cache.det



.\build\CORETEK03AE_11C\gprs\MT2502r\system_dep\cbr.det



.\build\CORETEK03AE_11C\gprs\MT2502r\system_dep\cbr_util.det



.\build\CORETEK03AE_11C\gprs\MT2502r\system_dep\code_decompression_hal.det



.\build\CORETEK03AE_11C\gprs\MT2502r\system_dep\cp15.det



.\build\CORETEK03AE_11C\gprs\MT2502r\system_dep\dcm.det



.\build\CORETEK03AE_11C\gprs\MT2502r\system_dep\dcmgr_pl.det



.\build\CORETEK03AE_11C\gprs\MT2502r\system_dep\dcm_service.det



.\build\CORETEK03AE_11C\gprs\MT2502r\system_dep\dma.det



.\build\CORETEK03AE_11C\gprs\MT2502r\system_dep\Eint.det



.\build\CORETEK03AE_11C\gprs\MT2502r\system_dep\emi.det



.\build\CORETEK03AE_11C\gprs\MT2502r\system_dep\event_timer.det



.\build\CORETEK03AE_11C\gprs\MT2502r\system_dep\excep_hdlr.det



.\build\CORETEK03AE_11C\gprs\MT2502r\system_dep\fault.det



.\build\CORETEK03AE_11C\gprs\MT2502r\system_dep\FTL.det



.\build\CORETEK03AE_11C\gprs\MT2502r\system_dep\idle_task.det



.\build\CORETEK03AE_11C\gprs\MT2502r\system_dep\info.det



.\build\CORETEK03AE_11C\gprs\MT2502r\system_dep\init.det



.\build\CORETEK03AE_11C\gprs\MT2502r\system_dep\init_comm.det



.\build\CORETEK03AE_11C\gprs\MT2502r\system_dep\init_memory_stack.det



.\build\CORETEK03AE_11C\gprs\MT2502r\system_dep\init_trc.det



.\build\CORETEK03AE_11C\gprs\MT2502r\system_dep\intrCtrl.det



.\build\CORETEK03AE_11C\gprs\MT2502r\system_dep\irq.det



.\build\CORETEK03AE_11C\gprs\MT2502r\system_dep\isrentry.det



.\build\CORETEK03AE_11C\gprs\MT2502r\system_dep\maui_GFH_body.det



.\build\CORETEK03AE_11C\gprs\MT2502r\system_dep\misc.det



.\build\CORETEK03AE_11C\gprs\MT2502r\system_dep\nfb_loader.det



.\build\CORETEK03AE_11C\gprs\MT2502r\system_dep\pdn.det



.\build\CORETEK03AE_11C\gprs\MT2502r\system_dep\pdnoldarch.det



.\build\CORETEK03AE_11C\gprs\MT2502r\system_dep\pll.det



.\build\CORETEK03AE_11C\gprs\MT2502r\system_dep\regioninit_ads.det



.\build\CORETEK03AE_11C\gprs\MT2502r\system_dep\sleep.det



.\build\CORETEK03AE_11C\gprs\MT2502r\system_dep\stack.det



.\build\CORETEK03AE_11C\gprs\MT2502r\system_dep\third_rom_res.det



.\build\CORETEK03AE_11C\gprs\MT2502r\system_dep\uscounter.det


Processing ADIE_Eint.det ADIE_intrCtrl.det AP_BtSS_callbacks.det arm11_pmu_montr.det armlibc_rt.det armlibc_rt_heap.det armlibc_rt_io.det arm_unaligned.det bootarm.det boot_cert_pattern.det br_GFH_file_info.det br_GFH_parser.det cache.det cbr.det cbr_util.det code_decompression_hal.det cp15.det dcm.det dcmgr_pl.det dcm_service.det dma.det Eint.det emi.det event_timer.det excep_hdlr.det fault.det FTL.det idle_task.det info.det init.det init_comm.det init_memory_stack.det init_trc.det intrCtrl.det irq.det isrentry.det maui_GFH_body.det misc.det nfb_loader.det pdn.det pdnoldarch.det pll.det regioninit_ads.det sleep.det stack.det third_rom_res.det uscounter.det
make[2]: Leaving directory `D:/MTK/MTK2503/MTK2503/11CW1418SP4_03_CORETEK03AE_11C_V1_GPRS_MMI'
