Module usb is in DEFALUT mode
Compiling usb\src\otg.c ... 
Compiling usb\src\ptp_state.c ... 
Compiling usb\src\usb.c ... 
"usb\src\usb.c", line 1534: Warning:  #223-D: function "INT_BootMetaMode" declared implicitly
  	if (INT_BootMetaMode() == 0)
  	    ^
"usb\src\usb.c", line 2342: Warning:  #223-D: function "INT_BootMetaMode" declared implicitly
  	if(INT_BootMetaMode() == 0) 
  	   ^
usb\src\usb.c: 2 warnings, 0 errors
Compiling usb\src\usb_adap.c ... 
Compiling usb\src\usb_debug_tool.c ... 
Compiling usb\src\usb_host_acm_drv.c ... 
Compiling usb\src\usb_host_default_drv.c ... 
Compiling usb\src\usb_host_ms_adap.c ... 
Compiling usb\src\usb_host_ms_drv.c ... 
Compiling usb\src\usb_host_ms_state.c ... 
Compiling usb\src\usb_mode.c ... 
"usb\src\usb_mode.c", line 1102: Warning:  #177-D: function "USB_Check_Run_On_HISR" was declared but never referenced
  static void USB_Check_Run_On_HISR()
              ^
usb\src\usb_mode.c: 1 warning, 0 errors
Compiling usb\src\usb_resource.c ... 
Compiling usb\src\usb_task.c ... 
Compiling usb\src\usbacm_adap.c ... 
Compiling usb\src\usbacm_drv.c ... 
Compiling usb\src\usbacm_echo.c ... 
Compiling usb\src\usbacm_ft.c ... 
Compiling usb\src\usbacm_logging.c ... 
Compiling usb\src\usbd.c ... 
Compiling usb\src\usbimage_drv.c ... 
Compiling usb\src\usbimage_mtp_state.c ... 
Compiling usb\src\usbms_adap.c ... 
Compiling usb\src\usbms_drv.c ... 
Compiling usb\src\usbms_state.c ... 
Compiling usb\src\usbvideo_drv.c ... 
Compiling usb\src\usbvideo_state.c ... 
make[2]: Entering directory `D:/MTK/MTK2503/MTK2503/11CW1418SP4_03_CORETEK03AE_11C_V1_GPRS_MMI'
CFLAGS = --cpu ARM7EJ-S --littleend -O3 --remove_unneeded_entities -D__RVCT__ -JC:\ARM\RVCT\Data\3.1\569\include\windows --fpmode=ieee_fixed --split_sections --diag_suppress 1,1295,1296,2548 --dwarf2 -D__SERIAL_FLASH_EN__ -D__SERIAL_FLASH_SUPPORT__ --bss_threshold=0
CPLUSFLAGS = --cpp --cpu ARM7EJ-S --littleend -O3 --remove_unneeded_entities -D__RVCT__ -JC:\ARM\RVCT\Data\3.1\569\include\windows --fpmode=ieee_fixed --split_sections --diag_suppress 1,1295,1296,2548 --dwarf2 --bss_threshold=0
AFLAGS = --debug --littleend --cpu ARM7EJ-S --apcs /interwork -16
ADEFS = -pd "APCS_INTWOR SETL {TRUE}" -pd "MT2502 SETL {TRUE}" -pd "MT2502_S00 SETL {TRUE}" -pd "__SV5_ENABLED__ SETL {TRUE}" -pd "__EVENT_BASED_TIMER__ SETL {TRUE}" -pd "__PRODUCTION_RELEASE__ SETL {TRUE}" -pd "KAL_ON_NUCLEUS SETL {TRUE}" -pd "__CHIP_VERSION_CHECK__ SETL {TRUE}" -pd "__KEYPAD_DEBUG_TRACE__ SETL {TRUE}" -pd "ESAL_AR_STK_FPU_SUPPORT SETL {FALSE}" -pd "__ARM_FPUV2__ SETL {FALSE}" -pd "__SERIAL_FLASH_EN__ SETL {TRUE}" -pd "__SERIAL_FLASH_SUPPORT__ SETL {TRUE}"
C:\ARM\RVCT\Programs\3.1\569\win_32-pentium\armar.exe -create ./build/CORETEK03AE_11C/gprs/MT2502o/lib/usb.lib --via .\build\CORETEK03AE_11C\gprs\MT2502o\usb\usb_sort.via
Warning: L3910W: Old syntax, please use '--create'.
./build/CORETEK03AE_11C/gprs/MT2502o/lib/usb.lib is updated

.\build\CORETEK03AE_11C\gprs\MT2502r\usb_dep\otg.det



.\build\CORETEK03AE_11C\gprs\MT2502r\usb_dep\ptp_state.det



.\build\CORETEK03AE_11C\gprs\MT2502r\usb_dep\usb.det



.\build\CORETEK03AE_11C\gprs\MT2502r\usb_dep\usbacm_adap.det



.\build\CORETEK03AE_11C\gprs\MT2502r\usb_dep\usbacm_drv.det



.\build\CORETEK03AE_11C\gprs\MT2502r\usb_dep\usbacm_echo.det



.\build\CORETEK03AE_11C\gprs\MT2502r\usb_dep\usbacm_ft.det



.\build\CORETEK03AE_11C\gprs\MT2502r\usb_dep\usbacm_logging.det



.\build\CORETEK03AE_11C\gprs\MT2502r\usb_dep\usbd.det



.\build\CORETEK03AE_11C\gprs\MT2502r\usb_dep\usbimage_drv.det



.\build\CORETEK03AE_11C\gprs\MT2502r\usb_dep\usbimage_mtp_state.det



.\build\CORETEK03AE_11C\gprs\MT2502r\usb_dep\usbms_adap.det



.\build\CORETEK03AE_11C\gprs\MT2502r\usb_dep\usbms_drv.det



.\build\CORETEK03AE_11C\gprs\MT2502r\usb_dep\usbms_state.det



.\build\CORETEK03AE_11C\gprs\MT2502r\usb_dep\usbvideo_drv.det



.\build\CORETEK03AE_11C\gprs\MT2502r\usb_dep\usbvideo_state.det



.\build\CORETEK03AE_11C\gprs\MT2502r\usb_dep\usb_adap.det



.\build\CORETEK03AE_11C\gprs\MT2502r\usb_dep\usb_debug_tool.det



.\build\CORETEK03AE_11C\gprs\MT2502r\usb_dep\usb_host_acm_drv.det



.\build\CORETEK03AE_11C\gprs\MT2502r\usb_dep\usb_host_default_drv.det



.\build\CORETEK03AE_11C\gprs\MT2502r\usb_dep\usb_host_ms_adap.det



.\build\CORETEK03AE_11C\gprs\MT2502r\usb_dep\usb_host_ms_drv.det



.\build\CORETEK03AE_11C\gprs\MT2502r\usb_dep\usb_host_ms_state.det



.\build\CORETEK03AE_11C\gprs\MT2502r\usb_dep\usb_mode.det



.\build\CORETEK03AE_11C\gprs\MT2502r\usb_dep\usb_resource.det



.\build\CORETEK03AE_11C\gprs\MT2502r\usb_dep\usb_task.det


Processing otg.det ptp_state.det usbacm_adap.det usbacm_drv.det usbacm_echo.det usbacm_ft.det usbacm_logging.det usbd.det usbimage_drv.det usbimage_mtp_state.det usbms_adap.det usbms_drv.det usbms_state.det usbvideo_drv.det usbvideo_state.det usb_adap.det usb_debug_tool.det usb_host_acm_drv.det usb_host_default_drv.det usb_host_ms_adap.det usb_host_ms_drv.det usb_host_ms_state.det usb_mode.det usb_resource.det usb_task.det
make[2]: Leaving directory `D:/MTK/MTK2503/MTK2503/11CW1418SP4_03_CORETEK03AE_11C_V1_GPRS_MMI'
