Module usb_driver is in DEFALUT mode
Compiling hal\connectivity\usb_driver\src\dcl_otg_drv.c ... 
Compiling hal\connectivity\usb_driver\src\dcl_usb_drv.c ... 
Compiling hal\connectivity\usb_driver\src\dcl_usb_hcd.c ... 
Compiling hal\connectivity\usb_driver\src\upll_ctrl.c ... 
Compiling hal\connectivity\usb_driver\src\usb_dummy.c ... 
Compiling hal\connectivity\usb_driver\src\usb_phy_drv.c ... 
Compiling hal\connectivity\usb_driver\src\usblog_drv.c ... 
Compiling hal\connectivity\usb_driver\src\usbms_cdrom.c ... 
Compiling hal\connectivity\usb_driver\src\usbms_ram.c ... 
make[2]: Entering directory `D:/MTK/MTK2503/MTK2503/11CW1418SP4_03_CORETEK03AE_11C_V1_GPRS_MMI'
CFLAGS = --cpu ARM7EJ-S --littleend -O3 --remove_unneeded_entities -D__RVCT__ -JC:\ARM\RVCT\Data\3.1\569\include\windows --fpmode=ieee_fixed --split_sections --diag_suppress 1,1295,1296,2548 --dwarf2 -D__SERIAL_FLASH_EN__ -D__SERIAL_FLASH_SUPPORT__ --bss_threshold=0
CPLUSFLAGS = --cpp --cpu ARM7EJ-S --littleend -O3 --remove_unneeded_entities -D__RVCT__ -JC:\ARM\RVCT\Data\3.1\569\include\windows --fpmode=ieee_fixed --split_sections --diag_suppress 1,1295,1296,2548 --dwarf2 --bss_threshold=0
AFLAGS = --debug --littleend --cpu ARM7EJ-S --apcs /interwork -16
ADEFS = -pd "APCS_INTWORK SETL {TRUE}" -pd "MT2502 SETL {TRUE}" -pd "MT2502_S00 SETL {TRUE}" -pd "__SV5_ENABLED__ SETL {TRUE}" -pd "__EVENT_BASED_TIMER__ SETL {TRUE}" -pd "__PRODUCTION_RELEASE__ SETL {TRUE}" -pd "KAL_ON_NUCLEUS SETL {TRUE}" -pd "__CHIP_VERSION_CHECK__ SETL {TRUE}" -pd "__KEYPAD_DEBUG_TRACE__ SETL {TRUE}" -pd "ESAL_AR_STK_FPU_SUPPORT SETL {FALSE}" -pd "__ARM_FPUV2__ SETL {FALSE}" -pd "__SERIAL_FLASH_EN__ SETL {TRUE}" -pd "__SERIAL_FLASH_SUPPORT__ SETL {TRUE}"
C:\ARM\RVCT\Programs\3.1\569\win_32-pentium\armar.exe -create ./build/CORETEK03AE_11C/gprs/MT2502o/lib/usb_driver.lib --via .\build\CORETEK03AE_11C\gprs\MT2502o\usb_driver\usb_driver_sort.via
Warning: L3910W: Old syntax, please use '--create'.
./build/CORETEK03AE_11C/gprs/MT2502o/lib/usb_driver.lib is updated

.\build\CORETEK03AE_11C\gprs\MT2502r\usb_driver_dep\dcl_otg_drv.det



.\build\CORETEK03AE_11C\gprs\MT2502r\usb_driver_dep\dcl_usb_drv.det



.\build\CORETEK03AE_11C\gprs\MT2502r\usb_driver_dep\dcl_usb_hcd.det



.\build\CORETEK03AE_11C\gprs\MT2502r\usb_driver_dep\upll_ctrl.det



.\build\CORETEK03AE_11C\gprs\MT2502r\usb_driver_dep\usblog_drv.det



.\build\CORETEK03AE_11C\gprs\MT2502r\usb_driver_dep\usbms_cdrom.det



.\build\CORETEK03AE_11C\gprs\MT2502r\usb_driver_dep\usbms_ram.det



.\build\CORETEK03AE_11C\gprs\MT2502r\usb_driver_dep\usb_dummy.det



.\build\CORETEK03AE_11C\gprs\MT2502r\usb_driver_dep\usb_phy_drv.det


Processing dcl_otg_drv.det dcl_usb_drv.det dcl_usb_hcd.det upll_ctrl.det usblog_drv.det usbms_cdrom.det usbms_ram.det usb_dummy.det usb_phy_drv.det
make[2]: Leaving directory `D:/MTK/MTK2503/MTK2503/11CW1418SP4_03_CORETEK03AE_11C_V1_GPRS_MMI'
