Module vendorapp is in DEFALUT mode
Compiling plutommi\VendorApp\DevApp\DevAppSrc\DevApp.c ... 
Compiling plutommi\VendorApp\DevResource\Resources\DevAppAdoMap.c ... 
Compiling plutommi\VendorApp\DevResource\Resources\DevAppAdoRes.c ... 
Compiling plutommi\VendorApp\DevResource\Resources\DevAppImgMap.c ... 
Compiling plutommi\VendorApp\DevResource\Resources\DevAppImgRes.c ... 
Compiling plutommi\VendorApp\DevResource\Resources\DevAppMenuRes.c ... 
Compiling plutommi\VendorApp\DevResource\Resources\DevAppStrMap.c ... 
Compiling plutommi\VendorApp\DevResource\Resources\DevAppStrRes.c ... 
Compiling plutommi\VendorApp\ResGenerator\DevApp_ReadRes.c ... 
Compiling plutommi\VendorApp\DevConfig\DevConfigSrc\DevConfig.c ... 
"header_temp\vmappmgr_sdk.h", line 131: Warning:  #66-D: enumeration value is out of "int" range
      VM_APPMGR_APP_AUTH_ALL  = 0x80000000, /* Full authorization */
                                ^
plutommi\VendorApp\DevConfig\DevConfigSrc\DevConfig.c: 1 warning, 0 errors
make[2]: Entering directory `D:/MTK/MTK2503/MTK2503/11CW1418SP4_03_CORETEK03AE_11C_V1_GPRS_MMI'
CFLAGS = --cpu ARM7EJ-S --littleend -O3 --remove_unneeded_entities -D__RVCT__ -JC:\ARM\RVCT\Data\3.1\569\include\windows --fpmode=ieee_fixed --split_sections --diag_suppress 1,1295,1296,2548 --dwarf2 -D__SERIAL_FLASH_EN__ -D__SERIAL_FLASH_SUPPORT__ --bss_threshold=0
CPLUSFLAGS = --cpp --cpu ARM7EJ-S --littleend -O3 --remove_unneeded_entities -D__RVCT__ -JC:\ARM\RVCT\Data\3.1\569\include\windows --fpmode=ieee_fixed --split_sections --diag_suppress 1,1295,1296,2548 --dwarf2 --bss_threshold=0
AFLAGS = --debug --littleend --cpu ARM7EJ-S --apcs /interwork -16
ADEFS = -pd "MMI_ON_HARDWARE_P SETL {TRUE}" -pd "__UCS2_ENCODING SETL {TRUE}" -pd "MT2502 SETL {TRUE}" -pd "MT2502_S00 SETL {TRUE}" -pd "__SV5_ENABLED__ SETL {TRUE}" -pd "__EVENT_BASED_TIMER__ SETL {TRUE}" -pd "__PRODUCTION_RELEASE__ SETL {TRUE}" -pd "KAL_ON_NUCLEUS SETL {TRUE}" -pd "__CHIP_VERSION_CHECK__ SETL {TRUE}" -pd "__KEYPAD_DEBUG_TRACE__ SETL {TRUE}" -pd "ESAL_AR_STK_FPU_SUPPORT SETL {FALSE}" -pd "__ARM_FPUV2__ SETL {FALSE}" -pd "__SERIAL_FLASH_EN__ SETL {TRUE}" -pd "__SERIAL_FLASH_SUPPORT__ SETL {TRUE}"
C:\ARM\RVCT\Programs\3.1\569\win_32-pentium\armar.exe -create ./build/CORETEK03AE_11C/gprs/MT2502o/lib/vendorapp.lib --via .\build\CORETEK03AE_11C\gprs\MT2502o\vendorapp\vendorapp_sort.via
Warning: L3910W: Old syntax, please use '--create'.
./build/CORETEK03AE_11C/gprs/MT2502o/lib/vendorapp.lib is updated

.\build\CORETEK03AE_11C\gprs\MT2502r\vendorapp_dep\DevApp.det



.\build\CORETEK03AE_11C\gprs\MT2502r\vendorapp_dep\DevAppAdoMap.det



.\build\CORETEK03AE_11C\gprs\MT2502r\vendorapp_dep\DevAppAdoRes.det



.\build\CORETEK03AE_11C\gprs\MT2502r\vendorapp_dep\DevAppImgMap.det



.\build\CORETEK03AE_11C\gprs\MT2502r\vendorapp_dep\DevAppImgRes.det



.\build\CORETEK03AE_11C\gprs\MT2502r\vendorapp_dep\DevAppMenuRes.det



.\build\CORETEK03AE_11C\gprs\MT2502r\vendorapp_dep\DevAppStrMap.det



.\build\CORETEK03AE_11C\gprs\MT2502r\vendorapp_dep\DevAppStrRes.det



.\build\CORETEK03AE_11C\gprs\MT2502r\vendorapp_dep\DevApp_ReadRes.det



.\build\CORETEK03AE_11C\gprs\MT2502r\vendorapp_dep\DevConfig.det


Processing DevApp.det DevAppAdoMap.det DevAppAdoRes.det DevAppImgMap.det DevAppImgRes.det DevAppMenuRes.det DevAppStrMap.det DevAppStrRes.det DevApp_ReadRes.det DevConfig.det
make[2]: Leaving directory `D:/MTK/MTK2503/MTK2503/11CW1418SP4_03_CORETEK03AE_11C_V1_GPRS_MMI'
