Module video is in DEFALUT mode
Compiling hal\video\custom\custom_video_enc.c ... 
Compiling hal\video\custom\custom_video_enc_h264.c ... 
Compiling hal\video\custom\custom_video_enc_matv.c ... 
Compiling hal\video\custom\custom_video_enc_matv_mjpeg.c ... 
Compiling hal\video\custom\custom_video_enc_mjpeg.c ... 
Compiling hal\video\custom\custom_video_enc_mpeg4.c ... 
Compiling hal\video\custom\custom_video_enc_utility.c ... 
Compiling hal\video\custom\custom_video_enc_vt.c ... 
Compiling hal\video\common\src\vcodec_main.c ... 
Compiling hal\video\common\src\vcodec_v2_main.c ... 
Compiling hal\video\common\src\vfile_main.c ... 
Compiling hal\video\common\src\video_codec_utility_v2.c ... 
Compiling hal\video\renderer\src\video_renderer_task_thread_pool.c ... 
Compiling hal\video\common\src\vsrc_main.c ... 
make[2]: Entering directory `D:/MTK/MTK2503/MTK2503/11CW1418SP4_03_CORETEK03AE_11C_V1_GPRS_MMI'
CFLAGS = --cpu ARM7EJ-S --littleend -O3 --remove_unneeded_entities -D__RVCT__ -JC:\ARM\RVCT\Data\3.1\569\include\windows --fpmode=ieee_fixed --split_sections --diag_suppress 1,1295,1296,2548 --dwarf2 -D__SERIAL_FLASH_EN__ -D__SERIAL_FLASH_SUPPORT__ --bss_threshold=0
CPLUSFLAGS = --cpp --cpu ARM7EJ-S --littleend -O3 --remove_unneeded_entities -D__RVCT__ -JC:\ARM\RVCT\Data\3.1\569\include\windows --fpmode=ieee_fixed --split_sections --diag_suppress 1,1295,1296,2548 --dwarf2 --bss_threshold=0
AFLAGS = --debug --littleend --cpu ARM7EJ-S --apcs /interwork -16
ADEFS = -pd "MT2502 SETL {TRUE}" -pd "MT2502_S00 SETL {TRUE}" -pd "__SV5_ENABLED__ SETL {TRUE}" -pd "__EVENT_BASED_TIMER__ SETL {TRUE}" -pd "__PRODUCTION_RELEASE__ SETL {TRUE}" -pd "KAL_ON_NUCLEUS SETL {TRUE}" -pd "__CHIP_VERSION_CHECK__ SETL {TRUE}" -pd "__KEYPAD_DEBUG_TRACE__ SETL {TRUE}" -pd "ESAL_AR_STK_FPU_SUPPORT SETL {FALSE}" -pd "__ARM_FPUV2__ SETL {FALSE}" -pd "__SERIAL_FLASH_EN__ SETL {TRUE}" -pd "__SERIAL_FLASH_SUPPORT__ SETL {TRUE}"
C:\ARM\RVCT\Programs\3.1\569\win_32-pentium\armar.exe -create ./build/CORETEK03AE_11C/gprs/MT2502o/lib/video.lib --via .\build\CORETEK03AE_11C\gprs\MT2502o\video\video_sort.via
Warning: L3910W: Old syntax, please use '--create'.
./build/CORETEK03AE_11C/gprs/MT2502o/lib/video.lib is updated

.\build\CORETEK03AE_11C\gprs\MT2502r\video_dep\custom_video_enc.det



.\build\CORETEK03AE_11C\gprs\MT2502r\video_dep\custom_video_enc_h264.det



.\build\CORETEK03AE_11C\gprs\MT2502r\video_dep\custom_video_enc_matv.det



.\build\CORETEK03AE_11C\gprs\MT2502r\video_dep\custom_video_enc_matv_mjpeg.det



.\build\CORETEK03AE_11C\gprs\MT2502r\video_dep\custom_video_enc_mjpeg.det



.\build\CORETEK03AE_11C\gprs\MT2502r\video_dep\custom_video_enc_mpeg4.det



.\build\CORETEK03AE_11C\gprs\MT2502r\video_dep\custom_video_enc_utility.det



.\build\CORETEK03AE_11C\gprs\MT2502r\video_dep\custom_video_enc_vt.det



.\build\CORETEK03AE_11C\gprs\MT2502r\video_dep\vcodec_main.det



.\build\CORETEK03AE_11C\gprs\MT2502r\video_dep\vcodec_v2_main.det



.\build\CORETEK03AE_11C\gprs\MT2502r\video_dep\vfile_main.det



.\build\CORETEK03AE_11C\gprs\MT2502r\video_dep\video_codec_utility_v2.det



.\build\CORETEK03AE_11C\gprs\MT2502r\video_dep\video_renderer_task_thread_pool.det



.\build\CORETEK03AE_11C\gprs\MT2502r\video_dep\vsrc_main.det


Processing custom_video_enc.det custom_video_enc_h264.det custom_video_enc_matv.det custom_video_enc_matv_mjpeg.det custom_video_enc_mjpeg.det custom_video_enc_mpeg4.det custom_video_enc_utility.det custom_video_enc_vt.det vcodec_main.det vcodec_v2_main.det vfile_main.det video_codec_utility_v2.det video_renderer_task_thread_pool.det vsrc_main.det
make[2]: Leaving directory `D:/MTK/MTK2503/MTK2503/11CW1418SP4_03_CORETEK03AE_11C_V1_GPRS_MMI'
