Module video_codec is in DEFALUT mode
Compiling hal\video_codec\interface\src\H264SwDecCustomize.c ... 
Compiling hal\video_codec\interface\src\MP4SwDecCustomize.c ... 
Compiling hal\video_codec\interface\src\RVSwDecCustomize.c ... 
Compiling hal\video_codec\interface\src\VP8SwDecCustomize.c ... 
Compiling hal\video_codec\interface\src\hal_custom_video_codec_internal.c ... 
"hal\video_codec\interface\src\hal_custom_video_codec_internal.c", line 477: Warning:  #177-D: variable "cust" was declared but never referenced
      unsigned int cust;
                   ^
hal\video_codec\interface\src\hal_custom_video_codec_internal.c: 1 warning, 0 errors
Compiling hal\video_codec\interface\src\vcodec_customization.c ... 
Compiling hal\video_codec\interface\src\vcodec_dcm.c ... 
Compiling hal\video_codec\interface\src\vcodec_demand_page.c ... 
make[2]: Entering directory `D:/MTK/MTK2503/MTK2503/11CW1418SP4_03_CORETEK03AE_11C_V1_GPRS_MMI'
CFLAGS = --cpu ARM7EJ-S --littleend -O3 --remove_unneeded_entities -D__RVCT__ -JC:\ARM\RVCT\Data\3.1\569\include\windows --fpmode=ieee_fixed --split_sections --diag_suppress 1,1295,1296,2548 --dwarf2 -D__SERIAL_FLASH_EN__ -D__SERIAL_FLASH_SUPPORT__ --bss_threshold=0 -Otime -O2
CPLUSFLAGS = --cpp --cpu ARM7EJ-S --littleend -O3 --remove_unneeded_entities -D__RVCT__ -JC:\ARM\RVCT\Data\3.1\569\include\windows --fpmode=ieee_fixed --split_sections --diag_suppress 1,1295,1296,2548 --dwarf2 --bss_threshold=0
AFLAGS = --debug --littleend --cpu ARM7EJ-S --apcs /interwork -16
ADEFS = -pd "MT2502 SETL {TRUE}" -pd "MT2502_S00 SETL {TRUE}" -pd "__SV5_ENABLED__ SETL {TRUE}" -pd "__EVENT_BASED_TIMER__ SETL {TRUE}" -pd "__PRODUCTION_RELEASE__ SETL {TRUE}" -pd "KAL_ON_NUCLEUS SETL {TRUE}" -pd "__CHIP_VERSION_CHECK__ SETL {TRUE}" -pd "__KEYPAD_DEBUG_TRACE__ SETL {TRUE}" -pd "ESAL_AR_STK_FPU_SUPPORT SETL {FALSE}" -pd "__ARM_FPUV2__ SETL {FALSE}" -pd "__SERIAL_FLASH_EN__ SETL {TRUE}" -pd "__SERIAL_FLASH_SUPPORT__ SETL {TRUE}"
C:\ARM\RVCT\Programs\3.1\569\win_32-pentium\armar.exe -create ./build/CORETEK03AE_11C/gprs/MT2502o/lib/video_codec.lib --via .\build\CORETEK03AE_11C\gprs\MT2502o\video_codec\video_codec_sort.via
Warning: L3910W: Old syntax, please use '--create'.
./build/CORETEK03AE_11C/gprs/MT2502o/lib/video_codec.lib is updated

.\build\CORETEK03AE_11C\gprs\MT2502r\video_codec_dep\H264SwDecCustomize.det



.\build\CORETEK03AE_11C\gprs\MT2502r\video_codec_dep\hal_custom_video_codec_internal.det



.\build\CORETEK03AE_11C\gprs\MT2502r\video_codec_dep\MP4SwDecCustomize.det



.\build\CORETEK03AE_11C\gprs\MT2502r\video_codec_dep\RVSwDecCustomize.det



.\build\CORETEK03AE_11C\gprs\MT2502r\video_codec_dep\vcodec_customization.det



.\build\CORETEK03AE_11C\gprs\MT2502r\video_codec_dep\vcodec_dcm.det



.\build\CORETEK03AE_11C\gprs\MT2502r\video_codec_dep\vcodec_demand_page.det



.\build\CORETEK03AE_11C\gprs\MT2502r\video_codec_dep\VP8SwDecCustomize.det


Processing H264SwDecCustomize.det hal_custom_video_codec_internal.det MP4SwDecCustomize.det RVSwDecCustomize.det vcodec_customization.det vcodec_dcm.det vcodec_demand_page.det VP8SwDecCustomize.det
make[2]: Leaving directory `D:/MTK/MTK2503/MTK2503/11CW1418SP4_03_CORETEK03AE_11C_V1_GPRS_MMI'
