Module xmlp is in DEFALUT mode
Compiling xmlp\src\wbxmlgen_main.c ... 
Compiling xmlp\src\wbxmlgen_test.c ... 
Compiling xmlp\src\wbxmlp_main.c ... 
"xmlp\src\wbxmlp_main.c", line 1507: Warning:  #186-D: pointless comparison of unsigned integer with zero
          if ((ret < FS_NO_ERROR)||(parser->length == (kal_uint32)0))
                   ^
xmlp\src\wbxmlp_main.c: 1 warning, 0 errors
Compiling xmlp\src\wbxmlp_test.c ... 
Compiling xmlp\src\xml_main.c ... 
Compiling xmlp\src\xmlgen_common.c ... 
Compiling xmlp\src\xmlgen_main.c ... 
"xmlp\src\xmlgen_main.c", line 792: Warning:  #1293-D: assignment in condition
  	 while(i = xml_generate_convert_named_char(p, &text, textlen))
  	       ^
xmlp\src\xmlgen_main.c: 1 warning, 0 errors
Compiling xmlp\src\xmlgen_test.c ... 
make[2]: Entering directory `D:/MTK/MTK2503/MTK2503/11CW1418SP4_03_CORETEK03AE_11C_V1_GPRS_MMI'
CFLAGS = --cpu ARM7EJ-S --littleend -O3 --remove_unneeded_entities -D__RVCT__ -JC:\ARM\RVCT\Data\3.1\569\include\windows --fpmode=ieee_fixed --split_sections --diag_suppress 1,1295,1296,2548 --dwarf2 -D__SERIAL_FLASH_EN__ -D__SERIAL_FLASH_SUPPORT__ --bss_threshold=0
CPLUSFLAGS = --cpp --cpu ARM7EJ-S --littleend -O3 --remove_unneeded_entities -D__RVCT__ -JC:\ARM\RVCT\Data\3.1\569\include\windows --fpmode=ieee_fixed --split_sections --diag_suppress 1,1295,1296,2548 --dwarf2 --bss_threshold=0
AFLAGS = --debug --littleend --cpu ARM7EJ-S --apcs /interwork -16
ADEFS = -pd "MT2502 SETL {TRUE}" -pd "MT2502_S00 SETL {TRUE}" -pd "__SV5_ENABLED__ SETL {TRUE}" -pd "__EVENT_BASED_TIMER__ SETL {TRUE}" -pd "__PRODUCTION_RELEASE__ SETL {TRUE}" -pd "KAL_ON_NUCLEUS SETL {TRUE}" -pd "__CHIP_VERSION_CHECK__ SETL {TRUE}" -pd "__KEYPAD_DEBUG_TRACE__ SETL {TRUE}" -pd "ESAL_AR_STK_FPU_SUPPORT SETL {FALSE}" -pd "__ARM_FPUV2__ SETL {FALSE}" -pd "__SERIAL_FLASH_EN__ SETL {TRUE}" -pd "__SERIAL_FLASH_SUPPORT__ SETL {TRUE}"
C:\ARM\RVCT\Programs\3.1\569\win_32-pentium\armar.exe -create ./build/CORETEK03AE_11C/gprs/MT2502o/lib/xmlp.lib --via .\build\CORETEK03AE_11C\gprs\MT2502o\xmlp\xmlp_sort.via
Warning: L3910W: Old syntax, please use '--create'.
./build/CORETEK03AE_11C/gprs/MT2502o/lib/xmlp.lib is updated

.\build\CORETEK03AE_11C\gprs\MT2502r\xmlp_dep\wbxmlgen_main.det



.\build\CORETEK03AE_11C\gprs\MT2502r\xmlp_dep\wbxmlgen_test.det



.\build\CORETEK03AE_11C\gprs\MT2502r\xmlp_dep\wbxmlp_main.det



.\build\CORETEK03AE_11C\gprs\MT2502r\xmlp_dep\wbxmlp_test.det



.\build\CORETEK03AE_11C\gprs\MT2502r\xmlp_dep\xmlgen_common.det



.\build\CORETEK03AE_11C\gprs\MT2502r\xmlp_dep\xmlgen_main.det



.\build\CORETEK03AE_11C\gprs\MT2502r\xmlp_dep\xmlgen_test.det



.\build\CORETEK03AE_11C\gprs\MT2502r\xmlp_dep\xml_main.det


Processing wbxmlgen_main.det wbxmlgen_test.det wbxmlp_main.det wbxmlp_test.det xmlgen_common.det xmlgen_main.det xmlgen_test.det xml_main.det
make[2]: Leaving directory `D:/MTK/MTK2503/MTK2503/11CW1418SP4_03_CORETEK03AE_11C_V1_GPRS_MMI'
