Module xyssl_adp is in DEFALUT mode
Compiling security\xyssl\adaptation\system\src\xyssl_fs.c ... 
Compiling security\xyssl\adaptation\system\src\xyssl_interface.c ... 
"security\xyssl\adaptation\system\src\xyssl_interface.c", line 254: Warning:  #940-D: missing return statement at end of non-void function "xyssl_adp_ssl_get_verify_result"
    }
    ^
security\xyssl\adaptation\system\src\xyssl_interface.c: 1 warning, 0 errors
Compiling security\xyssl\adaptation\system\src\xyssl_mem.c ... 
"security\xyssl\adaptation\system\src\xyssl_mem.c", line 121: Warning: C3017W: new_ptr may be used before being set
    void *new_ptr;
          ^
security\xyssl\adaptation\system\src\xyssl_mem.c: 1 warning, 0 errors
Compiling security\xyssl\adaptation\system\src\xyssl_soc.c ... 
Compiling security\xyssl\adaptation\system\src\xyssl_time.c ... 
make[2]: Entering directory `D:/MTK/MTK2503/MTK2503/11CW1418SP4_03_CORETEK03AE_11C_V1_GPRS_MMI'
CFLAGS = --cpu ARM7EJ-S --littleend -O3 --remove_unneeded_entities -D__RVCT__ -JC:\ARM\RVCT\Data\3.1\569\include\windows --fpmode=ieee_fixed --split_sections --diag_suppress 1,1295,1296,2548 --dwarf2 -D__SERIAL_FLASH_EN__ -D__SERIAL_FLASH_SUPPORT__ --bss_threshold=0
CPLUSFLAGS = --cpp --cpu ARM7EJ-S --littleend -O3 --remove_unneeded_entities -D__RVCT__ -JC:\ARM\RVCT\Data\3.1\569\include\windows --fpmode=ieee_fixed --split_sections --diag_suppress 1,1295,1296,2548 --dwarf2 --bss_threshold=0
AFLAGS = --debug --littleend --cpu ARM7EJ-S --apcs /interwork -16
ADEFS = -pd "OPENSSL_DISABLE_OLD_DES_SUPPORT SETL {TRUE}" -pd "OSSL_ADP_MEM_STAT SETL {TRUE}" -pd "NO_SYS_TYPES_H SETL {TRUE}" -pd "L_ENDIAN SETL {TRUE}" -pd "OPENSSL_NO_TLSEXT SETL {TRUE}" -pd "MT2502 SETL {TRUE}" -pd "MT2502_S00 SETL {TRUE}" -pd "__SV5_ENABLED__ SETL {TRUE}" -pd "__EVENT_BASED_TIMER__ SETL {TRUE}" -pd "__PRODUCTION_RELEASE__ SETL {TRUE}" -pd "KAL_ON_NUCLEUS SETL {TRUE}" -pd "__CHIP_VERSION_CHECK__ SETL {TRUE}" -pd "__KEYPAD_DEBUG_TRACE__ SETL {TRUE}" -pd "ESAL_AR_STK_FPU_SUPPORT SETL {FALSE}" -pd "__ARM_FPUV2__ SETL {FALSE}" -pd "__SERIAL_FLASH_EN__ SETL {TRUE}" -pd "__SERIAL_FLASH_SUPPORT__ SETL {TRUE}"
C:\ARM\RVCT\Programs\3.1\569\win_32-pentium\armar.exe -create ./build/CORETEK03AE_11C/gprs/MT2502o/lib/xyssl_adp.lib --via .\build\CORETEK03AE_11C\gprs\MT2502o\xyssl_adp\xyssl_adp_sort.via
Warning: L3910W: Old syntax, please use '--create'.
./build/CORETEK03AE_11C/gprs/MT2502o/lib/xyssl_adp.lib is updated

.\build\CORETEK03AE_11C\gprs\MT2502r\xyssl_adp_dep\xyssl_fs.det



.\build\CORETEK03AE_11C\gprs\MT2502r\xyssl_adp_dep\xyssl_interface.det



.\build\CORETEK03AE_11C\gprs\MT2502r\xyssl_adp_dep\xyssl_mem.det



.\build\CORETEK03AE_11C\gprs\MT2502r\xyssl_adp_dep\xyssl_soc.det



.\build\CORETEK03AE_11C\gprs\MT2502r\xyssl_adp_dep\xyssl_time.det


Processing xyssl_fs.det xyssl_interface.det xyssl_mem.det xyssl_soc.det xyssl_time.det
make[2]: Leaving directory `D:/MTK/MTK2503/MTK2503/11CW1418SP4_03_CORETEK03AE_11C_V1_GPRS_MMI'
