plutommi\Customer\CustResource\CustAdoMap.c
plutommi\Customer\CustResource\CustAdoMapExt.c
plutommi\Customer\CustResource\CustAdoRes.c
plutommi\Customer\CustResource\CustAdoResExt.c
plutommi\Customer\CustResource\CustBinaryMap.c
plutommi\Customer\CustResource\CustBinaryRes.c
plutommi\Customer\CustResource\CustCoordinates.c
plutommi\Customer\CustResource\CustENFBImgMap.c
plutommi\Customer\CustResource\CustFontMapExt.c
plutommi\Customer\CustResource\CustFontResExt.c
plutommi\Customer\CustResource\CustMenuRes.c
plutommi\Customer\CustResource\CustMiscData.c
plutommi\Customer\CustResource\CustVenusAppIconData.c
plutommi\Customer\CustResource\CustVenusThemeData.c
plutommi\Customer\CustResource\FontData.c
plutommi\Customer\CustResource\FontRes.c
plutommi\Customer\CustResource\FontType.c
plutommi\Customer\CustResource\IMERes.c
plutommi\Customer\CustResource\ThemeRes.c
plutommi\Customer\CustResource\gui_wrapper.c
plutommi\Customer\CustResource\mmi_cache_table.c
plutommi\Customer\CustResource\mmi_rp_app_data.c
plutommi\Customer\CustResource\mmi_rp_callback_mgr_table.c
plutommi\Customer\CustResource\mmi_rp_file_type_table.c
plutommi\Customer\CustResource\mmi_rp_menu_misc_data.c
plutommi\Customer\CustResource\mmi_rp_native_app_package_data.c
plutommi\Customer\CustResource\qwerty_lang_res.c
plutommi\Customer\CustResource\resource_aud_eq_values.c
plutommi\Customer\CustResource\resource_autogen_audio_jtbl.c
plutommi\Customer\CustResource\resource_barcodereader_skins.c
plutommi\Customer\CustResource\resource_bcr_skins.c
plutommi\Customer\CustResource\resource_calc_coordinates.c
plutommi\Customer\CustResource\resource_camcorder_skins.c
plutommi\Customer\CustResource\resource_camera_skins.c
plutommi\Customer\CustResource\resource_ecompass.c
plutommi\Customer\CustResource\resource_lang_pack_jtbl.c
plutommi\Customer\CustResource\resource_langln_lk_skins.c
plutommi\Customer\CustResource\resource_sndrec_skins.c
plutommi\Customer\CustResource\resource_video_skins.c
plutommi\Customer\CustResource\resource_vt_skins.c
plutommi\Customer\CustResource\resource_world_clock_city.c
plutommi\MMI\Resource\ResThirdROMUtil.c
plutommi\MMI\Resource\StandaloneRes.c
plutommi\customer\CustResource\resource_abrepeat_skins.c
plutommi\customer\CustResource\resource_audply_skins.c
plutommi\customer\CustResource\resource_audply_sub_skins.c
plutommi\customer\CustResource\resource_fmradio_skins.c
plutommi\customer\CustResource\resource_fmradio_sub_skins.c
plutommi\customer\CustResource\resource_fmschedulerec_skins.c
plutommi\customer\CustResource\resource_mediaplayer_skins.c
plutommi\mmi\resource\ABMLoader.c
plutommi\mmi\resource\CompressResUtil.c
plutommi\mmi\resource\MemoryRes.c
plutommi\mmi\resource\OTFRes.c
plutommi\mmi\resource\ReadThemeRes.c
plutommi\mmi\resource\ResCache.c
plutommi\mmi\resource\ResCacheUtil.c
plutommi\mmi\resource\populateres.c
plutommi\mmi\resource\readres.c
