plutommi\Framework\GDI\gdisrc\gd_2d_engine.c
plutommi\Framework\GDI\gdisrc\gd_primitive.c
plutommi\Framework\GDI\gdisrc\gd_primitive16.c
plutommi\Framework\GDI\gdisrc\gd_primitive24.c
plutommi\Framework\GDI\gdisrc\gd_primitive32.c
plutommi\Framework\GDI\gdisrc\gd_primitive32pargb.c
plutommi\Framework\GDI\gdisrc\gd_primitive8.c
plutommi\Framework\GDI\gdisrc\gdc_main.c
plutommi\Framework\GDI\gdisrc\gdd_main.c
plutommi\Framework\GDI\gdisrc\gdi.c
plutommi\Framework\GDI\gdisrc\gdi_animate.c
plutommi\Framework\GDI\gdisrc\gdi_ata.c
plutommi\Framework\GDI\gdisrc\gdi_bytestream.c
plutommi\Framework\GDI\gdisrc\gdi_font.c
plutommi\Framework\GDI\gdisrc\gdi_image.c
plutommi\Framework\GDI\gdisrc\gdi_image_9slice.c
plutommi\Framework\GDI\gdisrc\gdi_image_alpha_bmp.c
plutommi\Framework\GDI\gdisrc\gdi_image_alpha_bmp_v2.c
plutommi\Framework\GDI\gdisrc\gdi_image_alpha_bmp_v2_internal.c
plutommi\Framework\GDI\gdisrc\gdi_image_bmp.c
plutommi\Framework\GDI\gdisrc\gdi_image_decoder.c
plutommi\Framework\GDI\gdisrc\gdi_image_dev_bmp.c
plutommi\Framework\GDI\gdisrc\gdi_image_gif.c
plutommi\Framework\GDI\gdisrc\gdi_image_hwjpg_v2.c
plutommi\Framework\GDI\gdisrc\gdi_image_jpeg.c
plutommi\Framework\GDI\gdisrc\gdi_image_ktx.c
plutommi\Framework\GDI\gdisrc\gdi_image_png.c
plutommi\Framework\GDI\gdisrc\gdi_image_sequence.c
plutommi\Framework\GDI\gdisrc\gdi_image_virtualfile.c
plutommi\Framework\GDI\gdisrc\gdi_image_wbmp.c
plutommi\Framework\GDI\gdisrc\gdi_imgdec.c
plutommi\Framework\GDI\gdisrc\gdi_imgdec_bmp.c
plutommi\Framework\GDI\gdisrc\gdi_imgdec_bytestream.c
plutommi\Framework\GDI\gdisrc\gdi_imgdec_gif.c
plutommi\Framework\GDI\gdisrc\gdi_imgdec_resizer.c
plutommi\Framework\GDI\gdisrc\gdi_imgdec_wbmp.c
plutommi\Framework\GDI\gdisrc\gdi_ipp.c
plutommi\Framework\GDI\gdisrc\gdi_layer.c
plutommi\Framework\GDI\gdisrc\gdi_lcd.c
plutommi\Framework\GDI\gdisrc\gdi_lfs.c
plutommi\Framework\GDI\gdisrc\gdi_mutex.c
plutommi\Framework\GDI\gdisrc\gdi_primitive.c
plutommi\Framework\GDI\gdisrc\gdi_task.c
plutommi\Framework\GDI\gdisrc\gdi_util.c
plutommi\Framework\GDI\gdisrc\ui_buffer.c
