USERNAME=MiladuoSoft
START TIME=2019/05/09 14:12:30 
BUILD START TIME=2019/05/09 14:12:31 
NUMBER_OF_PROCESSORS=4 
BUILD_MACHINE=MILADUOSOFT-PC 
ckmake START TIME=2019/05/09 14:12:35 
ckmake END TIME=2019/05/09 14:12:39 
mcp_check START TIME=2019/05/09 14:12:45 
mcp_check END TIME=2019/05/09 14:12:46 
gen_infolog START TIME=2019/05/09 14:12:47 
gen_infolog END TIME=2019/05/09 14:12:48 
gen_infomakelog START TIME=2019/05/09 14:12:48 
gen_infomakelog END TIME=2019/05/09 14:12:50 
mmi_feature_check START TIME=2019/05/09 14:12:50 
mmi_feature_check END TIME=2019/05/09 14:12:55 
genlog START TIME=2019/05/09 14:12:55 
genlog END TIME=2019/05/09 14:12:56 
cleanbin START TIME=2019/05/09 14:12:56 
cleanbin END TIME=2019/05/09 14:12:57 
genverno START TIME=2019/05/09 14:12:57 
genverno END TIME=2019/05/09 14:13:02 
cleanlib START TIME=2019/05/09 14:13:03 
cleanlib END TIME=2019/05/09 14:13:04 
hTogether START TIME=2019/05/09 14:13:12 
hTogether END TIME=2019/05/09 14:13:22 
 START TIME=2019/05/09 14:13:22 
 END TIME=2019/05/09 14:13:35 
LINKING START TIME=2019/05/09 14:13:52 
LINKING END TIME=2019/05/09 14:14:05 
cmmgen START TIME=2019/05/09 14:14:06 
cmmgen END TIME=2019/05/09 14:14:07 
LOCAL_MACHINE=MILADUOSOFT-PC 
CUSTOM=CORETEK03AE_11C
PLATFORM=
PROJECT=gprs
VERNO=SPROCOMM_OFOV1.0.9
ARMLMD_LICENSE_FILE=C:\ARM\Licenses\rvds.dat
COMMAND=make CORETEK03AE_11C GPRS remake iotlock
BUILD END TIME=2019/05/09 14:14:31 
