
7-Zip (A) 4.16 beta  Copyright (c) 1999-2005 Igor Pavlov  2005-03-29

Processing archive: ..\\..\\Customer\\AUDIO\\PLUTO\audio.zip

Extracting  AnswerMachine
Extracting  AnswerMachine\Chinese
Extracting  AnswerMachine\Chinese\1Min.wav
Extracting  AnswerMachine\Chinese\30scd.wav
Extracting  AnswerMachine\Chinese\3Min.wav
Extracting  AnswerMachine\Chinese\5Min.wav
Extracting  AnswerMachine\Chinese\Bye.wav
Extracting  AnswerMachine\Chinese\DiscFull.wav
Extracting  AnswerMachine\Chinese\Greeting.wav
Extracting  AnswerMachine\Chinese\Input_PW.wav
Extracting  AnswerMachine\Chinese\No_UnRead.wav
Extracting  AnswerMachine\Chinese\Play_All.wav
Extracting  AnswerMachine\Chinese\Play_over.wav
Extracting  AnswerMachine\Chinese\Play_UnRead.wav
Extracting  AnswerMachine\Chinese\Remote.wav
Extracting  AnswerMachine\Chinese\Repaly_UnRead.wav
Extracting  AnswerMachine\Chinese\Replay_all.wav
Extracting  AnswerMachine\Chinese\Replay_one.wav
Extracting  AnswerMachine\Chinese\Retry_PW.wav
Extracting  AnswerMachine\Chinese\TimeOut.wav
Extracting  AnswerMachine\Di_tone.wav
Extracting  AnswerMachine\English
Extracting  AnswerMachine\English\1Min.wav
Extracting  AnswerMachine\English\30scd.wav
Extracting  AnswerMachine\English\3Min.wav
Extracting  AnswerMachine\English\5Min.wav
Extracting  AnswerMachine\English\Bye.wav
Extracting  AnswerMachine\English\DiscFull.wav
Extracting  AnswerMachine\English\Greeting.wav
Extracting  AnswerMachine\English\Input_PW.wav
Extracting  AnswerMachine\English\No_UnRead.wav
Extracting  AnswerMachine\English\Play_All.wav
Extracting  AnswerMachine\English\Play_over.wav
Extracting  AnswerMachine\English\Play_UnRead.wav
Extracting  AnswerMachine\English\Remote.wav
Extracting  AnswerMachine\English\Repaly_UnRead.wav
Extracting  AnswerMachine\English\Replay_all.wav
Extracting  AnswerMachine\English\Replay_one.wav
Extracting  AnswerMachine\English\Retry_PW.wav
Extracting  AnswerMachine\English\TimeOut.wav
Extracting  BGSound
Extracting  BGSound\cmcc_Effect01.wav
Extracting  BGSound\Effect01.wav
Extracting  BGSound\Effect02.wav
Extracting  BGSound\Effect03.wav
Extracting  BGSound\Effect04.wav
Extracting  BGSound\Effect05.wav
Extracting  BGSound\Effect06.wav
Extracting  BGSound\Effect07.wav
Extracting  BGSound\Effect08.wav
Extracting  BGSound\Effect09.wav
Extracting  BGSound\Effect10.wav
Extracting  BTBox
Extracting  BTBox\bootup.mp3
Extracting  BTBox\BTMusic_Enter.mp3
Extracting  BTBox\BT_Abnomal_Disc.mp3
Extracting  BTBox\BT_Lost.mp3
Extracting  BTBox\BT_Reconnect.mp3
Extracting  BTBox\BT_Recoonect_OK.mp3
Extracting  BTBox\charge_done.mp3
Extracting  BTBox\enable_karaoke.mp3
Extracting  BTBox\enter_audply.mp3
Extracting  BTBox\FMRadio_Enter.mp3
Extracting  BTBox\insert_card.mp3
Extracting  BTBox\Linein_Plugin.mp3
Extracting  BTBox\Linein_Plugout.mp3
Extracting  BTBox\low_alert.mp3
Extracting  BTBox\Megaphone_Enter.mp3
Extracting  BTBox\memory_plug_in.mp3
Extracting  BTBox\no_file.mp3
Extracting  BTBox\remove_card.mp3
Extracting  BTBox\Vol_Down.mp3
Extracting  BTBox\Vol_Up.mp3
Extracting  Camcorder
Extracting  Camcorder\count.wav
Extracting  Camcorder\pic.wav
Extracting  Camcorder\pic1.wav
Extracting  Camcorder\pic1_sil.wav
Extracting  Camcorder\pic2.wav
Extracting  Camcorder\pic2_sil.wav
Extracting  Camcorder\pic3.wav
Extracting  Camcorder\pic3_sil.wav
Extracting  Camcorder\pic4.wav
Extracting  Camcorder\pic4_sil.wav
Extracting  Camcorder\pic_.wav
Extracting  Camcorder\pic_sil.wav
Extracting  EMS
Extracting  EMS\EMS01_ChimesHigh.mid
Extracting  EMS\EMS02_ChimesLow.mid
Extracting  EMS\EMS03_Ding.mid
Extracting  EMS\EMS04_TaDa.mid
Extracting  EMS\EMS05_Notify.mid
Extracting  EMS\EMS06_Drum.mid
Extracting  EMS\EMS07_Claps.mid
Extracting  EMS\EMS08_FanFar.mid
Extracting  EMS\EMS09_ChordHigh.mid
Extracting  EMS\EMS10_ChordLow.mid
Extracting  EMS\imy1.imy
Extracting  EMS\imy2.imy
Extracting  EMS\imy3.imy
Extracting  EMS\imy4.imy
Extracting  EMS\imy5.imy
Extracting  MMS
Extracting  MMS\mms01.mid
Extracting  MMS\mms02.mid
Extracting  MMS\mms03.mid
Extracting  MMS\mms04.mid
Extracting  MMS\mms05.mid
Extracting  OP11_Profiles
Extracting  OP11_Profiles\ansPhone_short16.wav
Extracting  OP11_Profiles\confirm_short05.wav
Extracting  OP11_Profiles\deleted_short04.wav
Extracting  OP11_Profiles\Oops_short12.wav
Extracting  OP11_Profiles\problem_short06.wav
Extracting  OP11_Profiles\remind_temp.wav
Extracting  OP11_Profiles\saved_short01.wav
Extracting  OP11_Profiles\sent_short24.wav
Extracting  OP11_Profiles\warning_short18.wav
Extracting  PhotoEditor
Extracting  PhotoEditor\slidshow_aud1.wav
Extracting  PhotoEditor\slidshow_aud2.wav
Extracting  PhotoEditor\slidshow_aud3.wav
Extracting  sdk_test
Extracting  sdk_test\aaa.wav
Extracting  sdk_test\aduio.mid
Extracting  sdk_test\audio.amr
Extracting  sdk_test\audio.awb
Extracting  sdk_test\audio.imy
Extracting  sdk_test\audio.mid
Extracting  sdk_test\audio.wav
Extracting  sdk_test\Default.mp3
Extracting  sdk_test\Effect01.wav
Extracting  sdk_test\Effect07.wav
Extracting  sdk_test\NoAudio.mp3
Extracting  SimpleTTS
Extracting  SimpleTTS\a1.amr
Extracting  SimpleTTS\a2.amr
Extracting  SimpleTTS\a5.amr
Extracting  SimpleTTS\ai1.amr
Extracting  SimpleTTS\ai2.amr
Extracting  SimpleTTS\ai3.amr
Extracting  SimpleTTS\ai4.amr
Extracting  SimpleTTS\an1.amr
Extracting  SimpleTTS\an3.amr
Extracting  SimpleTTS\an4.amr
Extracting  SimpleTTS\ang1.amr
Extracting  SimpleTTS\ang2.amr
Extracting  SimpleTTS\ang4.amr
Extracting  SimpleTTS\ao1.amr
Extracting  SimpleTTS\ao2.amr
Extracting  SimpleTTS\ao3.amr
Extracting  SimpleTTS\ao4.amr
Extracting  SimpleTTS\ba1.amr
Extracting  SimpleTTS\ba2.amr
Extracting  SimpleTTS\ba3.amr
Extracting  SimpleTTS\ba4.amr
Extracting  SimpleTTS\bai1.amr
Extracting  SimpleTTS\bai2.amr
Extracting  SimpleTTS\bai3.amr
Extracting  SimpleTTS\bai4.amr
Extracting  SimpleTTS\ban1.amr
Extracting  SimpleTTS\ban3.amr
Extracting  SimpleTTS\ban4.amr
Extracting  SimpleTTS\bang1.amr
Extracting  SimpleTTS\bang3.amr
Extracting  SimpleTTS\bang4.amr
Extracting  SimpleTTS\bao1.amr
Extracting  SimpleTTS\bao2.amr
Extracting  SimpleTTS\bao3.amr
Extracting  SimpleTTS\bao4.amr
Extracting  SimpleTTS\bei1.amr
Extracting  SimpleTTS\bei3.amr
Extracting  SimpleTTS\bei4.amr
Extracting  SimpleTTS\bei5.amr
Extracting  SimpleTTS\ben1.amr
Extracting  SimpleTTS\ben3.amr
Extracting  SimpleTTS\ben4.amr
Extracting  SimpleTTS\beng1.amr
Extracting  SimpleTTS\beng2.amr
Extracting  SimpleTTS\beng4.amr
Extracting  SimpleTTS\bi1.amr
Extracting  SimpleTTS\bi2.amr
Extracting  SimpleTTS\bi3.amr
Extracting  SimpleTTS\bi4.amr
Extracting  SimpleTTS\bian1.amr
Extracting  SimpleTTS\bian3.amr
Extracting  SimpleTTS\bian4.amr
Extracting  SimpleTTS\biao1.amr
Extracting  SimpleTTS\biao3.amr
Extracting  SimpleTTS\biao4.amr
Extracting  SimpleTTS\bie1.amr
Extracting  SimpleTTS\bie2.amr
Extracting  SimpleTTS\bie3.amr
Extracting  SimpleTTS\bie4.amr
Extracting  SimpleTTS\bin1.amr
Extracting  SimpleTTS\bin4.amr
Extracting  SimpleTTS\bing1.amr
Extracting  SimpleTTS\bing3.amr
Extracting  SimpleTTS\bing4.amr
Extracting  SimpleTTS\bing5.amr
Extracting  SimpleTTS\bo1.amr
Extracting  SimpleTTS\bo2.amr
Extracting  SimpleTTS\bo3.amr
Extracting  SimpleTTS\bo4.amr
Extracting  SimpleTTS\bo5.amr
Extracting  SimpleTTS\bu1.amr
Extracting  SimpleTTS\bu2.amr
Extracting  SimpleTTS\bu3.amr
Extracting  SimpleTTS\bu4.amr
Extracting  SimpleTTS\ca1.amr
Extracting  SimpleTTS\ca3.amr
Extracting  SimpleTTS\cai1.amr
Extracting  SimpleTTS\cai2.amr
Extracting  SimpleTTS\cai3.amr
Extracting  SimpleTTS\cai4.amr
Extracting  SimpleTTS\can1.amr
Extracting  SimpleTTS\can2.amr
Extracting  SimpleTTS\can3.amr
Extracting  SimpleTTS\can4.amr
Extracting  SimpleTTS\cang1.amr
Extracting  SimpleTTS\cang2.amr
Extracting  SimpleTTS\cao1.amr
Extracting  SimpleTTS\cao2.amr
Extracting  SimpleTTS\cao3.amr
Extracting  SimpleTTS\cao4.amr
Extracting  SimpleTTS\ce4.amr
Extracting  SimpleTTS\cen2.amr
Extracting  SimpleTTS\ceng1.amr
Extracting  SimpleTTS\ceng2.amr
Extracting  SimpleTTS\ceng4.amr
Extracting  SimpleTTS\cha1.amr
Extracting  SimpleTTS\cha2.amr
Extracting  SimpleTTS\cha3.amr
Extracting  SimpleTTS\cha4.amr
Extracting  SimpleTTS\chai1.amr
Extracting  SimpleTTS\chai2.amr
Extracting  SimpleTTS\chai4.amr
Extracting  SimpleTTS\chan1.amr
Extracting  SimpleTTS\chan2.amr
Extracting  SimpleTTS\chan3.amr
Extracting  SimpleTTS\chan4.amr
Extracting  SimpleTTS\chang1.amr
Extracting  SimpleTTS\chang2.amr
Extracting  SimpleTTS\chang3.amr
Extracting  SimpleTTS\chang4.amr
Extracting  SimpleTTS\chao1.amr
Extracting  SimpleTTS\chao2.amr
Extracting  SimpleTTS\chao3.amr
Extracting  SimpleTTS\chao4.amr
Extracting  SimpleTTS\che1.amr
Extracting  SimpleTTS\che3.amr
Extracting  SimpleTTS\che4.amr
Extracting  SimpleTTS\chen1.amr
Extracting  SimpleTTS\chen2.amr
Extracting  SimpleTTS\chen3.amr
Extracting  SimpleTTS\chen4.amr
Extracting  SimpleTTS\chen5.amr
Extracting  SimpleTTS\cheng1.amr
Extracting  SimpleTTS\cheng2.amr
Extracting  SimpleTTS\cheng3.amr
Extracting  SimpleTTS\cheng4.amr
Extracting  SimpleTTS\chi1.amr
Extracting  SimpleTTS\chi2.amr
Extracting  SimpleTTS\chi3.amr
Extracting  SimpleTTS\chi4.amr
Extracting  SimpleTTS\chong1.amr
Extracting  SimpleTTS\chong2.amr
Extracting  SimpleTTS\chong3.amr
Extracting  SimpleTTS\chong4.amr
Extracting  SimpleTTS\chou1.amr
Extracting  SimpleTTS\chou2.amr
Extracting  SimpleTTS\chou3.amr
Extracting  SimpleTTS\chou4.amr
Extracting  SimpleTTS\chu1.amr
Extracting  SimpleTTS\chu2.amr
Extracting  SimpleTTS\chu3.amr
Extracting  SimpleTTS\chu4.amr
Extracting  SimpleTTS\chuai1.amr
Extracting  SimpleTTS\chuai3.amr
Extracting  SimpleTTS\chuai4.amr
Extracting  SimpleTTS\chuan1.amr
Extracting  SimpleTTS\chuan2.amr
Extracting  SimpleTTS\chuan3.amr
Extracting  SimpleTTS\chuan4.amr
Extracting  SimpleTTS\chuang1.amr
Extracting  SimpleTTS\chuang2.amr
Extracting  SimpleTTS\chuang3.amr
Extracting  SimpleTTS\chuang4.amr
Extracting  SimpleTTS\chui1.amr
Extracting  SimpleTTS\chui2.amr
Extracting  SimpleTTS\chun1.amr
Extracting  SimpleTTS\chun2.amr
Extracting  SimpleTTS\chun3.amr
Extracting  SimpleTTS\chuo1.amr
Extracting  SimpleTTS\chuo4.amr
Extracting  SimpleTTS\ci1.amr
Extracting  SimpleTTS\ci2.amr
Extracting  SimpleTTS\ci3.amr
Extracting  SimpleTTS\ci4.amr
Extracting  SimpleTTS\cong1.amr
Extracting  SimpleTTS\cong2.amr
Extracting  SimpleTTS\cou4.amr
Extracting  SimpleTTS\cu1.amr
Extracting  SimpleTTS\cu2.amr
Extracting  SimpleTTS\cu4.amr
Extracting  SimpleTTS\cuan1.amr
Extracting  SimpleTTS\cuan4.amr
Extracting  SimpleTTS\cui1.amr
Extracting  SimpleTTS\cui3.amr
Extracting  SimpleTTS\cui4.amr
Extracting  SimpleTTS\cun1.amr
Extracting  SimpleTTS\cun2.amr
Extracting  SimpleTTS\cun3.amr
Extracting  SimpleTTS\cun4.amr
Extracting  SimpleTTS\cuo1.amr
Extracting  SimpleTTS\cuo2.amr
Extracting  SimpleTTS\cuo3.amr
Extracting  SimpleTTS\cuo4.amr
Extracting  SimpleTTS\da1.amr
Extracting  SimpleTTS\da2.amr
Extracting  SimpleTTS\da3.amr
Extracting  SimpleTTS\da4.amr
Extracting  SimpleTTS\dai1.amr
Extracting  SimpleTTS\dai3.amr
Extracting  SimpleTTS\dai4.amr
Extracting  SimpleTTS\dan1.amr
Extracting  SimpleTTS\dan3.amr
Extracting  SimpleTTS\dan4.amr
Extracting  SimpleTTS\dang1.amr
Extracting  SimpleTTS\dang3.amr
Extracting  SimpleTTS\dang4.amr
Extracting  SimpleTTS\dao1.amr
Extracting  SimpleTTS\dao3.amr
Extracting  SimpleTTS\dao4.amr
Extracting  SimpleTTS\de2.amr
Extracting  SimpleTTS\de5.amr
Extracting  SimpleTTS\deng1.amr
Extracting  SimpleTTS\deng3.amr
Extracting  SimpleTTS\deng4.amr
Extracting  SimpleTTS\di1.amr
Extracting  SimpleTTS\di2.amr
Extracting  SimpleTTS\di3.amr
Extracting  SimpleTTS\di4.amr
Extracting  SimpleTTS\dia3.amr
Extracting  SimpleTTS\dian1.amr
Extracting  SimpleTTS\dian3.amr
Extracting  SimpleTTS\dian4.amr
Extracting  SimpleTTS\diao1.amr
Extracting  SimpleTTS\diao3.amr
Extracting  SimpleTTS\diao4.amr
Extracting  SimpleTTS\die1.amr
Extracting  SimpleTTS\die2.amr
Extracting  SimpleTTS\ding1.amr
Extracting  SimpleTTS\ding3.amr
Extracting  SimpleTTS\ding4.amr
Extracting  SimpleTTS\diu1.amr
Extracting  SimpleTTS\dong1.amr
Extracting  SimpleTTS\dong3.amr
Extracting  SimpleTTS\dong4.amr
Extracting  SimpleTTS\dou1.amr
Extracting  SimpleTTS\dou3.amr
Extracting  SimpleTTS\dou4.amr
Extracting  SimpleTTS\du1.amr
Extracting  SimpleTTS\du2.amr
Extracting  SimpleTTS\du3.amr
Extracting  SimpleTTS\du4.amr
Extracting  SimpleTTS\duan1.amr
Extracting  SimpleTTS\duan3.amr
Extracting  SimpleTTS\duan4.amr
Extracting  SimpleTTS\dui1.amr
Extracting  SimpleTTS\dui4.amr
Extracting  SimpleTTS\dun1.amr
Extracting  SimpleTTS\dun3.amr
Extracting  SimpleTTS\dun4.amr
Extracting  SimpleTTS\duo1.amr
Extracting  SimpleTTS\duo2.amr
Extracting  SimpleTTS\duo3.amr
Extracting  SimpleTTS\duo4.amr
Extracting  SimpleTTS\e1.amr
Extracting  SimpleTTS\e2.amr
Extracting  SimpleTTS\e3.amr
Extracting  SimpleTTS\e4.amr
Extracting  SimpleTTS\ei2.amr
Extracting  SimpleTTS\en1.amr
Extracting  SimpleTTS\en4.amr
Extracting  SimpleTTS\er2.amr
Extracting  SimpleTTS\er3.amr
Extracting  SimpleTTS\er4.amr
Extracting  SimpleTTS\fa1.amr
Extracting  SimpleTTS\fa2.amr
Extracting  SimpleTTS\fa3.amr
Extracting  SimpleTTS\fa4.amr
Extracting  SimpleTTS\fan1.amr
Extracting  SimpleTTS\fan2.amr
Extracting  SimpleTTS\fan3.amr
Extracting  SimpleTTS\fan4.amr
Extracting  SimpleTTS\fang1.amr
Extracting  SimpleTTS\fang2.amr
Extracting  SimpleTTS\fang3.amr
Extracting  SimpleTTS\fang4.amr
Extracting  SimpleTTS\fei1.amr
Extracting  SimpleTTS\fei2.amr
Extracting  SimpleTTS\fei3.amr
Extracting  SimpleTTS\fei4.amr
Extracting  SimpleTTS\fen1.amr
Extracting  SimpleTTS\fen2.amr
Extracting  SimpleTTS\fen3.amr
Extracting  SimpleTTS\fen4.amr
Extracting  SimpleTTS\feng1.amr
Extracting  SimpleTTS\feng2.amr
Extracting  SimpleTTS\feng3.amr
Extracting  SimpleTTS\feng4.amr
Extracting  SimpleTTS\fo2.amr
Extracting  SimpleTTS\fou2.amr
Extracting  SimpleTTS\fou3.amr
Extracting  SimpleTTS\fu1.amr
Extracting  SimpleTTS\fu2.amr
Extracting  SimpleTTS\fu3.amr
Extracting  SimpleTTS\fu4.amr
Extracting  SimpleTTS\ga1.amr
Extracting  SimpleTTS\ga2.amr
Extracting  SimpleTTS\ga3.amr
Extracting  SimpleTTS\ga4.amr
Extracting  SimpleTTS\gai1.amr
Extracting  SimpleTTS\gai3.amr
Extracting  SimpleTTS\gai4.amr
Extracting  SimpleTTS\gan1.amr
Extracting  SimpleTTS\gan3.amr
Extracting  SimpleTTS\gan4.amr
Extracting  SimpleTTS\gang1.amr
Extracting  SimpleTTS\gang3.amr
Extracting  SimpleTTS\gang4.amr
Extracting  SimpleTTS\gao1.amr
Extracting  SimpleTTS\gao3.amr
Extracting  SimpleTTS\gao4.amr
Extracting  SimpleTTS\ge1.amr
Extracting  SimpleTTS\ge2.amr
Extracting  SimpleTTS\ge3.amr
Extracting  SimpleTTS\ge4.amr
Extracting  SimpleTTS\gei3.amr
Extracting  SimpleTTS\gen1.amr
Extracting  SimpleTTS\gen2.amr
Extracting  SimpleTTS\gen3.amr
Extracting  SimpleTTS\gen4.amr
Extracting  SimpleTTS\geng1.amr
Extracting  SimpleTTS\geng3.amr
Extracting  SimpleTTS\geng4.amr
Extracting  SimpleTTS\gong1.amr
Extracting  SimpleTTS\gong3.amr
Extracting  SimpleTTS\gong4.amr
Extracting  SimpleTTS\gou1.amr
Extracting  SimpleTTS\gou3.amr
Extracting  SimpleTTS\gou4.amr
Extracting  SimpleTTS\gu1.amr
Extracting  SimpleTTS\gu3.amr
Extracting  SimpleTTS\gu4.amr
Extracting  SimpleTTS\gua1.amr
Extracting  SimpleTTS\gua3.amr
Extracting  SimpleTTS\gua4.amr
Extracting  SimpleTTS\guai1.amr
Extracting  SimpleTTS\guai3.amr
Extracting  SimpleTTS\guai4.amr
Extracting  SimpleTTS\guan1.amr
Extracting  SimpleTTS\guan3.amr
Extracting  SimpleTTS\guan4.amr
Extracting  SimpleTTS\guang1.amr
Extracting  SimpleTTS\guang3.amr
Extracting  SimpleTTS\guang4.amr
Extracting  SimpleTTS\gui1.amr
Extracting  SimpleTTS\gui3.amr
Extracting  SimpleTTS\gui4.amr
Extracting  SimpleTTS\gun3.amr
Extracting  SimpleTTS\gun4.amr
Extracting  SimpleTTS\guo1.amr
Extracting  SimpleTTS\guo2.amr
Extracting  SimpleTTS\guo3.amr
Extracting  SimpleTTS\guo4.amr
Extracting  SimpleTTS\ha1.amr
Extracting  SimpleTTS\ha2.amr
Extracting  SimpleTTS\hai1.amr
Extracting  SimpleTTS\hai2.amr
Extracting  SimpleTTS\hai3.amr
Extracting  SimpleTTS\hai4.amr
Extracting  SimpleTTS\han1.amr
Extracting  SimpleTTS\han2.amr
Extracting  SimpleTTS\han3.amr
Extracting  SimpleTTS\han4.amr
Extracting  SimpleTTS\hang1.amr
Extracting  SimpleTTS\hang2.amr
Extracting  SimpleTTS\hang4.amr
Extracting  SimpleTTS\hao1.amr
Extracting  SimpleTTS\hao2.amr
Extracting  SimpleTTS\hao3.amr
Extracting  SimpleTTS\hao4.amr
Extracting  SimpleTTS\he1.amr
Extracting  SimpleTTS\he2.amr
Extracting  SimpleTTS\he4.amr
Extracting  SimpleTTS\hei1.amr
Extracting  SimpleTTS\hen2.amr
Extracting  SimpleTTS\hen3.amr
Extracting  SimpleTTS\hen4.amr
Extracting  SimpleTTS\heng1.amr
Extracting  SimpleTTS\heng2.amr
Extracting  SimpleTTS\heng4.amr
Extracting  SimpleTTS\hong1.amr
Extracting  SimpleTTS\hong2.amr
Extracting  SimpleTTS\hong3.amr
Extracting  SimpleTTS\hong4.amr
Extracting  SimpleTTS\hou2.amr
Extracting  SimpleTTS\hou3.amr
Extracting  SimpleTTS\hou4.amr
Extracting  SimpleTTS\hu1.amr
Extracting  SimpleTTS\hu2.amr
Extracting  SimpleTTS\hu3.amr
Extracting  SimpleTTS\hu4.amr
Extracting  SimpleTTS\hua1.amr
Extracting  SimpleTTS\hua2.amr
Extracting  SimpleTTS\hua4.amr
Extracting  SimpleTTS\huai2.amr
Extracting  SimpleTTS\huai4.amr
Extracting  SimpleTTS\huan1.amr
Extracting  SimpleTTS\huan2.amr
Extracting  SimpleTTS\huan3.amr
Extracting  SimpleTTS\huan4.amr
Extracting  SimpleTTS\huang1.amr
Extracting  SimpleTTS\huang2.amr
Extracting  SimpleTTS\huang3.amr
Extracting  SimpleTTS\huang4.amr
Extracting  SimpleTTS\hui1.amr
Extracting  SimpleTTS\hui2.amr
Extracting  SimpleTTS\hui3.amr
Extracting  SimpleTTS\hui4.amr
Extracting  SimpleTTS\hun1.amr
Extracting  SimpleTTS\hun2.amr
Extracting  SimpleTTS\hun4.amr
Extracting  SimpleTTS\huo1.amr
Extracting  SimpleTTS\huo2.amr
Extracting  SimpleTTS\huo3.amr
Extracting  SimpleTTS\huo4.amr
Extracting  SimpleTTS\ji1.amr
Extracting  SimpleTTS\ji2.amr
Extracting  SimpleTTS\ji3.amr
Extracting  SimpleTTS\ji4.amr
Extracting  SimpleTTS\jia1.amr
Extracting  SimpleTTS\jia2.amr
Extracting  SimpleTTS\jia3.amr
Extracting  SimpleTTS\jia4.amr
Extracting  SimpleTTS\jian1.amr
Extracting  SimpleTTS\jian3.amr
Extracting  SimpleTTS\jian4.amr
Extracting  SimpleTTS\jiang1.amr
Extracting  SimpleTTS\jiang3.amr
Extracting  SimpleTTS\jiang4.amr
Extracting  SimpleTTS\jiao1.amr
Extracting  SimpleTTS\jiao2.amr
Extracting  SimpleTTS\jiao3.amr
Extracting  SimpleTTS\jiao4.amr
Extracting  SimpleTTS\jie1.amr
Extracting  SimpleTTS\jie2.amr
Extracting  SimpleTTS\jie3.amr
Extracting  SimpleTTS\jie4.amr
Extracting  SimpleTTS\jin1.amr
Extracting  SimpleTTS\jin3.amr
Extracting  SimpleTTS\jin4.amr
Extracting  SimpleTTS\jing1.amr
Extracting  SimpleTTS\jing3.amr
Extracting  SimpleTTS\jing4.amr
Extracting  SimpleTTS\jiong1.amr
Extracting  SimpleTTS\jiong3.amr
Extracting  SimpleTTS\jiu1.amr
Extracting  SimpleTTS\jiu3.amr
Extracting  SimpleTTS\jiu4.amr
Extracting  SimpleTTS\ju1.amr
Extracting  SimpleTTS\ju2.amr
Extracting  SimpleTTS\ju3.amr
Extracting  SimpleTTS\ju4.amr
Extracting  SimpleTTS\juan1.amr
Extracting  SimpleTTS\juan3.amr
Extracting  SimpleTTS\juan4.amr
Extracting  SimpleTTS\jue1.amr
Extracting  SimpleTTS\jue2.amr
Extracting  SimpleTTS\jue4.amr
Extracting  SimpleTTS\jun1.amr
Extracting  SimpleTTS\jun4.amr
Extracting  SimpleTTS\ka1.amr
Extracting  SimpleTTS\ka3.amr
Extracting  SimpleTTS\kai1.amr
Extracting  SimpleTTS\kai3.amr
Extracting  SimpleTTS\kai4.amr
Extracting  SimpleTTS\kan1.amr
Extracting  SimpleTTS\kan3.amr
Extracting  SimpleTTS\kan4.amr
Extracting  SimpleTTS\kang1.amr
Extracting  SimpleTTS\kang2.amr
Extracting  SimpleTTS\kang4.amr
Extracting  SimpleTTS\kao1.amr
Extracting  SimpleTTS\kao3.amr
Extracting  SimpleTTS\kao4.amr
Extracting  SimpleTTS\ke1.amr
Extracting  SimpleTTS\ke2.amr
Extracting  SimpleTTS\ke3.amr
Extracting  SimpleTTS\ke4.amr
Extracting  SimpleTTS\ken3.amr
Extracting  SimpleTTS\ken4.amr
Extracting  SimpleTTS\keng1.amr
Extracting  SimpleTTS\kong1.amr
Extracting  SimpleTTS\kong3.amr
Extracting  SimpleTTS\kong4.amr
Extracting  SimpleTTS\kou1.amr
Extracting  SimpleTTS\kou3.amr
Extracting  SimpleTTS\kou4.amr
Extracting  SimpleTTS\ku1.amr
Extracting  SimpleTTS\ku3.amr
Extracting  SimpleTTS\ku4.amr
Extracting  SimpleTTS\kua1.amr
Extracting  SimpleTTS\kua3.amr
Extracting  SimpleTTS\kua4.amr
Extracting  SimpleTTS\kuai1.amr
Extracting  SimpleTTS\kuai3.amr
Extracting  SimpleTTS\kuai4.amr
Extracting  SimpleTTS\kuan1.amr
Extracting  SimpleTTS\kuan3.amr
Extracting  SimpleTTS\kuang1.amr
Extracting  SimpleTTS\kuang2.amr
Extracting  SimpleTTS\kuang3.amr
Extracting  SimpleTTS\kuang4.amr
Extracting  SimpleTTS\kui1.amr
Extracting  SimpleTTS\kui2.amr
Extracting  SimpleTTS\kui3.amr
Extracting  SimpleTTS\kui4.amr
Extracting  SimpleTTS\kun1.amr
Extracting  SimpleTTS\kun3.amr
Extracting  SimpleTTS\kun4.amr
Extracting  SimpleTTS\kuo4.amr
Extracting  SimpleTTS\la1.amr
Extracting  SimpleTTS\la2.amr
Extracting  SimpleTTS\la3.amr
Extracting  SimpleTTS\la4.amr
Extracting  SimpleTTS\la5.amr
Extracting  SimpleTTS\lai2.amr
Extracting  SimpleTTS\lai4.amr
Extracting  SimpleTTS\lan2.amr
Extracting  SimpleTTS\lan3.amr
Extracting  SimpleTTS\lan4.amr
Extracting  SimpleTTS\lang1.amr
Extracting  SimpleTTS\lang2.amr
Extracting  SimpleTTS\lang3.amr
Extracting  SimpleTTS\lang4.amr
Extracting  SimpleTTS\lao1.amr
Extracting  SimpleTTS\lao2.amr
Extracting  SimpleTTS\lao3.amr
Extracting  SimpleTTS\lao4.amr
Extracting  SimpleTTS\le4.amr
Extracting  SimpleTTS\le5.amr
Extracting  SimpleTTS\lei2.amr
Extracting  SimpleTTS\lei3.amr
Extracting  SimpleTTS\lei4.amr
Extracting  SimpleTTS\lei5.amr
Extracting  SimpleTTS\leng2.amr
Extracting  SimpleTTS\leng3.amr
Extracting  SimpleTTS\leng4.amr
Extracting  SimpleTTS\li2.amr
Extracting  SimpleTTS\li3.amr
Extracting  SimpleTTS\li4.amr
Extracting  SimpleTTS\li5.amr
Extracting  SimpleTTS\lian2.amr
Extracting  SimpleTTS\lian3.amr
Extracting  SimpleTTS\lian4.amr
Extracting  SimpleTTS\liang2.amr
Extracting  SimpleTTS\liang3.amr
Extracting  SimpleTTS\liang4.amr
Extracting  SimpleTTS\liao2.amr
Extracting  SimpleTTS\liao3.amr
Extracting  SimpleTTS\liao4.amr
Extracting  SimpleTTS\lie4.amr
Extracting  SimpleTTS\lie5.amr
Extracting  SimpleTTS\lin2.amr
Extracting  SimpleTTS\lin3.amr
Extracting  SimpleTTS\lin4.amr
Extracting  SimpleTTS\ling1.amr
Extracting  SimpleTTS\ling2.amr
Extracting  SimpleTTS\ling3.amr
Extracting  SimpleTTS\ling4.amr
Extracting  SimpleTTS\liu1.amr
Extracting  SimpleTTS\liu2.amr
Extracting  SimpleTTS\liu3.amr
Extracting  SimpleTTS\liu4.amr
Extracting  SimpleTTS\long2.amr
Extracting  SimpleTTS\long3.amr
Extracting  SimpleTTS\lou2.amr
Extracting  SimpleTTS\lou3.amr
Extracting  SimpleTTS\lou4.amr
Extracting  SimpleTTS\lou5.amr
Extracting  SimpleTTS\lu1.amr
Extracting  SimpleTTS\lu2.amr
Extracting  SimpleTTS\lu3.amr
Extracting  SimpleTTS\lu4.amr
Extracting  SimpleTTS\lu5.amr
Extracting  SimpleTTS\luan2.amr
Extracting  SimpleTTS\luan3.amr
Extracting  SimpleTTS\luan4.amr
Extracting  SimpleTTS\lun2.amr
Extracting  SimpleTTS\lun4.amr
Extracting  SimpleTTS\luo1.amr
Extracting  SimpleTTS\luo2.amr
Extracting  SimpleTTS\luo3.amr
Extracting  SimpleTTS\luo4.amr
Extracting  SimpleTTS\lv2.amr
Extracting  SimpleTTS\lv3.amr
Extracting  SimpleTTS\lv4.amr
Extracting  SimpleTTS\lve4.amr
Extracting  SimpleTTS\m2.amr
Extracting  SimpleTTS\ma1.amr
Extracting  SimpleTTS\ma2.amr
Extracting  SimpleTTS\ma3.amr
Extracting  SimpleTTS\ma4.amr
Extracting  SimpleTTS\ma5.amr
Extracting  SimpleTTS\mai2.amr
Extracting  SimpleTTS\mai3.amr
Extracting  SimpleTTS\mai4.amr
Extracting  SimpleTTS\man1.amr
Extracting  SimpleTTS\man2.amr
Extracting  SimpleTTS\man3.amr
Extracting  SimpleTTS\man4.amr
Extracting  SimpleTTS\mang2.amr
Extracting  SimpleTTS\mang3.amr
Extracting  SimpleTTS\mao1.amr
Extracting  SimpleTTS\mao2.amr
Extracting  SimpleTTS\mao3.amr
Extracting  SimpleTTS\mao4.amr
Extracting  SimpleTTS\me5.amr
Extracting  SimpleTTS\mei2.amr
Extracting  SimpleTTS\mei3.amr
Extracting  SimpleTTS\mei4.amr
Extracting  SimpleTTS\men2.amr
Extracting  SimpleTTS\men4.amr
Extracting  SimpleTTS\men5.amr
Extracting  SimpleTTS\meng2.amr
Extracting  SimpleTTS\meng3.amr
Extracting  SimpleTTS\meng4.amr
Extracting  SimpleTTS\mi1.amr
Extracting  SimpleTTS\mi2.amr
Extracting  SimpleTTS\mi3.amr
Extracting  SimpleTTS\mi4.amr
Extracting  SimpleTTS\mian2.amr
Extracting  SimpleTTS\mian3.amr
Extracting  SimpleTTS\mian4.amr
Extracting  SimpleTTS\miao1.amr
Extracting  SimpleTTS\miao2.amr
Extracting  SimpleTTS\miao3.amr
Extracting  SimpleTTS\miao4.amr
Extracting  SimpleTTS\mie1.amr
Extracting  SimpleTTS\mie4.amr
Extracting  SimpleTTS\min2.amr
Extracting  SimpleTTS\min3.amr
Extracting  SimpleTTS\ming2.amr
Extracting  SimpleTTS\ming3.amr
Extracting  SimpleTTS\ming4.amr
Extracting  SimpleTTS\miu4.amr
Extracting  SimpleTTS\mo1.amr
Extracting  SimpleTTS\mo2.amr
Extracting  SimpleTTS\mo3.amr
Extracting  SimpleTTS\mo4.amr
Extracting  SimpleTTS\mou1.amr
Extracting  SimpleTTS\mou2.amr
Extracting  SimpleTTS\mou3.amr
Extracting  SimpleTTS\mu2.amr
Extracting  SimpleTTS\mu3.amr
Extracting  SimpleTTS\mu4.amr
Extracting  SimpleTTS\n2.amr
Extracting  SimpleTTS\na2.amr
Extracting  SimpleTTS\na3.amr
Extracting  SimpleTTS\na4.amr
Extracting  SimpleTTS\nai3.amr
Extracting  SimpleTTS\nai4.amr
Extracting  SimpleTTS\nan1.amr
Extracting  SimpleTTS\nan2.amr
Extracting  SimpleTTS\nan3.amr
Extracting  SimpleTTS\nang1.amr
Extracting  SimpleTTS\nang2.amr
Extracting  SimpleTTS\nang3.amr
Extracting  SimpleTTS\nao1.amr
Extracting  SimpleTTS\nao2.amr
Extracting  SimpleTTS\nao3.amr
Extracting  SimpleTTS\nao4.amr
Extracting  SimpleTTS\ne4.amr
Extracting  SimpleTTS\ne5.amr
Extracting  SimpleTTS\nei3.amr
Extracting  SimpleTTS\nei4.amr
Extracting  SimpleTTS\nen4.amr
Extracting  SimpleTTS\neng2.amr
Extracting  SimpleTTS\ni1.amr
Extracting  SimpleTTS\ni2.amr
Extracting  SimpleTTS\ni3.amr
Extracting  SimpleTTS\ni4.amr
Extracting  SimpleTTS\nian1.amr
Extracting  SimpleTTS\nian2.amr
Extracting  SimpleTTS\nian3.amr
Extracting  SimpleTTS\nian4.amr
Extracting  SimpleTTS\niang2.amr
Extracting  SimpleTTS\niang4.amr
Extracting  SimpleTTS\niao3.amr
Extracting  SimpleTTS\niao4.amr
Extracting  SimpleTTS\nie1.amr
Extracting  SimpleTTS\nie4.amr
Extracting  SimpleTTS\nin2.amr
Extracting  SimpleTTS\ning2.amr
Extracting  SimpleTTS\ning3.amr
Extracting  SimpleTTS\ning4.amr
Extracting  SimpleTTS\niu1.amr
Extracting  SimpleTTS\niu2.amr
Extracting  SimpleTTS\niu3.amr
Extracting  SimpleTTS\niu4.amr
Extracting  SimpleTTS\nong2.amr
Extracting  SimpleTTS\nong4.amr
Extracting  SimpleTTS\nou4.amr
Extracting  SimpleTTS\nu2.amr
Extracting  SimpleTTS\nu3.amr
Extracting  SimpleTTS\nu4.amr
Extracting  SimpleTTS\nuan3.amr
Extracting  SimpleTTS\nuo2.amr
Extracting  SimpleTTS\nuo4.amr
Extracting  SimpleTTS\nv3.amr
Extracting  SimpleTTS\nv4.amr
Extracting  SimpleTTS\nve4.amr
Extracting  SimpleTTS\o1.amr
Extracting  SimpleTTS\o4.amr
Extracting  SimpleTTS\ou1.amr
Extracting  SimpleTTS\ou3.amr
Extracting  SimpleTTS\ou4.amr
Extracting  SimpleTTS\pa1.amr
Extracting  SimpleTTS\pa2.amr
Extracting  SimpleTTS\pa4.amr
Extracting  SimpleTTS\pa5.amr
Extracting  SimpleTTS\pai1.amr
Extracting  SimpleTTS\pai2.amr
Extracting  SimpleTTS\pai4.amr
Extracting  SimpleTTS\pan1.amr
Extracting  SimpleTTS\pan2.amr
Extracting  SimpleTTS\pan4.amr
Extracting  SimpleTTS\pang1.amr
Extracting  SimpleTTS\pang2.amr
Extracting  SimpleTTS\pang3.amr
Extracting  SimpleTTS\pang4.amr
Extracting  SimpleTTS\pao1.amr
Extracting  SimpleTTS\pao2.amr
Extracting  SimpleTTS\pao3.amr
Extracting  SimpleTTS\pao4.amr
Extracting  SimpleTTS\pei1.amr
Extracting  SimpleTTS\pei2.amr
Extracting  SimpleTTS\pei4.amr
Extracting  SimpleTTS\pen1.amr
Extracting  SimpleTTS\pen2.amr
Extracting  SimpleTTS\peng1.amr
Extracting  SimpleTTS\peng2.amr
Extracting  SimpleTTS\peng3.amr
Extracting  SimpleTTS\peng4.amr
Extracting  SimpleTTS\pi1.amr
Extracting  SimpleTTS\pi2.amr
Extracting  SimpleTTS\pi3.amr
Extracting  SimpleTTS\pi4.amr
Extracting  SimpleTTS\pian1.amr
Extracting  SimpleTTS\pian2.amr
Extracting  SimpleTTS\pian3.amr
Extracting  SimpleTTS\pian4.amr
Extracting  SimpleTTS\piao1.amr
Extracting  SimpleTTS\piao2.amr
Extracting  SimpleTTS\piao3.amr
Extracting  SimpleTTS\piao4.amr
Extracting  SimpleTTS\pie1.amr
Extracting  SimpleTTS\pie3.amr
Extracting  SimpleTTS\pin1.amr
Extracting  SimpleTTS\pin2.amr
Extracting  SimpleTTS\pin3.amr
Extracting  SimpleTTS\pin4.amr
Extracting  SimpleTTS\ping1.amr
Extracting  SimpleTTS\ping2.amr
Extracting  SimpleTTS\po1.amr
Extracting  SimpleTTS\po2.amr
Extracting  SimpleTTS\po3.amr
Extracting  SimpleTTS\po4.amr
Extracting  SimpleTTS\pou1.amr
Extracting  SimpleTTS\pou2.amr
Extracting  SimpleTTS\pu1.amr
Extracting  SimpleTTS\pu2.amr
Extracting  SimpleTTS\pu3.amr
Extracting  SimpleTTS\pu4.amr
Extracting  SimpleTTS\qi1.amr
Extracting  SimpleTTS\qi2.amr
Extracting  SimpleTTS\qi3.amr
Extracting  SimpleTTS\qi4.amr
Extracting  SimpleTTS\qia1.amr
Extracting  SimpleTTS\qia4.amr
Extracting  SimpleTTS\qian1.amr
Extracting  SimpleTTS\qian2.amr
Extracting  SimpleTTS\qian3.amr
Extracting  SimpleTTS\qian4.amr
Extracting  SimpleTTS\qiang1.amr
Extracting  SimpleTTS\qiang2.amr
Extracting  SimpleTTS\qiang3.amr
Extracting  SimpleTTS\qiang4.amr
Extracting  SimpleTTS\qiao1.amr
Extracting  SimpleTTS\qiao2.amr
Extracting  SimpleTTS\qiao3.amr
Extracting  SimpleTTS\qiao4.amr
Extracting  SimpleTTS\qie2.amr
Extracting  SimpleTTS\qie3.amr
Extracting  SimpleTTS\qie4.amr
Extracting  SimpleTTS\qin1.amr
Extracting  SimpleTTS\qin2.amr
Extracting  SimpleTTS\qin3.amr
Extracting  SimpleTTS\qin4.amr
Extracting  SimpleTTS\qing1.amr
Extracting  SimpleTTS\qing2.amr
Extracting  SimpleTTS\qing3.amr
Extracting  SimpleTTS\qing4.amr
Extracting  SimpleTTS\qiong2.amr
Extracting  SimpleTTS\qiu1.amr
Extracting  SimpleTTS\qiu2.amr
Extracting  SimpleTTS\qiu3.amr
Extracting  SimpleTTS\qu1.amr
Extracting  SimpleTTS\qu2.amr
Extracting  SimpleTTS\qu3.amr
Extracting  SimpleTTS\qu4.amr
Extracting  SimpleTTS\quan1.amr
Extracting  SimpleTTS\quan2.amr
Extracting  SimpleTTS\quan3.amr
Extracting  SimpleTTS\quan4.amr
Extracting  SimpleTTS\que1.amr
Extracting  SimpleTTS\que2.amr
Extracting  SimpleTTS\que4.amr
Extracting  SimpleTTS\qun1.amr
Extracting  SimpleTTS\qun2.amr
Extracting  SimpleTTS\ran2.amr
Extracting  SimpleTTS\ran3.amr
Extracting  SimpleTTS\rang2.amr
Extracting  SimpleTTS\rang3.amr
Extracting  SimpleTTS\rang4.amr
Extracting  SimpleTTS\rao2.amr
Extracting  SimpleTTS\rao3.amr
Extracting  SimpleTTS\rao4.amr
Extracting  SimpleTTS\re3.amr
Extracting  SimpleTTS\re4.amr
Extracting  SimpleTTS\ren2.amr
Extracting  SimpleTTS\ren3.amr
Extracting  SimpleTTS\ren4.amr
Extracting  SimpleTTS\reng1.amr
Extracting  SimpleTTS\reng2.amr
Extracting  SimpleTTS\ri4.amr
Extracting  SimpleTTS\rong2.amr
Extracting  SimpleTTS\rong3.amr
Extracting  SimpleTTS\rou2.amr
Extracting  SimpleTTS\rou4.amr
Extracting  SimpleTTS\ru2.amr
Extracting  SimpleTTS\ru3.amr
Extracting  SimpleTTS\ru4.amr
Extracting  SimpleTTS\ruan3.amr
Extracting  SimpleTTS\rui2.amr
Extracting  SimpleTTS\rui3.amr
Extracting  SimpleTTS\rui4.amr
Extracting  SimpleTTS\run4.amr
Extracting  SimpleTTS\ruo4.amr
Extracting  SimpleTTS\sa1.amr
Extracting  SimpleTTS\sa3.amr
Extracting  SimpleTTS\sa4.amr
Extracting  SimpleTTS\sai1.amr
Extracting  SimpleTTS\sai4.amr
Extracting  SimpleTTS\san1.amr
Extracting  SimpleTTS\san3.amr
Extracting  SimpleTTS\san4.amr
Extracting  SimpleTTS\sang1.amr
Extracting  SimpleTTS\sang3.amr
Extracting  SimpleTTS\sang4.amr
Extracting  SimpleTTS\sao1.amr
Extracting  SimpleTTS\sao3.amr
Extracting  SimpleTTS\sao4.amr
Extracting  SimpleTTS\se4.amr
Extracting  SimpleTTS\sen1.amr
Extracting  SimpleTTS\seng1.amr
Extracting  SimpleTTS\sha1.amr
Extracting  SimpleTTS\sha3.amr
Extracting  SimpleTTS\sha4.amr
Extracting  SimpleTTS\shai1.amr
Extracting  SimpleTTS\shai4.amr
Extracting  SimpleTTS\shan1.amr
Extracting  SimpleTTS\shan3.amr
Extracting  SimpleTTS\shan4.amr
Extracting  SimpleTTS\shang1.amr
Extracting  SimpleTTS\shang3.amr
Extracting  SimpleTTS\shang4.amr
Extracting  SimpleTTS\shang5.amr
Extracting  SimpleTTS\shao1.amr
Extracting  SimpleTTS\shao2.amr
Extracting  SimpleTTS\shao3.amr
Extracting  SimpleTTS\shao4.amr
Extracting  SimpleTTS\she1.amr
Extracting  SimpleTTS\she2.amr
Extracting  SimpleTTS\she3.amr
Extracting  SimpleTTS\she4.amr
Extracting  SimpleTTS\shei2.amr
Extracting  SimpleTTS\shen1.amr
Extracting  SimpleTTS\shen2.amr
Extracting  SimpleTTS\shen3.amr
Extracting  SimpleTTS\shen4.amr
Extracting  SimpleTTS\sheng1.amr
Extracting  SimpleTTS\sheng2.amr
Extracting  SimpleTTS\sheng3.amr
Extracting  SimpleTTS\sheng4.amr
Extracting  SimpleTTS\shi1.amr
Extracting  SimpleTTS\shi2.amr
Extracting  SimpleTTS\shi3.amr
Extracting  SimpleTTS\shi4.amr
Extracting  SimpleTTS\shi5.amr
Extracting  SimpleTTS\shou1.amr
Extracting  SimpleTTS\shou3.amr
Extracting  SimpleTTS\shou4.amr
Extracting  SimpleTTS\shu1.amr
Extracting  SimpleTTS\shu2.amr
Extracting  SimpleTTS\shu3.amr
Extracting  SimpleTTS\shu4.amr
Extracting  SimpleTTS\shua1.amr
Extracting  SimpleTTS\shua3.amr
Extracting  SimpleTTS\shuai1.amr
Extracting  SimpleTTS\shuai3.amr
Extracting  SimpleTTS\shuai4.amr
Extracting  SimpleTTS\shuan1.amr
Extracting  SimpleTTS\shuan4.amr
Extracting  SimpleTTS\shuang1.amr
Extracting  SimpleTTS\shuang3.amr
Extracting  SimpleTTS\shui2.amr
Extracting  SimpleTTS\shui3.amr
Extracting  SimpleTTS\shui4.amr
Extracting  SimpleTTS\shun3.amr
Extracting  SimpleTTS\shun4.amr
Extracting  SimpleTTS\shuo1.amr
Extracting  SimpleTTS\shuo4.amr
Extracting  SimpleTTS\si1.amr
Extracting  SimpleTTS\si3.amr
Extracting  SimpleTTS\si4.amr
Extracting  SimpleTTS\song1.amr
Extracting  SimpleTTS\song3.amr
Extracting  SimpleTTS\song4.amr
Extracting  SimpleTTS\sou1.amr
Extracting  SimpleTTS\sou3.amr
Extracting  SimpleTTS\sou4.amr
Extracting  SimpleTTS\su1.amr
Extracting  SimpleTTS\su2.amr
Extracting  SimpleTTS\su4.amr
Extracting  SimpleTTS\suan1.amr
Extracting  SimpleTTS\suan4.amr
Extracting  SimpleTTS\sui1.amr
Extracting  SimpleTTS\sui2.amr
Extracting  SimpleTTS\sui3.amr
Extracting  SimpleTTS\sui4.amr
Extracting  SimpleTTS\sun1.amr
Extracting  SimpleTTS\sun3.amr
Extracting  SimpleTTS\suo1.amr
Extracting  SimpleTTS\suo3.amr
Extracting  SimpleTTS\ta1.amr
Extracting  SimpleTTS\ta3.amr
Extracting  SimpleTTS\ta4.amr
Extracting  SimpleTTS\tai1.amr
Extracting  SimpleTTS\tai2.amr
Extracting  SimpleTTS\tai4.amr
Extracting  SimpleTTS\tan1.amr
Extracting  SimpleTTS\tan2.amr
Extracting  SimpleTTS\tan3.amr
Extracting  SimpleTTS\tan4.amr
Extracting  SimpleTTS\tang1.amr
Extracting  SimpleTTS\tang2.amr
Extracting  SimpleTTS\tang3.amr
Extracting  SimpleTTS\tang4.amr
Extracting  SimpleTTS\tao1.amr
Extracting  SimpleTTS\tao2.amr
Extracting  SimpleTTS\tao3.amr
Extracting  SimpleTTS\tao4.amr
Extracting  SimpleTTS\te4.amr
Extracting  SimpleTTS\teng2.amr
Extracting  SimpleTTS\ti1.amr
Extracting  SimpleTTS\ti2.amr
Extracting  SimpleTTS\ti3.amr
Extracting  SimpleTTS\ti4.amr
Extracting  SimpleTTS\tian1.amr
Extracting  SimpleTTS\tian2.amr
Extracting  SimpleTTS\tian3.amr
Extracting  SimpleTTS\tian4.amr
Extracting  SimpleTTS\tiao1.amr
Extracting  SimpleTTS\tiao2.amr
Extracting  SimpleTTS\tiao3.amr
Extracting  SimpleTTS\tiao4.amr
Extracting  SimpleTTS\tie1.amr
Extracting  SimpleTTS\tie3.amr
Extracting  SimpleTTS\tie4.amr
Extracting  SimpleTTS\ting1.amr
Extracting  SimpleTTS\ting2.amr
Extracting  SimpleTTS\ting3.amr
Extracting  SimpleTTS\tong1.amr
Extracting  SimpleTTS\tong2.amr
Extracting  SimpleTTS\tong3.amr
Extracting  SimpleTTS\tong4.amr
Extracting  SimpleTTS\tou1.amr
Extracting  SimpleTTS\tou2.amr
Extracting  SimpleTTS\tou3.amr
Extracting  SimpleTTS\tou4.amr
Extracting  SimpleTTS\tu1.amr
Extracting  SimpleTTS\tu2.amr
Extracting  SimpleTTS\tu3.amr
Extracting  SimpleTTS\tu4.amr
Extracting  SimpleTTS\tuan1.amr
Extracting  SimpleTTS\tuan2.amr
Extracting  SimpleTTS\tuan3.amr
Extracting  SimpleTTS\tuan4.amr
Extracting  SimpleTTS\tui1.amr
Extracting  SimpleTTS\tui2.amr
Extracting  SimpleTTS\tui3.amr
Extracting  SimpleTTS\tui4.amr
Extracting  SimpleTTS\tun1.amr
Extracting  SimpleTTS\tun2.amr
Extracting  SimpleTTS\tun3.amr
Extracting  SimpleTTS\tuo1.amr
Extracting  SimpleTTS\tuo2.amr
Extracting  SimpleTTS\tuo3.amr
Extracting  SimpleTTS\tuo4.amr
Extracting  SimpleTTS\wa1.amr
Extracting  SimpleTTS\wa2.amr
Extracting  SimpleTTS\wa3.amr
Extracting  SimpleTTS\wa4.amr
Extracting  SimpleTTS\wai1.amr
Extracting  SimpleTTS\wai4.amr
Extracting  SimpleTTS\wan1.amr
Extracting  SimpleTTS\wan2.amr
Extracting  SimpleTTS\wan3.amr
Extracting  SimpleTTS\wan4.amr
Extracting  SimpleTTS\wang1.amr
Extracting  SimpleTTS\wang2.amr
Extracting  SimpleTTS\wang3.amr
Extracting  SimpleTTS\wang4.amr
Extracting  SimpleTTS\wei1.amr
Extracting  SimpleTTS\wei2.amr
Extracting  SimpleTTS\wei3.amr
Extracting  SimpleTTS\wei4.amr
Extracting  SimpleTTS\wen1.amr
Extracting  SimpleTTS\wen2.amr
Extracting  SimpleTTS\wen3.amr
Extracting  SimpleTTS\wen4.amr
Extracting  SimpleTTS\weng1.amr
Extracting  SimpleTTS\weng3.amr
Extracting  SimpleTTS\weng4.amr
Extracting  SimpleTTS\wo1.amr
Extracting  SimpleTTS\wo3.amr
Extracting  SimpleTTS\wo4.amr
Extracting  SimpleTTS\wu1.amr
Extracting  SimpleTTS\wu2.amr
Extracting  SimpleTTS\wu3.amr
Extracting  SimpleTTS\wu4.amr
Extracting  SimpleTTS\xi1.amr
Extracting  SimpleTTS\xi2.amr
Extracting  SimpleTTS\xi3.amr
Extracting  SimpleTTS\xi4.amr
Extracting  SimpleTTS\xia1.amr
Extracting  SimpleTTS\xia2.amr
Extracting  SimpleTTS\xia4.amr
Extracting  SimpleTTS\xian1.amr
Extracting  SimpleTTS\xian2.amr
Extracting  SimpleTTS\xian3.amr
Extracting  SimpleTTS\xian4.amr
Extracting  SimpleTTS\xiang1.amr
Extracting  SimpleTTS\xiang2.amr
Extracting  SimpleTTS\xiang3.amr
Extracting  SimpleTTS\xiang4.amr
Extracting  SimpleTTS\xiao1.amr
Extracting  SimpleTTS\xiao2.amr
Extracting  SimpleTTS\xiao3.amr
Extracting  SimpleTTS\xiao4.amr
Extracting  SimpleTTS\xie1.amr
Extracting  SimpleTTS\xie2.amr
Extracting  SimpleTTS\xie3.amr
Extracting  SimpleTTS\xie4.amr
Extracting  SimpleTTS\xin1.amr
Extracting  SimpleTTS\xin4.amr
Extracting  SimpleTTS\xing1.amr
Extracting  SimpleTTS\xing2.amr
Extracting  SimpleTTS\xing3.amr
Extracting  SimpleTTS\xing4.amr
Extracting  SimpleTTS\xiong1.amr
Extracting  SimpleTTS\xiong2.amr
Extracting  SimpleTTS\xiu1.amr
Extracting  SimpleTTS\xiu3.amr
Extracting  SimpleTTS\xiu4.amr
Extracting  SimpleTTS\xu1.amr
Extracting  SimpleTTS\xu2.amr
Extracting  SimpleTTS\xu3.amr
Extracting  SimpleTTS\xu4.amr
Extracting  SimpleTTS\xu5.amr
Extracting  SimpleTTS\xuan1.amr
Extracting  SimpleTTS\xuan2.amr
Extracting  SimpleTTS\xuan3.amr
Extracting  SimpleTTS\xuan4.amr
Extracting  SimpleTTS\xue1.amr
Extracting  SimpleTTS\xue2.amr
Extracting  SimpleTTS\xue3.amr
Extracting  SimpleTTS\xue4.amr
Extracting  SimpleTTS\xun1.amr
Extracting  SimpleTTS\xun2.amr
Extracting  SimpleTTS\xun4.amr
Extracting  SimpleTTS\ya1.amr
Extracting  SimpleTTS\ya2.amr
Extracting  SimpleTTS\ya3.amr
Extracting  SimpleTTS\ya4.amr
Extracting  SimpleTTS\yan1.amr
Extracting  SimpleTTS\yan2.amr
Extracting  SimpleTTS\yan3.amr
Extracting  SimpleTTS\yan4.amr
Extracting  SimpleTTS\yang1.amr
Extracting  SimpleTTS\yang2.amr
Extracting  SimpleTTS\yang3.amr
Extracting  SimpleTTS\yang4.amr
Extracting  SimpleTTS\yao1.amr
Extracting  SimpleTTS\yao2.amr
Extracting  SimpleTTS\yao3.amr
Extracting  SimpleTTS\yao4.amr
Extracting  SimpleTTS\ye1.amr
Extracting  SimpleTTS\ye2.amr
Extracting  SimpleTTS\ye3.amr
Extracting  SimpleTTS\ye4.amr
Extracting  SimpleTTS\yi1.amr
Extracting  SimpleTTS\yi2.amr
Extracting  SimpleTTS\yi3.amr
Extracting  SimpleTTS\yi4.amr
Extracting  SimpleTTS\yin1.amr
Extracting  SimpleTTS\yin2.amr
Extracting  SimpleTTS\yin3.amr
Extracting  SimpleTTS\yin4.amr
Extracting  SimpleTTS\ying1.amr
Extracting  SimpleTTS\ying2.amr
Extracting  SimpleTTS\ying3.amr
Extracting  SimpleTTS\ying4.amr
Extracting  SimpleTTS\yo1.amr
Extracting  SimpleTTS\yo5.amr
Extracting  SimpleTTS\yong1.amr
Extracting  SimpleTTS\yong2.amr
Extracting  SimpleTTS\yong3.amr
Extracting  SimpleTTS\yong4.amr
Extracting  SimpleTTS\you1.amr
Extracting  SimpleTTS\you2.amr
Extracting  SimpleTTS\you3.amr
Extracting  SimpleTTS\you4.amr
Extracting  SimpleTTS\yu1.amr
Extracting  SimpleTTS\yu2.amr
Extracting  SimpleTTS\yu3.amr
Extracting  SimpleTTS\yu4.amr
Extracting  SimpleTTS\yuan1.amr
Extracting  SimpleTTS\yuan2.amr
Extracting  SimpleTTS\yuan3.amr
Extracting  SimpleTTS\yuan4.amr
Extracting  SimpleTTS\yue1.amr
Extracting  SimpleTTS\yue4.amr
Extracting  SimpleTTS\yun1.amr
Extracting  SimpleTTS\yun2.amr
Extracting  SimpleTTS\yun3.amr
Extracting  SimpleTTS\yun4.amr
Extracting  SimpleTTS\za1.amr
Extracting  SimpleTTS\za2.amr
Extracting  SimpleTTS\za3.amr
Extracting  SimpleTTS\zai1.amr
Extracting  SimpleTTS\zai3.amr
Extracting  SimpleTTS\zai4.amr
Extracting  SimpleTTS\zan1.amr
Extracting  SimpleTTS\zan2.amr
Extracting  SimpleTTS\zan3.amr
Extracting  SimpleTTS\zan4.amr
Extracting  SimpleTTS\zang1.amr
Extracting  SimpleTTS\zang3.amr
Extracting  SimpleTTS\zang4.amr
Extracting  SimpleTTS\zao1.amr
Extracting  SimpleTTS\zao2.amr
Extracting  SimpleTTS\zao3.amr
Extracting  SimpleTTS\zao4.amr
Extracting  SimpleTTS\ze2.amr
Extracting  SimpleTTS\ze4.amr
Extracting  SimpleTTS\zei2.amr
Extracting  SimpleTTS\zen3.amr
Extracting  SimpleTTS\zen4.amr
Extracting  SimpleTTS\zeng1.amr
Extracting  SimpleTTS\zeng4.amr
Extracting  SimpleTTS\zha1.amr
Extracting  SimpleTTS\zha2.amr
Extracting  SimpleTTS\zha3.amr
Extracting  SimpleTTS\zha4.amr
Extracting  SimpleTTS\zhai1.amr
Extracting  SimpleTTS\zhai2.amr
Extracting  SimpleTTS\zhai3.amr
Extracting  SimpleTTS\zhai4.amr
Extracting  SimpleTTS\zhan1.amr
Extracting  SimpleTTS\zhan3.amr
Extracting  SimpleTTS\zhan4.amr
Extracting  SimpleTTS\zhang1.amr
Extracting  SimpleTTS\zhang3.amr
Extracting  SimpleTTS\zhang4.amr
Extracting  SimpleTTS\zhao1.amr
Extracting  SimpleTTS\zhao3.amr
Extracting  SimpleTTS\zhao4.amr
Extracting  SimpleTTS\zhe1.amr
Extracting  SimpleTTS\zhe2.amr
Extracting  SimpleTTS\zhe3.amr
Extracting  SimpleTTS\zhe4.amr
Extracting  SimpleTTS\zhe5.amr
Extracting  SimpleTTS\zhen1.amr
Extracting  SimpleTTS\zhen3.amr
Extracting  SimpleTTS\zhen4.amr
Extracting  SimpleTTS\zheng1.amr
Extracting  SimpleTTS\zheng3.amr
Extracting  SimpleTTS\zheng4.amr
Extracting  SimpleTTS\zhi1.amr
Extracting  SimpleTTS\zhi2.amr
Extracting  SimpleTTS\zhi3.amr
Extracting  SimpleTTS\zhi4.amr
Extracting  SimpleTTS\zhong1.amr
Extracting  SimpleTTS\zhong3.amr
Extracting  SimpleTTS\zhong4.amr
Extracting  SimpleTTS\zhou1.amr
Extracting  SimpleTTS\zhou2.amr
Extracting  SimpleTTS\zhou3.amr
Extracting  SimpleTTS\zhou4.amr
Extracting  SimpleTTS\zhu1.amr
Extracting  SimpleTTS\zhu2.amr
Extracting  SimpleTTS\zhu3.amr
Extracting  SimpleTTS\zhu4.amr
Extracting  SimpleTTS\zhua1.amr
Extracting  SimpleTTS\zhuai4.amr
Extracting  SimpleTTS\zhuan1.amr
Extracting  SimpleTTS\zhuan3.amr
Extracting  SimpleTTS\zhuan4.amr
Extracting  SimpleTTS\zhuang1.amr
Extracting  SimpleTTS\zhuang4.amr
Extracting  SimpleTTS\zhui1.amr
Extracting  SimpleTTS\zhui4.amr
Extracting  SimpleTTS\zhun1.amr
Extracting  SimpleTTS\zhun3.amr
Extracting  SimpleTTS\zhuo1.amr
Extracting  SimpleTTS\zhuo2.amr
Extracting  SimpleTTS\zi1.amr
Extracting  SimpleTTS\zi3.amr
Extracting  SimpleTTS\zi4.amr
Extracting  SimpleTTS\zong1.amr
Extracting  SimpleTTS\zong3.amr
Extracting  SimpleTTS\zong4.amr
Extracting  SimpleTTS\zou1.amr
Extracting  SimpleTTS\zou3.amr
Extracting  SimpleTTS\zou4.amr
Extracting  SimpleTTS\zu1.amr
Extracting  SimpleTTS\zu2.amr
Extracting  SimpleTTS\zu3.amr
Extracting  SimpleTTS\zuan1.amr
Extracting  SimpleTTS\zuan3.amr
Extracting  SimpleTTS\zuan4.amr
Extracting  SimpleTTS\zui3.amr
Extracting  SimpleTTS\zui4.amr
Extracting  SimpleTTS\zun1.amr
Extracting  SimpleTTS\zun3.amr
Extracting  SimpleTTS\zuo1.amr
Extracting  SimpleTTS\zuo2.amr
Extracting  SimpleTTS\zuo3.amr
Extracting  SimpleTTS\zuo4.amr
Extracting  SNS
Extracting  SNS\news_remindar.mp3
Extracting  sound
Extracting  sound\1.wav
Extracting  sound\Silence.imy
Extracting  UCM
Extracting  UCM\auto_answer_tone.wav
Extracting  UserProfiles
Extracting  UserProfiles\HumanVoice
Extracting  UserProfiles\HumanVoice\female_mandarin_0.wav
Extracting  UserProfiles\HumanVoice\female_mandarin_1.wav
Extracting  UserProfiles\HumanVoice\female_mandarin_2.wav
Extracting  UserProfiles\HumanVoice\female_mandarin_3.wav
Extracting  UserProfiles\HumanVoice\female_mandarin_4.wav
Extracting  UserProfiles\HumanVoice\female_mandarin_5.wav
Extracting  UserProfiles\HumanVoice\female_mandarin_6.wav
Extracting  UserProfiles\HumanVoice\female_mandarin_7.wav
Extracting  UserProfiles\HumanVoice\female_mandarin_8.wav
Extracting  UserProfiles\HumanVoice\female_mandarin_9.wav
Extracting  UserProfiles\HumanVoice\female_mandarin_plus.wav
Extracting  UserProfiles\HumanVoice\female_mandarin_pound.wav
Extracting  UserProfiles\HumanVoice\female_mandarin_star.wav
Extracting  UserProfiles\KeyPad
Extracting  UserProfiles\KeyPad\bubbles.wav
Extracting  UserProfiles\Midi
Extracting  UserProfiles\Midi\Aclassical04.mid
Extracting  UserProfiles\Midi\Aclassical09.mid
Extracting  UserProfiles\Midi\classical02.mid
Extracting  UserProfiles\Midi\classical10.mid
Extracting  UserProfiles\Midi\classical19.mid
Extracting  UserProfiles\Midi\classical24.mid
Extracting  UserProfiles\Midi\classical33.mid
Extracting  UserProfiles\Midi\classical35.mid
Extracting  UserProfiles\Midi\classical40.mid
Extracting  UserProfiles\Midi\classical45.mid
Extracting  UserProfiles\Midi\Fest02.mid
Extracting  UserProfiles\Midi\Fest05.mid
Extracting  UserProfiles\Midi\Fest10.mid
Extracting  UserProfiles\Midi\s1mtcall05.mid
Extracting  UserProfiles\Midi\s3mtcall04.mid
Extracting  UserProfiles\Ring
Extracting  UserProfiles\Ring\s1imy01.imy
Extracting  UserProfiles\Ring\s1imy02.imy
Extracting  UserProfiles\Ring\s1imy03.imy
Extracting  UserProfiles\Ring\s1imy04.imy
Extracting  UserProfiles\Ring\s1imy05.imy
Extracting  UserProfiles\Ring\s1imy06.imy
Extracting  UserProfiles\Ring\s1imy07.imy
Extracting  UserProfiles\Ring\s1imy08.imy
Extracting  UserProfiles\Ring\s1imy09.imy
Extracting  UserProfiles\Ring\s1imy10.imy
Extracting  UserProfiles\Tone
Extracting  UserProfiles\tone1.wav
Extracting  UserProfiles\Tone\cs01.mid
Extracting  UserProfiles\Tone\cs02.mid
Extracting  UserProfiles\Tone\cs03.mid
Extracting  UserProfiles\Tone\cs04.mid
Extracting  UserProfiles\Tone\cs05.mid
Extracting  UserProfiles\Tone\cs06.mid
Extracting  UserProfiles\Tone\cs07.mid
Extracting  UserProfiles\Tone\cs08.mid
Extracting  UserProfiles\Tone\cs09.mid
Extracting  UserProfiles\Tone\cs10.mid
Extracting  VideoEditor
Extracting  VideoEditor\silence.m4a
Extracting  VideoEditor\vdoedt01.m4a
Extracting  VideoEditor\vdoedt02.m4a
Extracting  UserProfiles\Tone\ofo.mp3
Extracting  UserProfiles\Tone\close.mp3
Extracting  UserProfiles\Tone\open.mp3
Extracting  UserProfiles\Tone\check_and_report_tip.mp3
Extracting  UserProfiles\Tone\finish_and_lock_tip.mp3
Extracting  UserProfiles\Tone\your_code_tip.mp3
Extracting  UserProfiles\Tone\power_on.mp3
Extracting  UserProfiles\Tone\warn.mp3

Everything is Ok
找不到文件 - SB_JAVAAUD.*
找不到文件 - SB_JAVAVIB.*
找不到文件 - SB_JAVAVK.*
找不到文件 - SB_JDATA.*
找不到文件 - SB_JHEAP.*
找不到文件 - SB_JNET.*
找不到文件 - SB_jvlogo.*
找不到文件 - SB_JVST.*
找不到文件 - SB_jvstar1.*
找不到文件 - SB_jvstar2.*
找不到文件 - SB_JWPSET.*
找不到文件 - CC_callhistory.*
找不到文件 - L_NB1.*
找不到文件 - L_NB10.*
找不到文件 - L_NB11.*
找不到文件 - L_NB12.*
找不到文件 - L_NB13.*
找不到文件 - L_NB14.*
找不到文件 - L_NB15.*
找不到文件 - L_NB16.*
找不到文件 - L_NB17.*
找不到文件 - L_NB18.*
找不到文件 - L_NB19.*
找不到文件 - L_NB2.*
找不到文件 - L_NB20.*
找不到文件 - L_NB21.*
找不到文件 - L_NB22.*
找不到文件 - L_NB23.*
找不到文件 - L_NB24.*
找不到文件 - L_NB25.*
找不到文件 - L_NB26.*
找不到文件 - L_NB27.*
找不到文件 - L_NB28.*
找不到文件 - L_NB29.*
找不到文件 - L_NB3.*
找不到文件 - L_NB30.*
找不到文件 - L_NB4.*
找不到文件 - L_NB5.*
找不到文件 - L_NB6.*
找不到文件 - L_NB7.*
找不到文件 - L_NB8.*
找不到文件 - L_NB9.*
找不到文件 - SS_READ.*
找不到文件 - SS_UREAD.*
找不到文件 - mms_delivery.*
找不到文件 - mms_delivery_read.*
找不到文件 - mmsdraft.*
找不到文件 - BCC.*
找不到文件 - CC.*
找不到文件 - Content.*
找不到文件 - from.*
找不到文件 - Layout.*
找不到文件 - SB.*
找不到文件 - size.*
找不到文件 - To.*
找不到文件 - mms_lock.*
找不到文件 - mms_lock_h.*
找不到文件 - mms_lock_L.*
找不到文件 - mms_lock_read.*
找不到文件 - mms_lock_read_h.*
找不到文件 - mms_lock_read_L.*
找不到文件 - mms_message.*
找不到文件 - mms_message_h.*
找不到文件 - mms_message_l.*
找不到文件 - mms_messageread.*
找不到文件 - mms_messageread_h.*
找不到文件 - mms_messageread_l.*
找不到文件 - notification.*
找不到文件 - notification_h.*
找不到文件 - notification_l.*
找不到文件 - mms_read.*
找不到文件 - mms_read_read.*
找不到文件 - delivery_fail.*
找不到文件 - delivery_success.*
找不到文件 - read_fail.*
找不到文件 - read_success.*
找不到文件 - attachfile.*
找不到文件 - audio.*
找不到文件 - audio_mixed.*
找不到文件 - mmstemplate.*
找不到文件 - Attachfile.*
找不到文件 - MMSC.*
找不到文件 - MMSR.*
找不到文件 - SS_SENT.*
找不到文件 - SS_UNSENT.*
找不到文件 - OA_STATU.*
找不到文件 - PV_INPH.*
找不到文件 - PV_INSIM.*
找不到文件 - SB_Search.*
找不到文件 - CSD.*
找不到文件 - CSD_C.*
找不到文件 - CSD_N.*
找不到文件 - GPRS.*
找不到文件 - GPRS_C.*
找不到文件 - GPRS_N.*
找不到文件 - KEY.*
找不到文件 - SW_EREAD.*
找不到文件 - SW_EUNREAD.*
找不到文件 - SW_READ.*
找不到文件 - SW_UNREAD.*
找不到文件 - SB_WAP.*
找不到文件 - ST_POFF.*
找不到文件 - ST_PON.*
找不到文件 - CM_INTERMEDIATE.*
找不到文件 - CM_PERSONAL.*
找不到文件 - CM_ROOT.*
找不到文件 - CM_USER.*
找不到文件 - SB_BG.*
找不到文件 - SB_SC.*
找不到文件 - arrow_up.*
找不到文件 - arrow_down.*
找不到文件 - arrow_left.*
找不到文件 - arrow_right.*
找不到文件 - Uni_MG.*
找不到文件 - File_corrupted.*
