plutommi\CUI\CamcorderCui\CamcorderCui.c
plutommi\CUI\CameraCui\CameraCui.c
plutommi\CUI\ImageViewCui\ImgviewCui.c
plutommi\CUI\ImageViewCui\ImgviewCuiScrn.c
plutommi\cui\ImageClipCui\ImageClipCuiSrc\ImageClipCui.c
plutommi\cui\ImageClipCui\ImageClipCuiSrc\ImageClipCuiOSD.c
plutommi\mmi\funandgames\funandgamessrc\funandgamessrc.c
plutommi\mmi\funandgames\funandgamessrc\javagame.c
plutommi\mmi\funandgames\funandgamessrc\pictureeditor.c
plutommi\mmi\funandgames\funandgamessrc\pictureeditorengine.c
plutommi\mmi\funandgames\funandgamessrc\pictureeditorhandler.c
plutommi\mtkapp\ImageView\ImageViewSrc\ImgViewUtil.c
plutommi\mtkapp\ImageView\ImageViewSrc\ImgViewer.c
plutommi\mtkapp\ImageView\ImageViewSrc\ImgViewerCacheAdp.c
plutommi\mtkapp\ImageView\ImageViewSrc\ImgViewerCacheDB.c
plutommi\mtkapp\ImageView\ImageViewSrc\ImgViewerCacheInfc.c
plutommi\mtkapp\ImageView\ImageViewSrc\ImgViewerCacheMgr.c
plutommi\mtkapp\ImageView\ImageViewSrc\ImgViewerSkin.c
plutommi\mtkapp\ImageView\ImageViewSrc\MediaAppFrame.c
plutommi\mtkapp\ImageView\ImageViewSrc\MediaAppPanel.c
plutommi\mtkapp\MediaPlayer\MediaPlayerSrc\MediaPlayerMain.c
plutommi\mtkapp\MediaPlayer\MediaPlayerSrc\MediaPlayerMsgHandler.c
plutommi\mtkapp\MediaPlayer\MediaPlayerSrc\MediaPlayerSingleApp.c
plutommi\mtkapp\audioplayer\audioplayersrc\audioplayersingleplayer.c
plutommi\mtkapp\audioplayer\audioplayersrc\audioplayerutil.c
plutommi\mtkapp\avatar\avatarsrc\avatar.c
plutommi\mtkapp\fmschedulerec\fmschedulerecsrc\fmschedulerec.c
plutommi\mtkapp\fmschedulerec\fmschedulerecsrc\fmschedulerecmsghdlr.c
plutommi\mtkapp\fmschedulerec\fmschedulerecsrc\fmschedulerecscreen.c
plutommi\mtkapp\fmschedulerec\fmschedulerecsrc\fmschedulerecsetting.c
plutommi\mtkapp\javaagency\javaagencysrc\JavaAgencyEMPerformance.c
plutommi\mtkapp\javaagency\javaagencysrc\JavaAgencyManager.c
plutommi\mtkapp\javaagency\javaagencysrc\JavaAgencyNCenter.cpp
plutommi\mtkapp\javaagency\javaagencysrc\JavaAgencyNetworkProfile.c
plutommi\mtkapp\javaagency\javaagencysrc\JavaAgencySettings.c
plutommi\mtkapp\javaagency\javaagencysrc\javaagencyem.c
plutommi\mtkapp\javaagency\javaagencysrc\javaagencymidsinstall.c
plutommi\mtkapp\javaagency\javaagencysrc\javaagencysrc.c
plutommi\mtkapp\javaagency\javaagencysrc\javaagencytaskswitch.c
plutommi\mtkapp\javaagency\javaagencysrc\javaagencytimealarm.c
plutommi\mtkapp\javaagency\javaagencysrc\javaagencyutil.c
plutommi\mtkapp\swflash\swflashsrc\swflashdlsrc.c
plutommi\mtkapp\swflash\swflashsrc\swflashplayer.c
