ldi->LID   fileprefix    onefilesize    oneLIDsize    single_num    single_offset     file_size
                                  (null) 121          MT0X             8             6             1            30            38
                                  (null) 123          MT0Z            42            40             2            38            80
                                  (null) 155          MT41            72            34             3            80           152
                                  (null) 156          MT42            18            16             4           152           170
                                  (null) 157          MT43            84            40             5           170           254
                                  (null) 158          MT44            24             6             6           254           278
                                  (null) 159          MT45            22            20             7           278           300
                                  (null) 160          MT46           116           114             8           300           416
                                  (null) 146          MT47            18            16             9           416           434
                                  (null) 147          MT48           270           268            10           434           704
                                  (null) 148          MT49             4             2            11           704           708
                                  (null) 149          MT4A            54            52            12           708           762
                                  (null) 151          MT4C             4             2            13           762           766
                                  (null) 152          MT4D            10             8            14           766           776
                                  (null) 125          MT17            18            16            15           776           794
                                  (null) 126          MT18           180            16            16           794           974
                                  (null) 127          MT19            18            16            17           974           992
                                  (null) 170          MT35             3             1            18           992           995
                                  (null) 138          MT67           442           440            19           995          1437
                                  (null) 139          MT68           242           240            20          1437          1679
                                  (null) 140          MT69           218           216            21          1679          1897
                                  (null) 141          MT6D            50            48            22          1897          1947
                                  (null) 164          MT6G            40            38            23          1947          1987
                                  (null) 172          MT6K           200             8            24          1987          2187
                                  (null) 176          MT6S             9             7            25          2187          2196
                                  (null) 167          MT6U             6             4            26          2196          2202
                                  (null) 179          MT72             3             1            27          2202          2205
                                  (null) 513          SR01           514           512            28          2205          2719
                                  (null) 514          SR02           514           512            29          2719          3233
                                  (null) 515          SR03           514           512            30          3233          3747
                                  (null) 516          SR04           514           512            31          3747          4261
                                  (null) 517          SR05           514           512            32          4261          4775
                                  (null) 518          SR06           514           512            33          4775          5289
                                  (null) 519          SR07           514           512            34          5289          5803
                                  (null) 520          SR08           514           512            35          5803          6317
                                  (null) 521          SR09           514           512            36          6317          6831
                                  (null) 522          SR10           514           512            37          6831          7345
                                  (null) 523          SR11           514           512            38          7345          7859
                                  (null) 524          SR12           514           512            39          7859          8373
                                  (null) 525          SR13           514           512            40          8373          8887
                                  (null) 526          SR14           514           512            41          8887          9401
                                  (null) 527          SR15           514           512            42          9401          9915
                                  (null) 528          SR16           514           512            43          9915         10429
                                  (null) 529          SR17           514           512            44         10429         10943
                                  (null) 530          SR18           514           512            45         10943         11457
                                  (null) 531          SR19           514           512            46         11457         11971
                                  (null) 532          SR20           514           512            47         11971         12485
                                  (null)2816          TP00            28            26            48         12485         12513
                                  (null) 539          MP0C           440            42            49         12513         12953
                                  (null) 535          MP07            84            40            50         12953         13037
                                  (null) 536          MM00           506           504            51         13037         13543
                                  (null) 537          MM01           506           504            52         13543         14049
                                  (null) 538          MM02           506           504            53         14049         14555
                                  (null) 717          MM05           506           504            54         14555         15061
                                  (null) 540          MP0E            90            16            55         15061         15151
                                  (null) 543          MP0H           480            46            56         15151         15631
                                  (null) 544          MP0I            42            40            57         15631         15673
                                  (null) 546          MP0K           544           542            58         15673         16217
                                  (null) 550          MP0Q            80             6            59         16217         16297
                                  (null) 561          MP1M            18            16            60         16297         16315
                                  (null) 562          MP1N           108            16            61         16315         16423
                                  (null) 564          MP1R           396            34            62         16423         16819
                                  (null) 566          MP1S           550           548            63         16819         17369
                                  (null) 567          MP1T           516           256            64         17369         17885
                                  (null) 575          MP25           138           136            65         17885         18023
                                  (null) 577          MP27            46            44            66         18023         18069
                                  (null) 578          MP29            62            60            67         18069         18131
                                  (null) 601          MP42            58            56            68         18131         18189
                                  (null) 678          MP90           250            48            69         18189         18439
                                  (null) 704          MPC6            30            28            70         18439         18469
                                  (null) 565          MPC8           396            34            71         18469         18865
                                  (null) 707          MPCF           760            36            72         18865         19625
                                  (null) 710          MPD2           312            24            73         19625         19937
                                  (null) 718          MPDC           194           192            74         19937         20131
                                  (null) 735          MPG0            84            40            75         20131         20215
                                  (null) 737          MPEG             3             1            76         20215         20218
                                  (null) 739          MP8K           341           339            77         20218         20559
                                  (null) 740          MTSD            34            32            78         20559         20593
                                  (null) 741          MTSC           326           324            79         20593         20919
                                  (null) 743          MTSE             6             4            80         20919         20925
                                  (null) 744          MTAG             3             1            81         20925         20928
                                  (null) 745          MTAH            26            24            82         20928         20954
                                  (null) 746          MTAI            46            44            83         20954         21000
                                  (null) 747          BKUP           514           512            84         21000         21514
                                  (null) 748          MTST            34            32            85         21514         21548
                                  (null)1536          MT6A           185           183            86         21548         21733
                                  (null)1545          MT6W             4             2            87         21733         21737
                                  (null)1793          MP5F             3             1            88         21737         21740
                                  (null)1802          MP5G             3             1            89         21740         21743
                                  (null)1800          MPDS            10             8            90         21743         21753
                                  (null)1801          MP5H             6             4            91         21753         21759
                                  (null)1792          MP98             3             1            92         21759         21762
                                  (null)1794          MP99             3             1            93         21762         21765
                                  (null)1795          MP9A           262           260            94         21765         22027
                                  (null)1796          MP9B             3             1            95         22027         22030
                                  (null)1797          MPA7             3             1            96         22030         22033
                                  (null)1803          MPDG             7             5            97         22033         22040
                                  (null)1804          MPDH             6             4            98         22040         22046
                                  (null)1805          MPF0             8             6            99         22046         22054
                                  (null)2048          MP1V           370            72           100         22054         22424
