05/09/2019 Thu 
02:13 PM
[tools\partialLink.pl:main:2495] [tools\partialLink.pl --armlink=C:\ARM\RVCT\Programs\3.1\569\win_32-pentium\armlink.exe --armar=C:\ARM\RVCT\Programs\3.1\569\win_32-pentium\armar.exe --lib-dir=.\build\CORETEK03AE_11C\gprs\MT2502o\lib --lib-dir=mtk_lib\MT2502\S00\gprs\KAL_TRACE_OUTPUT\FULL --no-update --scatter-file=custom\system\CORETEK03AE_11C_BB\scatCORETEK03AE_11C.txt --link-option-file=.\make\~sortedLibs.tmp --readelf=.\tools\MinGW\bin\arm-none-eabi-readelf.exe --nm=.\tools\MinGW\bin\arm-none-eabi-nm.exe --link-err-file=.\build\CORETEK03AE_11C\MT2502.log --strip=.\tools\MinGW\bin\arm-none-eabi-strip.exe]
[tools\partialLink.pl:main:2497] Dumping options...
[tools\partialLink.pl:dumpOpt:1967] -> stripDebugCount
$VAR1 = 8;
[tools\partialLink.pl:dumpOpt:1967] -> forcePartialLink
$VAR1 = 0;
[tools\partialLink.pl:dumpOpt:1967] -> reGenHint
$VAR1 = 0;
[tools\partialLink.pl:dumpOpt:1967] -> stripDebugInfo
$VAR1 = 1;
[tools\partialLink.pl:dumpOpt:1967] -> linkType
$VAR1 = 1;
[tools\partialLink.pl:dumpOpt:1967] -> save
$VAR1 = 0;
[tools\partialLink.pl:dumpOpt:1967] -> reGenRule
$VAR1 = 1;
[tools\partialLink.pl:dumpOpt:1967] -> passLimit
$VAR1 = 7;
[tools\partialLink.pl:dumpOpt:1967] -> hintToRule
$VAR1 = 1;
[tools\partialLink.pl:dumpOpt:1967] -> excludeCppLib
$VAR1 = 0;
[tools\partialLink.pl:dumpOpt:1967] -> check
$VAR1 = 0;
[tools\partialLink.pl:dumpOpt:1967] -> simulate
$VAR1 = 0;
[tools\partialLink.pl:dumpOpt:1967] -> libSizeInfo
$VAR1 = 1;
[tools\partialLink.pl:dumpOpt:1967] -> help
$VAR1 = 0;
[tools\partialLink.pl:dumpOpt:1967] -> update
$VAR1 = 0;
[tools\partialLink.pl:dumpOpt:1967] -> fileLinkErr
$VAR1 = 'D:/AIOT-WORKSHOP/AIoT_MT2503AVE_SDK/11CW1418SP4_03_CORETEK03AE_11C_V1_GPRS_MMI/build/CORETEK03AE_11C/MT2502.log';
[tools\partialLink.pl:dumpOpt:1967] -> cmd_armar
$VAR1 = 'C:/ARM/RVCT/Programs/3.1/569/win_32-pentium/armar.exe';
[tools\partialLink.pl:dumpOpt:1967] -> ptrAryUserExclusionFile
$VAR1 = [];
[tools\partialLink.pl:dumpOpt:1967] -> cmd_armlink
$VAR1 = 'C:/ARM/RVCT/Programs/3.1/569/win_32-pentium/armlink.exe';
[tools\partialLink.pl:dumpOpt:1967] -> dirInfo
$VAR1 = 'D:/AIOT-WORKSHOP/AIoT_MT2503AVE_SDK/11CW1418SP4_03_CORETEK03AE_11C_V1_GPRS_MMI';
[tools\partialLink.pl:dumpOpt:1967] -> fileLinkOption
$VAR1 = 'D:/AIOT-WORKSHOP/AIoT_MT2503AVE_SDK/11CW1418SP4_03_CORETEK03AE_11C_V1_GPRS_MMI/make/~sortedLibs.tmp';
[tools\partialLink.pl:dumpOpt:1967] -> cmd_nm
$VAR1 = 'D:/AIOT-WORKSHOP/AIoT_MT2503AVE_SDK/11CW1418SP4_03_CORETEK03AE_11C_V1_GPRS_MMI/tools/MinGW/bin/arm-none-eabi-nm.exe';
[tools\partialLink.pl:dumpOpt:1967] -> dirTemp
$VAR1 = 'D:/AIOT-WORKSHOP/AIoT_MT2503AVE_SDK/11CW1418SP4_03_CORETEK03AE_11C_V1_GPRS_MMI';
[tools\partialLink.pl:dumpOpt:1967] -> ptrAryLibDir
$VAR1 = [
          'D:/AIOT-WORKSHOP/AIoT_MT2503AVE_SDK/11CW1418SP4_03_CORETEK03AE_11C_V1_GPRS_MMI/build/CORETEK03AE_11C/gprs/MT2502o/lib',
          'D:/AIOT-WORKSHOP/AIoT_MT2503AVE_SDK/11CW1418SP4_03_CORETEK03AE_11C_V1_GPRS_MMI/mtk_lib/MT2502/S00/gprs/KAL_TRACE_OUTPUT/FULL'
        ];
[tools\partialLink.pl:dumpOpt:1967] -> fileScatter
$VAR1 = 'D:/AIOT-WORKSHOP/AIoT_MT2503AVE_SDK/11CW1418SP4_03_CORETEK03AE_11C_V1_GPRS_MMI/custom/system/CORETEK03AE_11C_BB/scatCORETEK03AE_11C.txt';
[tools\partialLink.pl:dumpOpt:1967] -> cmd_strip
$VAR1 = 'D:/AIOT-WORKSHOP/AIoT_MT2503AVE_SDK/11CW1418SP4_03_CORETEK03AE_11C_V1_GPRS_MMI/tools/MinGW/bin/arm-none-eabi-strip.exe';
[tools\partialLink.pl:dumpOpt:1967] -> cmd_readelf
$VAR1 = 'D:/AIOT-WORKSHOP/AIoT_MT2503AVE_SDK/11CW1418SP4_03_CORETEK03AE_11C_V1_GPRS_MMI/tools/MinGW/bin/arm-none-eabi-readelf.exe';
[tools\partialLink.pl:dumpOpt:1967] -> dirSave
$VAR1 = 'D:/AIOT-WORKSHOP/AIoT_MT2503AVE_SDK/11CW1418SP4_03_CORETEK03AE_11C_V1_GPRS_MMI';
[tools\partialLink.pl:generateLibSize:2240] Generating size info for iotlock.lib
[tools\partialLink.pl:dumpOpt:1967] -> ptrHahOnOff
$VAR1 = {
          'force_partial_link' => [
                                    0,
                                    \0
                                  ],
          'save' => [
                      0,
                      \0
                    ],
          'strip_debug_info' => [
                                  0,
                                  \1
                                ],
          'check' => [
                       0,
                       \0
                     ],
          'exclude_cpp_lib' => [
                                 0,
                                 \0
                               ],
          'simulate' => [
                          0,
                          \0
                        ],
          'regen_hint' => [
                            0,
                            \0
                          ],
          'update' => [
                        0,
                        \0
                      ]
        };
[tools\partialLink.pl:dumpOpt:1967] -> file
$VAR1 = 'D:/AIOT-WORKSHOP/AIoT_MT2503AVE_SDK/11CW1418SP4_03_CORETEK03AE_11C_V1_GPRS_MMI/pl.ini';
[tools\partialLink.pl:dumpOpt:1967] -> flag
$VAR1 = 0;
[tools\partialLink.pl:dumpOpt:1967] -> ptrHahValue
$VAR1 = {
          'link_type' => [
                           0,
                           \1,
                           1,
                           2,
                           3
                         ],
          'strip_debug_count' => [
                                   0,
                                   \8
                                 ],
          'pass_limit' => [
                            0,
                            \7
                          ]
        };
[tools\partialLink.pl:dumpOpt:1967] -> ptrHahAttr
$VAR1 = {
          'link' => '0',
          'state' => '0'
        };
[tools\partialLink.pl:dumpOpt:1967] -> suffix_bak
$VAR1 = '__PARTIAL_LINK_SRC_BACKUP';
[tools\partialLink.pl:dumpOpt:1967] -> ptrHahSymTable
$VAR1 = {};
[tools\partialLink.pl:dumpOpt:1967] -> ptrAryLibDir
$VAR1 = [
          'D:/AIOT-WORKSHOP/AIoT_MT2503AVE_SDK/11CW1418SP4_03_CORETEK03AE_11C_V1_GPRS_MMI/build/CORETEK03AE_11C/gprs/MT2502o/lib',
          'D:/AIOT-WORKSHOP/AIoT_MT2503AVE_SDK/11CW1418SP4_03_CORETEK03AE_11C_V1_GPRS_MMI/mtk_lib/MT2502/S00/gprs/KAL_TRACE_OUTPUT/FULL'
        ];
[tools\partialLink.pl:dumpOpt:1967] -> suffix_dbg
$VAR1 = '__PARTIAL_LINK_DBG';
[tools\partialLink.pl:dumpOpt:1967] -> ptrHahNoDbgLib
$VAR1 = {};
[tools\partialLink.pl:dumpOpt:1967] -> ptrHahLibNew
$VAR1 = {};
[tools\partialLink.pl:dumpOpt:1967] -> ptrHahLibUsage
$VAR1 = {};
[tools\partialLink.pl:dumpOpt:1967] -> suffix
$VAR1 = '__PARTIAL_LINK_TEMPORARY';
[tools\partialLink.pl:dumpOpt:1967] -> suffix_save
$VAR1 = '__PARTIAL_LINK';
[tools\partialLink.pl:dumpOpt:1967] -> fileTimestamp
$VAR1 = 'D:/AIOT-WORKSHOP/AIoT_MT2503AVE_SDK/11CW1418SP4_03_CORETEK03AE_11C_V1_GPRS_MMI/pl_timestamp.txt';
[tools\partialLink.pl:dumpOpt:1967] -> dirLibSize
$VAR1 = 'D:/AIOT-WORKSHOP/AIoT_MT2503AVE_SDK/11CW1418SP4_03_CORETEK03AE_11C_V1_GPRS_MMI/pl_lib_size';
[tools\partialLink.pl:dumpOpt:1967] -> ptrHahLibUpdate
$VAR1 = {
          'iotlock.lib' => 1
        };
[tools\partialLink.pl:main:2624] Trying normal link...
[tools\partialLink.pl:finalLink:1491] Executing "C:/ARM/RVCT/Programs/3.1/569/win_32-pentium/armlink.exe  --via D:/AIOT-WORKSHOP/AIoT_MT2503AVE_SDK/11CW1418SP4_03_CORETEK03AE_11C_V1_GPRS_MMI/make/~sortedLibs.tmp --errors D:/AIOT-WORKSHOP/AIoT_MT2503AVE_SDK/11CW1418SP4_03_CORETEK03AE_11C_V1_GPRS_MMI/pl_error_normal.log"
[tools\partialLink.pl:parseErrorFile:1414] Parsing linking error from D:/AIOT-WORKSHOP/AIoT_MT2503AVE_SDK/11CW1418SP4_03_CORETEK03AE_11C_V1_GPRS_MMI/pl_error_normal.log
[tools\partialLink.pl:main:2656] Succeed to link
[tools\partialLink.pl:generateLibTimestamp:2416] Generating library timestamp
05/09/2019 Thu 
02:13 PM
