Warning: L6340W: options first and last are ignored for link type of scattered
Warning: L6304W: Duplicate input file mtk_lib\MT2502\S00\gprs\KAL_TRACE_OUTPUT\FULL\abm.lib ignored.
Warning: L6304W: Duplicate input file mtk_lib\MT2502\S00\gprs\KAL_TRACE_OUTPUT\FULL\soc.lib ignored.
Warning: L6304W: Duplicate input file mtk_lib\MT2502\S00\gprs\KAL_TRACE_OUTPUT\FULL\tcpip.lib ignored.
Warning: L6304W: Duplicate input file mtk_lib\MT2502\S00\gprs\KAL_TRACE_OUTPUT\FULL\tcpip_wifi.lib ignored.
Warning: L6304W: Duplicate input file hal\audio\lib\MTKRVCT31\aac_dec.a ignored.
"custom\system\CORETEK03AE_11C_BB\scatCORETEK03AE_11C.txt", line 77 (column 1): Warning: L6312W: Empty Load region description for region BOOTLOADER
"custom\system\CORETEK03AE_11C_BB\scatCORETEK03AE_11C.txt", line 82 (column 1): Warning: L6312W: Empty Load region description for region ROOT_CERT
"custom\system\CORETEK03AE_11C_BB\scatCORETEK03AE_11C.txt", line 86 (column 1): Warning: L6312W: Empty Load region description for region EXT_BOOTLOADER
"custom\system\CORETEK03AE_11C_BB\scatCORETEK03AE_11C.txt", line 93 (column 1): Warning: L6312W: Empty Load region description for region CBR
Warning: L6320W: Ignoring --first command. Cannot find argument 'LARGEPOOL_FIRST_ZI'.
Warning: L6320W: Ignoring --keep command. Cannot find argument 'CUST_MEM_INFO'.
Warning: L6320W: Ignoring --keep command. Cannot find argument 'DL_CTRL_BIN'.
Warning: L6320W: Ignoring --keep command. Cannot find argument 'g_boot_cert_sig'.
Warning: L6320W: Ignoring --keep command. Cannot find argument 'logical_data_item_table_camera'.
Warning: L6320W: Ignoring --keep command. Cannot find argument 'logical_data_item_table_ul1'.
Warning: L6320W: Ignoring --keep command. Cannot find argument 'logical_data_item_table_cust'.
Warning: L6320W: Ignoring --keep command. Cannot find argument 'g_nvram_custpack_init'.
Warning: L6746W: RW data compression has been turned off: Linker defined symbol 'Load$$CACHED_EXTSRAM_NVRAM_LTABLE$$Base' attempts to get the load address of a region following data.
Warning: L6746W: RW data compression has been turned off: Linker defined symbol 'Load$$DYNAMIC_CACHEABLE_EXTSRAM_DEFAULT_CACHEABLE_RW$$Base' attempts to get the load address of a region following data.
Warning: L6746W: RW data compression has been turned off: Linker defined symbol 'Load$$DYNAMIC_CACHEABLE_EXTSRAM_DEFAULT_CACHEABLE_ZI_MMIPOOL$$Base' attempts to get the load address of a region following data.
Warning: L6746W: RW data compression has been turned off: Linker defined symbol 'Load$$DYNAMIC_CACHEABLE_EXTSRAM_DEFAULT_CACHEABLE_ZI$$Base' attempts to get the load address of a region following data.
Warning: L6746W: RW data compression has been turned off: Linker defined symbol 'Load$$EXTSRAM_DSP_TX$$Base' attempts to get the load address of a region following data.
Warning: L6746W: RW data compression has been turned off: Linker defined symbol 'Load$$EXTSRAM_DSP_RX$$Base' attempts to get the load address of a region following data.
Warning: L6746W: RW data compression has been turned off: Linker defined symbol 'Load$$EMIINIT_CODE$$Base' attempts to get the load address of a region following data.
Warning: L6746W: RW data compression has been turned off: Linker defined symbol 'Load$$INTSRAM_CODE$$Base' attempts to get the load address of a region following data.
Warning: L6746W: RW data compression has been turned off: Linker defined symbol 'Load$$INTSRAM_DATA$$Base' attempts to get the load address of a region following data.
Warning: L6746W: RW data compression has been turned off: Linker defined symbol 'Load$$INTSRAM_DATA_PREINIT$$Base' attempts to get the load address of a region following data.
Warning: L6746W: RW data compression has been turned off: Linker defined symbol 'Load$$ROM_SIGNATURE_SECTION$$Base' attempts to get the load address of a region following data.
"custom\system\CORETEK03AE_11C_BB\scatCORETEK03AE_11C.txt", line 111 (column 17): Warning: L6314W: No section matches pattern *.obj(SECINFO).
"custom\system\CORETEK03AE_11C_BB\scatCORETEK03AE_11C.txt", line 116 (column 17): Warning: L6314W: No section matches pattern *.obj(MAUI_FOTA_HEAD_INFO).
"custom\system\CORETEK03AE_11C_BB\scatCORETEK03AE_11C.txt", line 120 (column 13): Warning: L6314W: No section matches pattern *(MP4ENC1_DYNAMIC_CODE).
"custom\system\CORETEK03AE_11C_BB\scatCORETEK03AE_11C.txt", line 120 (column 35): Warning: L6314W: No section matches pattern *(MP4ENC1_DYNAMIC_RO).
"custom\system\CORETEK03AE_11C_BB\scatCORETEK03AE_11C.txt", line 121 (column 13): Warning: L6314W: No section matches pattern *(MP4ENC_DYNAMIC_CODE).
"custom\system\CORETEK03AE_11C_BB\scatCORETEK03AE_11C.txt", line 121 (column 34): Warning: L6314W: No section matches pattern *(MP4ENC_DYNAMIC_RO).
"custom\system\CORETEK03AE_11C_BB\scatCORETEK03AE_11C.txt", line 122 (column 13): Warning: L6314W: No section matches pattern *(MP4ENC2_DYNAMIC_RO).
"custom\system\CORETEK03AE_11C_BB\scatCORETEK03AE_11C.txt", line 127 (column 16): Warning: L6314W: No section matches pattern *(CAT_RODATA_IMG).
"custom\system\CORETEK03AE_11C_BB\scatCORETEK03AE_11C.txt", line 127 (column 32): Warning: L6314W: No section matches pattern *(CAT_RODATA_ADO).
"custom\system\CORETEK03AE_11C_BB\scatCORETEK03AE_11C.txt", line 127 (column 48): Warning: L6314W: No section matches pattern *(CAT_RODATA_STR).
"custom\system\CORETEK03AE_11C_BB\scatCORETEK03AE_11C.txt", line 135 (column 13): Warning: L6329W: Pattern *(SNORCONST) only matches removed unused sections.
"custom\system\CORETEK03AE_11C_BB\scatCORETEK03AE_11C.txt", line 140 (column 24): Warning: L6314W: No section matches pattern *deniro.lib(RW).
"custom\system\CORETEK03AE_11C_BB\scatCORETEK03AE_11C.txt", line 140 (column 29): Warning: L6314W: No section matches pattern *deniro.lib(ZI).
"custom\system\CORETEK03AE_11C_BB\scatCORETEK03AE_11C.txt", line 141 (column 24): Warning: L6314W: No section matches pattern *fs_fig.lib(RW).
"custom\system\CORETEK03AE_11C_BB\scatCORETEK03AE_11C.txt", line 141 (column 29): Warning: L6314W: No section matches pattern *fs_fig.lib(ZI).
"custom\system\CORETEK03AE_11C_BB\scatCORETEK03AE_11C.txt", line 145 (column 24): Warning: L6314W: No section matches pattern med_main.obj(LARGEPOOL_ZI).
"custom\system\CORETEK03AE_11C_BB\scatCORETEK03AE_11C.txt", line 154 (column 13): Warning: L6314W: No section matches pattern *(DYNAMICCACHEABLERW_NC).
"custom\system\CORETEK03AE_11C_BB\scatCORETEK03AE_11C.txt", line 159 (column 12): Warning: L6314W: No section matches pattern *(CACHED_EXTSRAM_ROCODE).
"custom\system\CORETEK03AE_11C_BB\scatCORETEK03AE_11C.txt", line 159 (column 35): Warning: L6314W: No section matches pattern *(CACHED_EXTSRAM_RODATA).
"custom\system\CORETEK03AE_11C_BB\scatCORETEK03AE_11C.txt", line 160 (column 24): Warning: L6314W: No section matches pattern l1d_data.obj(RO-CODE).
"custom\system\CORETEK03AE_11C_BB\scatCORETEK03AE_11C.txt", line 175 (column 13): Warning: L6314W: No section matches pattern *(CACHED_EXTSRAM_RW).
"custom\system\CORETEK03AE_11C_BB\scatCORETEK03AE_11C.txt", line 175 (column 32): Warning: L6314W: No section matches pattern *(CACHED_EXTSRAM_ZI).
"custom\system\CORETEK03AE_11C_BB\scatCORETEK03AE_11C.txt", line 186 (column 28): Warning: L6314W: No section matches pattern *gadget_adp.lib(RW).
"custom\system\CORETEK03AE_11C_BB\scatCORETEK03AE_11C.txt", line 186 (column 33): Warning: L6314W: No section matches pattern *gadget_adp.lib(ZI).
"custom\system\CORETEK03AE_11C_BB\scatCORETEK03AE_11C.txt", line 187 (column 28): Warning: L6314W: No section matches pattern *gadget_lib.lib(RW).
"custom\system\CORETEK03AE_11C_BB\scatCORETEK03AE_11C.txt", line 187 (column 33): Warning: L6314W: No section matches pattern *gadget_lib.lib(ZI).
"custom\system\CORETEK03AE_11C_BB\scatCORETEK03AE_11C.txt", line 188 (column 27): Warning: L6314W: No section matches pattern *(EXTSRAM_GADGET_RW).
"custom\system\CORETEK03AE_11C_BB\scatCORETEK03AE_11C.txt", line 188 (column 46): Warning: L6314W: No section matches pattern *(EXTSRAM_GADGET_ZI).
"custom\system\CORETEK03AE_11C_BB\scatCORETEK03AE_11C.txt", line 192 (column 13): Warning: L6314W: No section matches pattern *(DYNAMICCACHEABLERW_C).
"custom\system\CORETEK03AE_11C_BB\scatCORETEK03AE_11C.txt", line 197 (column 13): Warning: L6314W: No section matches pattern *(VIDEOPOOL_C).
"custom\system\CORETEK03AE_11C_BB\scatCORETEK03AE_11C.txt", line 201 (column 13): Warning: L6314W: No section matches pattern *(DYNAMICCACHEABLEZI_C).
"custom\system\CORETEK03AE_11C_BB\scatCORETEK03AE_11C.txt", line 219 (column 25): Warning: L6329W: Pattern armlibc_rt.obj(SHOULD_NOT_USED_FUNCTION) only matches removed unused sections.
"custom\system\CORETEK03AE_11C_BB\scatCORETEK03AE_11C.txt", line 220 (column 30): Warning: L6329W: Pattern armlibc_rt_heap.obj(SHOULD_NOT_USED_FUNCTION) only matches removed unused sections.
"custom\system\CORETEK03AE_11C_BB\scatCORETEK03AE_11C.txt", line 221 (column 28): Warning: L6314W: No section matches pattern armlibc_rt_io.obj(SHOULD_NOT_USED_FUNCTION).
"custom\system\CORETEK03AE_11C_BB\scatCORETEK03AE_11C.txt", line 222 (column 29): Warning: L6329W: Pattern syscomp_config.obj(SHOULD_NOT_USED_RODATA) only matches removed unused sections.
"custom\system\CORETEK03AE_11C_BB\scatCORETEK03AE_11C.txt", line 232 (column 13): Warning: L6314W: No section matches pattern *(INTSRAM_ROCODE_*).
"custom\system\CORETEK03AE_11C_BB\scatCORETEK03AE_11C.txt", line 235 (column 23): Warning: L6314W: No section matches pattern bootarm.obj(INTERNCODE).
"custom\system\CORETEK03AE_11C_BB\scatCORETEK03AE_11C.txt", line 236 (column 28): Warning: L6314W: No section matches pattern SST_intrCtrl.obj(INTERNCODE).
"custom\system\CORETEK03AE_11C_BB\scatCORETEK03AE_11C.txt", line 236 (column 40): Warning: L6314W: No section matches pattern SST_intrCtrl.obj(INTERNCONST).
"custom\system\CORETEK03AE_11C_BB\scatCORETEK03AE_11C.txt", line 238 (column 21): Warning: L6314W: No section matches pattern memset.o(RO-CODE).
"custom\system\CORETEK03AE_11C_BB\scatCORETEK03AE_11C.txt", line 238 (column 31): Warning: L6314W: No section matches pattern memset.o(RO-DATA).
"custom\system\CORETEK03AE_11C_BB\scatCORETEK03AE_11C.txt", line 239 (column 24): Warning: L6314W: No section matches pattern rt_memclr.o(RO-CODE).
"custom\system\CORETEK03AE_11C_BB\scatCORETEK03AE_11C.txt", line 239 (column 34): Warning: L6314W: No section matches pattern rt_memclr.o(RO-DATA).
"custom\system\CORETEK03AE_11C_BB\scatCORETEK03AE_11C.txt", line 240 (column 22): Warning: L6314W: No section matches pattern callvia.o(RO-CODE).
"custom\system\CORETEK03AE_11C_BB\scatCORETEK03AE_11C.txt", line 240 (column 32): Warning: L6314W: No section matches pattern callvia.o(RO-DATA).
"custom\system\CORETEK03AE_11C_BB\scatCORETEK03AE_11C.txt", line 241 (column 23): Warning: L6314W: No section matches pattern _sprintf.o(RO-CODE).
"custom\system\CORETEK03AE_11C_BB\scatCORETEK03AE_11C.txt", line 241 (column 33): Warning: L6314W: No section matches pattern _sprintf.o(RO-DATA).
"custom\system\CORETEK03AE_11C_BB\scatCORETEK03AE_11C.txt", line 242 (column 24): Warning: L6314W: No section matches pattern rt_memcpy.o(RO-CODE).
"custom\system\CORETEK03AE_11C_BB\scatCORETEK03AE_11C.txt", line 242 (column 34): Warning: L6314W: No section matches pattern rt_memcpy.o(RO-DATA).
"custom\system\CORETEK03AE_11C_BB\scatCORETEK03AE_11C.txt", line 244 (column 22): Warning: L6314W: No section matches pattern rt_udiv.o(RO-CODE).
"custom\system\CORETEK03AE_11C_BB\scatCORETEK03AE_11C.txt", line 244 (column 32): Warning: L6314W: No section matches pattern rt_udiv.o(RO-DATA).
"custom\system\CORETEK03AE_11C_BB\scatCORETEK03AE_11C.txt", line 254 (column 13): Warning: L6314W: No section matches pattern *(INTSRAM_RODATA_*).
"custom\system\CORETEK03AE_11C_BB\scatCORETEK03AE_11C.txt", line 254 (column 31): Warning: L6314W: No section matches pattern *(INTSRAM_RW_*).
"custom\system\CORETEK03AE_11C_BB\scatCORETEK03AE_11C.txt", line 254 (column 45): Warning: L6314W: No section matches pattern *(INTSRAM_ZI_*).
"custom\system\CORETEK03AE_11C_BB\scatCORETEK03AE_11C.txt", line 256 (column 26): Warning: L6314W: No section matches pattern stack_init.obj(INTERNCONST).
"custom\system\CORETEK03AE_11C_BB\scatCORETEK03AE_11C.txt", line 256 (column 39): Warning: L6314W: No section matches pattern stack_init.obj(INTERNRW).
"custom\system\CORETEK03AE_11C_BB\scatCORETEK03AE_11C.txt", line 256 (column 49): Warning: L6314W: No section matches pattern stack_init.obj(INTERNZI).
"custom\system\CORETEK03AE_11C_BB\scatCORETEK03AE_11C.txt", line 267 (column 20): Warning: L6314W: No section matches pattern uart.obj(INTSRAM_RODATA).
"custom\system\CORETEK03AE_11C_BB\scatCORETEK03AE_11C.txt", line 267 (column 36): Warning: L6314W: No section matches pattern uart.obj(INTSRAM_RW).
"custom\system\CORETEK03AE_11C_BB\scatCORETEK03AE_11C.txt", line 267 (column 48): Warning: L6314W: No section matches pattern uart.obj(INTSRAM_ZI).
"custom\system\CORETEK03AE_11C_BB\scatCORETEK03AE_11C.txt", line 269 (column 21): Warning: L6314W: No section matches pattern *init.lib(INTSRAM_RODATA).
"custom\system\CORETEK03AE_11C_BB\scatCORETEK03AE_11C.txt", line 269 (column 37): Warning: L6314W: No section matches pattern *init.lib(INTSRAM_RW).
"custom\system\CORETEK03AE_11C_BB\scatCORETEK03AE_11C.txt", line 269 (column 49): Warning: L6314W: No section matches pattern *init.lib(INTSRAM_ZI).
Finished: 0 information, 92 warning and 0 error messages.
