--------------------------------------------------------------------------
   0       108                                            NVRAM_EF_SYS_LID                    
   0       108                                            NVRAM_EF_SYS_LID                    
   9         6                                  NVRAM_EF_CAT_TIMESTAMP_LID                    
  15       262                                 NVRAM_EF_L1_AGCPATHLOSS_LID                    
  16       666                            NVRAM_EF_L1_RAMPTABLE_GSM850_LID                    
  17       666                            NVRAM_EF_L1_RAMPTABLE_GSM900_LID                    
  18       666                           NVRAM_EF_L1_RAMPTABLE_DCS1800_LID                    
  19       666                           NVRAM_EF_L1_RAMPTABLE_PCS1900_LID                    
  28        10                                     NVRAM_EF_L1_AFCDATA_LID                    
  29        46                                        NVRAM_EF_L1_TXIQ_LID                    
  30       210                               NVRAM_EF_L1_RFSPECIALCOEF_LID                    
  31        18                       NVRAM_EF_L1_INTERSLOT_RAMP_GSM850_LID                    
  32        18                       NVRAM_EF_L1_INTERSLOT_RAMP_GSM900_LID                    
  33        18                      NVRAM_EF_L1_INTERSLOT_RAMP_DCS1800_LID                    
  34        18                      NVRAM_EF_L1_INTERSLOT_RAMP_PCS1900_LID                    
  35        34                             NVRAM_EF_L1_CRYSTAL_AFCDATA_LID                    
  36         6                             NVRAM_EF_L1_CRYSTAL_CAPDATA_LID                    
  37        22                NVRAM_EF_L1_GMSK_TX_POWER_ROLLBACK_TABLE_LID                    
  43         6                           NVRAM_EF_L1_CLOAD_FREQ_OFFSET_LID                    
  98        66                                    NVRAM_EF_BARCODE_NUM_LID                    
  99       314                                       NVRAM_EF_CAL_FLAG_LID                    
 100      1354                                 NVRAM_EF_CAL_DATA_CHECK_LID                    
 161        12                                    NVRAM_EF_IMEI_IMEISV_LID                    
 162       190                                            NVRAM_EF_SML_LID                    
 162       190                                            NVRAM_EF_SML_LID                    
  79        49                            NVRAM_EF_BTRADIO_MTK_BT_CHIP_LID                    
 533        34                                  NVRAM_EF_DCC_SENSOR_LK_LID                    
 534        10                                 NVRAM_EF_DCC_SENSOR_SRV_LID                    
   6      2570                                  NVRAM_EF_SYS_EXCEPTION_LID                    
   7      1814                                 NVRAM_EF_SYS_STATISTICS_LID                    
 121         0                                      NVRAM_EF_BAND_INFO_LID                    
 122      1382                                     NVRAM_EF_TST_FILTER_LID                    
 123         0                                   NVRAM_EF_PORT_SETTING_LID                    
 155         0                             NVRAM_EF_SMSAL_MAILBOX_ADDR_LID            CUSTPACK
 156         0                             NVRAM_EF_SMSAL_COMMON_PARAM_LID            CUSTPACK
 157         0                                     NVRAM_EF_SMSAL_SMSP_LID                    
 158         0                                     NVRAM_EF_SMSAL_MWIS_LID                    
 159         0                                  NVRAM_EF_CB_DEFAULT_CH_LID            CUSTPACK
 160         0                                     NVRAM_EF_CB_CH_INFO_LID                    
 146         0                                 NVRAM_EF_TCM_STATISTICS_LID                    
 147         0                                NVRAM_EF_TCM_PDP_PROFILE_LID                    
 148         0                                       NVRAM_EF_CFU_FLAG_LID                    
 149         0                             NVRAM_EF_MM_EQPLMN_LOCIGPRS_LID                    
 151         0                                    NVRAM_EF_ALS_LINE_ID_LID            CUSTPACK
 152         0                                          NVRAM_EF_MSCAP_LID            CUSTPACK
 125         0                                NVRAM_EF_CLASSMARK_RACAP_LID                    
 126         0                                     NVRAM_EF_SIM_ASSERT_LID                    
 127         0                                       NVRAM_EF_RTC_DATA_LID                    
 128      2002                                        NVRAM_EF_NET_PAR_LID                    
 170         0                                       NVRAM_EF_CSM_ESSP_LID                    
 138         0                              NVRAM_EF_CUST_HW_LEVEL_TBL_LID                    
 139         0                           NVRAM_EF_UEM_MANUFACTURE_DATA_LID                    
 140         0                                   NVRAM_EF_UEM_RMI_DATA_LID                    
 141         0                               NVRAM_EF_GPS_SETTING_DATA_LID                    
 164         0                                    NVRAM_EF_MS_SECURITY_LID            CUSTPACK
 172         0                                NVRAM_EF_SYS_CACHE_OCTET_LID                    
 176         0                                 NVRAM_EF_RAC_PREFERENCE_LID            CUSTPACK
 167         0                        NVRAM_EF_PS_CONFORMANCE_TESTMODE_LID                    
 179         0                                     NVRAM_EF_TST_CONFIG_LID                    
 513         0                               NVRAM_EF_RESERVED_SENSOR1_LID                    
 514         0                               NVRAM_EF_RESERVED_SENSOR2_LID                    
 515         0                               NVRAM_EF_RESERVED_SENSOR3_LID                    
 516         0                               NVRAM_EF_RESERVED_SENSOR4_LID                    
 517         0                               NVRAM_EF_RESERVED_SENSOR5_LID                    
 518         0                               NVRAM_EF_RESERVED_SENSOR6_LID                    
 519         0                               NVRAM_EF_RESERVED_SENSOR7_LID                    
 520         0                               NVRAM_EF_RESERVED_SENSOR8_LID                    
 521         0                               NVRAM_EF_RESERVED_SENSOR9_LID                    
 522         0                              NVRAM_EF_RESERVED_SENSOR10_LID                    
 523         0                              NVRAM_EF_RESERVED_SENSOR11_LID                    
 524         0                              NVRAM_EF_RESERVED_SENSOR12_LID                    
 525         0                              NVRAM_EF_RESERVED_SENSOR13_LID                    
 526         0                              NVRAM_EF_RESERVED_SENSOR14_LID                    
 527         0                              NVRAM_EF_RESERVED_SENSOR15_LID                    
 528         0                              NVRAM_EF_RESERVED_SENSOR16_LID                    
 529         0                              NVRAM_EF_RESERVED_SENSOR17_LID                    
 530         0                              NVRAM_EF_RESERVED_SENSOR18_LID                    
 531         0                              NVRAM_EF_RESERVED_SENSOR19_LID                    
 532         0                              NVRAM_EF_RESERVED_SENSOR20_LID                    
2560       130                                            NVRAM_EF_ADC_LID                    
2816         0                                NVRAM_EF_TOUCHPANEL_PARA_LID                    
 539         0                                            NVRAM_EF_PHB_LID                    
 535         0                                       NVRAM_EF_AUTOTEST_LID                    
 536         0                                     NVRAM_EF_CACHE_BYTE_LID            CUSTPACK
 537         0                                    NVRAM_EF_CACHE_SHORT_LID            CUSTPACK
 538         0                                   NVRAM_EF_CACHE_DOUBLE_LID            CUSTPACK
 715      2024                             NVRAM_EF_MMI_CACHE_BYTE_KEY_LID                    
 716      1012                            NVRAM_EF_MMI_CACHE_SHORT_KEY_LID                    
 717         0                           NVRAM_EF_MMI_CACHE_DOUBLE_KEY_LID                    
 540         0                                        NVRAM_EF_PHB_SOS_LID                    
 543         0                                     NVRAM_EF_PHB_FIELDS_LID                    
 544         0                                NVRAM_EF_PHB_FIELDS_MASK_LID                    
 546         0                                  NVRAM_EF_PHB_MY_NUMBER_LID                    
 550         0                                       NVRAM_EF_PHB_INFO_LID                    
 561         0                                  NVRAM_EF_ALM_SPOF_DATA_LID                    
 562         0                                 NVRAM_EF_ALM_ALARM_DATA_LID                    
 564         0                                      NVRAM_EF_GROUPLIST_LID                    
 566         0                             NVRAM_EF_WALLPAPER_FILENAME_LID                    
 567         0                                      NVRAM_EF_SHORTCUTS_LID                    
 575         0                                        NVRAM_EF_BT_INFO_LID                    
 576      1386                                    NVRAM_EF_BT_DEV_LIST_LID                    
 577         0                              NVRAM_EF_BT_DEV_LIST_INDEX_LID                    
 578         0                                    NVRAM_EF_BT_SYS_INFO_LID                    
 601         0                                   NVRAM_EF_NITZ_NW_NAME_LID                    
 678         0                             NVRAM_EF_CNMGR_CONNECT_DATA_LID                    
 686       910                                    NVRAM_EF_SRV_SMS_PDU_LID                    
 704         0                                   NVRAM_EF_DTCNT_SIM_ID_LID                    
 565         0                                 NVRAM_EF_GROUPLIST_SIM2_LID                    
 707         0                          NVRAM_EF_SRV_SMS_STATUS_REPORT_LID                    
 709      1820                                       NVRAM_EF_CLOG_LOG_LID                    
 710         0                                 NVRAM_EF_CLOG_CALL_TIME_LID                    
 718         0                                 NVRAM_EF_SRV_REMINDER_Q_LID                    
 735         0                                      NVRAM_EF_QUICKTEST_LID                    
 737         0                           NVRAM_EF_MOTION_SENSOR_SWITCH_LID                    
 739         0                                  NVRAM_EF_USB_FOTA_INFO_LID                    
 740         0                                       NVRAM_EF_BLE_BKSS_LID                    
 741         0                                       NVRAM_EF_IOT_LOCK_LID                    
 742     15720                                   NVRAM_EF_IOT_LOCK_MSG_LID                    
 743         0                                     NVRAM_EF_LOCK_COUNT_LID                    
 744         0                                     NVRAM_EF_LOCK_AGING_LID                    
 745         0                                      NVRAM_EF_ORDER_NUM_LID                    
 746         0                                     NVRAM_EF_ORDER_INFO_LID                    
 747         0                                     NVRAM_EF_IOT_BACKUP_LID                    
 748         0                                           NVRAM_EF_FOTA_LID                    
1536         0                             NVRAM_EF_CUST_ACOUSTIC_DATA_LID                    
1537      1854                                    NVRAM_EF_AUDIO_PARAM_LID                    
1545         0                           NVRAM_EF_AUDIO_DC_CALIBRATION_LID                    
1793         0                                   NVRAM_EF_AGPS_SETTING_LID                    
1802         0                                NVRAM_EF_EM_GPS_POS_TYPE_LID                    
1800         0                               NVRAM_EF_AGPS_QOP_SETTING_LID                    
1801         0                               NVRAM_EF_AGPS_SUPL_NOTIFY_LID                    
1792         0                           NVRAM_EF_AGPS_CURRENT_PROFILE_LID                    
1794         0                                NVRAM_EF_AGPS_EM_SETTING_LID                    
1795         0                                   NVRAM_EF_AGPS_PROFILE_LID                    
1796         0                                 NVRAM_EF_AGPS_EM_STATUS_LID                    
1797         0                                   NVRAM_EF_AGPS_PAYLOAD_LID                    
1803         0                           NVRAM_EF_GPS_MMI_SETTING_DATA_LID                    
1804         0                               NVRAM_EF_GPS_MMI_SIM_DATA_LID                    
1805         0                             NVRAM_EM_MINIGPS_UP_SETTING_LID                    
2048         0                               NVRAM_EF_SRV_PROF_SETTING_LID                    
2049      1566                            NVRAM_EF_SRV_PROF_EXT_MELODY_LID                    
 139     22424                       Package file size
 140      2200                             Info file A
 141      2200                             Info file B
 142      1536                              Extra size
--------------------------------------------------------------------------
NVRAM_COMPRESS=0
