hal\audio\src\common\src\AacParser.c
hal\audio\src\common\src\AmrParser.c
hal\audio\src\common\src\AudComUtil.c
hal\audio\src\common\src\AudioDrain.c
hal\audio\src\common\src\DafDecoder.c
hal\audio\src\common\src\DafParser.c
hal\audio\src\common\src\MedAdapt.c
hal\audio\src\common\src\PcmRouteSrc.c
hal\audio\src\common\src\SeekEngine.c
hal\audio\src\common\src\WavDecoder.c
hal\audio\src\common\src\WavParser.c
hal\audio\src\common\src\apm_comp.c
hal\audio\src\common\src\melody\MelodyParser.c
hal\audio\src\common\src\melody\MelodySynthesizer.c
hal\audio\src\common\src\melody\jimy_comp.c
hal\audio\src\common\src\melody\jsmf_comp.c
hal\audio\src\common\src\melody\jtone_comp.c
hal\audio\src\common\src\melody\jwav_comp.c
hal\audio\src\common\src\melody\melody_common.c
hal\audio\src\common\src\pcmRouteService.c
hal\audio\src\v1\BT_PcmLoopback.c
hal\audio\src\v1\PCMRB.c
hal\audio\src\v1\PcmMixer.c
hal\audio\src\v1\Sal_exp.c
hal\audio\src\v1\Sal_impl.c
hal\audio\src\v1\Wavetable_SW.c
hal\audio\src\v1\afe_common.c
hal\audio\src\v1\afes\afe_6261.c
hal\audio\src\v1\am.c
hal\audio\src\v1\amr.c
hal\audio\src\v1\amr_table.c
hal\audio\src\v1\audioCF.c
hal\audio\src\v1\audioPP.c
hal\audio\src\v1\audio_idma.c
hal\audio\src\v1\audio_service.c
hal\audio\src\v1\audlp2_drv.c
hal\audio\src\v1\bt_sco_app.c
hal\audio\src\v1\bt_sco_drv.c
hal\audio\src\v1\bt_serial_sync_drv.c
hal\audio\src\v1\cmpdrv\aac_comp_drv.c
hal\audio\src\v1\cmpdrv\amr_comp_drv.c
hal\audio\src\v1\cmpdrv\daf_comp_drv.c
hal\audio\src\v1\cmpdrv\wav_comp_drv.c
hal\audio\src\v1\comp\PBMG\AacDspDecoder.c
hal\audio\src\v1\comp\PBMG\AmrDspDecoder.c
hal\audio\src\v1\comp\PBMG\PcmSink.c
hal\audio\src\v1\comp\aac_seek.c
hal\audio\src\v1\comp\amr_seek.c
hal\audio\src\v1\comp\ast.c
hal\audio\src\v1\comp\daf_seek.c
hal\audio\src\v1\comp\jamr.c
hal\audio\src\v1\comp\kt_Detect.c
hal\audio\src\v1\comp\media_avsync.c
hal\audio\src\v1\comp\tonedect.c
hal\audio\src\v1\comp\tonesyn.c
hal\audio\src\v1\dpmgr.c
hal\audio\src\v1\dtmf_drv.c
hal\audio\src\v1\i2s_drv.c
hal\audio\src\v1\l1audio_sph_srv.c
hal\audio\src\v1\l1audio_trace.c
hal\audio\src\v1\media.c
hal\audio\src\v1\pcm.c
hal\audio\src\v1\pcm4way.c
hal\audio\src\v1\pcm_strm_drv.c
hal\audio\src\v1\sp_drv.c
hal\audio\src\v1\sp_enhance.c
hal\audio\src\v1\spe_custom_drv.c
hal\audio\src\v1\tone_debug.c
hal\audio\src\v1\tone_drv.c
hal\audio\src\v1\tone_loopback_rec.c
hal\audio\src\v1\wav.c
hal\audio\src\v1\wav_codec.c
hal\audio\src\v1\wav_thumb.c
interface\hal\audio\audio_create.c
